[ 2016-11-03T21:30:07+08:00 ] ::1 /CPS/index.php/check_group/courseid/1
INFO: [ app_init ] --START--
INFO: Run Behavior\BuildLiteBehavior [ RunTime:0.000014s ]
INFO: [ app_init ] --END-- [ RunTime:0.000330s ]
ERR: 无法加载模块:Check_group

[ 2016-11-03T21:30:17+08:00 ] ::1 /CPS/index.php/check_group/courseid/1
INFO: [ app_init ] --START--
INFO: Run Behavior\BuildLiteBehavior [ RunTime:0.000009s ]
INFO: [ app_init ] --END-- [ RunTime:0.000298s ]
ERR: 无法加载模块:Check_group

[ 2016-11-03T21:30:18+08:00 ] ::1 /CPS/index.php/check_group/courseid/1
INFO: [ app_init ] --START--
INFO: Run Behavior\BuildLiteBehavior [ RunTime:0.000013s ]
INFO: [ app_init ] --END-- [ RunTime:0.000356s ]
ERR: 无法加载模块:Check_group

[ 2016-11-03T21:30:24+08:00 ] ::1 /CPS/index.php/check_group/courseid/1
INFO: [ app_init ] --START--
INFO: Run Behavior\BuildLiteBehavior [ RunTime:0.000010s ]
INFO: [ app_init ] --END-- [ RunTime:0.000258s ]
ERR: 无法加载模块:Check_group

[ 2016-11-03T21:30:30+08:00 ] ::1 /CPS/index.php/check_group/course_id/1
INFO: [ app_init ] --START--
INFO: Run Behavior\BuildLiteBehavior [ RunTime:0.000008s ]
INFO: [ app_init ] --END-- [ RunTime:0.000221s ]
ERR: 无法加载模块:Check_group

