[ 2016-09-25T16:10:47+08:00 ] 127.0.0.1 /CPS/index.php/Student/Stu/
INFO: [ app_init ] --START--
INFO: Run Behavior\BuildLiteBehavior [ RunTime:0.000035s ]
INFO: [ app_init ] --END-- [ RunTime:0.020025s ]
INFO: [ app_begin ] --START--
INFO: Run Behavior\ReadHtmlCacheBehavior [ RunTime:0.002131s ]
INFO: [ app_begin ] --END-- [ RunTime:0.002271s ]
ERR: 非法操作:index

[ 2016-09-25T16:10:47+08:00 ] ::1 /CPS/index.php/Student/Stu/
INFO: [ app_init ] --START--
INFO: Run Behavior\BuildLiteBehavior [ RunTime:0.000039s ]
INFO: [ app_init ] --END-- [ RunTime:0.019954s ]
INFO: [ app_begin ] --START--
INFO: Run Behavior\ReadHtmlCacheBehavior [ RunTime:0.002122s ]
INFO: [ app_begin ] --END-- [ RunTime:0.002271s ]
ERR: 非法操作:index

[ 2016-09-25T16:10:59+08:00 ] ::1 /CPS/index.php/Student/Stu/myproject.html
INFO: [ app_init ] --START--
INFO: Run Behavior\BuildLiteBehavior [ RunTime:0.000011s ]
INFO: [ app_init ] --END-- [ RunTime:0.000276s ]
INFO: [ app_begin ] --START--
INFO: Run Behavior\ReadHtmlCacheBehavior [ RunTime:0.000335s ]
INFO: [ app_begin ] --END-- [ RunTime:0.000373s ]
INFO: [ view_parse ] --START--
INFO: [ template_filter ] --START--
INFO: Run Behavior\ContentReplaceBehavior [ RunTime:0.000989s ]
INFO: [ template_filter ] --END-- [ RunTime:0.001071s ]
INFO: Run Behavior\ParseTemplateBehavior [ RunTime:0.113356s ]
INFO: [ view_parse ] --END-- [ RunTime:0.113508s ]
INFO: [ view_filter ] --START--
INFO: Run Behavior\WriteHtmlCacheBehavior [ RunTime:0.017939s ]
INFO: [ view_filter ] --END-- [ RunTime:0.018064s ]
INFO: [ app_end ] --START--
INFO: Run Behavior\ShowPageTraceBehavior [ RunTime:0.001995s ]
INFO: [ app_end ] --END-- [ RunTime:0.002108s ]

[ 2016-09-25T16:12:24+08:00 ] ::1 /CPS/index.php/Student/Stu/myproject.html
INFO: [ app_init ] --START--
INFO: Run Behavior\BuildLiteBehavior [ RunTime:0.000026s ]
INFO: [ app_init ] --END-- [ RunTime:0.000756s ]
INFO: [ app_begin ] --START--
INFO: Run Behavior\ReadHtmlCacheBehavior [ RunTime:0.000806s ]
INFO: [ app_begin ] --END-- [ RunTime:0.000897s ]
INFO: [ view_parse ] --START--
INFO: [ template_filter ] --START--
INFO: Run Behavior\ContentReplaceBehavior [ RunTime:0.000080s ]
INFO: [ template_filter ] --END-- [ RunTime:0.000144s ]
INFO: Run Behavior\ParseTemplateBehavior [ RunTime:0.024618s ]
INFO: [ view_parse ] --END-- [ RunTime:0.024698s ]
INFO: [ view_filter ] --START--
INFO: Run Behavior\WriteHtmlCacheBehavior [ RunTime:0.000435s ]
INFO: [ view_filter ] --END-- [ RunTime:0.000498s ]
INFO: [ app_end ] --START--
INFO: Run Behavior\ShowPageTraceBehavior [ RunTime:0.000749s ]
INFO: [ app_end ] --END-- [ RunTime:0.000814s ]

[ 2016-09-25T16:13:31+08:00 ] ::1 /CPS/index.php/Student/Stu/myproject.html
INFO: [ app_init ] --START--
INFO: Run Behavior\BuildLiteBehavior [ RunTime:0.000030s ]
INFO: [ app_init ] --END-- [ RunTime:0.000920s ]
INFO: [ app_begin ] --START--
INFO: Run Behavior\ReadHtmlCacheBehavior [ RunTime:0.001069s ]
INFO: [ app_begin ] --END-- [ RunTime:0.001181s ]
INFO: [ view_parse ] --START--
INFO: [ template_filter ] --START--
INFO: Run Behavior\ContentReplaceBehavior [ RunTime:0.000093s ]
INFO: [ template_filter ] --END-- [ RunTime:0.000183s ]
INFO: Run Behavior\ParseTemplateBehavior [ RunTime:0.011161s ]
INFO: [ view_parse ] --END-- [ RunTime:0.011252s ]
INFO: [ view_filter ] --START--
INFO: Run Behavior\WriteHtmlCacheBehavior [ RunTime:0.000310s ]
INFO: [ view_filter ] --END-- [ RunTime:0.000365s ]
INFO: [ app_end ] --START--
INFO: Run Behavior\ShowPageTraceBehavior [ RunTime:0.000618s ]
INFO: [ app_end ] --END-- [ RunTime:0.000675s ]

[ 2016-09-25T16:34:39+08:00 ] ::1 /CPS/index.php/Student/Stu/myproject.html
INFO: [ app_init ] --START--
INFO: Run Behavior\BuildLiteBehavior [ RunTime:0.000012s ]
INFO: [ app_init ] --END-- [ RunTime:0.000362s ]
INFO: [ app_begin ] --START--
INFO: Run Behavior\ReadHtmlCacheBehavior [ RunTime:0.000461s ]
INFO: [ app_begin ] --END-- [ RunTime:0.000500s ]
SQL: SHOW COLUMNS FROM `course` [ RunTime:0.0172s ]
SQL: select  A.course_name,A.course_id,B.project_name,B.project_id,B.teacher_id,B.project_status from course as A,project as B where A.course_id=B.course_id  [ RunTime:0.0042s ]
INFO: [ view_parse ] --START--
INFO: [ template_filter ] --START--
INFO: Run Behavior\ContentReplaceBehavior [ RunTime:0.000154s ]
INFO: [ template_filter ] --END-- [ RunTime:0.000293s ]
INFO: Run Behavior\ParseTemplateBehavior [ RunTime:0.044371s ]
INFO: [ view_parse ] --END-- [ RunTime:0.044509s ]
INFO: [ view_filter ] --START--
INFO: Run Behavior\WriteHtmlCacheBehavior [ RunTime:0.000978s ]
INFO: [ view_filter ] --END-- [ RunTime:0.001090s ]
INFO: [ app_end ] --START--
INFO: Run Behavior\ShowPageTraceBehavior [ RunTime:0.001301s ]
INFO: [ app_end ] --END-- [ RunTime:0.001407s ]

[ 2016-09-25T16:35:21+08:00 ] ::1 /CPS/index.php/Student/Stu/project_report/project_id/00001
INFO: [ app_init ] --START--
INFO: Run Behavior\BuildLiteBehavior [ RunTime:0.000010s ]
INFO: [ app_init ] --END-- [ RunTime:0.000270s ]
INFO: [ app_begin ] --START--
INFO: Run Behavior\ReadHtmlCacheBehavior [ RunTime:0.000334s ]
INFO: [ app_begin ] --END-- [ RunTime:0.000372s ]
SQL: SHOW COLUMNS FROM `course` [ RunTime:0.0122s ]
ERR: 1054:Unknown column 'B.middle_expected_result' in 'field list'
 [ SQL语句 ] : select A.course_name,A.course_id,B.project_name,B.project_id,B.teacher_id,B.project_status,B.main_project,B.middle_expected_result,B.final_expected_result,B.project_comment_info from course as A,project as B where A.course_id=B.course_id and B.project_id=00001
ERR: 1054:Unknown column 'B.middle_expected_result' in 'field list'
 [ SQL语句 ] : select A.course_name,A.course_id,B.project_name,B.project_id,B.teacher_id,B.project_status,B.main_project,B.middle_expected_result,B.final_expected_result,B.project_comment_info from course as A,project as B where A.course_id=B.course_id and B.project_id=00001

[ 2016-09-25T16:35:25+08:00 ] ::1 /CPS/index.php/Student/Stu/project_report/project_id/00002
INFO: [ app_init ] --START--
INFO: Run Behavior\BuildLiteBehavior [ RunTime:0.000010s ]
INFO: [ app_init ] --END-- [ RunTime:0.000267s ]
INFO: [ app_begin ] --START--
INFO: Run Behavior\ReadHtmlCacheBehavior [ RunTime:0.000330s ]
INFO: [ app_begin ] --END-- [ RunTime:0.000367s ]
SQL: SHOW COLUMNS FROM `course` [ RunTime:0.0155s ]
ERR: 1054:Unknown column 'B.middle_expected_result' in 'field list'
 [ SQL语句 ] : select A.course_name,A.course_id,B.project_name,B.project_id,B.teacher_id,B.project_status,B.main_project,B.middle_expected_result,B.final_expected_result,B.project_comment_info from course as A,project as B where A.course_id=B.course_id and B.project_id=00002
ERR: 1054:Unknown column 'B.middle_expected_result' in 'field list'
 [ SQL语句 ] : select A.course_name,A.course_id,B.project_name,B.project_id,B.teacher_id,B.project_status,B.main_project,B.middle_expected_result,B.final_expected_result,B.project_comment_info from course as A,project as B where A.course_id=B.course_id and B.project_id=00002

[ 2016-09-25T16:36:19+08:00 ] ::1 /CPS/index.php/Student/Stu/myproject.html
INFO: [ app_init ] --START--
INFO: Run Behavior\BuildLiteBehavior [ RunTime:0.000009s ]
INFO: [ app_init ] --END-- [ RunTime:0.000216s ]
INFO: [ app_begin ] --START--
INFO: Run Behavior\ReadHtmlCacheBehavior [ RunTime:0.000262s ]
INFO: [ app_begin ] --END-- [ RunTime:0.000291s ]
SQL: SHOW COLUMNS FROM `course` [ RunTime:0.0038s ]
SQL: select  A.course_name,A.course_id,B.project_name,B.project_id,B.teacher_id,B.project_status from course as A,project as B where A.course_id=B.course_id  [ RunTime:0.0011s ]
INFO: [ view_parse ] --START--
INFO: [ template_filter ] --START--
INFO: Run Behavior\ContentReplaceBehavior [ RunTime:0.000032s ]
INFO: [ template_filter ] --END-- [ RunTime:0.000066s ]
INFO: Run Behavior\ParseTemplateBehavior [ RunTime:0.004551s ]
INFO: [ view_parse ] --END-- [ RunTime:0.004585s ]
INFO: [ view_filter ] --START--
INFO: Run Behavior\WriteHtmlCacheBehavior [ RunTime:0.000138s ]
INFO: [ view_filter ] --END-- [ RunTime:0.000160s ]
INFO: [ app_end ] --START--
INFO: Run Behavior\ShowPageTraceBehavior [ RunTime:0.000274s ]
INFO: [ app_end ] --END-- [ RunTime:0.000304s ]

[ 2016-09-25T16:39:20+08:00 ] ::1 /CPS/index.php/Student/Stu/myproject.html
INFO: [ app_init ] --START--
INFO: Run Behavior\BuildLiteBehavior [ RunTime:0.000031s ]
INFO: [ app_init ] --END-- [ RunTime:0.000990s ]
INFO: [ app_begin ] --START--
INFO: Run Behavior\ReadHtmlCacheBehavior [ RunTime:0.001170s ]
INFO: [ app_begin ] --END-- [ RunTime:0.001301s ]
SQL: SHOW COLUMNS FROM `course` [ RunTime:0.0174s ]
SQL: select  A.course_name,A.course_id,B.project_name,B.project_id,B.teacher_id,B.project_status from course as A,project as B where A.course_id=B.course_id  [ RunTime:0.0042s ]
INFO: [ view_parse ] --START--
INFO: [ template_filter ] --START--
INFO: Run Behavior\ContentReplaceBehavior [ RunTime:0.000098s ]
INFO: [ template_filter ] --END-- [ RunTime:0.000207s ]
INFO: Run Behavior\ParseTemplateBehavior [ RunTime:0.016424s ]
INFO: [ view_parse ] --END-- [ RunTime:0.016554s ]
INFO: [ view_filter ] --START--
INFO: Run Behavior\WriteHtmlCacheBehavior [ RunTime:0.000711s ]
INFO: [ view_filter ] --END-- [ RunTime:0.000799s ]
INFO: [ app_end ] --START--
INFO: Run Behavior\ShowPageTraceBehavior [ RunTime:0.001323s ]
INFO: [ app_end ] --END-- [ RunTime:0.001444s ]

[ 2016-09-25T16:39:33+08:00 ] ::1 /CPS/index.php/Student/Stu/project_report/project_id/00001
INFO: [ app_init ] --START--
INFO: Run Behavior\BuildLiteBehavior [ RunTime:0.000012s ]
INFO: [ app_init ] --END-- [ RunTime:0.000272s ]
INFO: [ app_begin ] --START--
INFO: Run Behavior\ReadHtmlCacheBehavior [ RunTime:0.000330s ]
INFO: [ app_begin ] --END-- [ RunTime:0.000367s ]
SQL: SHOW COLUMNS FROM `course` [ RunTime:0.0156s ]
ERR: 1054:Unknown column 'B.middle_expected_result' in 'field list'
 [ SQL语句 ] : select A.course_name,A.course_id,B.project_name,B.project_id,B.teacher_id,B.project_status,B.main_project,B.middle_expected_result,B.final_expected_result,B.project_comment_info from course as A,project as B where A.course_id=B.course_id and B.project_id=00001
ERR: 1054:Unknown column 'B.middle_expected_result' in 'field list'
 [ SQL语句 ] : select A.course_name,A.course_id,B.project_name,B.project_id,B.teacher_id,B.project_status,B.main_project,B.middle_expected_result,B.final_expected_result,B.project_comment_info from course as A,project as B where A.course_id=B.course_id and B.project_id=00001

