[ 2016-10-11T20:38:00+08:00 ] ::1 /CPS/index.php/Student/Stu/myproject.html
INFO: [ app_init ] --START--
INFO: Run Behavior\BuildLiteBehavior [ RunTime:0.000016s ]
INFO: [ app_init ] --END-- [ RunTime:0.016168s ]
INFO: [ app_begin ] --START--
INFO: Run Behavior\ReadHtmlCacheBehavior [ RunTime:0.000862s ]
INFO: [ app_begin ] --END-- [ RunTime:0.000918s ]
SQL: SHOW COLUMNS FROM `course` [ RunTime:0.0887s ]
NOTIC: [8] Undefined index: id G:\MyGIT\CPS\Student\Controller\StuController.class.php 第 19 行.
ERR: 1064:You have an error in your SQL syntax; check the manual that corresponds to your MySQL server version for the right syntax to use near '' at line 1
 [ SQL语句 ] : select  A.course_name,A.course_id,B.project_name,B.project_id,B.teacher_id,D.group_id,D.group_project_status from course as A,project as B,student_group_member as C,student_group as D where A.course_id=B.course_id and B.project_id=D.project_id and C.group_id=D.group_id and C.student_id = 
ERR: 1064:You have an error in your SQL syntax; check the manual that corresponds to your MySQL server version for the right syntax to use near '' at line 1
 [ SQL语句 ] : select  A.course_name,A.course_id,B.project_name,B.project_id,B.teacher_id,D.group_id,D.group_project_status from course as A,project as B,student_group_member as C,student_group as D where A.course_id=B.course_id and B.project_id=D.project_id and C.group_id=D.group_id and C.student_id = 

[ 2016-10-11T20:38:13+08:00 ] ::1 /CPS/index.php/Student/Stu/team_manage
INFO: [ app_init ] --START--
INFO: Run Behavior\BuildLiteBehavior [ RunTime:0.000010s ]
INFO: [ app_init ] --END-- [ RunTime:0.000275s ]
INFO: [ app_begin ] --START--
INFO: Run Behavior\ReadHtmlCacheBehavior [ RunTime:0.000346s ]
INFO: [ app_begin ] --END-- [ RunTime:0.000383s ]
NOTIC: [8] Undefined index: id G:\MyGIT\CPS\Student\Controller\StuController.class.php 第 149 行.
SQL: SHOW COLUMNS FROM `course` [ RunTime:0.0187s ]
ERR: 1064:You have an error in your SQL syntax; check the manual that corresponds to your MySQL server version for the right syntax to use near '' at line 1
 [ SQL语句 ] : select D.group_project_status,D.group_id,D.group_manage from project as B,student_group_member as C,student_group as D where  B.project_id=D.project_id  and C.group_id=D.group_id and C.student_id=
ERR: 1064:You have an error in your SQL syntax; check the manual that corresponds to your MySQL server version for the right syntax to use near '' at line 1
 [ SQL语句 ] : select D.group_project_status,D.group_id,D.group_manage from project as B,student_group_member as C,student_group as D where  B.project_id=D.project_id  and C.group_id=D.group_id and C.student_id=

[ 2016-10-11T20:38:53+08:00 ] ::1 /CPS/index.php/Student/Stu/team_manage
INFO: [ app_init ] --START--
INFO: Run Behavior\BuildLiteBehavior [ RunTime:0.000008s ]
INFO: [ app_init ] --END-- [ RunTime:0.000210s ]
INFO: [ app_begin ] --START--
INFO: Run Behavior\ReadHtmlCacheBehavior [ RunTime:0.000258s ]
INFO: [ app_begin ] --END-- [ RunTime:0.000286s ]
NOTIC: [8] Undefined index: id G:\MyGIT\CPS\Student\Controller\StuController.class.php 第 149 行.
SQL: SHOW COLUMNS FROM `course` [ RunTime:0.0105s ]
ERR: 1064:You have an error in your SQL syntax; check the manual that corresponds to your MySQL server version for the right syntax to use near '' at line 1
 [ SQL语句 ] : select D.group_project_status,D.group_id,D.group_manage from project as B,student_group_member as C,student_group as D where  B.project_id=D.project_id  and C.group_id=D.group_id and C.student_id=
ERR: 1064:You have an error in your SQL syntax; check the manual that corresponds to your MySQL server version for the right syntax to use near '' at line 1
 [ SQL语句 ] : select D.group_project_status,D.group_id,D.group_manage from project as B,student_group_member as C,student_group as D where  B.project_id=D.project_id  and C.group_id=D.group_id and C.student_id=

[ 2016-10-11T20:38:57+08:00 ] ::1 /CPS/index.php/Student/Stu/team_manage
INFO: [ app_init ] --START--
INFO: Run Behavior\BuildLiteBehavior [ RunTime:0.000014s ]
INFO: [ app_init ] --END-- [ RunTime:0.000291s ]
INFO: [ app_begin ] --START--
INFO: Run Behavior\ReadHtmlCacheBehavior [ RunTime:0.000356s ]
INFO: [ app_begin ] --END-- [ RunTime:0.000395s ]
NOTIC: [8] Undefined index: id G:\MyGIT\CPS\Student\Controller\StuController.class.php 第 149 行.
SQL: SHOW COLUMNS FROM `course` [ RunTime:0.0170s ]
ERR: 1064:You have an error in your SQL syntax; check the manual that corresponds to your MySQL server version for the right syntax to use near '' at line 1
 [ SQL语句 ] : select D.group_project_status,D.group_id,D.group_manage from project as B,student_group_member as C,student_group as D where  B.project_id=D.project_id  and C.group_id=D.group_id and C.student_id=
ERR: 1064:You have an error in your SQL syntax; check the manual that corresponds to your MySQL server version for the right syntax to use near '' at line 1
 [ SQL语句 ] : select D.group_project_status,D.group_id,D.group_manage from project as B,student_group_member as C,student_group as D where  B.project_id=D.project_id  and C.group_id=D.group_id and C.student_id=

[ 2016-10-11T20:42:43+08:00 ] ::1 /CPS/index.php/Student/Stu/myproject.html
INFO: [ app_init ] --START--
INFO: Run Behavior\BuildLiteBehavior [ RunTime:0.000010s ]
INFO: [ app_init ] --END-- [ RunTime:0.000323s ]
INFO: [ app_begin ] --START--
INFO: Run Behavior\ReadHtmlCacheBehavior [ RunTime:0.000425s ]
INFO: [ app_begin ] --END-- [ RunTime:0.000471s ]
SQL: SHOW COLUMNS FROM `course` [ RunTime:0.0103s ]
NOTIC: [8] Undefined index: id G:\MyGIT\CPS\Student\Controller\StuController.class.php 第 19 行.
ERR: 1064:You have an error in your SQL syntax; check the manual that corresponds to your MySQL server version for the right syntax to use near '' at line 1
 [ SQL语句 ] : select  A.course_name,A.course_id,B.project_name,B.project_id,B.teacher_id,D.group_id,D.group_project_status from course as A,project as B,student_group_member as C,student_group as D where A.course_id=B.course_id and B.project_id=D.project_id and C.group_id=D.group_id and C.student_id = 
ERR: 1064:You have an error in your SQL syntax; check the manual that corresponds to your MySQL server version for the right syntax to use near '' at line 1
 [ SQL语句 ] : select  A.course_name,A.course_id,B.project_name,B.project_id,B.teacher_id,D.group_id,D.group_project_status from course as A,project as B,student_group_member as C,student_group as D where A.course_id=B.course_id and B.project_id=D.project_id and C.group_id=D.group_id and C.student_id = 

[ 2016-10-11T20:43:05+08:00 ] ::1 /CPS/index.php/Student/Stu/myproject.html
INFO: [ app_init ] --START--
INFO: Run Behavior\BuildLiteBehavior [ RunTime:0.000011s ]
INFO: [ app_init ] --END-- [ RunTime:0.000286s ]
INFO: [ app_begin ] --START--
INFO: Run Behavior\ReadHtmlCacheBehavior [ RunTime:0.000342s ]
INFO: [ app_begin ] --END-- [ RunTime:0.000377s ]
SQL: SHOW COLUMNS FROM `course` [ RunTime:0.0109s ]
NOTIC: [8] Undefined index: id G:\MyGIT\CPS\Student\Controller\StuController.class.php 第 19 行.
ERR: 1064:You have an error in your SQL syntax; check the manual that corresponds to your MySQL server version for the right syntax to use near '' at line 1
 [ SQL语句 ] : select  A.course_name,A.course_id,B.project_name,B.project_id,B.teacher_id,D.group_id,D.group_project_status from course as A,project as B,student_group_member as C,student_group as D where A.course_id=B.course_id and B.project_id=D.project_id and C.group_id=D.group_id and C.student_id = 
ERR: 1064:You have an error in your SQL syntax; check the manual that corresponds to your MySQL server version for the right syntax to use near '' at line 1
 [ SQL语句 ] : select  A.course_name,A.course_id,B.project_name,B.project_id,B.teacher_id,D.group_id,D.group_project_status from course as A,project as B,student_group_member as C,student_group as D where A.course_id=B.course_id and B.project_id=D.project_id and C.group_id=D.group_id and C.student_id = 

[ 2016-10-11T20:43:16+08:00 ] ::1 /CPS/index.php/Student/Stu/myproject.html
INFO: [ app_init ] --START--
INFO: Run Behavior\BuildLiteBehavior [ RunTime:0.000011s ]
INFO: [ app_init ] --END-- [ RunTime:0.000282s ]
INFO: [ app_begin ] --START--
INFO: Run Behavior\ReadHtmlCacheBehavior [ RunTime:0.000351s ]
INFO: [ app_begin ] --END-- [ RunTime:0.000388s ]
SQL: SHOW COLUMNS FROM `course` [ RunTime:0.0156s ]
NOTIC: [8] Undefined index: id G:\MyGIT\CPS\Student\Controller\StuController.class.php 第 19 行.
ERR: 1064:You have an error in your SQL syntax; check the manual that corresponds to your MySQL server version for the right syntax to use near '' at line 1
 [ SQL语句 ] : select  A.course_name,A.course_id,B.project_name,B.project_id,B.teacher_id,D.group_id,D.group_project_status from course as A,project as B,student_group_member as C,student_group as D where A.course_id=B.course_id and B.project_id=D.project_id and C.group_id=D.group_id and C.student_id = 
ERR: 1064:You have an error in your SQL syntax; check the manual that corresponds to your MySQL server version for the right syntax to use near '' at line 1
 [ SQL语句 ] : select  A.course_name,A.course_id,B.project_name,B.project_id,B.teacher_id,D.group_id,D.group_project_status from course as A,project as B,student_group_member as C,student_group as D where A.course_id=B.course_id and B.project_id=D.project_id and C.group_id=D.group_id and C.student_id = 

[ 2016-10-11T20:43:20+08:00 ] ::1 /CPS/index.php/Student/Stu/myproject.html
INFO: [ app_init ] --START--
INFO: Run Behavior\BuildLiteBehavior [ RunTime:0.000011s ]
INFO: [ app_init ] --END-- [ RunTime:0.000277s ]
INFO: [ app_begin ] --START--
INFO: Run Behavior\ReadHtmlCacheBehavior [ RunTime:0.000345s ]
INFO: [ app_begin ] --END-- [ RunTime:0.000389s ]
SQL: SHOW COLUMNS FROM `course` [ RunTime:0.0160s ]
NOTIC: [8] Undefined index: id G:\MyGIT\CPS\Student\Controller\StuController.class.php 第 19 行.
ERR: 1064:You have an error in your SQL syntax; check the manual that corresponds to your MySQL server version for the right syntax to use near '' at line 1
 [ SQL语句 ] : select  A.course_name,A.course_id,B.project_name,B.project_id,B.teacher_id,D.group_id,D.group_project_status from course as A,project as B,student_group_member as C,student_group as D where A.course_id=B.course_id and B.project_id=D.project_id and C.group_id=D.group_id and C.student_id = 
ERR: 1064:You have an error in your SQL syntax; check the manual that corresponds to your MySQL server version for the right syntax to use near '' at line 1
 [ SQL语句 ] : select  A.course_name,A.course_id,B.project_name,B.project_id,B.teacher_id,D.group_id,D.group_project_status from course as A,project as B,student_group_member as C,student_group as D where A.course_id=B.course_id and B.project_id=D.project_id and C.group_id=D.group_id and C.student_id = 

[ 2016-10-11T20:47:19+08:00 ] ::1 /CPS/index.php/Student/Stu/course_info
INFO: [ app_init ] --START--
INFO: Run Behavior\BuildLiteBehavior [ RunTime:0.000008s ]
INFO: [ app_init ] --END-- [ RunTime:0.000267s ]
INFO: [ app_begin ] --START--
INFO: Run Behavior\ReadHtmlCacheBehavior [ RunTime:0.000354s ]
INFO: [ app_begin ] --END-- [ RunTime:0.000391s ]
SQL: SHOW COLUMNS FROM `course` [ RunTime:0.0119s ]
SQL: SELECT * FROM `course`  [ RunTime:0.0020s ]
INFO: [ view_parse ] --START--
INFO: [ template_filter ] --START--
INFO: Run Behavior\ContentReplaceBehavior [ RunTime:0.000174s ]
INFO: [ template_filter ] --END-- [ RunTime:0.000262s ]
NOTIC: [8] Undefined index: name G:\MyGIT\CPS\Runtime\Cache\Student\962a37c6a940fbdbf6ec68b49eefdef8.php 第 35 行.
INFO: Run Behavior\ParseTemplateBehavior [ RunTime:0.150624s ]
INFO: [ view_parse ] --END-- [ RunTime:0.150694s ]
INFO: [ view_filter ] --START--
INFO: Run Behavior\WriteHtmlCacheBehavior [ RunTime:0.015239s ]
INFO: [ view_filter ] --END-- [ RunTime:0.015316s ]
INFO: [ app_end ] --START--
INFO: Run Behavior\ShowPageTraceBehavior [ RunTime:0.010414s ]
INFO: [ app_end ] --END-- [ RunTime:0.010496s ]

[ 2016-10-11T20:47:26+08:00 ] ::1 /CPS/index.php/Student/Stu/course_info
INFO: [ app_init ] --START--
INFO: Run Behavior\BuildLiteBehavior [ RunTime:0.000010s ]
INFO: [ app_init ] --END-- [ RunTime:0.000279s ]
INFO: [ app_begin ] --START--
INFO: Run Behavior\ReadHtmlCacheBehavior [ RunTime:0.000337s ]
INFO: [ app_begin ] --END-- [ RunTime:0.000374s ]
SQL: SHOW COLUMNS FROM `course` [ RunTime:0.0093s ]
SQL: SELECT * FROM `course`  [ RunTime:0.0004s ]
INFO: [ view_parse ] --START--
INFO: [ template_filter ] --START--
INFO: Run Behavior\ContentReplaceBehavior [ RunTime:0.000049s ]
INFO: [ template_filter ] --END-- [ RunTime:0.000099s ]
NOTIC: [8] Undefined index: name G:\MyGIT\CPS\Runtime\Cache\Student\962a37c6a940fbdbf6ec68b49eefdef8.php 第 35 行.
INFO: Run Behavior\ParseTemplateBehavior [ RunTime:0.007401s ]
INFO: [ view_parse ] --END-- [ RunTime:0.007450s ]
INFO: [ view_filter ] --START--
INFO: Run Behavior\WriteHtmlCacheBehavior [ RunTime:0.000235s ]
INFO: [ view_filter ] --END-- [ RunTime:0.000274s ]
INFO: [ app_end ] --START--
INFO: Run Behavior\ShowPageTraceBehavior [ RunTime:0.000449s ]
INFO: [ app_end ] --END-- [ RunTime:0.000489s ]

[ 2016-10-11T20:47:28+08:00 ] ::1 /CPS/index.php/Student/Stu/myproject
INFO: [ app_init ] --START--
INFO: Run Behavior\BuildLiteBehavior [ RunTime:0.000011s ]
INFO: [ app_init ] --END-- [ RunTime:0.000283s ]
INFO: [ app_begin ] --START--
INFO: Run Behavior\ReadHtmlCacheBehavior [ RunTime:0.000365s ]
INFO: [ app_begin ] --END-- [ RunTime:0.000405s ]
SQL: SHOW COLUMNS FROM `course` [ RunTime:0.0120s ]
NOTIC: [8] Undefined index: id G:\MyGIT\CPS\Student\Controller\StuController.class.php 第 19 行.
ERR: 1064:You have an error in your SQL syntax; check the manual that corresponds to your MySQL server version for the right syntax to use near '' at line 1
 [ SQL语句 ] : select  A.course_name,A.course_id,B.project_name,B.project_id,B.teacher_id,D.group_id,D.group_project_status from course as A,project as B,student_group_member as C,student_group as D where A.course_id=B.course_id and B.project_id=D.project_id and C.group_id=D.group_id and C.student_id = 
ERR: 1064:You have an error in your SQL syntax; check the manual that corresponds to your MySQL server version for the right syntax to use near '' at line 1
 [ SQL语句 ] : select  A.course_name,A.course_id,B.project_name,B.project_id,B.teacher_id,D.group_id,D.group_project_status from course as A,project as B,student_group_member as C,student_group as D where A.course_id=B.course_id and B.project_id=D.project_id and C.group_id=D.group_id and C.student_id = 

[ 2016-10-11T20:47:33+08:00 ] ::1 /CPS/index.php/Student/Stu/myteam
INFO: [ app_init ] --START--
INFO: Run Behavior\BuildLiteBehavior [ RunTime:0.000011s ]
INFO: [ app_init ] --END-- [ RunTime:0.000282s ]
INFO: [ app_begin ] --START--
INFO: Run Behavior\ReadHtmlCacheBehavior [ RunTime:0.000354s ]
INFO: [ app_begin ] --END-- [ RunTime:0.000392s ]
NOTIC: [8] Undefined index: id G:\MyGIT\CPS\Student\Controller\StuController.class.php 第 78 行.
ERR: 1146:Table 'cps.student_group_member' doesn't exist
 [ SQL语句 ] : SHOW COLUMNS FROM `student_group_member`
ERR: 1146:Table 'cps.student_group_member' doesn't exist
 [ SQL语句 ] : SHOW COLUMNS FROM `student_group_member`

[ 2016-10-11T20:47:40+08:00 ] ::1 /CPS/index.php/Student/Stu/course_info
INFO: [ app_init ] --START--
INFO: Run Behavior\BuildLiteBehavior [ RunTime:0.000010s ]
INFO: [ app_init ] --END-- [ RunTime:0.000275s ]
INFO: [ app_begin ] --START--
INFO: Run Behavior\ReadHtmlCacheBehavior [ RunTime:0.000334s ]
INFO: [ app_begin ] --END-- [ RunTime:0.000371s ]
SQL: SHOW COLUMNS FROM `course` [ RunTime:0.0090s ]
SQL: SELECT * FROM `course`  [ RunTime:0.0012s ]
INFO: [ view_parse ] --START--
INFO: [ template_filter ] --START--
INFO: Run Behavior\ContentReplaceBehavior [ RunTime:0.000041s ]
INFO: [ template_filter ] --END-- [ RunTime:0.000082s ]
NOTIC: [8] Undefined index: name G:\MyGIT\CPS\Runtime\Cache\Student\962a37c6a940fbdbf6ec68b49eefdef8.php 第 35 行.
INFO: Run Behavior\ParseTemplateBehavior [ RunTime:0.006151s ]
INFO: [ view_parse ] --END-- [ RunTime:0.006192s ]
INFO: [ view_filter ] --START--
INFO: Run Behavior\WriteHtmlCacheBehavior [ RunTime:0.000224s ]
INFO: [ view_filter ] --END-- [ RunTime:0.000258s ]
INFO: [ app_end ] --START--
INFO: Run Behavior\ShowPageTraceBehavior [ RunTime:0.000396s ]
INFO: [ app_end ] --END-- [ RunTime:0.000431s ]

[ 2016-10-11T20:47:44+08:00 ] ::1 /CPS/index.php/Student/Stu/team_manage
INFO: [ app_init ] --START--
INFO: Run Behavior\BuildLiteBehavior [ RunTime:0.000010s ]
INFO: [ app_init ] --END-- [ RunTime:0.000286s ]
INFO: [ app_begin ] --START--
INFO: Run Behavior\ReadHtmlCacheBehavior [ RunTime:0.000336s ]
INFO: [ app_begin ] --END-- [ RunTime:0.000373s ]
NOTIC: [8] Undefined index: id G:\MyGIT\CPS\Student\Controller\StuController.class.php 第 149 行.
SQL: SHOW COLUMNS FROM `course` [ RunTime:0.0079s ]
ERR: 1064:You have an error in your SQL syntax; check the manual that corresponds to your MySQL server version for the right syntax to use near '' at line 1
 [ SQL语句 ] : select D.group_project_status,D.group_id,D.group_manage from project as B,student_group_member as C,student_group as D where  B.project_id=D.project_id  and C.group_id=D.group_id and C.student_id=
ERR: 1064:You have an error in your SQL syntax; check the manual that corresponds to your MySQL server version for the right syntax to use near '' at line 1
 [ SQL语句 ] : select D.group_project_status,D.group_id,D.group_manage from project as B,student_group_member as C,student_group as D where  B.project_id=D.project_id  and C.group_id=D.group_id and C.student_id=

[ 2016-10-11T20:47:51+08:00 ] ::1 /CPS/index.php/Student/Stu/course_info
INFO: [ app_init ] --START--
INFO: Run Behavior\BuildLiteBehavior [ RunTime:0.000011s ]
INFO: [ app_init ] --END-- [ RunTime:0.000278s ]
INFO: [ app_begin ] --START--
INFO: Run Behavior\ReadHtmlCacheBehavior [ RunTime:0.000346s ]
INFO: [ app_begin ] --END-- [ RunTime:0.000384s ]
SQL: SHOW COLUMNS FROM `course` [ RunTime:0.0191s ]
SQL: SELECT * FROM `course`  [ RunTime:0.0041s ]
INFO: [ view_parse ] --START--
INFO: [ template_filter ] --START--
INFO: Run Behavior\ContentReplaceBehavior [ RunTime:0.000073s ]
INFO: [ template_filter ] --END-- [ RunTime:0.000150s ]
NOTIC: [8] Undefined index: name G:\MyGIT\CPS\Runtime\Cache\Student\962a37c6a940fbdbf6ec68b49eefdef8.php 第 35 行.
INFO: Run Behavior\ParseTemplateBehavior [ RunTime:0.013628s ]
INFO: [ view_parse ] --END-- [ RunTime:0.013714s ]
INFO: [ view_filter ] --START--
INFO: Run Behavior\WriteHtmlCacheBehavior [ RunTime:0.000376s ]
INFO: [ view_filter ] --END-- [ RunTime:0.000431s ]
INFO: [ app_end ] --START--
INFO: Run Behavior\ShowPageTraceBehavior [ RunTime:0.000667s ]
INFO: [ app_end ] --END-- [ RunTime:0.000730s ]

[ 2016-10-11T20:48:02+08:00 ] ::1 /CPS/index.php/Student/Stu/project_info/course_id/1
INFO: [ app_init ] --START--
INFO: Run Behavior\BuildLiteBehavior [ RunTime:0.000008s ]
INFO: [ app_init ] --END-- [ RunTime:0.000224s ]
INFO: [ app_begin ] --START--
INFO: Run Behavior\ReadHtmlCacheBehavior [ RunTime:0.000256s ]
INFO: [ app_begin ] --END-- [ RunTime:0.000283s ]
SQL: SHOW COLUMNS FROM `course` [ RunTime:0.0163s ]
SQL: select A.course_name,A.course_id,B.project_name,B.project_id,B.teacher_id from course as A,project as B where A.course_id=B.course_id and B.course_id=1 [ RunTime:0.0745s ]
INFO: [ view_parse ] --START--
INFO: [ template_filter ] --START--
INFO: Run Behavior\ContentReplaceBehavior [ RunTime:0.000139s ]
INFO: [ template_filter ] --END-- [ RunTime:0.000275s ]
NOTIC: [8] Undefined index: name G:\MyGIT\CPS\Runtime\Cache\Student\f48d3be509e4e06736673e2369e065aa.php 第 35 行.
INFO: Run Behavior\ParseTemplateBehavior [ RunTime:0.045116s ]
INFO: [ view_parse ] --END-- [ RunTime:0.045235s ]
INFO: [ view_filter ] --START--
INFO: Run Behavior\WriteHtmlCacheBehavior [ RunTime:0.000689s ]
INFO: [ view_filter ] --END-- [ RunTime:0.000780s ]
INFO: [ app_end ] --START--
INFO: Run Behavior\ShowPageTraceBehavior [ RunTime:0.001167s ]
INFO: [ app_end ] --END-- [ RunTime:0.001268s ]

[ 2016-10-11T21:02:13+08:00 ] ::1 /CPS/index.php/Student/Stu/myproject.html
INFO: [ app_init ] --START--
INFO: Run Behavior\BuildLiteBehavior [ RunTime:0.000010s ]
INFO: [ app_init ] --END-- [ RunTime:0.000290s ]
INFO: [ app_begin ] --START--
INFO: Run Behavior\ReadHtmlCacheBehavior [ RunTime:0.000357s ]
INFO: [ app_begin ] --END-- [ RunTime:0.000388s ]
SQL: SHOW COLUMNS FROM `course` [ RunTime:0.0137s ]
NOTIC: [8] Undefined index: id G:\MyGIT\CPS\Student\Controller\StuController.class.php 第 19 行.
ERR: 1064:You have an error in your SQL syntax; check the manual that corresponds to your MySQL server version for the right syntax to use near '' at line 1
 [ SQL语句 ] : select  A.course_name,A.course_id,B.project_name,B.project_id,B.teacher_id,D.group_id,D.group_project_status from course as A,project as B,student_group_member as C,student_group as D where A.course_id=B.course_id and B.project_id=D.project_id and C.group_id=D.group_id and C.student_id = 
ERR: 1064:You have an error in your SQL syntax; check the manual that corresponds to your MySQL server version for the right syntax to use near '' at line 1
 [ SQL语句 ] : select  A.course_name,A.course_id,B.project_name,B.project_id,B.teacher_id,D.group_id,D.group_project_status from course as A,project as B,student_group_member as C,student_group as D where A.course_id=B.course_id and B.project_id=D.project_id and C.group_id=D.group_id and C.student_id = 

[ 2016-10-11T21:02:20+08:00 ] ::1 /CPS/index.php/Student/Stu/course_info
INFO: [ app_init ] --START--
INFO: Run Behavior\BuildLiteBehavior [ RunTime:0.000016s ]
INFO: [ app_init ] --END-- [ RunTime:0.000319s ]
INFO: [ app_begin ] --START--
INFO: Run Behavior\ReadHtmlCacheBehavior [ RunTime:0.000355s ]
INFO: [ app_begin ] --END-- [ RunTime:0.000396s ]
SQL: SHOW COLUMNS FROM `course` [ RunTime:0.0106s ]
SQL: SELECT * FROM `course`  [ RunTime:0.0006s ]
INFO: [ view_parse ] --START--
INFO: [ template_filter ] --START--
INFO: Run Behavior\ContentReplaceBehavior [ RunTime:0.000099s ]
INFO: [ template_filter ] --END-- [ RunTime:0.000178s ]
NOTIC: [8] Undefined index: name G:\MyGIT\CPS\Runtime\Cache\Student\962a37c6a940fbdbf6ec68b49eefdef8.php 第 35 行.
INFO: Run Behavior\ParseTemplateBehavior [ RunTime:0.027971s ]
INFO: [ view_parse ] --END-- [ RunTime:0.028041s ]
INFO: [ view_filter ] --START--
INFO: Run Behavior\WriteHtmlCacheBehavior [ RunTime:0.000495s ]
INFO: [ view_filter ] --END-- [ RunTime:0.000565s ]
INFO: [ app_end ] --START--
INFO: Run Behavior\ShowPageTraceBehavior [ RunTime:0.000627s ]
INFO: [ app_end ] --END-- [ RunTime:0.000670s ]

[ 2016-10-11T21:02:28+08:00 ] ::1 /CPS/index.php/Student/Stu/myproject
INFO: [ app_init ] --START--
INFO: Run Behavior\BuildLiteBehavior [ RunTime:0.000011s ]
INFO: [ app_init ] --END-- [ RunTime:0.000282s ]
INFO: [ app_begin ] --START--
INFO: Run Behavior\ReadHtmlCacheBehavior [ RunTime:0.000340s ]
INFO: [ app_begin ] --END-- [ RunTime:0.000379s ]
SQL: SHOW COLUMNS FROM `course` [ RunTime:0.0165s ]
NOTIC: [8] Undefined index: id G:\MyGIT\CPS\Student\Controller\StuController.class.php 第 19 行.
ERR: 1064:You have an error in your SQL syntax; check the manual that corresponds to your MySQL server version for the right syntax to use near '' at line 1
 [ SQL语句 ] : select  A.course_name,A.course_id,B.project_name,B.project_id,B.teacher_id,D.group_id,D.group_project_status from course as A,project as B,student_group_member as C,student_group as D where A.course_id=B.course_id and B.project_id=D.project_id and C.group_id=D.group_id and C.student_id = 
ERR: 1064:You have an error in your SQL syntax; check the manual that corresponds to your MySQL server version for the right syntax to use near '' at line 1
 [ SQL语句 ] : select  A.course_name,A.course_id,B.project_name,B.project_id,B.teacher_id,D.group_id,D.group_project_status from course as A,project as B,student_group_member as C,student_group as D where A.course_id=B.course_id and B.project_id=D.project_id and C.group_id=D.group_id and C.student_id = 

[ 2016-10-11T22:28:42+08:00 ] ::1 /CPS/index.php/Student/Stu/myteam
INFO: [ app_init ] --START--
INFO: Run Behavior\BuildLiteBehavior [ RunTime:0.000011s ]
INFO: [ app_init ] --END-- [ RunTime:0.000284s ]
INFO: [ app_begin ] --START--
INFO: Run Behavior\ReadHtmlCacheBehavior [ RunTime:0.000342s ]
INFO: [ app_begin ] --END-- [ RunTime:0.000382s ]
NOTIC: [8] Undefined index: id G:\MyGIT\CPS\Student\Controller\StuController.class.php 第 78 行.
ERR: 1146:Table 'cps.student_group_member' doesn't exist
 [ SQL语句 ] : SHOW COLUMNS FROM `student_group_member`
ERR: 1146:Table 'cps.student_group_member' doesn't exist
 [ SQL语句 ] : SHOW COLUMNS FROM `student_group_member`

