[ 2016-10-17T22:31:14+08:00 ] ::1 /CPS/index.php/Student/Stu/course_info/student_id/2014220202007
INFO: [ app_init ] --START--
INFO: Run Behavior\BuildLiteBehavior [ RunTime:0.000010s ]
INFO: [ app_init ] --END-- [ RunTime:0.000279s ]
INFO: [ app_begin ] --START--
INFO: Run Behavior\ReadHtmlCacheBehavior [ RunTime:0.000336s ]
INFO: [ app_begin ] --END-- [ RunTime:0.000373s ]
SQL: SHOW COLUMNS FROM `course` [ RunTime:0.0158s ]
SQL: SELECT * FROM `course`  [ RunTime:0.0041s ]
INFO: [ view_parse ] --START--
INFO: [ template_filter ] --START--
INFO: Run Behavior\ContentReplaceBehavior [ RunTime:0.000116s ]
INFO: [ template_filter ] --END-- [ RunTime:0.000236s ]
INFO: Run Behavior\ParseTemplateBehavior [ RunTime:0.020105s ]
INFO: [ view_parse ] --END-- [ RunTime:0.020229s ]
INFO: [ view_filter ] --START--
INFO: Run Behavior\WriteHtmlCacheBehavior [ RunTime:0.000553s ]
INFO: [ view_filter ] --END-- [ RunTime:0.000640s ]
INFO: [ app_end ] --START--
INFO: Run Behavior\ShowPageTraceBehavior [ RunTime:0.001056s ]
INFO: [ app_end ] --END-- [ RunTime:0.001164s ]

[ 2016-10-17T22:31:19+08:00 ] ::1 /CPS/index.php/Student/Stu/myproject
INFO: [ app_init ] --START--
INFO: Run Behavior\BuildLiteBehavior [ RunTime:0.000011s ]
INFO: [ app_init ] --END-- [ RunTime:0.000286s ]
INFO: [ app_begin ] --START--
INFO: Run Behavior\ReadHtmlCacheBehavior [ RunTime:0.000340s ]
INFO: [ app_begin ] --END-- [ RunTime:0.000377s ]
SQL: SHOW COLUMNS FROM `course` [ RunTime:0.0141s ]
SQL: select  A.course_name,A.course_id,B.project_name,B.project_id,B.teacher_id,D.group_id,D.group_project_status from course as A,project as B,student_group_member as C,student_group as D where A.course_id=B.course_id and B.project_id=D.project_id and C.group_id=D.group_id and C.student_id = 2014220202007 [ RunTime:0.0314s ]
SQL: select A.student_id,A.student_name from student as A,student_group as B,student_group_member as C where A.student_id=C.student_id and B.group_id=C.group_id and C.is_available=1 and C.group_id = 3 [ RunTime:0.0040s ]
INFO: [ view_parse ] --START--
INFO: [ template_filter ] --START--
INFO: Run Behavior\ContentReplaceBehavior [ RunTime:0.000126s ]
INFO: [ template_filter ] --END-- [ RunTime:0.000248s ]
NOTIC: [8] Undefined variable: button_disabled G:\MyGIT\CPS\Runtime\Cache\Student\d118410a5a0ba3f45e64fa0baa889672.php 第 90 行.
INFO: Run Behavior\ParseTemplateBehavior [ RunTime:0.020594s ]
INFO: [ view_parse ] --END-- [ RunTime:0.020678s ]
INFO: [ view_filter ] --START--
INFO: Run Behavior\WriteHtmlCacheBehavior [ RunTime:0.000300s ]
INFO: [ view_filter ] --END-- [ RunTime:0.000352s ]
INFO: [ app_end ] --START--
INFO: Run Behavior\ShowPageTraceBehavior [ RunTime:0.000676s ]
INFO: [ app_end ] --END-- [ RunTime:0.000758s ]

[ 2016-10-17T22:31:21+08:00 ] ::1 /CPS/index.php/Student/Stu/myteam
INFO: [ app_init ] --START--
INFO: Run Behavior\BuildLiteBehavior [ RunTime:0.000011s ]
INFO: [ app_init ] --END-- [ RunTime:0.000279s ]
INFO: [ app_begin ] --START--
INFO: Run Behavior\ReadHtmlCacheBehavior [ RunTime:0.000348s ]
INFO: [ app_begin ] --END-- [ RunTime:0.000386s ]
SQL: SHOW COLUMNS FROM `student_group_member` [ RunTime:0.0121s ]
SQL: select student_message,student_message_status,group_id from student_group_member where student_id = 2014220202007 [ RunTime:0.0027s ]
SQL: SHOW COLUMNS FROM `course` [ RunTime:0.0071s ]
ERR: 1064:You have an error in your SQL syntax; check the manual that corresponds to your MySQL server version for the right syntax to use near '' at line 1
 [ SQL语句 ] : select  distinct E.student_id,E.student_name from student_group_member as C,student_group as D,student as E where  C.group_id=D.group_id and C.student_id=E.student_id and C.student_id = 
ERR: 1064:You have an error in your SQL syntax; check the manual that corresponds to your MySQL server version for the right syntax to use near '' at line 1
 [ SQL语句 ] : select  distinct E.student_id,E.student_name from student_group_member as C,student_group as D,student as E where  C.group_id=D.group_id and C.student_id=E.student_id and C.student_id = 

