[ 2016-11-02T17:53:57+08:00 ] ::1 /CPS/index.php/Student/Stu/course_info
INFO: [ app_init ] --START--
INFO: Run Behavior\BuildLiteBehavior [ RunTime:0.000009s ]
INFO: [ app_init ] --END-- [ RunTime:0.000271s ]
INFO: [ app_begin ] --START--
INFO: Run Behavior\ReadHtmlCacheBehavior [ RunTime:0.000369s ]
INFO: [ app_begin ] --END-- [ RunTime:0.000402s ]
SQL: SHOW COLUMNS FROM `course` [ RunTime:0.0116s ]
SQL: SELECT * FROM `course`  [ RunTime:0.0025s ]
INFO: [ view_parse ] --START--
INFO: [ template_filter ] --START--
INFO: Run Behavior\ContentReplaceBehavior [ RunTime:0.000097s ]
INFO: [ template_filter ] --END-- [ RunTime:0.000172s ]
NOTIC: [8] Undefined index: name G:\MyGIT\CPS\Runtime\Cache\Student\962a37c6a940fbdbf6ec68b49eefdef8.php 第 36 行.
INFO: Run Behavior\ParseTemplateBehavior [ RunTime:0.044428s ]
INFO: [ view_parse ] --END-- [ RunTime:0.044507s ]
INFO: [ view_filter ] --START--
INFO: Run Behavior\WriteHtmlCacheBehavior [ RunTime:0.000490s ]
INFO: [ view_filter ] --END-- [ RunTime:0.000545s ]
INFO: [ app_end ] --START--
INFO: Run Behavior\ShowPageTraceBehavior [ RunTime:0.000819s ]
INFO: [ app_end ] --END-- [ RunTime:0.000880s ]

[ 2016-11-02T21:13:19+08:00 ] ::1 /CPS/index.php/Student/Stu/team_manage
INFO: [ app_init ] --START--
INFO: Run Behavior\BuildLiteBehavior [ RunTime:0.000008s ]
INFO: [ app_init ] --END-- [ RunTime:0.000275s ]
INFO: [ app_begin ] --START--
INFO: Run Behavior\ReadHtmlCacheBehavior [ RunTime:0.000417s ]
INFO: [ app_begin ] --END-- [ RunTime:0.000449s ]
NOTIC: [8] Undefined index: id G:\MyGIT\CPS\Student\Controller\StuController.class.php 第 171 行.
SQL: SHOW COLUMNS FROM `student_group` [ RunTime:0.0143s ]
SQL: SELECT * FROM `student_group` ORDER BY group_id desc LIMIT 1   [ RunTime:0.0021s ]
SQL: SHOW COLUMNS FROM `student_group_member` [ RunTime:0.0107s ]
SQL: SELECT D.group_project_status,D.group_id,D.group_manage,C.is_groupLeader FROM student_group_member as C,student_group as D WHERE ( C.group_id=D.group_id and C.student_id = '' )  [ RunTime:0.0023s ]
NOTIC: [8] Undefined variable: I G:\MyGIT\CPS\Student\Controller\StuController.class.php 第 239 行.
INFO: [ view_parse ] --START--
INFO: [ template_filter ] --START--
INFO: Run Behavior\ContentReplaceBehavior [ RunTime:0.000111s ]
INFO: [ template_filter ] --END-- [ RunTime:0.000191s ]
NOTIC: [8] Undefined index: name G:\MyGIT\CPS\Runtime\Cache\Student\b3270b451894d4951d9c5e3731b69fa8.php 第 36 行.
INFO: Run Behavior\ParseTemplateBehavior [ RunTime:0.031109s ]
INFO: [ view_parse ] --END-- [ RunTime:0.031180s ]
INFO: [ view_filter ] --START--
INFO: Run Behavior\WriteHtmlCacheBehavior [ RunTime:0.000545s ]
INFO: [ view_filter ] --END-- [ RunTime:0.000600s ]
INFO: [ app_end ] --START--
INFO: Run Behavior\ShowPageTraceBehavior [ RunTime:0.000849s ]
INFO: [ app_end ] --END-- [ RunTime:0.000917s ]

[ 2016-11-02T21:13:47+08:00 ] ::1 /CPS/index.php/Student/Stu/team_manage/teamCreate/1
INFO: [ app_init ] --START--
INFO: Run Behavior\BuildLiteBehavior [ RunTime:0.000011s ]
INFO: [ app_init ] --END-- [ RunTime:0.000281s ]
INFO: [ app_begin ] --START--
INFO: Run Behavior\ReadHtmlCacheBehavior [ RunTime:0.000348s ]
INFO: [ app_begin ] --END-- [ RunTime:0.000390s ]
NOTIC: [8] Undefined index: id G:\MyGIT\CPS\Student\Controller\StuController.class.php 第 171 行.
SQL: SHOW COLUMNS FROM `student_group` [ RunTime:0.0201s ]
SQL: SELECT * FROM `student_group` ORDER BY group_id desc LIMIT 1   [ RunTime:0.0038s ]
SQL: SHOW COLUMNS FROM `student_group` [ RunTime:0.0153s ]
NOTIC: [8] Undefined index: id G:\MyGIT\CPS\Student\Controller\StuController.class.php 第 185 行.
ERR: 1048:Column 'stu_group_leader_id' cannot be null
 [ SQL语句 ] : INSERT INTO `student_group` (`group_id`,`reply_group_id`,`project_id`,`stu_group_leader_id`,`group_project_status`,`group_middle_report_score`,`group_final_report_score`,`group_reply_score`,`group_manage`,`group_lock`) VALUES ('5','1','0',NULL,'1','1','0','0','','0')
ERR: 1048:Column 'stu_group_leader_id' cannot be null
 [ SQL语句 ] : INSERT INTO `student_group` (`group_id`,`reply_group_id`,`project_id`,`stu_group_leader_id`,`group_project_status`,`group_middle_report_score`,`group_final_report_score`,`group_reply_score`,`group_manage`,`group_lock`) VALUES ('5','1','0',NULL,'1','1','0','0','','0')

[ 2016-11-02T21:14:02+08:00 ] ::1 /CPS/index.php/Student/Stu/myproject
INFO: [ app_init ] --START--
INFO: Run Behavior\BuildLiteBehavior [ RunTime:0.000010s ]
INFO: [ app_init ] --END-- [ RunTime:0.000277s ]
INFO: [ app_begin ] --START--
INFO: Run Behavior\ReadHtmlCacheBehavior [ RunTime:0.000344s ]
INFO: [ app_begin ] --END-- [ RunTime:0.000381s ]
NOTIC: [8] Undefined index: id G:\MyGIT\CPS\Student\Controller\StuController.class.php 第 16 行.
SQL: SHOW COLUMNS FROM `course` [ RunTime:0.0152s ]
SQL: SHOW COLUMNS FROM `course` [ RunTime:0.0090s ]
SQL: SELECT A.course_name,A.course_id,B.project_name,B.project_id,B.teacher_id,D.group_id,D.group_project_status FROM course A,project B,student_group_member C,student_group D WHERE ( A.course_id=B.course_id and B.project_id=D.project_id and C.group_id=D.group_id and C.student_id = '' )  [ RunTime:0.0030s ]
NOTIC: [8] Undefined variable: groupMember G:\MyGIT\CPS\Student\Controller\StuController.class.php 第 42 行.
INFO: [ view_parse ] --START--
INFO: [ template_filter ] --START--
INFO: Run Behavior\ContentReplaceBehavior [ RunTime:0.000036s ]
INFO: [ template_filter ] --END-- [ RunTime:0.000072s ]
NOTIC: [8] Undefined index: name G:\MyGIT\CPS\Runtime\Cache\Student\d118410a5a0ba3f45e64fa0baa889672.php 第 36 行.
INFO: Run Behavior\ParseTemplateBehavior [ RunTime:0.009635s ]
INFO: [ view_parse ] --END-- [ RunTime:0.009678s ]
INFO: [ view_filter ] --START--
INFO: Run Behavior\WriteHtmlCacheBehavior [ RunTime:0.000147s ]
INFO: [ view_filter ] --END-- [ RunTime:0.000169s ]
INFO: [ app_end ] --START--
INFO: Run Behavior\ShowPageTraceBehavior [ RunTime:0.000278s ]
INFO: [ app_end ] --END-- [ RunTime:0.000304s ]

[ 2016-11-02T21:14:06+08:00 ] ::1 /CPS/index.php/Student/Stu/course_info
INFO: [ app_init ] --START--
INFO: Run Behavior\BuildLiteBehavior [ RunTime:0.000011s ]
INFO: [ app_init ] --END-- [ RunTime:0.000279s ]
INFO: [ app_begin ] --START--
INFO: Run Behavior\ReadHtmlCacheBehavior [ RunTime:0.000343s ]
INFO: [ app_begin ] --END-- [ RunTime:0.000384s ]
SQL: SHOW COLUMNS FROM `course` [ RunTime:0.0154s ]
SQL: SELECT * FROM `course`  [ RunTime:0.0023s ]
INFO: [ view_parse ] --START--
INFO: [ template_filter ] --START--
INFO: Run Behavior\ContentReplaceBehavior [ RunTime:0.000118s ]
INFO: [ template_filter ] --END-- [ RunTime:0.000250s ]
NOTIC: [8] Undefined index: name G:\MyGIT\CPS\Runtime\Cache\Student\962a37c6a940fbdbf6ec68b49eefdef8.php 第 36 行.
INFO: Run Behavior\ParseTemplateBehavior [ RunTime:0.019700s ]
INFO: [ view_parse ] --END-- [ RunTime:0.019826s ]
INFO: [ view_filter ] --START--
INFO: Run Behavior\WriteHtmlCacheBehavior [ RunTime:0.000707s ]
INFO: [ view_filter ] --END-- [ RunTime:0.000824s ]
INFO: [ app_end ] --START--
INFO: Run Behavior\ShowPageTraceBehavior [ RunTime:0.001322s ]
INFO: [ app_end ] --END-- [ RunTime:0.001418s ]

[ 2016-11-02T21:14:10+08:00 ] ::1 /CPS/index.php/Student/Stu/project_info/course_id/1
INFO: [ app_init ] --START--
INFO: Run Behavior\BuildLiteBehavior [ RunTime:0.000012s ]
INFO: [ app_init ] --END-- [ RunTime:0.000284s ]
INFO: [ app_begin ] --START--
INFO: Run Behavior\ReadHtmlCacheBehavior [ RunTime:0.000349s ]
INFO: [ app_begin ] --END-- [ RunTime:0.000387s ]
SQL: SHOW COLUMNS FROM `course` [ RunTime:0.0216s ]
SQL: SHOW COLUMNS FROM `course` [ RunTime:0.0195s ]
SQL: SELECT A.course_name,A.course_id,B.project_name,B.project_id,B.teacher_id FROM course as A,project as B WHERE ( A.course_id=B.course_id and B.course_id= '1' )  [ RunTime:0.0050s ]
INFO: [ view_parse ] --START--
INFO: [ template_filter ] --START--
INFO: Run Behavior\ContentReplaceBehavior [ RunTime:0.000073s ]
INFO: [ template_filter ] --END-- [ RunTime:0.000142s ]
NOTIC: [8] Undefined index: name G:\MyGIT\CPS\Runtime\Cache\Student\f48d3be509e4e06736673e2369e065aa.php 第 36 行.
NOTIC: [8] Undefined variable: login_url G:\MyGIT\CPS\Runtime\Cache\Student\f48d3be509e4e06736673e2369e065aa.php 第 39 行.
INFO: Run Behavior\ParseTemplateBehavior [ RunTime:0.025034s ]
INFO: [ view_parse ] --END-- [ RunTime:0.025098s ]
INFO: [ view_filter ] --START--
INFO: Run Behavior\WriteHtmlCacheBehavior [ RunTime:0.000333s ]
INFO: [ view_filter ] --END-- [ RunTime:0.000384s ]
INFO: [ app_end ] --START--
INFO: Run Behavior\ShowPageTraceBehavior [ RunTime:0.000650s ]
INFO: [ app_end ] --END-- [ RunTime:0.000706s ]

[ 2016-11-02T21:14:14+08:00 ] ::1 /CPS/index.php/Student/Stu/team_manage
INFO: [ app_init ] --START--
INFO: Run Behavior\BuildLiteBehavior [ RunTime:0.000011s ]
INFO: [ app_init ] --END-- [ RunTime:0.000284s ]
INFO: [ app_begin ] --START--
INFO: Run Behavior\ReadHtmlCacheBehavior [ RunTime:0.000342s ]
INFO: [ app_begin ] --END-- [ RunTime:0.000380s ]
NOTIC: [8] Undefined index: id G:\MyGIT\CPS\Student\Controller\StuController.class.php 第 171 行.
SQL: SHOW COLUMNS FROM `student_group` [ RunTime:0.0233s ]
SQL: SELECT * FROM `student_group` ORDER BY group_id desc LIMIT 1   [ RunTime:0.0055s ]
SQL: SHOW COLUMNS FROM `student_group_member` [ RunTime:0.0143s ]
SQL: SELECT D.group_project_status,D.group_id,D.group_manage,C.is_groupLeader FROM student_group_member as C,student_group as D WHERE ( C.group_id=D.group_id and C.student_id = '' )  [ RunTime:0.0030s ]
NOTIC: [8] Undefined variable: I G:\MyGIT\CPS\Student\Controller\StuController.class.php 第 239 行.
INFO: [ view_parse ] --START--
INFO: [ template_filter ] --START--
INFO: Run Behavior\ContentReplaceBehavior [ RunTime:0.000066s ]
INFO: [ template_filter ] --END-- [ RunTime:0.000140s ]
NOTIC: [8] Undefined index: name G:\MyGIT\CPS\Runtime\Cache\Student\b3270b451894d4951d9c5e3731b69fa8.php 第 36 行.
INFO: Run Behavior\ParseTemplateBehavior [ RunTime:0.011247s ]
INFO: [ view_parse ] --END-- [ RunTime:0.011305s ]
INFO: [ view_filter ] --START--
INFO: Run Behavior\WriteHtmlCacheBehavior [ RunTime:0.000304s ]
INFO: [ view_filter ] --END-- [ RunTime:0.000349s ]
INFO: [ app_end ] --START--
INFO: Run Behavior\ShowPageTraceBehavior [ RunTime:0.000557s ]
INFO: [ app_end ] --END-- [ RunTime:0.000604s ]

[ 2016-11-02T21:29:11+08:00 ] ::1 /CPS/index.php/Student/Stu/course_info
INFO: [ app_init ] --START--
INFO: Run Behavior\BuildLiteBehavior [ RunTime:0.000008s ]
INFO: [ app_init ] --END-- [ RunTime:0.000266s ]
INFO: [ app_begin ] --START--
INFO: Run Behavior\ReadHtmlCacheBehavior [ RunTime:0.000341s ]
INFO: [ app_begin ] --END-- [ RunTime:0.000371s ]
SQL: SHOW COLUMNS FROM `course` [ RunTime:0.0174s ]
SQL: SELECT * FROM `course`  [ RunTime:0.0028s ]
INFO: [ view_parse ] --START--
INFO: [ template_filter ] --START--
INFO: Run Behavior\ContentReplaceBehavior [ RunTime:0.000058s ]
INFO: [ template_filter ] --END-- [ RunTime:0.000103s ]
NOTIC: [8] Undefined index: name G:\MyGIT\CPS\Runtime\Cache\Student\962a37c6a940fbdbf6ec68b49eefdef8.php 第 36 行.
INFO: Run Behavior\ParseTemplateBehavior [ RunTime:0.026756s ]
INFO: [ view_parse ] --END-- [ RunTime:0.026813s ]
INFO: [ view_filter ] --START--
INFO: Run Behavior\WriteHtmlCacheBehavior [ RunTime:0.000283s ]
INFO: [ view_filter ] --END-- [ RunTime:0.000314s ]
INFO: [ app_end ] --START--
INFO: Run Behavior\ShowPageTraceBehavior [ RunTime:0.000519s ]
INFO: [ app_end ] --END-- [ RunTime:0.000563s ]

[ 2016-11-02T21:29:23+08:00 ] ::1 /CPS/index.php/Student/Stu/team_manage
INFO: [ app_init ] --START--
INFO: Run Behavior\BuildLiteBehavior [ RunTime:0.000009s ]
INFO: [ app_init ] --END-- [ RunTime:0.000212s ]
INFO: [ app_begin ] --START--
INFO: Run Behavior\ReadHtmlCacheBehavior [ RunTime:0.000259s ]
INFO: [ app_begin ] --END-- [ RunTime:0.000288s ]
NOTIC: [8] Undefined index: id G:\MyGIT\CPS\Student\Controller\StuController.class.php 第 171 行.
SQL: SHOW COLUMNS FROM `student_group` [ RunTime:0.0190s ]
SQL: SELECT * FROM `student_group` ORDER BY group_id desc LIMIT 1   [ RunTime:0.0023s ]
SQL: SHOW COLUMNS FROM `student_group_member` [ RunTime:0.0087s ]
SQL: SELECT D.group_project_status,D.group_id,D.group_manage,C.is_groupLeader FROM student_group_member as C,student_group as D WHERE ( C.group_id=D.group_id and C.student_id = '' )  [ RunTime:0.0025s ]
NOTIC: [8] Undefined variable: I G:\MyGIT\CPS\Student\Controller\StuController.class.php 第 239 行.
INFO: [ view_parse ] --START--
INFO: [ template_filter ] --START--
INFO: Run Behavior\ContentReplaceBehavior [ RunTime:0.000050s ]
INFO: [ template_filter ] --END-- [ RunTime:0.000099s ]
NOTIC: [8] Undefined index: name G:\MyGIT\CPS\Runtime\Cache\Student\b3270b451894d4951d9c5e3731b69fa8.php 第 36 行.
INFO: Run Behavior\ParseTemplateBehavior [ RunTime:0.013075s ]
INFO: [ view_parse ] --END-- [ RunTime:0.013128s ]
INFO: [ view_filter ] --START--
INFO: Run Behavior\WriteHtmlCacheBehavior [ RunTime:0.000247s ]
INFO: [ view_filter ] --END-- [ RunTime:0.000279s ]
INFO: [ app_end ] --START--
INFO: Run Behavior\ShowPageTraceBehavior [ RunTime:0.000404s ]
INFO: [ app_end ] --END-- [ RunTime:0.000438s ]

[ 2016-11-02T21:30:51+08:00 ] ::1 /CPS/index.php/Student/Stu/team_manage
INFO: [ app_init ] --START--
INFO: Run Behavior\BuildLiteBehavior [ RunTime:0.000034s ]
INFO: [ app_init ] --END-- [ RunTime:0.000702s ]
INFO: [ app_begin ] --START--
INFO: Run Behavior\ReadHtmlCacheBehavior [ RunTime:0.000872s ]
INFO: [ app_begin ] --END-- [ RunTime:0.000967s ]
NOTIC: [8] Undefined index: id G:\MyGIT\CPS\Student\Controller\StuController.class.php 第 171 行.
SQL: SHOW COLUMNS FROM `student_group` [ RunTime:0.0198s ]
SQL: SELECT * FROM `student_group` ORDER BY group_id desc LIMIT 1   [ RunTime:0.0055s ]
SQL: SHOW COLUMNS FROM `student_group_member` [ RunTime:0.0189s ]
SQL: SELECT D.group_project_status,D.group_id,D.group_manage,C.is_groupLeader FROM student_group_member as C,student_group as D WHERE ( C.group_id=D.group_id and C.student_id = '' )  [ RunTime:0.0050s ]
NOTIC: [8] Undefined variable: I G:\MyGIT\CPS\Student\Controller\StuController.class.php 第 239 行.
INFO: [ view_parse ] --START--
INFO: [ template_filter ] --START--
INFO: Run Behavior\ContentReplaceBehavior [ RunTime:0.000075s ]
INFO: [ template_filter ] --END-- [ RunTime:0.000147s ]
NOTIC: [8] Undefined index: name G:\MyGIT\CPS\Runtime\Cache\Student\b3270b451894d4951d9c5e3731b69fa8.php 第 36 行.
INFO: Run Behavior\ParseTemplateBehavior [ RunTime:0.017681s ]
INFO: [ view_parse ] --END-- [ RunTime:0.017762s ]
INFO: [ view_filter ] --START--
INFO: Run Behavior\WriteHtmlCacheBehavior [ RunTime:0.000323s ]
INFO: [ view_filter ] --END-- [ RunTime:0.000376s ]
INFO: [ app_end ] --START--
INFO: Run Behavior\ShowPageTraceBehavior [ RunTime:0.000633s ]
INFO: [ app_end ] --END-- [ RunTime:0.000705s ]

[ 2016-11-02T21:30:56+08:00 ] ::1 /CPS/index.php/Student/Stu/team_manage/teamCreate/1
INFO: [ app_init ] --START--
INFO: Run Behavior\BuildLiteBehavior [ RunTime:0.000008s ]
INFO: [ app_init ] --END-- [ RunTime:0.000229s ]
INFO: [ app_begin ] --START--
INFO: Run Behavior\ReadHtmlCacheBehavior [ RunTime:0.000262s ]
INFO: [ app_begin ] --END-- [ RunTime:0.000291s ]
NOTIC: [8] Undefined index: id G:\MyGIT\CPS\Student\Controller\StuController.class.php 第 171 行.
SQL: SHOW COLUMNS FROM `student_group` [ RunTime:0.0186s ]
SQL: SELECT * FROM `student_group` ORDER BY group_id desc LIMIT 1   [ RunTime:0.0021s ]
SQL: SHOW COLUMNS FROM `student_group` [ RunTime:0.0219s ]
NOTIC: [8] Undefined index: id G:\MyGIT\CPS\Student\Controller\StuController.class.php 第 185 行.
ERR: 1048:Column 'stu_group_leader_id' cannot be null
 [ SQL语句 ] : INSERT INTO `student_group` (`group_id`,`reply_group_id`,`project_id`,`stu_group_leader_id`,`group_project_status`,`group_middle_report_score`,`group_final_report_score`,`group_reply_score`,`group_manage`,`group_lock`) VALUES ('5','1','0',NULL,'1','1','0','0','','0')
ERR: 1048:Column 'stu_group_leader_id' cannot be null
 [ SQL语句 ] : INSERT INTO `student_group` (`group_id`,`reply_group_id`,`project_id`,`stu_group_leader_id`,`group_project_status`,`group_middle_report_score`,`group_final_report_score`,`group_reply_score`,`group_manage`,`group_lock`) VALUES ('5','1','0',NULL,'1','1','0','0','','0')

[ 2016-11-02T21:31:01+08:00 ] ::1 /CPS/index.php/Student/Stu/course_info
INFO: [ app_init ] --START--
INFO: Run Behavior\BuildLiteBehavior [ RunTime:0.000010s ]
INFO: [ app_init ] --END-- [ RunTime:0.000277s ]
INFO: [ app_begin ] --START--
INFO: Run Behavior\ReadHtmlCacheBehavior [ RunTime:0.000338s ]
INFO: [ app_begin ] --END-- [ RunTime:0.000374s ]
SQL: SHOW COLUMNS FROM `course` [ RunTime:0.0088s ]
SQL: SELECT * FROM `course`  [ RunTime:0.0031s ]
INFO: [ view_parse ] --START--
INFO: [ template_filter ] --START--
INFO: Run Behavior\ContentReplaceBehavior [ RunTime:0.000033s ]
INFO: [ template_filter ] --END-- [ RunTime:0.000071s ]
NOTIC: [8] Undefined index: name G:\MyGIT\CPS\Runtime\Cache\Student\962a37c6a940fbdbf6ec68b49eefdef8.php 第 36 行.
INFO: Run Behavior\ParseTemplateBehavior [ RunTime:0.004905s ]
INFO: [ view_parse ] --END-- [ RunTime:0.004939s ]
INFO: [ view_filter ] --START--
INFO: Run Behavior\WriteHtmlCacheBehavior [ RunTime:0.000154s ]
INFO: [ view_filter ] --END-- [ RunTime:0.000179s ]
INFO: [ app_end ] --START--
INFO: Run Behavior\ShowPageTraceBehavior [ RunTime:0.000306s ]
INFO: [ app_end ] --END-- [ RunTime:0.000332s ]

[ 2016-11-02T21:31:05+08:00 ] ::1 /CPS/index.php/Student/Stu/myteam
INFO: [ app_init ] --START--
INFO: Run Behavior\BuildLiteBehavior [ RunTime:0.000011s ]
INFO: [ app_init ] --END-- [ RunTime:0.000285s ]
INFO: [ app_begin ] --START--
INFO: Run Behavior\ReadHtmlCacheBehavior [ RunTime:0.000340s ]
INFO: [ app_begin ] --END-- [ RunTime:0.000378s ]
NOTIC: [8] Undefined index: id G:\MyGIT\CPS\Student\Controller\StuController.class.php 第 104 行.
SQL: SHOW COLUMNS FROM `student_group_member` [ RunTime:0.0173s ]
SQL: SHOW COLUMNS FROM `student_group_member` [ RunTime:0.0184s ]
SQL: SELECT A.student_message,A.student_message_status,B.project_id,B.group_id FROM student_group_member as A,student_group as B WHERE ( A.group_id=B.group_id and A.student_id = '' )  [ RunTime:0.0047s ]
NOTIC: [8] Undefined variable: teamInviter G:\MyGIT\CPS\Student\Controller\StuController.class.php 第 119 行.
NOTIC: [8] Undefined variable: projectId G:\MyGIT\CPS\Student\Controller\StuController.class.php 第 120 行.
NOTIC: [8] Undefined variable: course_project G:\MyGIT\CPS\Student\Controller\StuController.class.php 第 121 行.
NOTIC: [2] Illegal offset type in isset or empty G:\MyGIT\ThinkPHP\Library\Think\Model.class.php 第 445 行.
SQL: UPDATE `student_group_member` SET `student_message_status`='0' WHERE ( student_id = '' and group_id = '' ) [ RunTime:0.0037s ]
INFO: [ view_parse ] --START--
INFO: [ template_filter ] --START--
INFO: Run Behavior\ContentReplaceBehavior [ RunTime:0.000230s ]
INFO: [ template_filter ] --END-- [ RunTime:0.000426s ]
NOTIC: [8] Undefined index: name G:\MyGIT\CPS\Runtime\Cache\Student\696712bc6c050eaf78c6bc5e65322331.php 第 36 行.
NOTIC: [8] Undefined variable: login_url G:\MyGIT\CPS\Runtime\Cache\Student\696712bc6c050eaf78c6bc5e65322331.php 第 39 行.
INFO: Run Behavior\ParseTemplateBehavior [ RunTime:0.083299s ]
INFO: [ view_parse ] --END-- [ RunTime:0.083423s ]
INFO: [ view_filter ] --START--
INFO: Run Behavior\WriteHtmlCacheBehavior [ RunTime:0.000593s ]
INFO: [ view_filter ] --END-- [ RunTime:0.000681s ]
INFO: [ app_end ] --START--
INFO: Run Behavior\ShowPageTraceBehavior [ RunTime:0.001090s ]
INFO: [ app_end ] --END-- [ RunTime:0.001192s ]

[ 2016-11-02T21:31:07+08:00 ] ::1 /CPS/index.php/Student/Stu/team_manage
INFO: [ app_init ] --START--
INFO: Run Behavior\BuildLiteBehavior [ RunTime:0.000012s ]
INFO: [ app_init ] --END-- [ RunTime:0.000288s ]
INFO: [ app_begin ] --START--
INFO: Run Behavior\ReadHtmlCacheBehavior [ RunTime:0.000355s ]
INFO: [ app_begin ] --END-- [ RunTime:0.000393s ]
NOTIC: [8] Undefined index: id G:\MyGIT\CPS\Student\Controller\StuController.class.php 第 171 行.
SQL: SHOW COLUMNS FROM `student_group` [ RunTime:0.0150s ]
SQL: SELECT * FROM `student_group` ORDER BY group_id desc LIMIT 1   [ RunTime:0.0044s ]
SQL: SHOW COLUMNS FROM `student_group_member` [ RunTime:0.0139s ]
SQL: SELECT D.group_project_status,D.group_id,D.group_manage,C.is_groupLeader FROM student_group_member as C,student_group as D WHERE ( C.group_id=D.group_id and C.student_id = '' )  [ RunTime:0.0025s ]
NOTIC: [8] Undefined variable: I G:\MyGIT\CPS\Student\Controller\StuController.class.php 第 239 行.
INFO: [ view_parse ] --START--
INFO: [ template_filter ] --START--
INFO: Run Behavior\ContentReplaceBehavior [ RunTime:0.000080s ]
INFO: [ template_filter ] --END-- [ RunTime:0.000155s ]
NOTIC: [8] Undefined index: name G:\MyGIT\CPS\Runtime\Cache\Student\b3270b451894d4951d9c5e3731b69fa8.php 第 36 行.
INFO: Run Behavior\ParseTemplateBehavior [ RunTime:0.015123s ]
INFO: [ view_parse ] --END-- [ RunTime:0.015223s ]
INFO: [ view_filter ] --START--
INFO: Run Behavior\WriteHtmlCacheBehavior [ RunTime:0.000420s ]
INFO: [ view_filter ] --END-- [ RunTime:0.000488s ]
INFO: [ app_end ] --START--
INFO: Run Behavior\ShowPageTraceBehavior [ RunTime:0.000676s ]
INFO: [ app_end ] --END-- [ RunTime:0.000736s ]

[ 2016-11-02T21:31:10+08:00 ] ::1 /CPS/index.php/Student/Stu/team_manage/teamCreate/1
INFO: [ app_init ] --START--
INFO: Run Behavior\BuildLiteBehavior [ RunTime:0.000012s ]
INFO: [ app_init ] --END-- [ RunTime:0.000281s ]
INFO: [ app_begin ] --START--
INFO: Run Behavior\ReadHtmlCacheBehavior [ RunTime:0.000348s ]
INFO: [ app_begin ] --END-- [ RunTime:0.000384s ]
NOTIC: [8] Undefined index: id G:\MyGIT\CPS\Student\Controller\StuController.class.php 第 171 行.
SQL: SHOW COLUMNS FROM `student_group` [ RunTime:0.0127s ]
SQL: SELECT * FROM `student_group` ORDER BY group_id desc LIMIT 1   [ RunTime:0.0022s ]
SQL: SHOW COLUMNS FROM `student_group` [ RunTime:0.0077s ]
NOTIC: [8] Undefined index: id G:\MyGIT\CPS\Student\Controller\StuController.class.php 第 185 行.
ERR: 1048:Column 'stu_group_leader_id' cannot be null
 [ SQL语句 ] : INSERT INTO `student_group` (`group_id`,`reply_group_id`,`project_id`,`stu_group_leader_id`,`group_project_status`,`group_middle_report_score`,`group_final_report_score`,`group_reply_score`,`group_manage`,`group_lock`) VALUES ('5','1','0',NULL,'1','1','0','0','','0')
ERR: 1048:Column 'stu_group_leader_id' cannot be null
 [ SQL语句 ] : INSERT INTO `student_group` (`group_id`,`reply_group_id`,`project_id`,`stu_group_leader_id`,`group_project_status`,`group_middle_report_score`,`group_final_report_score`,`group_reply_score`,`group_manage`,`group_lock`) VALUES ('5','1','0',NULL,'1','1','0','0','','0')

[ 2016-11-02T21:31:13+08:00 ] ::1 /CPS/index.php/Student/Stu/myteam
INFO: [ app_init ] --START--
INFO: Run Behavior\BuildLiteBehavior [ RunTime:0.000012s ]
INFO: [ app_init ] --END-- [ RunTime:0.000372s ]
INFO: [ app_begin ] --START--
INFO: Run Behavior\ReadHtmlCacheBehavior [ RunTime:0.000519s ]
INFO: [ app_begin ] --END-- [ RunTime:0.000564s ]
NOTIC: [8] Undefined index: id G:\MyGIT\CPS\Student\Controller\StuController.class.php 第 104 行.
SQL: SHOW COLUMNS FROM `student_group_member` [ RunTime:0.0172s ]
SQL: SHOW COLUMNS FROM `student_group_member` [ RunTime:0.0156s ]
SQL: SELECT A.student_message,A.student_message_status,B.project_id,B.group_id FROM student_group_member as A,student_group as B WHERE ( A.group_id=B.group_id and A.student_id = '' )  [ RunTime:0.0040s ]
NOTIC: [8] Undefined variable: teamInviter G:\MyGIT\CPS\Student\Controller\StuController.class.php 第 119 行.
NOTIC: [8] Undefined variable: projectId G:\MyGIT\CPS\Student\Controller\StuController.class.php 第 120 行.
NOTIC: [8] Undefined variable: course_project G:\MyGIT\CPS\Student\Controller\StuController.class.php 第 121 行.
NOTIC: [2] Illegal offset type in isset or empty G:\MyGIT\ThinkPHP\Library\Think\Model.class.php 第 445 行.
SQL: UPDATE `student_group_member` SET `student_message_status`='0' WHERE ( student_id = '' and group_id = '' ) [ RunTime:0.0053s ]
INFO: [ view_parse ] --START--
INFO: [ template_filter ] --START--
INFO: Run Behavior\ContentReplaceBehavior [ RunTime:0.000049s ]
INFO: [ template_filter ] --END-- [ RunTime:0.000094s ]
NOTIC: [8] Undefined index: name G:\MyGIT\CPS\Runtime\Cache\Student\696712bc6c050eaf78c6bc5e65322331.php 第 36 行.
NOTIC: [8] Undefined variable: login_url G:\MyGIT\CPS\Runtime\Cache\Student\696712bc6c050eaf78c6bc5e65322331.php 第 39 行.
INFO: Run Behavior\ParseTemplateBehavior [ RunTime:0.015435s ]
INFO: [ view_parse ] --END-- [ RunTime:0.015475s ]
INFO: [ view_filter ] --START--
INFO: Run Behavior\WriteHtmlCacheBehavior [ RunTime:0.000194s ]
INFO: [ view_filter ] --END-- [ RunTime:0.000215s ]
INFO: [ app_end ] --START--
INFO: Run Behavior\ShowPageTraceBehavior [ RunTime:0.000329s ]
INFO: [ app_end ] --END-- [ RunTime:0.000354s ]

