[ 2016-07-08T18:00:52+08:00 ] ::1 /CPS/index.php/
INFO: [ app_begin ] --START--
INFO: Run Behavior\ReadHtmlCache [ RunTime:0.014876s ]
INFO: [ app_begin ] --END-- [ RunTime:0.027973s ]
INFO: [ view_parse ] --START--
INFO: [ template_filter ] --START--
INFO: Run Behavior\ContentReplace [ RunTime:0.000105s ]
INFO: [ template_filter ] --END-- [ RunTime:0.000352s ]
INFO: Run Behavior\ParseTemplate [ RunTime:0.033038s ]
INFO: [ view_parse ] --END-- [ RunTime:0.033293s ]
INFO: [ view_filter ] --START--
INFO: Run Behavior\WriteHtmlCache [ RunTime:0.037022s ]
INFO: [ view_filter ] --END-- [ RunTime:0.037256s ]
INFO: [ app_end ] --START--
INFO: Run Behavior\ShowPageTrace [ RunTime:0.033495s ]
INFO: [ app_end ] --END-- [ RunTime:0.033729s ]

[ 2016-07-08T18:15:21+08:00 ] ::1 /CPS/index.php/Home/Student/myprojecy
INFO: [ app_begin ] --START--
INFO: Run Behavior\ReadHtmlCache [ RunTime:0.002028s ]
INFO: [ app_begin ] --END-- [ RunTime:0.004100s ]
ERR: 无法加载控制器:Student

[ 2016-07-08T18:15:26+08:00 ] ::1 /CPS/index.php/Home/Student/myproject
INFO: [ app_begin ] --START--
INFO: Run Behavior\ReadHtmlCache [ RunTime:0.001477s ]
INFO: [ app_begin ] --END-- [ RunTime:0.002697s ]
ERR: 无法加载控制器:Student

[ 2016-07-08T18:15:44+08:00 ] ::1 /CPS/index.php/Home/Student/myproject
INFO: [ app_begin ] --START--
INFO: Run Behavior\ReadHtmlCache [ RunTime:0.001847s ]
INFO: [ app_begin ] --END-- [ RunTime:0.003064s ]
INFO: [ view_parse ] --START--
INFO: [ template_filter ] --START--
INFO: Run Behavior\ContentReplace [ RunTime:0.000141s ]
INFO: [ template_filter ] --END-- [ RunTime:0.000382s ]
INFO: Run Behavior\ParseTemplate [ RunTime:0.018936s ]
INFO: [ view_parse ] --END-- [ RunTime:0.019201s ]
INFO: [ view_filter ] --START--
INFO: Run Behavior\WriteHtmlCache [ RunTime:0.001155s ]
INFO: [ view_filter ] --END-- [ RunTime:0.001357s ]
INFO: [ app_end ] --START--
INFO: Run Behavior\ShowPageTrace [ RunTime:0.001873s ]
INFO: [ app_end ] --END-- [ RunTime:0.002088s ]

[ 2016-07-08T18:15:45+08:00 ] ::1 /CPS/index.php/Home/Student/bootstrap/css/bootstrap.min.css
INFO: [ app_begin ] --START--
INFO: Run Behavior\ReadHtmlCache [ RunTime:0.001957s ]
INFO: [ app_begin ] --END-- [ RunTime:0.004644s ]
ERR: 非法操作:bootstrap

[ 2016-07-08T18:15:45+08:00 ] ::1 /CPS/index.php/Home/Student/bootstrap/js/jquery.min.js
INFO: [ app_begin ] --START--
INFO: Run Behavior\ReadHtmlCache [ RunTime:0.001940s ]
INFO: [ app_begin ] --END-- [ RunTime:0.003401s ]
ERR: 非法操作:bootstrap

[ 2016-07-08T18:15:45+08:00 ] ::1 /CPS/index.php/Home/Student/bootstrap/js/bootstrap.min.js
INFO: [ app_begin ] --START--
INFO: Run Behavior\ReadHtmlCache [ RunTime:0.002200s ]
INFO: [ app_begin ] --END-- [ RunTime:0.003630s ]
ERR: 非法操作:bootstrap

[ 2016-07-08T18:15:45+08:00 ] ::1 /CPS/index.php/Home/Student/bootstrap/js/bootstrap.min.js
INFO: [ app_begin ] --START--
INFO: Run Behavior\ReadHtmlCache [ RunTime:0.001485s ]
INFO: [ app_begin ] --END-- [ RunTime:0.002682s ]
ERR: 非法操作:bootstrap

[ 2016-07-08T18:20:43+08:00 ] ::1 /CPS/index.php/Student/Student/course_info
INFO: [ app_begin ] --START--
INFO: Run Behavior\ReadHtmlCache [ RunTime:0.001855s ]
INFO: [ app_begin ] --END-- [ RunTime:0.003485s ]
ERR: 无法加载控制器:Student

[ 2016-07-08T18:21:35+08:00 ] ::1 /CPS/index.php/Student/student/course_info
INFO: [ app_begin ] --START--
INFO: Run Behavior\ReadHtmlCache [ RunTime:0.001435s ]
INFO: [ app_begin ] --END-- [ RunTime:0.002763s ]
ERR: 无法加载控制器:Student

[ 2016-07-08T18:23:24+08:00 ] ::1 /CPS/index.php/Student/student/course_info
INFO: [ app_begin ] --START--
INFO: Run Behavior\ReadHtmlCache [ RunTime:0.002538s ]
INFO: [ app_begin ] --END-- [ RunTime:0.004001s ]
ERR: 无法加载控制器:Student

[ 2016-07-08T18:23:26+08:00 ] ::1 /CPS/index.php/Student/student/course_info
INFO: [ app_begin ] --START--
INFO: Run Behavior\ReadHtmlCache [ RunTime:0.001818s ]
INFO: [ app_begin ] --END-- [ RunTime:0.003227s ]
ERR: 无法加载控制器:Student

[ 2016-07-08T18:23:56+08:00 ] ::1 /CPS/index.php/Student/student/course_info
INFO: [ app_begin ] --START--
INFO: Run Behavior\ReadHtmlCache [ RunTime:0.001893s ]
INFO: [ app_begin ] --END-- [ RunTime:0.003264s ]
ERR: 无法加载控制器:Student

[ 2016-07-08T18:25:25+08:00 ] ::1 /CPS/index.php/Student/Index/index
INFO: [ app_begin ] --START--
INFO: Run Behavior\ReadHtmlCache [ RunTime:0.001773s ]
INFO: [ app_begin ] --END-- [ RunTime:0.003076s ]
ERR: 无法加载控制器:Index

[ 2016-07-08T18:28:42+08:00 ] ::1 /CPS/index.php/Student/student/course_info
INFO: [ app_begin ] --START--
INFO: Run Behavior\ReadHtmlCache [ RunTime:0.001983s ]
INFO: [ app_begin ] --END-- [ RunTime:0.003518s ]
ERR: 无法加载控制器:Student

[ 2016-07-08T18:29:26+08:00 ] ::1 /CPS/index.php/Student/student/course_info
INFO: [ app_begin ] --START--
INFO: Run Behavior\ReadHtmlCache [ RunTime:0.003180s ]
INFO: [ app_begin ] --END-- [ RunTime:0.004810s ]
ERR: 无法加载控制器:Student

[ 2016-07-08T18:32:26+08:00 ] ::1 /CPS/index.php/Student/student/course_info
INFO: [ app_begin ] --START--
INFO: Run Behavior\ReadHtmlCache [ RunTime:0.001751s ]
INFO: [ app_begin ] --END-- [ RunTime:0.003039s ]
ERR: 无法加载控制器:Student

[ 2016-07-08T18:32:49+08:00 ] ::1 /CPS/index.php/Student
INFO: [ app_begin ] --START--
INFO: Run Behavior\ReadHtmlCache [ RunTime:0.001629s ]
INFO: [ app_begin ] --END-- [ RunTime:0.002995s ]
INFO: [ app_end ] --START--
INFO: Run Behavior\ShowPageTrace [ RunTime:0.002303s ]
INFO: [ app_end ] --END-- [ RunTime:0.002556s ]

[ 2016-07-08T18:33:03+08:00 ] ::1 /CPS/index.php/Student
INFO: [ app_begin ] --START--
INFO: Run Behavior\ReadHtmlCache [ RunTime:0.001396s ]
INFO: [ app_begin ] --END-- [ RunTime:0.002577s ]
INFO: [ app_end ] --START--
INFO: Run Behavior\ShowPageTrace [ RunTime:0.002052s ]
INFO: [ app_end ] --END-- [ RunTime:0.002300s ]

[ 2016-07-08T18:33:30+08:00 ] ::1 /CPS/index.php/Student/student/myproject
INFO: [ app_begin ] --START--
INFO: Run Behavior\ReadHtmlCache [ RunTime:0.001622s ]
INFO: [ app_begin ] --END-- [ RunTime:0.003036s ]
ERR: 无法加载控制器:Student

[ 2016-07-08T18:34:25+08:00 ] ::1 /CPS/index.php/Student/student/course_info
INFO: [ app_begin ] --START--
INFO: Run Behavior\ReadHtmlCache [ RunTime:0.001441s ]
INFO: [ app_begin ] --END-- [ RunTime:0.002775s ]
ERR: 无法加载控制器:Student

[ 2016-07-08T18:35:02+08:00 ] ::1 /CPS/index.php/Student/student/myproject
INFO: [ app_begin ] --START--
INFO: Run Behavior\ReadHtmlCache [ RunTime:0.001827s ]
INFO: [ app_begin ] --END-- [ RunTime:0.003200s ]
ERR: 无法加载控制器:Student

[ 2016-07-08T18:38:04+08:00 ] ::1 /CPS/index.php/Student/Stu/myproject
INFO: [ app_begin ] --START--
INFO: Run Behavior\ReadHtmlCache [ RunTime:0.002039s ]
INFO: [ app_begin ] --END-- [ RunTime:0.003536s ]
INFO: [ view_parse ] --START--
INFO: [ template_filter ] --START--
INFO: Run Behavior\ContentReplace [ RunTime:0.000133s ]
INFO: [ template_filter ] --END-- [ RunTime:0.000356s ]
INFO: Run Behavior\ParseTemplate [ RunTime:0.019153s ]
INFO: [ view_parse ] --END-- [ RunTime:0.019423s ]
INFO: [ view_filter ] --START--
INFO: Run Behavior\WriteHtmlCache [ RunTime:0.001454s ]
INFO: [ view_filter ] --END-- [ RunTime:0.001671s ]
INFO: [ app_end ] --START--
INFO: Run Behavior\ShowPageTrace [ RunTime:0.002256s ]
INFO: [ app_end ] --END-- [ RunTime:0.002479s ]

[ 2016-07-08T18:38:04+08:00 ] ::1 /CPS/index.php/Student/Stu/bootstrap/css/bootstrap.min.css
INFO: [ app_begin ] --START--
INFO: Run Behavior\ReadHtmlCache [ RunTime:0.007738s ]
INFO: [ app_begin ] --END-- [ RunTime:0.009285s ]
ERR: 非法操作:bootstrap

[ 2016-07-08T18:38:04+08:00 ] ::1 /CPS/index.php/Student/Stu/bootstrap/js/jquery.min.js
INFO: [ app_begin ] --START--
INFO: Run Behavior\ReadHtmlCache [ RunTime:0.002643s ]
INFO: [ app_begin ] --END-- [ RunTime:0.004595s ]
ERR: 非法操作:bootstrap

[ 2016-07-08T18:38:04+08:00 ] ::1 /CPS/index.php/Student/Stu/bootstrap/js/bootstrap.min.js
INFO: [ app_begin ] --START--
INFO: Run Behavior\ReadHtmlCache [ RunTime:0.002331s ]
INFO: [ app_begin ] --END-- [ RunTime:0.004204s ]
ERR: 非法操作:bootstrap

[ 2016-07-08T18:38:04+08:00 ] ::1 /CPS/index.php/Student/Stu/bootstrap/js/bootstrap.min.js
INFO: [ app_begin ] --START--
INFO: Run Behavior\ReadHtmlCache [ RunTime:0.001985s ]
INFO: [ app_begin ] --END-- [ RunTime:0.004034s ]
ERR: 非法操作:bootstrap

[ 2016-07-08T18:38:55+08:00 ] ::1 /CPS/index.php/Student/Stu/myproject
INFO: [ app_begin ] --START--
INFO: Run Behavior\ReadHtmlCache [ RunTime:0.001610s ]
INFO: [ app_begin ] --END-- [ RunTime:0.003138s ]
INFO: [ view_parse ] --START--
INFO: [ template_filter ] --START--
INFO: Run Behavior\ContentReplace [ RunTime:0.000143s ]
INFO: [ template_filter ] --END-- [ RunTime:0.000406s ]
INFO: Run Behavior\ParseTemplate [ RunTime:0.017318s ]
INFO: [ view_parse ] --END-- [ RunTime:0.017610s ]
INFO: [ view_filter ] --START--
INFO: Run Behavior\WriteHtmlCache [ RunTime:0.001175s ]
INFO: [ view_filter ] --END-- [ RunTime:0.001383s ]
INFO: [ app_end ] --START--
INFO: Run Behavior\ShowPageTrace [ RunTime:0.001730s ]
INFO: [ app_end ] --END-- [ RunTime:0.001938s ]

[ 2016-07-08T21:26:54+08:00 ] ::1 /CPS/index.php/Student/Stu/course_info
INFO: [ app_begin ] --START--
INFO: Run Behavior\ReadHtmlCache [ RunTime:0.002109s ]
INFO: [ app_begin ] --END-- [ RunTime:0.004036s ]
INFO: [ view_parse ] --START--
INFO: [ template_filter ] --START--
INFO: Run Behavior\ContentReplace [ RunTime:0.000105s ]
INFO: [ template_filter ] --END-- [ RunTime:0.000329s ]
INFO: Run Behavior\ParseTemplate [ RunTime:0.016091s ]
INFO: [ view_parse ] --END-- [ RunTime:0.016360s ]
INFO: [ view_filter ] --START--
INFO: Run Behavior\WriteHtmlCache [ RunTime:0.001149s ]
INFO: [ view_filter ] --END-- [ RunTime:0.001350s ]
INFO: [ app_end ] --START--
INFO: Run Behavior\ShowPageTrace [ RunTime:0.001735s ]
INFO: [ app_end ] --END-- [ RunTime:0.001984s ]

[ 2016-07-08T21:26:56+08:00 ] ::1 /CPS/index.php/Student/Stu/course_info.html
INFO: [ app_begin ] --START--
INFO: Run Behavior\ReadHtmlCache [ RunTime:0.001402s ]
INFO: [ app_begin ] --END-- [ RunTime:0.002588s ]
INFO: [ view_parse ] --START--
INFO: [ template_filter ] --START--
INFO: Run Behavior\ContentReplace [ RunTime:0.000101s ]
INFO: [ template_filter ] --END-- [ RunTime:0.000312s ]
INFO: Run Behavior\ParseTemplate [ RunTime:0.014055s ]
INFO: [ view_parse ] --END-- [ RunTime:0.014322s ]
INFO: [ view_filter ] --START--
INFO: Run Behavior\WriteHtmlCache [ RunTime:0.000868s ]
INFO: [ view_filter ] --END-- [ RunTime:0.001067s ]
INFO: [ app_end ] --START--
INFO: Run Behavior\ShowPageTrace [ RunTime:0.001734s ]
INFO: [ app_end ] --END-- [ RunTime:0.001949s ]

[ 2016-07-08T21:26:58+08:00 ] ::1 /CPS/index.php/Student/Stu/%E8%AF%BE%E9%A2%98%E4%BF%A1%E6%81%AF.html
INFO: [ app_begin ] --START--
INFO: Run Behavior\ReadHtmlCache [ RunTime:0.001808s ]
INFO: [ app_begin ] --END-- [ RunTime:0.003688s ]
ERR: 非法操作:课题信息

[ 2016-07-08T21:27:00+08:00 ] ::1 /CPS/index.php/Student/Stu/myproject.html
INFO: [ app_begin ] --START--
INFO: Run Behavior\ReadHtmlCache [ RunTime:0.001383s ]
INFO: [ app_begin ] --END-- [ RunTime:0.002525s ]
INFO: [ view_parse ] --START--
INFO: [ template_filter ] --START--
INFO: Run Behavior\ContentReplace [ RunTime:0.000143s ]
INFO: [ template_filter ] --END-- [ RunTime:0.000386s ]
INFO: Run Behavior\ParseTemplate [ RunTime:0.018541s ]
INFO: [ view_parse ] --END-- [ RunTime:0.018806s ]
INFO: [ view_filter ] --START--
INFO: Run Behavior\WriteHtmlCache [ RunTime:0.001001s ]
INFO: [ view_filter ] --END-- [ RunTime:0.001213s ]
INFO: [ app_end ] --START--
INFO: Run Behavior\ShowPageTrace [ RunTime:0.001630s ]
INFO: [ app_end ] --END-- [ RunTime:0.001851s ]

[ 2016-07-08T21:28:28+08:00 ] ::1 /CPS/index.php/Student/Stu/myproject
INFO: [ app_begin ] --START--
INFO: Run Behavior\ReadHtmlCache [ RunTime:0.001752s ]
INFO: [ app_begin ] --END-- [ RunTime:0.003942s ]
INFO: [ view_parse ] --START--
INFO: [ template_filter ] --START--
INFO: Run Behavior\ContentReplace [ RunTime:0.000134s ]
INFO: [ template_filter ] --END-- [ RunTime:0.000356s ]
INFO: Run Behavior\ParseTemplate [ RunTime:0.018380s ]
INFO: [ view_parse ] --END-- [ RunTime:0.018655s ]
INFO: [ view_filter ] --START--
INFO: Run Behavior\WriteHtmlCache [ RunTime:0.000858s ]
INFO: [ view_filter ] --END-- [ RunTime:0.001056s ]
INFO: [ app_end ] --START--
INFO: Run Behavior\ShowPageTrace [ RunTime:0.001439s ]
INFO: [ app_end ] --END-- [ RunTime:0.001645s ]

[ 2016-07-08T21:28:32+08:00 ] ::1 /CPS/index.php/Student/Stu/myteam
INFO: [ app_begin ] --START--
INFO: Run Behavior\ReadHtmlCache [ RunTime:0.001519s ]
INFO: [ app_begin ] --END-- [ RunTime:0.002764s ]
INFO: [ view_parse ] --START--
INFO: [ template_filter ] --START--
INFO: Run Behavior\ContentReplace [ RunTime:0.000108s ]
INFO: [ template_filter ] --END-- [ RunTime:0.000340s ]
INFO: Run Behavior\ParseTemplate [ RunTime:0.015668s ]
INFO: [ view_parse ] --END-- [ RunTime:0.015928s ]
INFO: [ view_filter ] --START--
INFO: Run Behavior\WriteHtmlCache [ RunTime:0.000850s ]
INFO: [ view_filter ] --END-- [ RunTime:0.001046s ]
INFO: [ app_end ] --START--
INFO: Run Behavior\ShowPageTrace [ RunTime:0.001497s ]
INFO: [ app_end ] --END-- [ RunTime:0.001700s ]

[ 2016-07-08T21:28:34+08:00 ] ::1 /CPS/index.php/Student/Stu/%E9%98%9F%E4%BC%8D%E4%BF%A1%E6%81%AF.html
INFO: [ app_begin ] --START--
INFO: Run Behavior\ReadHtmlCache [ RunTime:0.001358s ]
INFO: [ app_begin ] --END-- [ RunTime:0.002479s ]
ERR: 非法操作:队伍信息

[ 2016-07-08T21:28:38+08:00 ] ::1 /CPS/index.php/Student/Stu/%E9%98%9F%E4%BC%8D%E4%BF%A1%E6%81%AF.html
INFO: [ app_begin ] --START--
INFO: Run Behavior\ReadHtmlCache [ RunTime:0.001437s ]
INFO: [ app_begin ] --END-- [ RunTime:0.002662s ]
ERR: 非法操作:队伍信息

[ 2016-07-08T21:28:42+08:00 ] ::1 /CPS/index.php/Student/Stu/team_manage.html
INFO: [ app_begin ] --START--
INFO: Run Behavior\ReadHtmlCache [ RunTime:0.001639s ]
INFO: [ app_begin ] --END-- [ RunTime:0.003133s ]
INFO: [ view_parse ] --START--
INFO: [ template_filter ] --START--
INFO: Run Behavior\ContentReplace [ RunTime:0.000150s ]
INFO: [ template_filter ] --END-- [ RunTime:0.000410s ]
INFO: Run Behavior\ParseTemplate [ RunTime:0.017640s ]
INFO: [ view_parse ] --END-- [ RunTime:0.017903s ]
INFO: [ view_filter ] --START--
INFO: Run Behavior\WriteHtmlCache [ RunTime:0.000873s ]
INFO: [ view_filter ] --END-- [ RunTime:0.001067s ]
INFO: [ app_end ] --START--
INFO: Run Behavior\ShowPageTrace [ RunTime:0.001502s ]
INFO: [ app_end ] --END-- [ RunTime:0.001724s ]

[ 2016-07-08T21:29:12+08:00 ] ::1 /CPS/index.php/Student/Stu/course_info.html
INFO: [ app_begin ] --START--
INFO: Run Behavior\ReadHtmlCache [ RunTime:0.001752s ]
INFO: [ app_begin ] --END-- [ RunTime:0.003153s ]
INFO: [ view_parse ] --START--
INFO: [ template_filter ] --START--
INFO: Run Behavior\ContentReplace [ RunTime:0.000099s ]
INFO: [ template_filter ] --END-- [ RunTime:0.000318s ]
INFO: Run Behavior\ParseTemplate [ RunTime:0.016300s ]
INFO: [ view_parse ] --END-- [ RunTime:0.016707s ]
INFO: [ view_filter ] --START--
INFO: Run Behavior\WriteHtmlCache [ RunTime:0.001640s ]
INFO: [ view_filter ] --END-- [ RunTime:0.001853s ]
INFO: [ app_end ] --START--
INFO: Run Behavior\ShowPageTrace [ RunTime:0.001898s ]
INFO: [ app_end ] --END-- [ RunTime:0.002106s ]

[ 2016-07-08T21:29:13+08:00 ] ::1 /CPS/index.php/Student/Stu/project_info.html
INFO: [ app_begin ] --START--
INFO: Run Behavior\ReadHtmlCache [ RunTime:0.001363s ]
INFO: [ app_begin ] --END-- [ RunTime:0.002480s ]
INFO: [ view_parse ] --START--
INFO: [ template_filter ] --START--
INFO: Run Behavior\ContentReplace [ RunTime:0.000130s ]
INFO: [ template_filter ] --END-- [ RunTime:0.000348s ]
INFO: Run Behavior\ParseTemplate [ RunTime:0.016336s ]
INFO: [ view_parse ] --END-- [ RunTime:0.016597s ]
INFO: [ view_filter ] --START--
INFO: Run Behavior\WriteHtmlCache [ RunTime:0.000901s ]
INFO: [ view_filter ] --END-- [ RunTime:0.001109s ]
INFO: [ app_end ] --START--
INFO: Run Behavior\ShowPageTrace [ RunTime:0.001466s ]
INFO: [ app_end ] --END-- [ RunTime:0.001673s ]

[ 2016-07-08T21:29:41+08:00 ] ::1 /CPS/index.php/Student/Stu/myteam.html
INFO: [ app_begin ] --START--
INFO: Run Behavior\ReadHtmlCache [ RunTime:0.001370s ]
INFO: [ app_begin ] --END-- [ RunTime:0.002585s ]
INFO: [ view_parse ] --START--
INFO: [ template_filter ] --START--
INFO: Run Behavior\ContentReplace [ RunTime:0.000110s ]
INFO: [ template_filter ] --END-- [ RunTime:0.000323s ]
INFO: Run Behavior\ParseTemplate [ RunTime:0.014640s ]
INFO: [ view_parse ] --END-- [ RunTime:0.014894s ]
INFO: [ view_filter ] --START--
INFO: Run Behavior\WriteHtmlCache [ RunTime:0.000842s ]
INFO: [ view_filter ] --END-- [ RunTime:0.001036s ]
INFO: [ app_end ] --START--
INFO: Run Behavior\ShowPageTrace [ RunTime:0.001414s ]
INFO: [ app_end ] --END-- [ RunTime:0.001613s ]

[ 2016-07-08T21:29:43+08:00 ] ::1 /CPS/index.php/Student/Stu/team_info.html
INFO: [ app_begin ] --START--
INFO: Run Behavior\ReadHtmlCache [ RunTime:0.001458s ]
INFO: [ app_begin ] --END-- [ RunTime:0.002575s ]
INFO: [ view_parse ] --START--
INFO: [ template_filter ] --START--
INFO: Run Behavior\ContentReplace [ RunTime:0.000111s ]
INFO: [ template_filter ] --END-- [ RunTime:0.000324s ]
INFO: Run Behavior\ParseTemplate [ RunTime:0.054807s ]
INFO: [ view_parse ] --END-- [ RunTime:0.055079s ]
INFO: [ view_filter ] --START--
INFO: Run Behavior\WriteHtmlCache [ RunTime:0.001424s ]
INFO: [ view_filter ] --END-- [ RunTime:0.002006s ]
INFO: [ app_end ] --START--
INFO: Run Behavior\ShowPageTrace [ RunTime:0.001744s ]
INFO: [ app_end ] --END-- [ RunTime:0.001963s ]

[ 2016-07-08T21:29:43+08:00 ] ::1 /CPS/index.php/Student/Stu/bootstrap/css/bootstrap.min.css
INFO: [ app_begin ] --START--
INFO: Run Behavior\ReadHtmlCache [ RunTime:0.001549s ]
INFO: [ app_begin ] --END-- [ RunTime:0.003666s ]
ERR: 非法操作:bootstrap

[ 2016-07-08T21:29:43+08:00 ] ::1 /CPS/index.php/Student/Stu/bootstrap/js/bootstrap.min.js
INFO: [ app_begin ] --START--
INFO: Run Behavior\ReadHtmlCache [ RunTime:0.002032s ]
INFO: [ app_begin ] --END-- [ RunTime:0.003345s ]
ERR: 非法操作:bootstrap

[ 2016-07-08T21:29:43+08:00 ] ::1 /CPS/index.php/Student/Stu/bootstrap/js/jquery.js
INFO: [ app_begin ] --START--
INFO: Run Behavior\ReadHtmlCache [ RunTime:0.001814s ]
INFO: [ app_begin ] --END-- [ RunTime:0.003087s ]
ERR: 非法操作:bootstrap

[ 2016-07-08T21:29:55+08:00 ] ::1 /CPS/index.php/Student/Stu/team_info.html
INFO: [ app_begin ] --START--
INFO: Run Behavior\ReadHtmlCache [ RunTime:0.001352s ]
INFO: [ app_begin ] --END-- [ RunTime:0.002475s ]
INFO: [ view_parse ] --START--
INFO: [ template_filter ] --START--
INFO: Run Behavior\ContentReplace [ RunTime:0.000112s ]
INFO: [ template_filter ] --END-- [ RunTime:0.000327s ]
INFO: Run Behavior\ParseTemplate [ RunTime:0.016444s ]
INFO: [ view_parse ] --END-- [ RunTime:0.016715s ]
INFO: [ view_filter ] --START--
INFO: Run Behavior\WriteHtmlCache [ RunTime:0.001116s ]
INFO: [ view_filter ] --END-- [ RunTime:0.001314s ]
INFO: [ app_end ] --START--
INFO: Run Behavior\ShowPageTrace [ RunTime:0.001837s ]
INFO: [ app_end ] --END-- [ RunTime:0.002048s ]

[ 2016-07-08T21:30:18+08:00 ] ::1 /CPS/index.php/Student/Stu/team_manage.html
INFO: [ app_begin ] --START--
INFO: Run Behavior\ReadHtmlCache [ RunTime:0.001344s ]
INFO: [ app_begin ] --END-- [ RunTime:0.002459s ]
INFO: [ view_parse ] --START--
INFO: [ template_filter ] --START--
INFO: Run Behavior\ContentReplace [ RunTime:0.000148s ]
INFO: [ template_filter ] --END-- [ RunTime:0.000395s ]
INFO: Run Behavior\ParseTemplate [ RunTime:0.018251s ]
INFO: [ view_parse ] --END-- [ RunTime:0.018535s ]
INFO: [ view_filter ] --START--
INFO: Run Behavior\WriteHtmlCache [ RunTime:0.001692s ]
INFO: [ view_filter ] --END-- [ RunTime:0.001903s ]
INFO: [ app_end ] --START--
INFO: Run Behavior\ShowPageTrace [ RunTime:0.001636s ]
INFO: [ app_end ] --END-- [ RunTime:0.001870s ]

[ 2016-07-08T21:39:43+08:00 ] ::1 /CPS/index.php/Student/Stu/course_info.html
INFO: [ app_begin ] --START--
INFO: Run Behavior\ReadHtmlCache [ RunTime:0.001697s ]
INFO: [ app_begin ] --END-- [ RunTime:0.002928s ]
INFO: [ view_parse ] --START--
INFO: [ template_filter ] --START--
INFO: Run Behavior\ContentReplace [ RunTime:0.000103s ]
INFO: [ template_filter ] --END-- [ RunTime:0.000320s ]
INFO: Run Behavior\ParseTemplate [ RunTime:0.016356s ]
INFO: [ view_parse ] --END-- [ RunTime:0.016647s ]
INFO: [ view_filter ] --START--
INFO: Run Behavior\WriteHtmlCache [ RunTime:0.001281s ]
INFO: [ view_filter ] --END-- [ RunTime:0.001493s ]
INFO: [ app_end ] --START--
INFO: Run Behavior\ShowPageTrace [ RunTime:0.001649s ]
INFO: [ app_end ] --END-- [ RunTime:0.001848s ]

[ 2016-07-08T22:22:13+08:00 ] ::1 /CPS/index.php/Student/Stu/course_info
INFO: [ app_begin ] --START--
INFO: Run Behavior\ReadHtmlCache [ RunTime:0.002109s ]
INFO: [ app_begin ] --END-- [ RunTime:0.003586s ]
INFO: [ view_parse ] --START--
INFO: [ template_filter ] --START--
INFO: Run Behavior\ContentReplace [ RunTime:0.000111s ]
INFO: [ template_filter ] --END-- [ RunTime:0.000368s ]
INFO: Run Behavior\ParseTemplate [ RunTime:0.015914s ]
INFO: [ view_parse ] --END-- [ RunTime:0.016193s ]
INFO: [ view_filter ] --START--
INFO: Run Behavior\WriteHtmlCache [ RunTime:0.001182s ]
INFO: [ view_filter ] --END-- [ RunTime:0.001388s ]
INFO: [ app_end ] --START--
INFO: Run Behavior\ShowPageTrace [ RunTime:0.001742s ]
INFO: [ app_end ] --END-- [ RunTime:0.001963s ]

[ 2016-07-08T22:27:22+08:00 ] ::1 /CPS/index.php/Student/Stu/project_info.html
INFO: [ app_begin ] --START--
INFO: Run Behavior\ReadHtmlCache [ RunTime:0.002227s ]
INFO: [ app_begin ] --END-- [ RunTime:0.003545s ]
INFO: [ view_parse ] --START--
INFO: [ template_filter ] --START--
INFO: Run Behavior\ContentReplace [ RunTime:0.000138s ]
INFO: [ template_filter ] --END-- [ RunTime:0.000369s ]
INFO: Run Behavior\ParseTemplate [ RunTime:0.017205s ]
INFO: [ view_parse ] --END-- [ RunTime:0.017470s ]
INFO: [ view_filter ] --START--
INFO: Run Behavior\WriteHtmlCache [ RunTime:0.001089s ]
INFO: [ view_filter ] --END-- [ RunTime:0.001289s ]
INFO: [ app_end ] --START--
INFO: Run Behavior\ShowPageTrace [ RunTime:0.001679s ]
INFO: [ app_end ] --END-- [ RunTime:0.001891s ]

[ 2016-07-08T22:27:32+08:00 ] ::1 /CPS/index.php/Student/Stu/team_manage.html
INFO: [ app_begin ] --START--
INFO: Run Behavior\ReadHtmlCache [ RunTime:0.001792s ]
INFO: [ app_begin ] --END-- [ RunTime:0.003064s ]
INFO: [ view_parse ] --START--
INFO: [ template_filter ] --START--
INFO: Run Behavior\ContentReplace [ RunTime:0.000149s ]
INFO: [ template_filter ] --END-- [ RunTime:0.000394s ]
INFO: Run Behavior\ParseTemplate [ RunTime:0.019353s ]
INFO: [ view_parse ] --END-- [ RunTime:0.019670s ]
INFO: [ view_filter ] --START--
INFO: Run Behavior\WriteHtmlCache [ RunTime:0.001473s ]
INFO: [ view_filter ] --END-- [ RunTime:0.001684s ]
INFO: [ app_end ] --START--
INFO: Run Behavior\ShowPageTrace [ RunTime:0.001972s ]
INFO: [ app_end ] --END-- [ RunTime:0.002225s ]

