[ 2016-09-13T17:25:14+08:00 ] ::1 /CPS/index.php/Student/Stu/course_info
INFO: [ app_begin ] --START--
INFO: Run Behavior\ReadHtmlCache [ RunTime:0.010056s ]
INFO: [ app_begin ] --END-- [ RunTime:0.011828s ]
SQL: SHOW COLUMNS FROM `course` [ RunTime:0.010821s ]
SQL: SELECT * FROM `course`  [ RunTime:0.000993s ]
INFO: [ view_parse ] --START--
INFO: [ template_filter ] --START--
INFO: Run Behavior\ContentReplace [ RunTime:0.000110s ]
INFO: [ template_filter ] --END-- [ RunTime:0.000346s ]
NOTIC: [8] Undefined variable: info F:\web\CPS\Runtime\Cache\Student\005dbfbefb0481863d39ebcad13b0495.php 第 31 行.
INFO: Run Behavior\ParseTemplate [ RunTime:0.081637s ]
INFO: [ view_parse ] --END-- [ RunTime:0.081879s ]
INFO: [ view_filter ] --START--
INFO: Run Behavior\WriteHtmlCache [ RunTime:0.011442s ]
INFO: [ view_filter ] --END-- [ RunTime:0.011657s ]
INFO: [ app_end ] --START--
INFO: Run Behavior\ShowPageTrace [ RunTime:0.011166s ]
INFO: [ app_end ] --END-- [ RunTime:0.011398s ]

[ 2016-09-13T17:26:09+08:00 ] ::1 /CPS/index.php/Student/Stu/myproject.html
INFO: [ app_begin ] --START--
INFO: Run Behavior\ReadHtmlCache [ RunTime:0.001802s ]
INFO: [ app_begin ] --END-- [ RunTime:0.003126s ]
INFO: [ view_parse ] --START--
INFO: [ template_filter ] --START--
INFO: Run Behavior\ContentReplace [ RunTime:0.000129s ]
INFO: [ template_filter ] --END-- [ RunTime:0.000352s ]
INFO: Run Behavior\ParseTemplate [ RunTime:0.018937s ]
INFO: [ view_parse ] --END-- [ RunTime:0.019217s ]
INFO: [ view_filter ] --START--
INFO: Run Behavior\WriteHtmlCache [ RunTime:0.001335s ]
INFO: [ view_filter ] --END-- [ RunTime:0.001555s ]
INFO: [ app_end ] --START--
INFO: Run Behavior\ShowPageTrace [ RunTime:0.001963s ]
INFO: [ app_end ] --END-- [ RunTime:0.002192s ]

[ 2016-09-13T17:26:11+08:00 ] ::1 /CPS/index.php/Student/Stu/course_info.html
INFO: [ app_begin ] --START--
INFO: Run Behavior\ReadHtmlCache [ RunTime:0.001486s ]
INFO: [ app_begin ] --END-- [ RunTime:0.002820s ]
SQL: SHOW COLUMNS FROM `course` [ RunTime:0.010516s ]
SQL: SELECT * FROM `course`  [ RunTime:0.000818s ]
INFO: [ view_parse ] --START--
INFO: [ template_filter ] --START--
INFO: Run Behavior\ContentReplace [ RunTime:0.000103s ]
INFO: [ template_filter ] --END-- [ RunTime:0.000320s ]
NOTIC: [8] Undefined variable: info F:\web\CPS\Runtime\Cache\Student\005dbfbefb0481863d39ebcad13b0495.php 第 31 行.
INFO: Run Behavior\ParseTemplate [ RunTime:0.018028s ]
INFO: [ view_parse ] --END-- [ RunTime:0.018242s ]
INFO: [ view_filter ] --START--
INFO: Run Behavior\WriteHtmlCache [ RunTime:0.000999s ]
INFO: [ view_filter ] --END-- [ RunTime:0.001204s ]
INFO: [ app_end ] --START--
INFO: Run Behavior\ShowPageTrace [ RunTime:0.001564s ]
INFO: [ app_end ] --END-- [ RunTime:0.001780s ]

[ 2016-09-13T17:26:12+08:00 ] ::1 /CPS/index.php/Student/Stu/course_info.html
INFO: [ app_begin ] --START--
INFO: Run Behavior\ReadHtmlCache [ RunTime:0.001838s ]
INFO: [ app_begin ] --END-- [ RunTime:0.003249s ]
SQL: SHOW COLUMNS FROM `course` [ RunTime:0.010617s ]
SQL: SELECT * FROM `course`  [ RunTime:0.000864s ]
INFO: [ view_parse ] --START--
INFO: [ template_filter ] --START--
INFO: Run Behavior\ContentReplace [ RunTime:0.000101s ]
INFO: [ template_filter ] --END-- [ RunTime:0.000318s ]
NOTIC: [8] Undefined variable: info F:\web\CPS\Runtime\Cache\Student\005dbfbefb0481863d39ebcad13b0495.php 第 31 行.
INFO: Run Behavior\ParseTemplate [ RunTime:0.020038s ]
INFO: [ view_parse ] --END-- [ RunTime:0.020254s ]
INFO: [ view_filter ] --START--
INFO: Run Behavior\WriteHtmlCache [ RunTime:0.001400s ]
INFO: [ view_filter ] --END-- [ RunTime:0.001611s ]
INFO: [ app_end ] --START--
INFO: Run Behavior\ShowPageTrace [ RunTime:0.001800s ]
INFO: [ app_end ] --END-- [ RunTime:0.002031s ]

[ 2016-09-13T17:26:22+08:00 ] ::1 /CPS/index.php/Student/Stu/course_info.html
INFO: [ app_begin ] --START--
INFO: Run Behavior\ReadHtmlCache [ RunTime:0.001457s ]
INFO: [ app_begin ] --END-- [ RunTime:0.002644s ]
SQL: SHOW COLUMNS FROM `course` [ RunTime:0.011993s ]
SQL: SELECT * FROM `course`  [ RunTime:0.000874s ]
INFO: [ view_parse ] --START--
INFO: [ template_filter ] --START--
INFO: Run Behavior\ContentReplace [ RunTime:0.000100s ]
INFO: [ template_filter ] --END-- [ RunTime:0.000313s ]
NOTIC: [8] Undefined variable: info F:\web\CPS\Runtime\Cache\Student\005dbfbefb0481863d39ebcad13b0495.php 第 31 行.
INFO: Run Behavior\ParseTemplate [ RunTime:0.018478s ]
INFO: [ view_parse ] --END-- [ RunTime:0.018699s ]
INFO: [ view_filter ] --START--
INFO: Run Behavior\WriteHtmlCache [ RunTime:0.001142s ]
INFO: [ view_filter ] --END-- [ RunTime:0.001366s ]
INFO: [ app_end ] --START--
INFO: Run Behavior\ShowPageTrace [ RunTime:0.001580s ]
INFO: [ app_end ] --END-- [ RunTime:0.001796s ]

[ 2016-09-13T17:27:20+08:00 ] ::1 /CPS/index.php/Student/Stu/course_info.html
INFO: [ app_begin ] --START--
INFO: Run Behavior\ReadHtmlCache [ RunTime:0.001506s ]
INFO: [ app_begin ] --END-- [ RunTime:0.002777s ]
SQL: SHOW COLUMNS FROM `course` [ RunTime:0.010162s ]
SQL: SELECT * FROM `course`  [ RunTime:0.000727s ]
INFO: [ view_parse ] --START--
INFO: [ template_filter ] --START--
INFO: Run Behavior\ContentReplace [ RunTime:0.000101s ]
INFO: [ template_filter ] --END-- [ RunTime:0.000309s ]
NOTIC: [8] Undefined variable: info F:\web\CPS\Runtime\Cache\Student\005dbfbefb0481863d39ebcad13b0495.php 第 31 行.
INFO: Run Behavior\ParseTemplate [ RunTime:0.017620s ]
INFO: [ view_parse ] --END-- [ RunTime:0.017832s ]
INFO: [ view_filter ] --START--
INFO: Run Behavior\WriteHtmlCache [ RunTime:0.001031s ]
INFO: [ view_filter ] --END-- [ RunTime:0.001246s ]
INFO: [ app_end ] --START--
INFO: Run Behavior\ShowPageTrace [ RunTime:0.001512s ]
INFO: [ app_end ] --END-- [ RunTime:0.001732s ]

[ 2016-09-13T17:30:50+08:00 ] ::1 /CPS/index.php/Student/Stu/course_info.html
INFO: [ app_begin ] --START--
INFO: Run Behavior\ReadHtmlCache [ RunTime:0.001906s ]
INFO: [ app_begin ] --END-- [ RunTime:0.003296s ]
SQL: SHOW COLUMNS FROM `course` [ RunTime:0.010838s ]
SQL: SELECT * FROM `course`  [ RunTime:0.000897s ]
INFO: [ view_parse ] --START--
INFO: [ template_filter ] --START--
INFO: Run Behavior\ContentReplace [ RunTime:0.000102s ]
INFO: [ template_filter ] --END-- [ RunTime:0.000317s ]
NOTIC: [8] Undefined variable: info F:\web\CPS\Runtime\Cache\Student\005dbfbefb0481863d39ebcad13b0495.php 第 31 行.
INFO: Run Behavior\ParseTemplate [ RunTime:0.018492s ]
INFO: [ view_parse ] --END-- [ RunTime:0.018718s ]
INFO: [ view_filter ] --START--
INFO: Run Behavior\WriteHtmlCache [ RunTime:0.001224s ]
INFO: [ view_filter ] --END-- [ RunTime:0.001436s ]
INFO: [ app_end ] --START--
INFO: Run Behavior\ShowPageTrace [ RunTime:0.002170s ]
INFO: [ app_end ] --END-- [ RunTime:0.002620s ]

[ 2016-09-13T17:31:21+08:00 ] ::1 /CPS/index.php/Student/Stu/course_info.html
INFO: [ app_begin ] --START--
INFO: Run Behavior\ReadHtmlCache [ RunTime:0.001914s ]
INFO: [ app_begin ] --END-- [ RunTime:0.003263s ]
SQL: SHOW COLUMNS FROM `course` [ RunTime:0.010435s ]
SQL: SELECT * FROM `course`  [ RunTime:0.000955s ]
INFO: [ view_parse ] --START--
INFO: [ template_filter ] --START--
INFO: Run Behavior\ContentReplace [ RunTime:0.000120s ]
INFO: [ template_filter ] --END-- [ RunTime:0.000464s ]
NOTIC: [8] Undefined variable: info F:\web\CPS\Runtime\Cache\Student\005dbfbefb0481863d39ebcad13b0495.php 第 31 行.
INFO: Run Behavior\ParseTemplate [ RunTime:0.020895s ]
INFO: [ view_parse ] --END-- [ RunTime:0.021224s ]
INFO: [ view_filter ] --START--
INFO: Run Behavior\WriteHtmlCache [ RunTime:0.001505s ]
INFO: [ view_filter ] --END-- [ RunTime:0.001723s ]
INFO: [ app_end ] --START--
INFO: Run Behavior\ShowPageTrace [ RunTime:0.002022s ]
INFO: [ app_end ] --END-- [ RunTime:0.002243s ]

[ 2016-09-13T17:31:44+08:00 ] ::1 /CPS/index.php/Student/Stu/course_info.html
INFO: [ app_begin ] --START--
INFO: Run Behavior\ReadHtmlCache [ RunTime:0.002194s ]
INFO: [ app_begin ] --END-- [ RunTime:0.003598s ]
SQL: SHOW COLUMNS FROM `course` [ RunTime:0.009889s ]
SQL: SELECT * FROM `course`  [ RunTime:0.000807s ]
INFO: [ view_parse ] --START--
INFO: [ template_filter ] --START--
INFO: Run Behavior\ContentReplace [ RunTime:0.000100s ]
INFO: [ template_filter ] --END-- [ RunTime:0.000302s ]
NOTIC: [8] Undefined variable: info F:\web\CPS\Runtime\Cache\Student\005dbfbefb0481863d39ebcad13b0495.php 第 31 行.
INFO: Run Behavior\ParseTemplate [ RunTime:0.018984s ]
INFO: [ view_parse ] --END-- [ RunTime:0.019238s ]
INFO: [ view_filter ] --START--
INFO: Run Behavior\WriteHtmlCache [ RunTime:0.001273s ]
INFO: [ view_filter ] --END-- [ RunTime:0.001488s ]
INFO: [ app_end ] --START--
INFO: Run Behavior\ShowPageTrace [ RunTime:0.002002s ]
INFO: [ app_end ] --END-- [ RunTime:0.002234s ]

[ 2016-09-13T17:32:26+08:00 ] ::1 /CPS/index.php/Student/Stu/course_info.html
INFO: [ app_begin ] --START--
INFO: Run Behavior\ReadHtmlCache [ RunTime:0.002036s ]
INFO: [ app_begin ] --END-- [ RunTime:0.003616s ]
SQL: SHOW COLUMNS FROM `course` [ RunTime:0.010236s ]
SQL: SELECT * FROM `course`  [ RunTime:0.000850s ]
INFO: [ view_parse ] --START--
INFO: [ template_filter ] --START--
INFO: Run Behavior\ContentReplace [ RunTime:0.000106s ]
INFO: [ template_filter ] --END-- [ RunTime:0.000308s ]
NOTIC: [8] Undefined variable: info F:\web\CPS\Runtime\Cache\Student\005dbfbefb0481863d39ebcad13b0495.php 第 31 行.
NOTIC: [8] Undefined variable: v F:\web\CPS\Runtime\Cache\Student\005dbfbefb0481863d39ebcad13b0495.php 第 42 行.
NOTIC: [8] Undefined variable: v F:\web\CPS\Runtime\Cache\Student\005dbfbefb0481863d39ebcad13b0495.php 第 43 行.
NOTIC: [8] Undefined variable: v F:\web\CPS\Runtime\Cache\Student\005dbfbefb0481863d39ebcad13b0495.php 第 45 行.
INFO: Run Behavior\ParseTemplate [ RunTime:0.019342s ]
INFO: [ view_parse ] --END-- [ RunTime:0.019564s ]
INFO: [ view_filter ] --START--
INFO: Run Behavior\WriteHtmlCache [ RunTime:0.001334s ]
INFO: [ view_filter ] --END-- [ RunTime:0.001551s ]
INFO: [ app_end ] --START--
INFO: Run Behavior\ShowPageTrace [ RunTime:0.001761s ]
INFO: [ app_end ] --END-- [ RunTime:0.001983s ]

[ 2016-09-13T17:32:37+08:00 ] ::1 /CPS/index.php/Student/Stu/course_info.html
INFO: [ app_begin ] --START--
INFO: Run Behavior\ReadHtmlCache [ RunTime:0.002893s ]
INFO: [ app_begin ] --END-- [ RunTime:0.004543s ]
SQL: SHOW COLUMNS FROM `course` [ RunTime:0.009950s ]
SQL: SELECT * FROM `course`  [ RunTime:0.000899s ]
INFO: [ view_parse ] --START--
INFO: [ template_filter ] --START--
INFO: Run Behavior\ContentReplace [ RunTime:0.000104s ]
INFO: [ template_filter ] --END-- [ RunTime:0.000313s ]
NOTIC: [8] Undefined variable: info F:\web\CPS\Runtime\Cache\Student\005dbfbefb0481863d39ebcad13b0495.php 第 31 行.
NOTIC: [8] Undefined variable: v F:\web\CPS\Runtime\Cache\Student\005dbfbefb0481863d39ebcad13b0495.php 第 44 行.
NOTIC: [8] Undefined variable: v F:\web\CPS\Runtime\Cache\Student\005dbfbefb0481863d39ebcad13b0495.php 第 45 行.
NOTIC: [8] Undefined variable: v F:\web\CPS\Runtime\Cache\Student\005dbfbefb0481863d39ebcad13b0495.php 第 47 行.
INFO: Run Behavior\ParseTemplate [ RunTime:0.017531s ]
INFO: [ view_parse ] --END-- [ RunTime:0.017744s ]
INFO: [ view_filter ] --START--
INFO: Run Behavior\WriteHtmlCache [ RunTime:0.000950s ]
INFO: [ view_filter ] --END-- [ RunTime:0.001159s ]
INFO: [ app_end ] --START--
INFO: Run Behavior\ShowPageTrace [ RunTime:0.001470s ]
INFO: [ app_end ] --END-- [ RunTime:0.001684s ]

[ 2016-09-13T17:33:00+08:00 ] ::1 /CPS/index.php/Student/Stu/course_info.html
INFO: [ app_begin ] --START--
INFO: Run Behavior\ReadHtmlCache [ RunTime:0.001485s ]
INFO: [ app_begin ] --END-- [ RunTime:0.002765s ]
SQL: SHOW COLUMNS FROM `course` [ RunTime:0.009687s ]
SQL: SELECT * FROM `course`  [ RunTime:0.000929s ]
INFO: [ view_parse ] --START--
INFO: [ template_filter ] --START--
INFO: Run Behavior\ContentReplace [ RunTime:0.000104s ]
INFO: [ template_filter ] --END-- [ RunTime:0.000339s ]
INFO: Run Behavior\ParseTemplate [ RunTime:0.014383s ]
INFO: [ view_parse ] --END-- [ RunTime:0.014614s ]
INFO: [ view_filter ] --START--
INFO: Run Behavior\WriteHtmlCache [ RunTime:0.000950s ]
INFO: [ view_filter ] --END-- [ RunTime:0.001150s ]
INFO: [ app_end ] --START--
INFO: Run Behavior\ShowPageTrace [ RunTime:0.001564s ]
INFO: [ app_end ] --END-- [ RunTime:0.001776s ]

[ 2016-09-13T17:33:25+08:00 ] ::1 /CPS/index.php/Student/Stu/course_info.html
INFO: [ app_begin ] --START--
INFO: Run Behavior\ReadHtmlCache [ RunTime:0.001876s ]
INFO: [ app_begin ] --END-- [ RunTime:0.003340s ]
SQL: SHOW COLUMNS FROM `course` [ RunTime:0.009715s ]
SQL: SELECT * FROM `course`  [ RunTime:0.001105s ]
INFO: [ view_parse ] --START--
INFO: [ template_filter ] --START--
INFO: Run Behavior\ContentReplace [ RunTime:0.000104s ]
INFO: [ template_filter ] --END-- [ RunTime:0.000327s ]
NOTIC: [8] Undefined variable: info F:\web\CPS\Runtime\Cache\Student\005dbfbefb0481863d39ebcad13b0495.php 第 31 行.
INFO: Run Behavior\ParseTemplate [ RunTime:0.018358s ]
INFO: [ view_parse ] --END-- [ RunTime:0.018595s ]
INFO: [ view_filter ] --START--
INFO: Run Behavior\WriteHtmlCache [ RunTime:0.001234s ]
INFO: [ view_filter ] --END-- [ RunTime:0.001443s ]
INFO: [ app_end ] --START--
INFO: Run Behavior\ShowPageTrace [ RunTime:0.001805s ]
INFO: [ app_end ] --END-- [ RunTime:0.002030s ]

[ 2016-09-13T17:34:59+08:00 ] ::1 /CPS/index.php/Student/Stu/course_info.html
INFO: [ app_begin ] --START--
INFO: Run Behavior\ReadHtmlCache [ RunTime:0.002030s ]
INFO: [ app_begin ] --END-- [ RunTime:0.003367s ]
SQL: SHOW COLUMNS FROM `course` [ RunTime:0.011591s ]
SQL: SELECT * FROM `course`  [ RunTime:0.000827s ]
INFO: [ view_parse ] --START--
INFO: [ template_filter ] --START--
INFO: Run Behavior\ContentReplace [ RunTime:0.000101s ]
INFO: [ template_filter ] --END-- [ RunTime:0.000312s ]
NOTIC: [8] Undefined variable: v F:\web\CPS\Runtime\Cache\Student\005dbfbefb0481863d39ebcad13b0495.php 第 33 行.
NOTIC: [8] Undefined variable: v F:\web\CPS\Runtime\Cache\Student\005dbfbefb0481863d39ebcad13b0495.php 第 34 行.
NOTIC: [8] Undefined variable: v F:\web\CPS\Runtime\Cache\Student\005dbfbefb0481863d39ebcad13b0495.php 第 36 行.
INFO: Run Behavior\ParseTemplate [ RunTime:0.017607s ]
INFO: [ view_parse ] --END-- [ RunTime:0.017848s ]
INFO: [ view_filter ] --START--
INFO: Run Behavior\WriteHtmlCache [ RunTime:0.001313s ]
INFO: [ view_filter ] --END-- [ RunTime:0.001522s ]
INFO: [ app_end ] --START--
INFO: Run Behavior\ShowPageTrace [ RunTime:0.001874s ]
INFO: [ app_end ] --END-- [ RunTime:0.002088s ]

[ 2016-09-13T17:35:31+08:00 ] ::1 /CPS/index.php/Student/Stu/course_info.html
INFO: [ app_begin ] --START--
INFO: Run Behavior\ReadHtmlCache [ RunTime:0.001806s ]
INFO: [ app_begin ] --END-- [ RunTime:0.003115s ]
SQL: SHOW COLUMNS FROM `course` [ RunTime:0.011058s ]
SQL: SELECT * FROM `course`  [ RunTime:0.000831s ]
INFO: [ view_parse ] --START--
INFO: [ template_filter ] --START--
INFO: Run Behavior\ContentReplace [ RunTime:0.000103s ]
INFO: [ template_filter ] --END-- [ RunTime:0.000316s ]
NOTIC: [8] Undefined variable: info F:\web\CPS\Runtime\Cache\Student\005dbfbefb0481863d39ebcad13b0495.php 第 31 行.
INFO: Run Behavior\ParseTemplate [ RunTime:0.018749s ]
INFO: [ view_parse ] --END-- [ RunTime:0.018981s ]
INFO: [ view_filter ] --START--
INFO: Run Behavior\WriteHtmlCache [ RunTime:0.001205s ]
INFO: [ view_filter ] --END-- [ RunTime:0.001412s ]
INFO: [ app_end ] --START--
INFO: Run Behavior\ShowPageTrace [ RunTime:0.001831s ]
INFO: [ app_end ] --END-- [ RunTime:0.002054s ]

[ 2016-09-13T17:37:20+08:00 ] ::1 /CPS/index.php/Student/Stu/course_info.html
INFO: [ app_begin ] --START--
INFO: Run Behavior\ReadHtmlCache [ RunTime:0.002041s ]
INFO: [ app_begin ] --END-- [ RunTime:0.002303s ]
SQL: SHOW COLUMNS FROM `course` [ RunTime:0.010928s ]
SQL: SELECT * FROM `course`  [ RunTime:0.000930s ]
INFO: [ view_parse ] --START--
NOTIC: [2] filemtime() [<a href='function.filemtime'>function.filemtime</a>]: stat failed for TMPL_PATH\Stu\course_info.html F:\web\ThinkPHP\Library\Vendor\Smarty\sysplugins\smarty_resource.php 第 315 行.
NOTIC: [2] filemtime() [<a href='function.filemtime'>function.filemtime</a>]: stat failed for Stu\course_info.html F:\web\ThinkPHP\Library\Vendor\Smarty\sysplugins\smarty_resource.php 第 315 行.
ERR: Unable to load template file 'Stu/course_info.html'

[ 2016-09-13T17:37:37+08:00 ] ::1 /CPS/index.php/Student/Stu/course_info.html
INFO: [ app_begin ] --START--
INFO: Run Behavior\ReadHtmlCache [ RunTime:0.002669s ]
INFO: [ app_begin ] --END-- [ RunTime:0.004539s ]
SQL: SHOW COLUMNS FROM `course` [ RunTime:0.009743s ]
SQL: SELECT * FROM `course`  [ RunTime:0.000766s ]
INFO: [ view_parse ] --START--
INFO: [ template_filter ] --START--
INFO: Run Behavior\ContentReplace [ RunTime:0.000099s ]
INFO: [ template_filter ] --END-- [ RunTime:0.000304s ]
NOTIC: [8] Undefined variable: v F:\web\CPS\Runtime\Cache\Student\005dbfbefb0481863d39ebcad13b0495.php 第 33 行.
NOTIC: [8] Undefined variable: v F:\web\CPS\Runtime\Cache\Student\005dbfbefb0481863d39ebcad13b0495.php 第 34 行.
NOTIC: [8] Undefined variable: v F:\web\CPS\Runtime\Cache\Student\005dbfbefb0481863d39ebcad13b0495.php 第 36 行.
INFO: Run Behavior\ParseTemplate [ RunTime:0.016485s ]
INFO: [ view_parse ] --END-- [ RunTime:0.016722s ]
INFO: [ view_filter ] --START--
INFO: Run Behavior\WriteHtmlCache [ RunTime:0.001191s ]
INFO: [ view_filter ] --END-- [ RunTime:0.001396s ]
INFO: [ app_end ] --START--
INFO: Run Behavior\ShowPageTrace [ RunTime:0.001904s ]
INFO: [ app_end ] --END-- [ RunTime:0.002148s ]

[ 2016-09-13T17:40:33+08:00 ] ::1 /CPS/index.php/Student/Stu/course_info.html
INFO: [ app_begin ] --START--
INFO: Run Behavior\ReadHtmlCache [ RunTime:0.001871s ]
INFO: [ app_begin ] --END-- [ RunTime:0.003227s ]
SQL: SHOW COLUMNS FROM `course` [ RunTime:0.010416s ]
SQL: SELECT * FROM `course`  [ RunTime:0.000864s ]
INFO: [ view_parse ] --START--
INFO: [ template_filter ] --START--
INFO: Run Behavior\ContentReplace [ RunTime:0.000100s ]
INFO: [ template_filter ] --END-- [ RunTime:0.000320s ]
NOTIC: [8] Undefined variable: info F:\web\CPS\Runtime\Cache\Student\005dbfbefb0481863d39ebcad13b0495.php 第 31 行.
INFO: Run Behavior\ParseTemplate [ RunTime:0.018487s ]
INFO: [ view_parse ] --END-- [ RunTime:0.018705s ]
INFO: [ view_filter ] --START--
INFO: Run Behavior\WriteHtmlCache [ RunTime:0.001287s ]
INFO: [ view_filter ] --END-- [ RunTime:0.001546s ]
INFO: [ app_end ] --START--
INFO: Run Behavior\ShowPageTrace [ RunTime:0.002481s ]
INFO: [ app_end ] --END-- [ RunTime:0.002704s ]

[ 2016-09-13T17:41:40+08:00 ] ::1 /CPS/index.php/Student/Stu/course_info.html
INFO: [ app_begin ] --START--
INFO: Run Behavior\ReadHtmlCache [ RunTime:0.002590s ]
INFO: [ app_begin ] --END-- [ RunTime:0.004428s ]
SQL: SHOW COLUMNS FROM `course` [ RunTime:0.009641s ]
SQL: SELECT * FROM `course`  [ RunTime:0.000902s ]
INFO: [ view_parse ] --START--
INFO: [ template_filter ] --START--
INFO: Run Behavior\ContentReplace [ RunTime:0.000102s ]
INFO: [ template_filter ] --END-- [ RunTime:0.000310s ]
NOTIC: [8] Undefined variable: info F:\web\CPS\Runtime\Cache\Student\005dbfbefb0481863d39ebcad13b0495.php 第 31 行.
INFO: Run Behavior\ParseTemplate [ RunTime:0.019118s ]
INFO: [ view_parse ] --END-- [ RunTime:0.019356s ]
INFO: [ view_filter ] --START--
INFO: Run Behavior\WriteHtmlCache [ RunTime:0.001238s ]
INFO: [ view_filter ] --END-- [ RunTime:0.001445s ]
INFO: [ app_end ] --START--
INFO: Run Behavior\ShowPageTrace [ RunTime:0.001754s ]
INFO: [ app_end ] --END-- [ RunTime:0.001979s ]

[ 2016-09-13T17:42:28+08:00 ] ::1 /CPS/index.php/Student/Stu/course_info.html
INFO: [ app_begin ] --START--
INFO: Run Behavior\ReadHtmlCache [ RunTime:0.001529s ]
INFO: [ app_begin ] --END-- [ RunTime:0.002795s ]
SQL: SHOW COLUMNS FROM `course` [ RunTime:0.010147s ]
SQL: SELECT * FROM `course`  [ RunTime:0.000957s ]
INFO: [ view_parse ] --START--
INFO: [ template_filter ] --START--
INFO: Run Behavior\ContentReplace [ RunTime:0.000101s ]
INFO: [ template_filter ] --END-- [ RunTime:0.000307s ]
NOTIC: [8] Undefined variable: info F:\web\CPS\Runtime\Cache\Student\005dbfbefb0481863d39ebcad13b0495.php 第 31 行.
INFO: Run Behavior\ParseTemplate [ RunTime:0.017452s ]
INFO: [ view_parse ] --END-- [ RunTime:0.017690s ]
INFO: [ view_filter ] --START--
INFO: Run Behavior\WriteHtmlCache [ RunTime:0.000999s ]
INFO: [ view_filter ] --END-- [ RunTime:0.001205s ]
INFO: [ app_end ] --START--
INFO: Run Behavior\ShowPageTrace [ RunTime:0.001730s ]
INFO: [ app_end ] --END-- [ RunTime:0.001963s ]

[ 2016-09-13T17:42:47+08:00 ] ::1 /CPS/index.php/Student/Stu/course_info.html
INFO: [ app_begin ] --START--
INFO: Run Behavior\ReadHtmlCache [ RunTime:0.001482s ]
INFO: [ app_begin ] --END-- [ RunTime:0.002726s ]
SQL: SHOW COLUMNS FROM `course` [ RunTime:0.010069s ]
SQL: SELECT * FROM `course`  [ RunTime:0.000972s ]
INFO: [ view_parse ] --START--
INFO: [ template_filter ] --START--
INFO: Run Behavior\ContentReplace [ RunTime:0.000108s ]
INFO: [ template_filter ] --END-- [ RunTime:0.000336s ]
NOTIC: [8] Undefined variable: info F:\web\CPS\Runtime\Cache\Student\005dbfbefb0481863d39ebcad13b0495.php 第 31 行.
INFO: Run Behavior\ParseTemplate [ RunTime:0.017753s ]
INFO: [ view_parse ] --END-- [ RunTime:0.017969s ]
INFO: [ view_filter ] --START--
INFO: Run Behavior\WriteHtmlCache [ RunTime:0.000956s ]
INFO: [ view_filter ] --END-- [ RunTime:0.001168s ]
INFO: [ app_end ] --START--
INFO: Run Behavior\ShowPageTrace [ RunTime:0.001592s ]
INFO: [ app_end ] --END-- [ RunTime:0.001826s ]

[ 2016-09-13T17:43:17+08:00 ] ::1 /CPS/index.php/Student/Stu/course_info.html
INFO: [ app_begin ] --START--
INFO: Run Behavior\ReadHtmlCache [ RunTime:0.001972s ]
INFO: [ app_begin ] --END-- [ RunTime:0.003605s ]
SQL: SHOW COLUMNS FROM `course` [ RunTime:0.010255s ]
SQL: SELECT * FROM `course`  [ RunTime:0.000754s ]
INFO: [ view_parse ] --START--
INFO: [ template_filter ] --START--
INFO: Run Behavior\ContentReplace [ RunTime:0.000103s ]
INFO: [ template_filter ] --END-- [ RunTime:0.000307s ]
NOTIC: [8] Undefined variable: info F:\web\CPS\Runtime\Cache\Student\005dbfbefb0481863d39ebcad13b0495.php 第 31 行.
INFO: Run Behavior\ParseTemplate [ RunTime:0.019219s ]
INFO: [ view_parse ] --END-- [ RunTime:0.019451s ]
INFO: [ view_filter ] --START--
INFO: Run Behavior\WriteHtmlCache [ RunTime:0.001529s ]
INFO: [ view_filter ] --END-- [ RunTime:0.001745s ]
INFO: [ app_end ] --START--
INFO: Run Behavior\ShowPageTrace [ RunTime:0.002258s ]
INFO: [ app_end ] --END-- [ RunTime:0.002492s ]

[ 2016-09-13T17:43:50+08:00 ] ::1 /CPS/index.php/Student/Stu/course_info.html
INFO: [ app_begin ] --START--
INFO: Run Behavior\ReadHtmlCache [ RunTime:0.002997s ]
INFO: [ app_begin ] --END-- [ RunTime:0.005027s ]
SQL: SHOW COLUMNS FROM `course` [ RunTime:0.027115s ]
SQL: SELECT * FROM `course`  [ RunTime:0.000870s ]
INFO: [ view_parse ] --START--
INFO: [ template_filter ] --START--
INFO: Run Behavior\ContentReplace [ RunTime:0.000120s ]
INFO: [ template_filter ] --END-- [ RunTime:0.000366s ]
NOTIC: [8] Undefined variable: info F:\web\CPS\Runtime\Cache\Student\005dbfbefb0481863d39ebcad13b0495.php 第 31 行.
INFO: Run Behavior\ParseTemplate [ RunTime:0.021064s ]
INFO: [ view_parse ] --END-- [ RunTime:0.021394s ]
INFO: [ view_filter ] --START--
INFO: Run Behavior\WriteHtmlCache [ RunTime:0.001494s ]
INFO: [ view_filter ] --END-- [ RunTime:0.001724s ]
INFO: [ app_end ] --START--
INFO: Run Behavior\ShowPageTrace [ RunTime:0.002245s ]
INFO: [ app_end ] --END-- [ RunTime:0.002504s ]

[ 2016-09-13T17:46:37+08:00 ] ::1 /CPS/index.php/Home/Index/index
INFO: [ app_begin ] --START--
INFO: Run Behavior\ReadHtmlCache [ RunTime:0.002129s ]
INFO: [ app_begin ] --END-- [ RunTime:0.003492s ]

[ 2016-09-13T17:46:56+08:00 ] ::1 /CPS/index.php/Home/Index/index
INFO: [ app_begin ] --START--
INFO: Run Behavior\ReadHtmlCache [ RunTime:0.001491s ]
INFO: [ app_begin ] --END-- [ RunTime:0.002723s ]

[ 2016-09-13T17:46:57+08:00 ] ::1 /CPS/index.php/Home/Index/index
INFO: [ app_begin ] --START--
INFO: Run Behavior\ReadHtmlCache [ RunTime:0.001520s ]
INFO: [ app_begin ] --END-- [ RunTime:0.002879s ]

[ 2016-09-13T17:47:11+08:00 ] ::1 /CPS/index.php/Home/Index/index
INFO: [ app_begin ] --START--
INFO: Run Behavior\ReadHtmlCache [ RunTime:0.002346s ]
INFO: [ app_begin ] --END-- [ RunTime:0.004896s ]
INFO: [ view_parse ] --START--
NOTIC: [2] ucfirst() expects parameter 1 to be string, array given F:\web\ThinkPHP\Library\Think\Storage.class.php 第 36 行.
INFO: Run Behavior\ParseTemplate [ RunTime:0.001735s ]
INFO: [ view_parse ] --END-- [ RunTime:0.002006s ]
INFO: [ view_filter ] --START--
INFO: Run Behavior\WriteHtmlCache [ RunTime:0.001221s ]
INFO: [ view_filter ] --END-- [ RunTime:0.001428s ]
INFO: [ app_end ] --START--
INFO: Run Behavior\ShowPageTrace [ RunTime:0.001846s ]
INFO: [ app_end ] --END-- [ RunTime:0.002066s ]

[ 2016-09-13T18:14:59+08:00 ] ::1 /CPS/index.php/Home/Index/index
INFO: [ app_begin ] --START--
INFO: Run Behavior\ReadHtmlCache [ RunTime:0.002902s ]
INFO: [ app_begin ] --END-- [ RunTime:0.005254s ]

[ 2016-09-13T18:15:10+08:00 ] ::1 /CPS/index.php/Home/Index/index
INFO: [ app_begin ] --START--
INFO: Run Behavior\ReadHtmlCache [ RunTime:0.001676s ]
INFO: [ app_begin ] --END-- [ RunTime:0.003062s ]
INFO: [ view_parse ] --START--
NOTIC: [2] ucfirst() expects parameter 1 to be string, array given F:\web\ThinkPHP\Library\Think\Storage.class.php 第 36 行.
INFO: Run Behavior\ParseTemplate [ RunTime:0.001573s ]
INFO: [ view_parse ] --END-- [ RunTime:0.001850s ]
INFO: [ view_filter ] --START--
INFO: Run Behavior\WriteHtmlCache [ RunTime:0.001995s ]
INFO: [ view_filter ] --END-- [ RunTime:0.002225s ]
INFO: [ app_end ] --START--
INFO: Run Behavior\ShowPageTrace [ RunTime:0.002706s ]
INFO: [ app_end ] --END-- [ RunTime:0.002935s ]

[ 2016-09-13T18:15:18+08:00 ] ::1 /CPS/index.php/Student/Stu/course_info
INFO: [ app_begin ] --START--
INFO: Run Behavior\ReadHtmlCache [ RunTime:0.001803s ]
INFO: [ app_begin ] --END-- [ RunTime:0.003287s ]
SQL: SHOW COLUMNS FROM `course` [ RunTime:0.013623s ]
SQL: SELECT * FROM `course`  [ RunTime:0.001257s ]
INFO: [ view_parse ] --START--
INFO: [ template_filter ] --START--
INFO: Run Behavior\ContentReplace [ RunTime:0.000115s ]
INFO: [ template_filter ] --END-- [ RunTime:0.000377s ]
NOTIC: [8] Undefined variable: info F:\web\CPS\Runtime\Cache\Student\005dbfbefb0481863d39ebcad13b0495.php 第 31 行.
INFO: Run Behavior\ParseTemplate [ RunTime:0.021072s ]
INFO: [ view_parse ] --END-- [ RunTime:0.021390s ]
INFO: [ view_filter ] --START--
INFO: Run Behavior\WriteHtmlCache [ RunTime:0.001332s ]
INFO: [ view_filter ] --END-- [ RunTime:0.001575s ]
INFO: [ app_end ] --START--
INFO: Run Behavior\ShowPageTrace [ RunTime:0.002266s ]
INFO: [ app_end ] --END-- [ RunTime:0.002522s ]

[ 2016-09-13T18:15:55+08:00 ] ::1 /CPS/index.php/Student/Stu/course_info
INFO: [ app_begin ] --START--
INFO: Run Behavior\ReadHtmlCache [ RunTime:0.001633s ]
INFO: [ app_begin ] --END-- [ RunTime:0.002933s ]
SQL: SHOW COLUMNS FROM `course` [ RunTime:0.013581s ]
SQL: SELECT * FROM `course`  [ RunTime:0.000937s ]
INFO: [ view_parse ] --START--
NOTIC: [8] Undefined index: id F:\web\ThinkPHP\Library\Think\Template\TagLib\Cx.class.php 第 71 行.
INFO: [ template_filter ] --START--
INFO: Run Behavior\ContentReplace [ RunTime:0.000115s ]
INFO: [ template_filter ] --END-- [ RunTime:0.000347s ]

[ 2016-09-13T18:16:04+08:00 ] ::1 /CPS/index.php/Student/Stu/course_info
INFO: [ app_begin ] --START--
INFO: Run Behavior\ReadHtmlCache [ RunTime:0.002121s ]
INFO: [ app_begin ] --END-- [ RunTime:0.003810s ]
SQL: SHOW COLUMNS FROM `course` [ RunTime:0.010848s ]
SQL: SELECT * FROM `course`  [ RunTime:0.000880s ]
INFO: [ view_parse ] --START--
INFO: [ template_filter ] --START--
INFO: Run Behavior\ContentReplace [ RunTime:0.000103s ]
INFO: [ template_filter ] --END-- [ RunTime:0.000319s ]
NOTIC: [8] Undefined variable: info F:\web\CPS\Runtime\Cache\Student\005dbfbefb0481863d39ebcad13b0495.php 第 31 行.
INFO: Run Behavior\ParseTemplate [ RunTime:0.018906s ]
INFO: [ view_parse ] --END-- [ RunTime:0.019130s ]
INFO: [ view_filter ] --START--
INFO: Run Behavior\WriteHtmlCache [ RunTime:0.001452s ]
INFO: [ view_filter ] --END-- [ RunTime:0.001666s ]
INFO: [ app_end ] --START--
INFO: Run Behavior\ShowPageTrace [ RunTime:0.001920s ]
INFO: [ app_end ] --END-- [ RunTime:0.002142s ]

[ 2016-09-13T18:17:36+08:00 ] ::1 /CPS/index.php/Student/Stu/course_info
INFO: [ app_begin ] --START--
INFO: Run Behavior\ReadHtmlCache [ RunTime:0.001602s ]
INFO: [ app_begin ] --END-- [ RunTime:0.002876s ]
SQL: SHOW COLUMNS FROM `course` [ RunTime:0.010634s ]
SQL: SELECT * FROM `course`  [ RunTime:0.000988s ]
NOTIC: [8] Use of undefined constant info - assumed 'info' F:\web\CPS\Student\Controller\StuController.class.php 第 13 行.
INFO: [ view_parse ] --START--
INFO: [ template_filter ] --START--
INFO: Run Behavior\ContentReplace [ RunTime:0.000111s ]
INFO: [ template_filter ] --END-- [ RunTime:0.000347s ]
INFO: Run Behavior\ParseTemplate [ RunTime:0.017317s ]
INFO: [ view_parse ] --END-- [ RunTime:0.017559s ]
INFO: [ view_filter ] --START--
INFO: Run Behavior\WriteHtmlCache [ RunTime:0.001004s ]
INFO: [ view_filter ] --END-- [ RunTime:0.001219s ]
INFO: [ app_end ] --START--
INFO: Run Behavior\ShowPageTrace [ RunTime:0.001590s ]
INFO: [ app_end ] --END-- [ RunTime:0.001806s ]

[ 2016-09-13T18:18:26+08:00 ] ::1 /CPS/index.php/Student/Stu/course_info
INFO: [ app_begin ] --START--
INFO: Run Behavior\ReadHtmlCache [ RunTime:0.002146s ]
INFO: [ app_begin ] --END-- [ RunTime:0.003535s ]
SQL: SHOW COLUMNS FROM `course` [ RunTime:0.010521s ]
SQL: SELECT * FROM `course`  [ RunTime:0.000904s ]
INFO: [ view_parse ] --START--
INFO: [ template_filter ] --START--
INFO: Run Behavior\ContentReplace [ RunTime:0.000106s ]
INFO: [ template_filter ] --END-- [ RunTime:0.000316s ]
INFO: Run Behavior\ParseTemplate [ RunTime:0.018546s ]
INFO: [ view_parse ] --END-- [ RunTime:0.018803s ]
INFO: [ view_filter ] --START--
INFO: Run Behavior\WriteHtmlCache [ RunTime:0.001234s ]
INFO: [ view_filter ] --END-- [ RunTime:0.001444s ]
INFO: [ app_end ] --START--
INFO: Run Behavior\ShowPageTrace [ RunTime:0.001762s ]
INFO: [ app_end ] --END-- [ RunTime:0.001979s ]

[ 2016-09-13T18:18:53+08:00 ] ::1 /CPS/index.php/Student/Stu/course_info
INFO: [ app_begin ] --START--
INFO: Run Behavior\ReadHtmlCache [ RunTime:0.001859s ]
INFO: [ app_begin ] --END-- [ RunTime:0.003212s ]
SQL: SHOW COLUMNS FROM `course` [ RunTime:0.010872s ]
SQL: SELECT * FROM `course`  [ RunTime:0.000858s ]
INFO: [ view_parse ] --START--
INFO: [ template_filter ] --START--
INFO: Run Behavior\ContentReplace [ RunTime:0.000099s ]
INFO: [ template_filter ] --END-- [ RunTime:0.000310s ]
INFO: Run Behavior\ParseTemplate [ RunTime:0.018009s ]
INFO: [ view_parse ] --END-- [ RunTime:0.018255s ]
INFO: [ view_filter ] --START--
INFO: Run Behavior\WriteHtmlCache [ RunTime:0.001224s ]
INFO: [ view_filter ] --END-- [ RunTime:0.001427s ]
INFO: [ app_end ] --START--
INFO: Run Behavior\ShowPageTrace [ RunTime:0.001781s ]
INFO: [ app_end ] --END-- [ RunTime:0.002008s ]

[ 2016-09-13T18:27:35+08:00 ] ::1 /CPS/index.php/Student/Stu/course_info
INFO: [ app_begin ] --START--
INFO: Run Behavior\ReadHtmlCache [ RunTime:0.002392s ]
INFO: [ app_begin ] --END-- [ RunTime:0.003680s ]
SQL: SHOW COLUMNS FROM `course` [ RunTime:0.033897s ]
SQL: SELECT * FROM `course` WHERE ( `course_id` = 1 )  [ RunTime:0.024413s ]
INFO: [ view_parse ] --START--
INFO: [ template_filter ] --START--
INFO: Run Behavior\ContentReplace [ RunTime:0.000109s ]
INFO: [ template_filter ] --END-- [ RunTime:0.000345s ]
INFO: Run Behavior\ParseTemplate [ RunTime:0.018874s ]
INFO: [ view_parse ] --END-- [ RunTime:0.019128s ]
INFO: [ view_filter ] --START--
INFO: Run Behavior\WriteHtmlCache [ RunTime:0.001241s ]
INFO: [ view_filter ] --END-- [ RunTime:0.001449s ]
INFO: [ app_end ] --START--
INFO: Run Behavior\ShowPageTrace [ RunTime:0.001774s ]
INFO: [ app_end ] --END-- [ RunTime:0.001987s ]

[ 2016-09-13T18:27:36+08:00 ] ::1 /CPS/index.php/Student/Stu/project_info.html
INFO: [ app_begin ] --START--
INFO: Run Behavior\ReadHtmlCache [ RunTime:0.001822s ]
INFO: [ app_begin ] --END-- [ RunTime:0.003261s ]
INFO: [ view_parse ] --START--
INFO: [ template_filter ] --START--
INFO: Run Behavior\ContentReplace [ RunTime:0.000141s ]
INFO: [ template_filter ] --END-- [ RunTime:0.000372s ]
INFO: Run Behavior\ParseTemplate [ RunTime:0.032956s ]
INFO: [ view_parse ] --END-- [ RunTime:0.033238s ]
INFO: [ view_filter ] --START--
INFO: Run Behavior\WriteHtmlCache [ RunTime:0.001209s ]
INFO: [ view_filter ] --END-- [ RunTime:0.001416s ]
INFO: [ app_end ] --START--
INFO: Run Behavior\ShowPageTrace [ RunTime:0.002164s ]
INFO: [ app_end ] --END-- [ RunTime:0.002390s ]

[ 2016-09-13T18:27:40+08:00 ] ::1 /CPS/index.php/Student/Stu/course_info.html
INFO: [ app_begin ] --START--
INFO: Run Behavior\ReadHtmlCache [ RunTime:0.001527s ]
INFO: [ app_begin ] --END-- [ RunTime:0.003103s ]
SQL: SHOW COLUMNS FROM `course` [ RunTime:0.010263s ]
SQL: SELECT * FROM `course` WHERE ( `course_id` = 1 )  [ RunTime:0.000829s ]
INFO: [ view_parse ] --START--
INFO: [ template_filter ] --START--
INFO: Run Behavior\ContentReplace [ RunTime:0.000107s ]
INFO: [ template_filter ] --END-- [ RunTime:0.000323s ]
INFO: Run Behavior\ParseTemplate [ RunTime:0.017613s ]
INFO: [ view_parse ] --END-- [ RunTime:0.017947s ]
INFO: [ view_filter ] --START--
INFO: Run Behavior\WriteHtmlCache [ RunTime:0.001206s ]
INFO: [ view_filter ] --END-- [ RunTime:0.001434s ]
INFO: [ app_end ] --START--
INFO: Run Behavior\ShowPageTrace [ RunTime:0.001623s ]
INFO: [ app_end ] --END-- [ RunTime:0.001842s ]

[ 2016-09-13T18:27:53+08:00 ] ::1 /CPS/index.php/Student/Stu/course_info.html
INFO: [ app_begin ] --START--
INFO: Run Behavior\ReadHtmlCache [ RunTime:0.002042s ]
INFO: [ app_begin ] --END-- [ RunTime:0.004222s ]
SQL: SHOW COLUMNS FROM `course` [ RunTime:0.011310s ]
SQL: SELECT * FROM `course` WHERE ( `course_id` IN ('1','2') )  [ RunTime:0.001033s ]
INFO: [ view_parse ] --START--
INFO: [ template_filter ] --START--
INFO: Run Behavior\ContentReplace [ RunTime:0.000103s ]
INFO: [ template_filter ] --END-- [ RunTime:0.000319s ]
INFO: Run Behavior\ParseTemplate [ RunTime:0.018392s ]
INFO: [ view_parse ] --END-- [ RunTime:0.018638s ]
INFO: [ view_filter ] --START--
INFO: Run Behavior\WriteHtmlCache [ RunTime:0.001164s ]
INFO: [ view_filter ] --END-- [ RunTime:0.001405s ]
INFO: [ app_end ] --START--
INFO: Run Behavior\ShowPageTrace [ RunTime:0.001583s ]
INFO: [ app_end ] --END-- [ RunTime:0.001810s ]

[ 2016-09-13T18:28:03+08:00 ] ::1 /CPS/index.php/Student/Stu/myproject.html
INFO: [ app_begin ] --START--
INFO: Run Behavior\ReadHtmlCache [ RunTime:0.001794s ]
INFO: [ app_begin ] --END-- [ RunTime:0.003170s ]
INFO: [ view_parse ] --START--
INFO: [ template_filter ] --START--
INFO: Run Behavior\ContentReplace [ RunTime:0.000133s ]
INFO: [ template_filter ] --END-- [ RunTime:0.000356s ]
INFO: Run Behavior\ParseTemplate [ RunTime:0.017840s ]
INFO: [ view_parse ] --END-- [ RunTime:0.018108s ]
INFO: [ view_filter ] --START--
INFO: Run Behavior\WriteHtmlCache [ RunTime:0.001186s ]
INFO: [ view_filter ] --END-- [ RunTime:0.001394s ]
INFO: [ app_end ] --START--
INFO: Run Behavior\ShowPageTrace [ RunTime:0.001818s ]
INFO: [ app_end ] --END-- [ RunTime:0.002045s ]

[ 2016-09-13T18:28:08+08:00 ] ::1 /CPS/index.php/Student/Stu/course_info.html
INFO: [ app_begin ] --START--
INFO: Run Behavior\ReadHtmlCache [ RunTime:0.001609s ]
INFO: [ app_begin ] --END-- [ RunTime:0.002828s ]
SQL: SHOW COLUMNS FROM `course` [ RunTime:0.052651s ]
SQL: SELECT * FROM `course` WHERE ( `course_id` IN ('1','2') )  [ RunTime:0.001026s ]
INFO: [ view_parse ] --START--
INFO: [ template_filter ] --START--
INFO: Run Behavior\ContentReplace [ RunTime:0.000102s ]
INFO: [ template_filter ] --END-- [ RunTime:0.000313s ]
INFO: Run Behavior\ParseTemplate [ RunTime:0.018096s ]
INFO: [ view_parse ] --END-- [ RunTime:0.018349s ]
INFO: [ view_filter ] --START--
INFO: Run Behavior\WriteHtmlCache [ RunTime:0.001013s ]
INFO: [ view_filter ] --END-- [ RunTime:0.001225s ]
INFO: [ app_end ] --START--
INFO: Run Behavior\ShowPageTrace [ RunTime:0.001510s ]
INFO: [ app_end ] --END-- [ RunTime:0.001720s ]

[ 2016-09-13T18:28:09+08:00 ] ::1 /CPS/index.php/Student/Stu/myteam.html
INFO: [ app_begin ] --START--
INFO: Run Behavior\ReadHtmlCache [ RunTime:0.001465s ]
INFO: [ app_begin ] --END-- [ RunTime:0.002667s ]
INFO: [ view_parse ] --START--
INFO: [ template_filter ] --START--
INFO: Run Behavior\ContentReplace [ RunTime:0.000115s ]
INFO: [ template_filter ] --END-- [ RunTime:0.000357s ]
INFO: Run Behavior\ParseTemplate [ RunTime:0.016824s ]
INFO: [ view_parse ] --END-- [ RunTime:0.017186s ]
INFO: [ view_filter ] --START--
INFO: Run Behavior\WriteHtmlCache [ RunTime:0.001098s ]
INFO: [ view_filter ] --END-- [ RunTime:0.001303s ]
INFO: [ app_end ] --START--
INFO: Run Behavior\ShowPageTrace [ RunTime:0.001566s ]
INFO: [ app_end ] --END-- [ RunTime:0.001772s ]

[ 2016-09-13T18:28:13+08:00 ] ::1 /CPS/index.php/Student/Stu/team_manage.html
INFO: [ app_begin ] --START--
INFO: Run Behavior\ReadHtmlCache [ RunTime:0.001477s ]
INFO: [ app_begin ] --END-- [ RunTime:0.002858s ]
INFO: [ view_parse ] --START--
INFO: [ template_filter ] --START--
INFO: Run Behavior\ContentReplace [ RunTime:0.000180s ]
INFO: [ template_filter ] --END-- [ RunTime:0.000439s ]
INFO: Run Behavior\ParseTemplate [ RunTime:0.020214s ]
INFO: [ view_parse ] --END-- [ RunTime:0.020500s ]
INFO: [ view_filter ] --START--
INFO: Run Behavior\WriteHtmlCache [ RunTime:0.001214s ]
INFO: [ view_filter ] --END-- [ RunTime:0.001420s ]
INFO: [ app_end ] --START--
INFO: Run Behavior\ShowPageTrace [ RunTime:0.001734s ]
INFO: [ app_end ] --END-- [ RunTime:0.001980s ]

[ 2016-09-13T18:28:15+08:00 ] ::1 /CPS/index.php/Student/Stu/course_info.html
INFO: [ app_begin ] --START--
INFO: Run Behavior\ReadHtmlCache [ RunTime:0.001744s ]
INFO: [ app_begin ] --END-- [ RunTime:0.003034s ]
SQL: SHOW COLUMNS FROM `course` [ RunTime:0.010800s ]
SQL: SELECT * FROM `course` WHERE ( `course_id` IN ('1','2') )  [ RunTime:0.000843s ]
INFO: [ view_parse ] --START--
INFO: [ template_filter ] --START--
INFO: Run Behavior\ContentReplace [ RunTime:0.000115s ]
INFO: [ template_filter ] --END-- [ RunTime:0.000344s ]
INFO: Run Behavior\ParseTemplate [ RunTime:0.018337s ]
INFO: [ view_parse ] --END-- [ RunTime:0.018573s ]
INFO: [ view_filter ] --START--
INFO: Run Behavior\WriteHtmlCache [ RunTime:0.001197s ]
INFO: [ view_filter ] --END-- [ RunTime:0.001418s ]
INFO: [ app_end ] --START--
INFO: Run Behavior\ShowPageTrace [ RunTime:0.001679s ]
INFO: [ app_end ] --END-- [ RunTime:0.001991s ]

[ 2016-09-13T18:30:39+08:00 ] ::1 /CPS/index.php/Student/Stu/course_info.html
INFO: [ app_begin ] --START--
INFO: Run Behavior\ReadHtmlCache [ RunTime:0.001825s ]
INFO: [ app_begin ] --END-- [ RunTime:0.003723s ]
SQL: SHOW COLUMNS FROM `course` [ RunTime:0.010303s ]
SQL: SELECT * FROM `course` WHERE ( `course_id` IN ('1','2') )  [ RunTime:0.001003s ]
INFO: [ view_parse ] --START--
INFO: [ template_filter ] --START--
INFO: Run Behavior\ContentReplace [ RunTime:0.000100s ]
INFO: [ template_filter ] --END-- [ RunTime:0.000318s ]
NOTIC: [8] Trying to get property of non-object F:\web\CPS\Runtime\Cache\Student\005dbfbefb0481863d39ebcad13b0495.php 第 32 行.
NOTIC: [8] Trying to get property of non-object F:\web\CPS\Runtime\Cache\Student\005dbfbefb0481863d39ebcad13b0495.php 第 33 行.
NOTIC: [8] Trying to get property of non-object F:\web\CPS\Runtime\Cache\Student\005dbfbefb0481863d39ebcad13b0495.php 第 32 行.
NOTIC: [8] Trying to get property of non-object F:\web\CPS\Runtime\Cache\Student\005dbfbefb0481863d39ebcad13b0495.php 第 33 行.
INFO: Run Behavior\ParseTemplate [ RunTime:0.019015s ]
INFO: [ view_parse ] --END-- [ RunTime:0.019239s ]
INFO: [ view_filter ] --START--
INFO: Run Behavior\WriteHtmlCache [ RunTime:0.001372s ]
INFO: [ view_filter ] --END-- [ RunTime:0.001596s ]
INFO: [ app_end ] --START--
INFO: Run Behavior\ShowPageTrace [ RunTime:0.001826s ]
INFO: [ app_end ] --END-- [ RunTime:0.002037s ]

[ 2016-09-13T18:30:47+08:00 ] ::1 /CPS/index.php/Student/Stu/course_info.html
INFO: [ app_begin ] --START--
INFO: Run Behavior\ReadHtmlCache [ RunTime:0.002148s ]
INFO: [ app_begin ] --END-- [ RunTime:0.003770s ]
SQL: SHOW COLUMNS FROM `course` [ RunTime:0.010377s ]
SQL: SELECT * FROM `course` WHERE ( `course_id` IN ('1','2') )  [ RunTime:0.000960s ]
INFO: [ view_parse ] --START--
INFO: [ template_filter ] --START--
INFO: Run Behavior\ContentReplace [ RunTime:0.000101s ]
INFO: [ template_filter ] --END-- [ RunTime:0.000314s ]
INFO: Run Behavior\ParseTemplate [ RunTime:0.017896s ]
INFO: [ view_parse ] --END-- [ RunTime:0.018146s ]
INFO: [ view_filter ] --START--
INFO: Run Behavior\WriteHtmlCache [ RunTime:0.001202s ]
INFO: [ view_filter ] --END-- [ RunTime:0.001413s ]
INFO: [ app_end ] --START--
INFO: Run Behavior\ShowPageTrace [ RunTime:0.001744s ]
INFO: [ app_end ] --END-- [ RunTime:0.001966s ]

[ 2016-09-13T18:34:28+08:00 ] ::1 /CPS/index.php/Student/Stu/course_info.html
INFO: [ app_begin ] --START--
INFO: Run Behavior\ReadHtmlCache [ RunTime:0.002150s ]
INFO: [ app_begin ] --END-- [ RunTime:0.003998s ]
SQL: SHOW COLUMNS FROM `course` [ RunTime:0.010254s ]
SQL: SELECT * FROM `course` WHERE ( `course_id` IN ('1','2') )  [ RunTime:0.001082s ]
INFO: [ view_parse ] --START--
INFO: [ template_filter ] --START--
INFO: Run Behavior\ContentReplace [ RunTime:0.000097s ]
INFO: [ template_filter ] --END-- [ RunTime:0.000302s ]

[ 2016-09-13T18:34:52+08:00 ] ::1 /CPS/index.php/Student/Stu/course_info.html
INFO: [ app_begin ] --START--
INFO: Run Behavior\ReadHtmlCache [ RunTime:0.001842s ]
INFO: [ app_begin ] --END-- [ RunTime:0.003144s ]
SQL: SHOW COLUMNS FROM `course` [ RunTime:0.009609s ]
SQL: SELECT * FROM `course` WHERE ( `course_id` IN ('1','2') )  [ RunTime:0.001057s ]
INFO: [ view_parse ] --START--
INFO: [ template_filter ] --START--
INFO: Run Behavior\ContentReplace [ RunTime:0.000102s ]
INFO: [ template_filter ] --END-- [ RunTime:0.000319s ]
INFO: Run Behavior\ParseTemplate [ RunTime:0.018042s ]
INFO: [ view_parse ] --END-- [ RunTime:0.018312s ]
INFO: [ view_filter ] --START--
INFO: Run Behavior\WriteHtmlCache [ RunTime:0.001203s ]
INFO: [ view_filter ] --END-- [ RunTime:0.001411s ]
INFO: [ app_end ] --START--
INFO: Run Behavior\ShowPageTrace [ RunTime:0.001724s ]
INFO: [ app_end ] --END-- [ RunTime:0.001931s ]

[ 2016-09-13T22:20:31+08:00 ] ::1 /CPS/index.php/Student/Stu/course_info
INFO: [ app_begin ] --START--
INFO: Run Behavior\ReadHtmlCache [ RunTime:0.001899s ]
INFO: [ app_begin ] --END-- [ RunTime:0.003588s ]
SQL: SHOW COLUMNS FROM `course` [ RunTime:0.117928s ]
SQL: SELECT * FROM `course` WHERE ( `course_id` IN ('1','2') )  [ RunTime:0.024404s ]
INFO: [ view_parse ] --START--
INFO: [ template_filter ] --START--
INFO: Run Behavior\ContentReplace [ RunTime:0.000114s ]
INFO: [ template_filter ] --END-- [ RunTime:0.000370s ]
INFO: Run Behavior\ParseTemplate [ RunTime:0.020891s ]
INFO: [ view_parse ] --END-- [ RunTime:0.021176s ]
INFO: [ view_filter ] --START--
INFO: Run Behavior\WriteHtmlCache [ RunTime:0.001294s ]
INFO: [ view_filter ] --END-- [ RunTime:0.001510s ]
INFO: [ app_end ] --START--
INFO: Run Behavior\ShowPageTrace [ RunTime:0.001965s ]
INFO: [ app_end ] --END-- [ RunTime:0.002195s ]

[ 2016-09-13T22:20:49+08:00 ] ::1 /CPS/index.php/Student/Stu/course_info
INFO: [ app_begin ] --START--
INFO: Run Behavior\ReadHtmlCache [ RunTime:0.001981s ]
INFO: [ app_begin ] --END-- [ RunTime:0.003845s ]
SQL: SHOW COLUMNS FROM `course` [ RunTime:0.014523s ]
SQL: SELECT * FROM `course` WHERE ( `course_id` IN ('1','2') )  [ RunTime:0.000921s ]
INFO: [ view_parse ] --START--
INFO: [ template_filter ] --START--
INFO: Run Behavior\ContentReplace [ RunTime:0.000101s ]
INFO: [ template_filter ] --END-- [ RunTime:0.000315s ]
INFO: Run Behavior\ParseTemplate [ RunTime:0.020108s ]
INFO: [ view_parse ] --END-- [ RunTime:0.020715s ]
INFO: [ view_filter ] --START--
INFO: Run Behavior\WriteHtmlCache [ RunTime:0.001516s ]
INFO: [ view_filter ] --END-- [ RunTime:0.001752s ]
INFO: [ app_end ] --START--
INFO: Run Behavior\ShowPageTrace [ RunTime:0.001864s ]
INFO: [ app_end ] --END-- [ RunTime:0.002080s ]

[ 2016-09-13T22:20:59+08:00 ] ::1 /CPS/index.php/Student/Stu/course_info
INFO: [ app_begin ] --START--
INFO: Run Behavior\ReadHtmlCache [ RunTime:0.001865s ]
INFO: [ app_begin ] --END-- [ RunTime:0.003337s ]
SQL: SHOW COLUMNS FROM `course` [ RunTime:0.010111s ]
SQL: SELECT * FROM `course`  [ RunTime:0.000810s ]
INFO: [ view_parse ] --START--
INFO: [ template_filter ] --START--
INFO: Run Behavior\ContentReplace [ RunTime:0.000101s ]
INFO: [ template_filter ] --END-- [ RunTime:0.000310s ]
INFO: Run Behavior\ParseTemplate [ RunTime:0.018885s ]
INFO: [ view_parse ] --END-- [ RunTime:0.019137s ]
INFO: [ view_filter ] --START--
INFO: Run Behavior\WriteHtmlCache [ RunTime:0.001280s ]
INFO: [ view_filter ] --END-- [ RunTime:0.001486s ]
INFO: [ app_end ] --START--
INFO: Run Behavior\ShowPageTrace [ RunTime:0.001757s ]
INFO: [ app_end ] --END-- [ RunTime:0.001975s ]

