[ 2016-09-20T00:00:48+08:00 ] ::1 /CPS/index.php/Student/Stu/team_manage?
INFO: [ app_begin ] --START--
INFO: Run Behavior\ReadHtmlCache [ RunTime:0.001949s ]
INFO: [ app_begin ] --END-- [ RunTime:0.003993s ]
SQL: SHOW COLUMNS FROM `course` [ RunTime:0.025910s ]
SQL: select A.course_name,A.course_id,B.project_name,B.project_status,D.group_id,D.group_manage from course as A,project as B,student_group as D where A.course_id=B.course_id and B.project_id=D.project_id ; [ RunTime:0.001018s ]
SQL: select C.student_id from course as A,project as B,student as C,student_group as D where A.course_id=B.course_id and B.project_id=D.project_id and D.group_id=C.group_id;  [ RunTime:0.000963s ]
NOTIC: [8] Undefined index: student_id F:\web\CPS\Student\Controller\StuController.class.php 第 56 行.
INFO: [ view_parse ] --START--
INFO: [ template_filter ] --START--
INFO: Run Behavior\ContentReplace [ RunTime:0.000150s ]
INFO: [ template_filter ] --END-- [ RunTime:0.000377s ]
INFO: Run Behavior\ParseTemplate [ RunTime:0.032625s ]
INFO: [ view_parse ] --END-- [ RunTime:0.032865s ]
INFO: [ view_filter ] --START--
INFO: Run Behavior\WriteHtmlCache [ RunTime:0.001968s ]
INFO: [ view_filter ] --END-- [ RunTime:0.002188s ]
INFO: [ app_end ] --START--
INFO: Run Behavior\ShowPageTrace [ RunTime:0.002758s ]
INFO: [ app_end ] --END-- [ RunTime:0.003152s ]

[ 2016-09-20T00:00:54+08:00 ] ::1 /CPS/index.php/Student/Stu/team_manage?student_id=1
INFO: [ app_begin ] --START--
INFO: Run Behavior\ReadHtmlCache [ RunTime:0.008147s ]
INFO: [ app_begin ] --END-- [ RunTime:0.009937s ]
SQL: SHOW COLUMNS FROM `course` [ RunTime:0.025342s ]
SQL: select A.course_name,A.course_id,B.project_name,B.project_status,D.group_id,D.group_manage from course as A,project as B,student_group as D where A.course_id=B.course_id and B.project_id=D.project_id ; [ RunTime:0.001049s ]
SQL: select C.student_id from course as A,project as B,student as C,student_group as D where A.course_id=B.course_id and B.project_id=D.project_id and D.group_id=C.group_id;  [ RunTime:0.001049s ]
INFO: [ view_parse ] --START--
INFO: [ template_filter ] --START--
INFO: Run Behavior\ContentReplace [ RunTime:0.000164s ]
INFO: [ template_filter ] --END-- [ RunTime:0.000422s ]
INFO: Run Behavior\ParseTemplate [ RunTime:0.039381s ]
INFO: [ view_parse ] --END-- [ RunTime:0.039649s ]
INFO: [ view_filter ] --START--
INFO: Run Behavior\WriteHtmlCache [ RunTime:0.003601s ]
INFO: [ view_filter ] --END-- [ RunTime:0.003832s ]
INFO: [ app_end ] --START--
INFO: Run Behavior\ShowPageTrace [ RunTime:0.004946s ]
INFO: [ app_end ] --END-- [ RunTime:0.005205s ]

[ 2016-09-20T00:01:07+08:00 ] ::1 /CPS/index.php/Student/Stu/team_manage?student_id=1
INFO: [ app_begin ] --START--
INFO: Run Behavior\ReadHtmlCache [ RunTime:0.003445s ]
INFO: [ app_begin ] --END-- [ RunTime:0.005351s ]
SQL: SHOW COLUMNS FROM `course` [ RunTime:0.026965s ]
SQL: select A.course_name,A.course_id,B.project_name,B.project_status,D.group_id,D.group_manage from course as A,project as B,student_group as D where A.course_id=B.course_id and B.project_id=D.project_id ; [ RunTime:0.001082s ]
SQL: select C.student_id from course as A,project as B,student as C,student_group as D where A.course_id=B.course_id and B.project_id=D.project_id and D.group_id=C.group_id;  [ RunTime:0.001292s ]
INFO: [ view_parse ] --START--
INFO: [ template_filter ] --START--
INFO: Run Behavior\ContentReplace [ RunTime:0.000184s ]
INFO: [ template_filter ] --END-- [ RunTime:0.000600s ]
INFO: Run Behavior\ParseTemplate [ RunTime:0.043693s ]
INFO: [ view_parse ] --END-- [ RunTime:0.043960s ]
INFO: [ view_filter ] --START--
INFO: Run Behavior\WriteHtmlCache [ RunTime:0.002950s ]
INFO: [ view_filter ] --END-- [ RunTime:0.003163s ]
INFO: [ app_end ] --START--
INFO: Run Behavior\ShowPageTrace [ RunTime:0.006265s ]
INFO: [ app_end ] --END-- [ RunTime:0.006923s ]

[ 2016-09-20T00:01:13+08:00 ] ::1 /CPS/index.php/Student/Stu/team_manage?student_id=2
INFO: [ app_begin ] --START--
INFO: Run Behavior\ReadHtmlCache [ RunTime:0.002952s ]
INFO: [ app_begin ] --END-- [ RunTime:0.004644s ]
SQL: SHOW COLUMNS FROM `course` [ RunTime:0.025847s ]
SQL: select A.course_name,A.course_id,B.project_name,B.project_status,D.group_id,D.group_manage from course as A,project as B,student_group as D where A.course_id=B.course_id and B.project_id=D.project_id ; [ RunTime:0.001060s ]
SQL: select C.student_id from course as A,project as B,student as C,student_group as D where A.course_id=B.course_id and B.project_id=D.project_id and D.group_id=C.group_id;  [ RunTime:0.001001s ]
INFO: [ view_parse ] --START--
INFO: [ template_filter ] --START--
INFO: Run Behavior\ContentReplace [ RunTime:0.000150s ]
INFO: [ template_filter ] --END-- [ RunTime:0.000480s ]
INFO: Run Behavior\ParseTemplate [ RunTime:0.038876s ]
INFO: [ view_parse ] --END-- [ RunTime:0.039128s ]
INFO: [ view_filter ] --START--
INFO: Run Behavior\WriteHtmlCache [ RunTime:0.002602s ]
INFO: [ view_filter ] --END-- [ RunTime:0.002815s ]
INFO: [ app_end ] --START--
INFO: Run Behavior\ShowPageTrace [ RunTime:0.003979s ]
INFO: [ app_end ] --END-- [ RunTime:0.004396s ]

[ 2016-09-20T00:01:37+08:00 ] ::1 /CPS/index.php/Student/Stu/team_manage?student_id=1
INFO: [ app_begin ] --START--
INFO: Run Behavior\ReadHtmlCache [ RunTime:0.003375s ]
INFO: [ app_begin ] --END-- [ RunTime:0.005160s ]
SQL: SHOW COLUMNS FROM `course` [ RunTime:0.026542s ]
SQL: select A.course_name,A.course_id,B.project_name,B.project_status,D.group_id,D.group_manage from course as A,project as B,student_group as D where A.course_id=B.course_id and B.project_id=D.project_id ; [ RunTime:0.001048s ]
SQL: select C.student_id from course as A,project as B,student as C,student_group as D where A.course_id=B.course_id and B.project_id=D.project_id and D.group_id=C.group_id;  [ RunTime:0.001063s ]
INFO: [ view_parse ] --START--
INFO: [ template_filter ] --START--
INFO: Run Behavior\ContentReplace [ RunTime:0.000160s ]
INFO: [ template_filter ] --END-- [ RunTime:0.000403s ]
INFO: Run Behavior\ParseTemplate [ RunTime:0.039101s ]
INFO: [ view_parse ] --END-- [ RunTime:0.039402s ]
INFO: [ view_filter ] --START--
INFO: Run Behavior\WriteHtmlCache [ RunTime:0.002844s ]
INFO: [ view_filter ] --END-- [ RunTime:0.003064s ]
INFO: [ app_end ] --START--
INFO: Run Behavior\ShowPageTrace [ RunTime:0.003921s ]
INFO: [ app_end ] --END-- [ RunTime:0.004220s ]

[ 2016-09-20T00:03:01+08:00 ] ::1 /CPS/index.php/Student/Stu/team_manage?student_id=1
INFO: [ app_begin ] --START--
INFO: Run Behavior\ReadHtmlCache [ RunTime:0.003479s ]
INFO: [ app_begin ] --END-- [ RunTime:0.005545s ]
SQL: SHOW COLUMNS FROM `course` [ RunTime:0.025891s ]
SQL: select A.course_name,A.course_id,B.project_name,B.project_status,D.group_id,D.group_manage from course as A,project as B,student_group as D where A.course_id=B.course_id and B.project_id=D.project_id ; [ RunTime:0.001169s ]
SQL: select C.student_id from course as A,project as B,student as C,student_group as D where A.course_id=B.course_id and B.project_id=D.project_id and D.group_id=C.group_id;  [ RunTime:0.001069s ]
INFO: [ view_parse ] --START--
INFO: [ template_filter ] --START--
INFO: Run Behavior\ContentReplace [ RunTime:0.000150s ]
INFO: [ template_filter ] --END-- [ RunTime:0.000375s ]
INFO: Run Behavior\ParseTemplate [ RunTime:0.038197s ]
INFO: [ view_parse ] --END-- [ RunTime:0.038467s ]
INFO: [ view_filter ] --START--
INFO: Run Behavior\WriteHtmlCache [ RunTime:0.002962s ]
INFO: [ view_filter ] --END-- [ RunTime:0.003185s ]
INFO: [ app_end ] --START--
INFO: Run Behavior\ShowPageTrace [ RunTime:0.004848s ]
INFO: [ app_end ] --END-- [ RunTime:0.005173s ]

[ 2016-09-20T00:04:05+08:00 ] ::1 /CPS/index.php/Student/Stu/team_manage?student_id=1
INFO: [ app_begin ] --START--
INFO: Run Behavior\ReadHtmlCache [ RunTime:0.005654s ]
INFO: [ app_begin ] --END-- [ RunTime:0.008593s ]
SQL: SHOW COLUMNS FROM `course` [ RunTime:0.027450s ]
SQL: select A.course_name,A.course_id,B.project_name,B.project_status,D.group_id,D.group_manage from course as A,project as B,student_group as D where A.course_id=B.course_id and B.project_id=D.project_id ; [ RunTime:0.001238s ]
SQL: select C.student_id from course as A,project as B,student as C,student_group as D where A.course_id=B.course_id and B.project_id=D.project_id and D.group_id=C.group_id;  [ RunTime:0.001252s ]
INFO: [ view_parse ] --START--
INFO: [ template_filter ] --START--
INFO: Run Behavior\ContentReplace [ RunTime:0.000153s ]
INFO: [ template_filter ] --END-- [ RunTime:0.000379s ]
INFO: Run Behavior\ParseTemplate [ RunTime:0.043547s ]
INFO: [ view_parse ] --END-- [ RunTime:0.043811s ]
INFO: [ view_filter ] --START--
INFO: Run Behavior\WriteHtmlCache [ RunTime:0.003517s ]
INFO: [ view_filter ] --END-- [ RunTime:0.003744s ]
INFO: [ app_end ] --START--
INFO: Run Behavior\ShowPageTrace [ RunTime:0.004607s ]
INFO: [ app_end ] --END-- [ RunTime:0.004858s ]

[ 2016-09-20T00:04:17+08:00 ] ::1 /CPS/index.php/Student/Stu/team_manage?student_id=1
INFO: [ app_begin ] --START--
INFO: Run Behavior\ReadHtmlCache [ RunTime:0.003453s ]
INFO: [ app_begin ] --END-- [ RunTime:0.005726s ]
SQL: SHOW COLUMNS FROM `course` [ RunTime:0.025880s ]
SQL: select A.course_name,A.course_id,B.project_name,B.project_status,D.group_id,D.group_manage from course as A,project as B,student_group as D where A.course_id=B.course_id and B.project_id=D.project_id ; [ RunTime:0.001072s ]
SQL: select C.student_id from course as A,project as B,student as C,student_group as D where A.course_id=B.course_id and B.project_id=D.project_id and D.group_id=C.group_id;  [ RunTime:0.001134s ]
INFO: [ view_parse ] --START--
INFO: [ template_filter ] --START--
INFO: Run Behavior\ContentReplace [ RunTime:0.000155s ]
INFO: [ template_filter ] --END-- [ RunTime:0.000412s ]
INFO: Run Behavior\ParseTemplate [ RunTime:0.041234s ]
INFO: [ view_parse ] --END-- [ RunTime:0.041635s ]
INFO: [ view_filter ] --START--
INFO: Run Behavior\WriteHtmlCache [ RunTime:0.002385s ]
INFO: [ view_filter ] --END-- [ RunTime:0.002594s ]
INFO: [ app_end ] --START--
INFO: Run Behavior\ShowPageTrace [ RunTime:0.004209s ]
INFO: [ app_end ] --END-- [ RunTime:0.004465s ]

[ 2016-09-20T00:04:35+08:00 ] ::1 /CPS/index.php/Student/Stu/team_manage?student_id=1
INFO: [ app_begin ] --START--
INFO: Run Behavior\ReadHtmlCache [ RunTime:0.002400s ]
INFO: [ app_begin ] --END-- [ RunTime:0.004107s ]
SQL: SHOW COLUMNS FROM `course` [ RunTime:0.027458s ]
SQL: select A.course_name,A.course_id,B.project_name,B.project_status,D.group_id,D.group_manage from course as A,project as B,student_group as D where A.course_id=B.course_id and B.project_id=D.project_id ; [ RunTime:0.001039s ]
SQL: select C.student_id from course as A,project as B,student as C,student_group as D where A.course_id=B.course_id and B.project_id=D.project_id and D.group_id=C.group_id;  [ RunTime:0.000937s ]
INFO: [ view_parse ] --START--
INFO: [ template_filter ] --START--
INFO: Run Behavior\ContentReplace [ RunTime:0.000151s ]
INFO: [ template_filter ] --END-- [ RunTime:0.000391s ]
INFO: Run Behavior\ParseTemplate [ RunTime:0.037269s ]
INFO: [ view_parse ] --END-- [ RunTime:0.037554s ]
INFO: [ view_filter ] --START--
INFO: Run Behavior\WriteHtmlCache [ RunTime:0.002090s ]
INFO: [ view_filter ] --END-- [ RunTime:0.002303s ]
INFO: [ app_end ] --START--
INFO: Run Behavior\ShowPageTrace [ RunTime:0.003228s ]
INFO: [ app_end ] --END-- [ RunTime:0.003499s ]

[ 2016-09-20T00:04:52+08:00 ] ::1 /CPS/index.php/Student/Stu/team_manage?student_id=1
INFO: [ app_begin ] --START--
INFO: Run Behavior\ReadHtmlCache [ RunTime:0.005409s ]
INFO: [ app_begin ] --END-- [ RunTime:0.007341s ]
SQL: SHOW COLUMNS FROM `course` [ RunTime:0.026760s ]
SQL: select A.course_name,A.course_id,B.project_name,B.project_status,D.group_id,D.group_manage from course as A,project as B,student_group as D where A.course_id=B.course_id and B.project_id=D.project_id ; [ RunTime:0.001074s ]
SQL: select C.student_id from course as A,project as B,student as C,student_group as D where A.course_id=B.course_id and B.project_id=D.project_id and D.group_id=C.group_id;  [ RunTime:0.001002s ]
INFO: [ view_parse ] --START--
INFO: [ template_filter ] --START--
INFO: Run Behavior\ContentReplace [ RunTime:0.000370s ]
INFO: [ template_filter ] --END-- [ RunTime:0.000636s ]
INFO: Run Behavior\ParseTemplate [ RunTime:0.040724s ]
INFO: [ view_parse ] --END-- [ RunTime:0.041001s ]
INFO: [ view_filter ] --START--
INFO: Run Behavior\WriteHtmlCache [ RunTime:0.004010s ]
INFO: [ view_filter ] --END-- [ RunTime:0.004244s ]
INFO: [ app_end ] --START--
INFO: Run Behavior\ShowPageTrace [ RunTime:0.004685s ]
INFO: [ app_end ] --END-- [ RunTime:0.004939s ]

[ 2016-09-20T00:05:14+08:00 ] ::1 /CPS/index.php/Student/Stu/team_manage?student_id=1
INFO: [ app_begin ] --START--
INFO: Run Behavior\ReadHtmlCache [ RunTime:0.006056s ]
INFO: [ app_begin ] --END-- [ RunTime:0.007844s ]
SQL: SHOW COLUMNS FROM `course` [ RunTime:0.027639s ]
SQL: select A.course_name,A.course_id,B.project_name,B.project_status,D.group_id,D.group_manage from course as A,project as B,student_group as D where A.course_id=B.course_id and B.project_id=D.project_id ; [ RunTime:0.001845s ]
SQL: select C.student_id from course as A,project as B,student as C,student_group as D where A.course_id=B.course_id and B.project_id=D.project_id and D.group_id=C.group_id;  [ RunTime:0.002908s ]
INFO: [ view_parse ] --START--
INFO: [ template_filter ] --START--
INFO: Run Behavior\ContentReplace [ RunTime:0.000169s ]
INFO: [ template_filter ] --END-- [ RunTime:0.000424s ]
INFO: Run Behavior\ParseTemplate [ RunTime:0.047975s ]
INFO: [ view_parse ] --END-- [ RunTime:0.048267s ]
INFO: [ view_filter ] --START--
INFO: Run Behavior\WriteHtmlCache [ RunTime:0.003076s ]
INFO: [ view_filter ] --END-- [ RunTime:0.003306s ]
INFO: [ app_end ] --START--
INFO: Run Behavior\ShowPageTrace [ RunTime:0.006162s ]
INFO: [ app_end ] --END-- [ RunTime:0.006435s ]

[ 2016-09-20T00:05:19+08:00 ] ::1 /CPS/index.php/Student/Stu/team_manage?student_id=1
INFO: [ app_begin ] --START--
INFO: Run Behavior\ReadHtmlCache [ RunTime:0.002996s ]
INFO: [ app_begin ] --END-- [ RunTime:0.005338s ]
SQL: SHOW COLUMNS FROM `course` [ RunTime:0.032384s ]
SQL: select A.course_name,A.course_id,B.project_name,B.project_status,D.group_id,D.group_manage from course as A,project as B,student_group as D where A.course_id=B.course_id and B.project_id=D.project_id ; [ RunTime:0.001131s ]
SQL: select C.student_id from course as A,project as B,student as C,student_group as D where A.course_id=B.course_id and B.project_id=D.project_id and D.group_id=C.group_id;  [ RunTime:0.001168s ]
INFO: [ view_parse ] --START--
INFO: [ template_filter ] --START--
INFO: Run Behavior\ContentReplace [ RunTime:0.000166s ]
INFO: [ template_filter ] --END-- [ RunTime:0.000429s ]
INFO: Run Behavior\ParseTemplate [ RunTime:0.042005s ]
INFO: [ view_parse ] --END-- [ RunTime:0.042259s ]
INFO: [ view_filter ] --START--
INFO: Run Behavior\WriteHtmlCache [ RunTime:0.002466s ]
INFO: [ view_filter ] --END-- [ RunTime:0.002683s ]
INFO: [ app_end ] --START--
INFO: Run Behavior\ShowPageTrace [ RunTime:0.004849s ]
INFO: [ app_end ] --END-- [ RunTime:0.005117s ]

[ 2016-09-20T00:05:23+08:00 ] ::1 /CPS/index.php/Student/Stu/team_manage?student_id=4
INFO: [ app_begin ] --START--
INFO: Run Behavior\ReadHtmlCache [ RunTime:0.002892s ]
INFO: [ app_begin ] --END-- [ RunTime:0.004988s ]
SQL: SHOW COLUMNS FROM `course` [ RunTime:0.026752s ]
SQL: select A.course_name,A.course_id,B.project_name,B.project_status,D.group_id,D.group_manage from course as A,project as B,student_group as D where A.course_id=B.course_id and B.project_id=D.project_id ; [ RunTime:0.001111s ]
SQL: select C.student_id from course as A,project as B,student as C,student_group as D where A.course_id=B.course_id and B.project_id=D.project_id and D.group_id=C.group_id;  [ RunTime:0.000968s ]
INFO: [ view_parse ] --START--
INFO: [ template_filter ] --START--
INFO: Run Behavior\ContentReplace [ RunTime:0.000151s ]
INFO: [ template_filter ] --END-- [ RunTime:0.000380s ]
INFO: Run Behavior\ParseTemplate [ RunTime:0.037712s ]
INFO: [ view_parse ] --END-- [ RunTime:0.037975s ]
INFO: [ view_filter ] --START--
INFO: Run Behavior\WriteHtmlCache [ RunTime:0.002511s ]
INFO: [ view_filter ] --END-- [ RunTime:0.002737s ]
INFO: [ app_end ] --START--
INFO: Run Behavior\ShowPageTrace [ RunTime:0.003374s ]
INFO: [ app_end ] --END-- [ RunTime:0.003631s ]

[ 2016-09-20T00:07:04+08:00 ] ::1 /CPS/index.php/Student/Stu/team_manage?student_id=4
INFO: [ app_begin ] --START--
INFO: Run Behavior\ReadHtmlCache [ RunTime:0.003503s ]
INFO: [ app_begin ] --END-- [ RunTime:0.005353s ]
SQL: SHOW COLUMNS FROM `course` [ RunTime:0.026406s ]
SQL: select A.course_name,A.course_id,B.project_name,B.project_status,D.group_id,D.group_manage from course as A,project as B,student_group as D where A.course_id=B.course_id and B.project_id=D.project_id ; [ RunTime:0.001360s ]
SQL: select C.student_id from course as A,project as B,student as C,student_group as D where A.course_id=B.course_id and B.project_id=D.project_id and D.group_id=C.group_id;  [ RunTime:0.001100s ]
INFO: [ view_parse ] --START--
INFO: [ template_filter ] --START--
INFO: Run Behavior\ContentReplace [ RunTime:0.000153s ]
INFO: [ template_filter ] --END-- [ RunTime:0.000387s ]
INFO: Run Behavior\ParseTemplate [ RunTime:0.038892s ]
INFO: [ view_parse ] --END-- [ RunTime:0.039148s ]
INFO: [ view_filter ] --START--
INFO: Run Behavior\WriteHtmlCache [ RunTime:0.002373s ]
INFO: [ view_filter ] --END-- [ RunTime:0.002602s ]
INFO: [ app_end ] --START--
INFO: Run Behavior\ShowPageTrace [ RunTime:0.003314s ]
INFO: [ app_end ] --END-- [ RunTime:0.003572s ]

[ 2016-09-20T00:07:11+08:00 ] ::1 /CPS/index.php/Student/Stu/team_manage?student_id=1
INFO: [ app_begin ] --START--
INFO: Run Behavior\ReadHtmlCache [ RunTime:0.002792s ]
INFO: [ app_begin ] --END-- [ RunTime:0.004755s ]
SQL: SHOW COLUMNS FROM `course` [ RunTime:0.059713s ]
SQL: select A.course_name,A.course_id,B.project_name,B.project_status,D.group_id,D.group_manage from course as A,project as B,student_group as D where A.course_id=B.course_id and B.project_id=D.project_id ; [ RunTime:0.001128s ]
SQL: select C.student_id from course as A,project as B,student as C,student_group as D where A.course_id=B.course_id and B.project_id=D.project_id and D.group_id=C.group_id;  [ RunTime:0.001045s ]
INFO: [ view_parse ] --START--
INFO: [ template_filter ] --START--
INFO: Run Behavior\ContentReplace [ RunTime:0.000149s ]
INFO: [ template_filter ] --END-- [ RunTime:0.000377s ]
INFO: Run Behavior\ParseTemplate [ RunTime:0.035325s ]
INFO: [ view_parse ] --END-- [ RunTime:0.035596s ]
INFO: [ view_filter ] --START--
INFO: Run Behavior\WriteHtmlCache [ RunTime:0.002254s ]
INFO: [ view_filter ] --END-- [ RunTime:0.002585s ]
INFO: [ app_end ] --START--
INFO: Run Behavior\ShowPageTrace [ RunTime:0.002664s ]
INFO: [ app_end ] --END-- [ RunTime:0.003010s ]

[ 2016-09-20T00:09:30+08:00 ] ::1 /CPS/index.php/Student/Stu/team_manage?student_id=1
INFO: [ app_begin ] --START--
INFO: Run Behavior\ReadHtmlCache [ RunTime:0.002442s ]
INFO: [ app_begin ] --END-- [ RunTime:0.004402s ]
SQL: SHOW COLUMNS FROM `course` [ RunTime:0.026028s ]
SQL: select A.course_name,A.course_id,B.project_name,B.project_status,D.group_id,D.group_manage from course as A,project as B,student_group as D where A.course_id=B.course_id and B.project_id=D.project_id ; [ RunTime:0.001117s ]
SQL: select C.student_id C.student_name from course as A,project as B,student as C,student_group as D where A.course_id=B.course_id and B.project_id=D.project_id and D.group_id=C.group_id;  [ RunTime:0.060675s ]
ERR: 1064:You have an error in your SQL syntax; check the manual that corresponds to your MySQL server version for the right syntax to use near '.student_name from course as A,project as B,student as C,student_group as D wher' at line 1
 [ SQL语句 ] : select C.student_id C.student_name from course as A,project as B,student as C,student_group as D where A.course_id=B.course_id and B.project_id=D.project_id and D.group_id=C.group_id; 
INFO: [ view_parse ] --START--
INFO: [ template_filter ] --START--
INFO: Run Behavior\ContentReplace [ RunTime:0.000151s ]
INFO: [ template_filter ] --END-- [ RunTime:0.000377s ]
INFO: Run Behavior\ParseTemplate [ RunTime:0.035141s ]
INFO: [ view_parse ] --END-- [ RunTime:0.035499s ]
INFO: [ view_filter ] --START--
INFO: Run Behavior\WriteHtmlCache [ RunTime:0.002166s ]
INFO: [ view_filter ] --END-- [ RunTime:0.002393s ]
INFO: [ app_end ] --START--
INFO: Run Behavior\ShowPageTrace [ RunTime:0.002358s ]
INFO: [ app_end ] --END-- [ RunTime:0.002591s ]

[ 2016-09-20T00:09:40+08:00 ] ::1 /CPS/index.php/Student/Stu/team_manage?student_id=1
INFO: [ app_begin ] --START--
INFO: Run Behavior\ReadHtmlCache [ RunTime:0.002832s ]
INFO: [ app_begin ] --END-- [ RunTime:0.004649s ]
SQL: SHOW COLUMNS FROM `course` [ RunTime:0.026207s ]
SQL: select A.course_name,A.course_id,B.project_name,B.project_status,D.group_id,D.group_manage from course as A,project as B,student_group as D where A.course_id=B.course_id and B.project_id=D.project_id ; [ RunTime:0.001272s ]
SQL: select C.student_id C.student_name from course as A,project as B,student as C,student_group as D where A.course_id=B.course_id and B.project_id=D.project_id and D.group_id=C.group_id;  [ RunTime:0.000590s ]
ERR: 1064:You have an error in your SQL syntax; check the manual that corresponds to your MySQL server version for the right syntax to use near '.student_name from course as A,project as B,student as C,student_group as D wher' at line 1
 [ SQL语句 ] : select C.student_id C.student_name from course as A,project as B,student as C,student_group as D where A.course_id=B.course_id and B.project_id=D.project_id and D.group_id=C.group_id; 
INFO: [ view_parse ] --START--
INFO: [ template_filter ] --START--
INFO: Run Behavior\ContentReplace [ RunTime:0.000152s ]
INFO: [ template_filter ] --END-- [ RunTime:0.000379s ]
INFO: Run Behavior\ParseTemplate [ RunTime:0.039288s ]
INFO: [ view_parse ] --END-- [ RunTime:0.039542s ]
INFO: [ view_filter ] --START--
INFO: Run Behavior\WriteHtmlCache [ RunTime:0.002443s ]
INFO: [ view_filter ] --END-- [ RunTime:0.002682s ]
INFO: [ app_end ] --START--
INFO: Run Behavior\ShowPageTrace [ RunTime:0.003174s ]
INFO: [ app_end ] --END-- [ RunTime:0.003407s ]

[ 2016-09-20T00:09:57+08:00 ] ::1 /CPS/index.php/Student/Stu/team_manage?student_id=1
INFO: [ app_begin ] --START--
INFO: Run Behavior\ReadHtmlCache [ RunTime:0.002352s ]
INFO: [ app_begin ] --END-- [ RunTime:0.004090s ]
SQL: SHOW COLUMNS FROM `course` [ RunTime:0.026124s ]
SQL: select A.course_name,A.course_id,B.project_name,B.project_status,D.group_id,D.group_manage from course as A,project as B,student_group as D where A.course_id=B.course_id and B.project_id=D.project_id ; [ RunTime:0.001038s ]
SQL: select C.student_id,C.student_name from course as A,project as B,student as C,student_group as D where A.course_id=B.course_id and B.project_id=D.project_id and D.group_id=C.group_id;  [ RunTime:0.000928s ]
INFO: [ view_parse ] --START--
INFO: [ template_filter ] --START--
INFO: Run Behavior\ContentReplace [ RunTime:0.000152s ]
INFO: [ template_filter ] --END-- [ RunTime:0.000384s ]
INFO: Run Behavior\ParseTemplate [ RunTime:0.034473s ]
INFO: [ view_parse ] --END-- [ RunTime:0.034727s ]
INFO: [ view_filter ] --START--
INFO: Run Behavior\WriteHtmlCache [ RunTime:0.002648s ]
INFO: [ view_filter ] --END-- [ RunTime:0.002862s ]
INFO: [ app_end ] --START--
INFO: Run Behavior\ShowPageTrace [ RunTime:0.004192s ]
INFO: [ app_end ] --END-- [ RunTime:0.004581s ]

[ 2016-09-20T00:10:04+08:00 ] ::1 /CPS/index.php/Student/Stu/team_manage?student_id=1
INFO: [ app_begin ] --START--
INFO: Run Behavior\ReadHtmlCache [ RunTime:0.001816s ]
INFO: [ app_begin ] --END-- [ RunTime:0.003822s ]
SQL: SHOW COLUMNS FROM `course` [ RunTime:0.025512s ]
SQL: select A.course_name,A.course_id,B.project_name,B.project_status,D.group_id,D.group_manage from course as A,project as B,student_group as D where A.course_id=B.course_id and B.project_id=D.project_id ; [ RunTime:0.001188s ]
SQL: select C.student_id,C.student_name from course as A,project as B,student as C,student_group as D where A.course_id=B.course_id and B.project_id=D.project_id and D.group_id=C.group_id;  [ RunTime:0.001239s ]
INFO: [ view_parse ] --START--
INFO: [ template_filter ] --START--
INFO: Run Behavior\ContentReplace [ RunTime:0.000149s ]
INFO: [ template_filter ] --END-- [ RunTime:0.000378s ]
INFO: Run Behavior\ParseTemplate [ RunTime:0.032601s ]
INFO: [ view_parse ] --END-- [ RunTime:0.032845s ]
INFO: [ view_filter ] --START--
INFO: Run Behavior\WriteHtmlCache [ RunTime:0.001858s ]
INFO: [ view_filter ] --END-- [ RunTime:0.002064s ]
INFO: [ app_end ] --START--
INFO: Run Behavior\ShowPageTrace [ RunTime:0.004014s ]
INFO: [ app_end ] --END-- [ RunTime:0.004284s ]

[ 2016-09-20T00:10:38+08:00 ] ::1 /CPS/index.php/Student/Stu/team_manage?student_id=1
INFO: [ app_begin ] --START--
INFO: Run Behavior\ReadHtmlCache [ RunTime:0.001929s ]
INFO: [ app_begin ] --END-- [ RunTime:0.005492s ]
SQL: SHOW COLUMNS FROM `course` [ RunTime:0.026063s ]
SQL: select A.course_name,A.course_id,B.project_name,B.project_status,D.group_id,D.group_manage from course as A,project as B,student_group as D where A.course_id=B.course_id and B.project_id=D.project_id ; [ RunTime:0.001086s ]
SQL: select C.student_id,C.student_name from course as A,project as B,student as C,student_group as D where A.course_id=B.course_id and B.project_id=D.project_id and D.group_id=C.group_id;  [ RunTime:0.000935s ]
INFO: [ view_parse ] --START--
INFO: [ template_filter ] --START--
INFO: Run Behavior\ContentReplace [ RunTime:0.000156s ]
INFO: [ template_filter ] --END-- [ RunTime:0.000393s ]
INFO: Run Behavior\ParseTemplate [ RunTime:0.032721s ]
INFO: [ view_parse ] --END-- [ RunTime:0.032965s ]
INFO: [ view_filter ] --START--
INFO: Run Behavior\WriteHtmlCache [ RunTime:0.001259s ]
INFO: [ view_filter ] --END-- [ RunTime:0.001471s ]
INFO: [ app_end ] --START--
INFO: Run Behavior\ShowPageTrace [ RunTime:0.002130s ]
INFO: [ app_end ] --END-- [ RunTime:0.002397s ]

[ 2016-09-20T00:18:34+08:00 ] ::1 /CPS/index.php/Student/Stu/course_info
INFO: [ app_begin ] --START--
INFO: Run Behavior\ReadHtmlCache [ RunTime:0.003376s ]
INFO: [ app_begin ] --END-- [ RunTime:0.005337s ]
SQL: SHOW COLUMNS FROM `course` [ RunTime:0.056449s ]
SQL: SELECT * FROM `course`  [ RunTime:0.000948s ]
INFO: [ view_parse ] --START--
INFO: [ template_filter ] --START--
INFO: Run Behavior\ContentReplace [ RunTime:0.000111s ]
INFO: [ template_filter ] --END-- [ RunTime:0.000350s ]
INFO: Run Behavior\ParseTemplate [ RunTime:0.031375s ]
INFO: [ view_parse ] --END-- [ RunTime:0.031671s ]
INFO: [ view_filter ] --START--
INFO: Run Behavior\WriteHtmlCache [ RunTime:0.002839s ]
INFO: [ view_filter ] --END-- [ RunTime:0.003065s ]
INFO: [ app_end ] --START--
INFO: Run Behavior\ShowPageTrace [ RunTime:0.003338s ]
INFO: [ app_end ] --END-- [ RunTime:0.003587s ]

[ 2016-09-20T00:18:37+08:00 ] ::1 /CPS/index.php/Student/Stu/myproject.html
INFO: [ app_begin ] --START--
INFO: Run Behavior\ReadHtmlCache [ RunTime:0.003240s ]
INFO: [ app_begin ] --END-- [ RunTime:0.005046s ]
INFO: [ view_parse ] --START--
INFO: [ template_filter ] --START--
INFO: Run Behavior\ContentReplace [ RunTime:0.000149s ]
INFO: [ template_filter ] --END-- [ RunTime:0.000435s ]
INFO: Run Behavior\ParseTemplate [ RunTime:0.030125s ]
INFO: [ view_parse ] --END-- [ RunTime:0.030424s ]
INFO: [ view_filter ] --START--
INFO: Run Behavior\WriteHtmlCache [ RunTime:0.002691s ]
INFO: [ view_filter ] --END-- [ RunTime:0.002922s ]
INFO: [ app_end ] --START--
INFO: Run Behavior\ShowPageTrace [ RunTime:0.003745s ]
INFO: [ app_end ] --END-- [ RunTime:0.004111s ]

[ 2016-09-20T00:18:57+08:00 ] ::1 /CPS/index.php/Student/Stu/team_manage.html
INFO: [ app_begin ] --START--
INFO: Run Behavior\ReadHtmlCache [ RunTime:0.003238s ]
INFO: [ app_begin ] --END-- [ RunTime:0.005428s ]
SQL: SHOW COLUMNS FROM `course` [ RunTime:0.028973s ]
SQL: select A.course_name,A.course_id,B.project_name,B.project_status,D.group_id,D.group_manage from course as A,project as B,student_group as D where A.course_id=B.course_id and B.project_id=D.project_id ; [ RunTime:0.001262s ]
SQL: select C.student_id,C.student_name from course as A,project as B,student as C,student_group as D where A.course_id=B.course_id and B.project_id=D.project_id and D.group_id=C.group_id;  [ RunTime:0.001339s ]
INFO: [ view_parse ] --START--
INFO: [ template_filter ] --START--
INFO: Run Behavior\ContentReplace [ RunTime:0.000172s ]
INFO: [ template_filter ] --END-- [ RunTime:0.000428s ]
INFO: Run Behavior\ParseTemplate [ RunTime:0.040182s ]
INFO: [ view_parse ] --END-- [ RunTime:0.040462s ]
INFO: [ view_filter ] --START--
INFO: Run Behavior\WriteHtmlCache [ RunTime:0.002432s ]
INFO: [ view_filter ] --END-- [ RunTime:0.002658s ]
INFO: [ app_end ] --START--
INFO: Run Behavior\ShowPageTrace [ RunTime:0.004028s ]
INFO: [ app_end ] --END-- [ RunTime:0.004494s ]

[ 2016-09-20T00:19:02+08:00 ] ::1 /CPS/index.php/Student/Stu/team_manage?student_id=1-%E6%B0%B4%E7%94%B5%E8%B4%B9
INFO: [ app_begin ] --START--
INFO: Run Behavior\ReadHtmlCache [ RunTime:0.003250s ]
INFO: [ app_begin ] --END-- [ RunTime:0.005166s ]
SQL: SHOW COLUMNS FROM `course` [ RunTime:0.028410s ]
SQL: select A.course_name,A.course_id,B.project_name,B.project_status,D.group_id,D.group_manage from course as A,project as B,student_group as D where A.course_id=B.course_id and B.project_id=D.project_id ; [ RunTime:0.001087s ]
SQL: select C.student_id,C.student_name from course as A,project as B,student as C,student_group as D where A.course_id=B.course_id and B.project_id=D.project_id and D.group_id=C.group_id;  [ RunTime:0.001196s ]
INFO: [ view_parse ] --START--
INFO: [ template_filter ] --START--
INFO: Run Behavior\ContentReplace [ RunTime:0.000173s ]
INFO: [ template_filter ] --END-- [ RunTime:0.000430s ]
INFO: Run Behavior\ParseTemplate [ RunTime:0.039676s ]
INFO: [ view_parse ] --END-- [ RunTime:0.039963s ]
INFO: [ view_filter ] --START--
INFO: Run Behavior\WriteHtmlCache [ RunTime:0.002646s ]
INFO: [ view_filter ] --END-- [ RunTime:0.002876s ]
INFO: [ app_end ] --START--
INFO: Run Behavior\ShowPageTrace [ RunTime:0.003233s ]
INFO: [ app_end ] --END-- [ RunTime:0.003514s ]

[ 2016-09-20T12:39:25+08:00 ] ::1 /CPS/index.php/Student/Stu/course_info
INFO: [ app_begin ] --START--
INFO: Run Behavior\ReadHtmlCache [ RunTime:0.004453s ]
INFO: [ app_begin ] --END-- [ RunTime:0.006467s ]
SQL: SHOW COLUMNS FROM `course` [ RunTime:0.044781s ]
SQL: SELECT * FROM `course`  [ RunTime:0.000919s ]
INFO: [ view_parse ] --START--
INFO: [ template_filter ] --START--
INFO: Run Behavior\ContentReplace [ RunTime:0.000111s ]
INFO: [ template_filter ] --END-- [ RunTime:0.000354s ]
INFO: Run Behavior\ParseTemplate [ RunTime:0.022339s ]
INFO: [ view_parse ] --END-- [ RunTime:0.022646s ]
INFO: [ view_filter ] --START--
INFO: Run Behavior\WriteHtmlCache [ RunTime:0.001855s ]
INFO: [ view_filter ] --END-- [ RunTime:0.002070s ]
INFO: [ app_end ] --START--
INFO: Run Behavior\ShowPageTrace [ RunTime:0.002335s ]
INFO: [ app_end ] --END-- [ RunTime:0.002559s ]

[ 2016-09-20T12:39:27+08:00 ] ::1 /CPS/index.php/Student/Stu/myproject.html
INFO: [ app_begin ] --START--
INFO: Run Behavior\ReadHtmlCache [ RunTime:0.001811s ]
INFO: [ app_begin ] --END-- [ RunTime:0.003356s ]
INFO: [ view_parse ] --START--
INFO: [ template_filter ] --START--
INFO: Run Behavior\ContentReplace [ RunTime:0.000135s ]
INFO: [ template_filter ] --END-- [ RunTime:0.000356s ]
INFO: Run Behavior\ParseTemplate [ RunTime:0.018684s ]
INFO: [ view_parse ] --END-- [ RunTime:0.018959s ]
INFO: [ view_filter ] --START--
INFO: Run Behavior\WriteHtmlCache [ RunTime:0.001467s ]
INFO: [ view_filter ] --END-- [ RunTime:0.001719s ]
INFO: [ app_end ] --START--
INFO: Run Behavior\ShowPageTrace [ RunTime:0.001906s ]
INFO: [ app_end ] --END-- [ RunTime:0.002129s ]

[ 2016-09-20T12:39:33+08:00 ] ::1 /CPS/index.php/Student/Stu/team_manage.html
INFO: [ app_begin ] --START--
INFO: Run Behavior\ReadHtmlCache [ RunTime:0.001799s ]
INFO: [ app_begin ] --END-- [ RunTime:0.003347s ]
SQL: SHOW COLUMNS FROM `course` [ RunTime:0.013624s ]
SQL: select A.course_name,A.course_id,B.project_name,B.project_status,D.group_id,D.group_manage from course as A,project as B,student_group as D where A.course_id=B.course_id and B.project_id=D.project_id ; [ RunTime:0.073547s ]
SQL: select C.student_id,C.student_name from course as A,project as B,student as C,student_group as D where A.course_id=B.course_id and B.project_id=D.project_id and D.group_id=C.group_id;  [ RunTime:0.025516s ]
INFO: [ view_parse ] --START--
INFO: [ template_filter ] --START--
INFO: Run Behavior\ContentReplace [ RunTime:0.000154s ]
INFO: [ template_filter ] --END-- [ RunTime:0.000384s ]
INFO: Run Behavior\ParseTemplate [ RunTime:0.028802s ]
INFO: [ view_parse ] --END-- [ RunTime:0.029053s ]
INFO: [ view_filter ] --START--
INFO: Run Behavior\WriteHtmlCache [ RunTime:0.001306s ]
INFO: [ view_filter ] --END-- [ RunTime:0.001516s ]
INFO: [ app_end ] --START--
INFO: Run Behavior\ShowPageTrace [ RunTime:0.002128s ]
INFO: [ app_end ] --END-- [ RunTime:0.002387s ]

[ 2016-09-20T12:39:34+08:00 ] ::1 /CPS/index.php/Student/Stu/myproject.html
INFO: [ app_begin ] --START--
INFO: Run Behavior\ReadHtmlCache [ RunTime:0.002049s ]
INFO: [ app_begin ] --END-- [ RunTime:0.003713s ]
INFO: [ view_parse ] --START--
INFO: [ template_filter ] --START--
INFO: Run Behavior\ContentReplace [ RunTime:0.000134s ]
INFO: [ template_filter ] --END-- [ RunTime:0.000364s ]
INFO: Run Behavior\ParseTemplate [ RunTime:0.018558s ]
INFO: [ view_parse ] --END-- [ RunTime:0.018837s ]
INFO: [ view_filter ] --START--
INFO: Run Behavior\WriteHtmlCache [ RunTime:0.001271s ]
INFO: [ view_filter ] --END-- [ RunTime:0.001486s ]
INFO: [ app_end ] --START--
INFO: Run Behavior\ShowPageTrace [ RunTime:0.001829s ]
INFO: [ app_end ] --END-- [ RunTime:0.002045s ]

[ 2016-09-20T12:41:48+08:00 ] ::1 /CPS/index.php/Student/Stu/myproject.html
INFO: [ app_begin ] --START--
INFO: Run Behavior\ReadHtmlCache [ RunTime:0.002382s ]
INFO: [ app_begin ] --END-- [ RunTime:0.004081s ]
INFO: [ view_parse ] --START--
INFO: [ template_filter ] --START--
INFO: Run Behavior\ContentReplace [ RunTime:0.000135s ]
INFO: [ template_filter ] --END-- [ RunTime:0.000365s ]
INFO: Run Behavior\ParseTemplate [ RunTime:0.021104s ]
INFO: [ view_parse ] --END-- [ RunTime:0.021395s ]
INFO: [ view_filter ] --START--
INFO: Run Behavior\WriteHtmlCache [ RunTime:0.001630s ]
INFO: [ view_filter ] --END-- [ RunTime:0.001841s ]
INFO: [ app_end ] --START--
INFO: Run Behavior\ShowPageTrace [ RunTime:0.002559s ]
INFO: [ app_end ] --END-- [ RunTime:0.002787s ]

[ 2016-09-20T12:42:18+08:00 ] ::1 /CPS/index.php/Student/Stu/team_manage.html
INFO: [ app_begin ] --START--
INFO: Run Behavior\ReadHtmlCache [ RunTime:0.004020s ]
INFO: [ app_begin ] --END-- [ RunTime:0.005882s ]
SQL: SHOW COLUMNS FROM `course` [ RunTime:0.019716s ]
SQL: select A.course_name,A.course_id,B.project_name,B.project_status,D.group_id,D.group_manage from course as A,project as B,student_group as D where A.course_id=B.course_id and B.project_id=D.project_id ; [ RunTime:0.001062s ]
SQL: select C.student_id,C.student_name from course as A,project as B,student as C,student_group as D where A.course_id=B.course_id and B.project_id=D.project_id and D.group_id=C.group_id;  [ RunTime:0.001009s ]
INFO: [ view_parse ] --START--
INFO: [ template_filter ] --START--
INFO: Run Behavior\ContentReplace [ RunTime:0.000154s ]
INFO: [ template_filter ] --END-- [ RunTime:0.000381s ]
INFO: Run Behavior\ParseTemplate [ RunTime:0.034282s ]
INFO: [ view_parse ] --END-- [ RunTime:0.034743s ]
INFO: [ view_filter ] --START--
INFO: Run Behavior\WriteHtmlCache [ RunTime:0.001954s ]
INFO: [ view_filter ] --END-- [ RunTime:0.002188s ]
INFO: [ app_end ] --START--
INFO: Run Behavior\ShowPageTrace [ RunTime:0.002547s ]
INFO: [ app_end ] --END-- [ RunTime:0.002800s ]

[ 2016-09-20T12:47:48+08:00 ] ::1 /CPS/index.php/Student/Stu/team_manage.html
INFO: [ app_begin ] --START--
INFO: Run Behavior\ReadHtmlCache [ RunTime:0.002443s ]
INFO: [ app_begin ] --END-- [ RunTime:0.004123s ]
SQL: SHOW COLUMNS FROM `course` [ RunTime:0.013918s ]
SQL: select A.course_name,A.course_id,B.project_name,B.project_status,D.group_id,D.group_manage from course as A,project as B,student_group as D where A.course_id=B.course_id and B.project_id=D.project_id ; [ RunTime:0.001428s ]
SQL: select C.student_id,C.student_name from course as A,project as B,student as C,student_group as D where A.course_id=B.course_id and B.project_id=D.project_id and D.group_id=C.group_id;  [ RunTime:0.001494s ]
INFO: [ view_parse ] --START--
INFO: [ template_filter ] --START--
INFO: Run Behavior\ContentReplace [ RunTime:0.000177s ]
INFO: [ template_filter ] --END-- [ RunTime:0.000503s ]
INFO: Run Behavior\ParseTemplate [ RunTime:0.031554s ]
INFO: [ view_parse ] --END-- [ RunTime:0.031822s ]
INFO: [ view_filter ] --START--
INFO: Run Behavior\WriteHtmlCache [ RunTime:0.001694s ]
INFO: [ view_filter ] --END-- [ RunTime:0.001949s ]
INFO: [ app_end ] --START--
INFO: Run Behavior\ShowPageTrace [ RunTime:0.002795s ]
INFO: [ app_end ] --END-- [ RunTime:0.003051s ]

