[ 2016-09-25T09:48:39+08:00 ] ::1 /CPS/index.php/Student/Stu/course_info
INFO: [ app_begin ] --START--
INFO: Run Behavior\ReadHtmlCache [ RunTime:0.012914s ]
INFO: [ app_begin ] --END-- [ RunTime:0.042358s ]
SQL: SHOW COLUMNS FROM `course` [ RunTime:0.050384s ]
SQL: SELECT * FROM `course`  [ RunTime:0.010895s ]
INFO: [ view_parse ] --START--
INFO: [ template_filter ] --START--
INFO: Run Behavior\ContentReplace [ RunTime:0.000103s ]
INFO: [ template_filter ] --END-- [ RunTime:0.000320s ]
INFO: Run Behavior\ParseTemplate [ RunTime:0.047979s ]
INFO: [ view_parse ] --END-- [ RunTime:0.048287s ]
INFO: [ view_filter ] --START--
INFO: Run Behavior\WriteHtmlCache [ RunTime:0.036788s ]
INFO: [ view_filter ] --END-- [ RunTime:0.037008s ]
INFO: [ app_end ] --START--
INFO: Run Behavior\ShowPageTrace [ RunTime:0.022341s ]
INFO: [ app_end ] --END-- [ RunTime:0.022556s ]

[ 2016-09-25T09:53:07+08:00 ] ::1 /CPS/index.php/Student/Stu/project_info/course_id/1
INFO: [ app_begin ] --START--
INFO: Run Behavior\ReadHtmlCache [ RunTime:0.001725s ]
INFO: [ app_begin ] --END-- [ RunTime:0.002993s ]
SQL: SHOW COLUMNS FROM `course` [ RunTime:0.008434s ]
SQL: select A.course_name,A.course_id,B.project_name,B.project_id,B.teacher_id from course as A,project as B where A.course_id=B.course_id and B.course_id=1 [ RunTime:0.063635s ]
INFO: [ view_parse ] --START--
INFO: [ template_filter ] --START--
INFO: Run Behavior\ContentReplace [ RunTime:0.000114s ]
INFO: [ template_filter ] --END-- [ RunTime:0.000315s ]
INFO: Run Behavior\ParseTemplate [ RunTime:0.020199s ]
INFO: [ view_parse ] --END-- [ RunTime:0.020439s ]
INFO: [ view_filter ] --START--
INFO: Run Behavior\WriteHtmlCache [ RunTime:0.001089s ]
INFO: [ view_filter ] --END-- [ RunTime:0.001287s ]
INFO: [ app_end ] --START--
INFO: Run Behavior\ShowPageTrace [ RunTime:0.001603s ]
INFO: [ app_end ] --END-- [ RunTime:0.001801s ]

[ 2016-09-25T09:53:10+08:00 ] ::1 /CPS/index.php/Student/Stu/team_manage
INFO: [ app_begin ] --START--
INFO: Run Behavior\ReadHtmlCache [ RunTime:0.001327s ]
INFO: [ app_begin ] --END-- [ RunTime:0.002491s ]
SQL: SHOW COLUMNS FROM `course` [ RunTime:0.007949s ]
SQL: select A.course_name,A.course_id,B.project_name,B.project_status,D.group_id,D.group_manage from course as A,project as B,student_group as D where A.course_id=B.course_id and B.project_id=D.project_id group by D.group_id ; [ RunTime:0.053694s ]
SQL: select student_id,student_name from student where group_id = 1 [ RunTime:0.029247s ]
SQL: select student_id,student_name from student where group_id = 2 [ RunTime:0.000720s ]
SQL: select student_id,student_name from student where group_id = 3 [ RunTime:0.000682s ]
INFO: [ view_parse ] --START--
INFO: [ template_filter ] --START--
INFO: Run Behavior\ContentReplace [ RunTime:0.000124s ]
INFO: [ template_filter ] --END-- [ RunTime:0.000323s ]
INFO: Run Behavior\ParseTemplate [ RunTime:0.020996s ]
INFO: [ view_parse ] --END-- [ RunTime:0.021217s ]
INFO: [ view_filter ] --START--
INFO: Run Behavior\WriteHtmlCache [ RunTime:0.000913s ]
INFO: [ view_filter ] --END-- [ RunTime:0.001120s ]
INFO: [ app_end ] --START--
INFO: Run Behavior\ShowPageTrace [ RunTime:0.001460s ]
INFO: [ app_end ] --END-- [ RunTime:0.001658s ]

[ 2016-09-25T09:53:13+08:00 ] ::1 /CPS/index.php/Student/Stu/myteam
INFO: [ app_begin ] --START--
INFO: Run Behavior\ReadHtmlCache [ RunTime:0.001439s ]
INFO: [ app_begin ] --END-- [ RunTime:0.002586s ]
INFO: [ view_parse ] --START--
INFO: [ template_filter ] --START--
INFO: Run Behavior\ContentReplace [ RunTime:0.000388s ]
INFO: [ template_filter ] --END-- [ RunTime:0.001059s ]
INFO: Run Behavior\ParseTemplate [ RunTime:0.016548s ]
INFO: [ view_parse ] --END-- [ RunTime:0.016775s ]
INFO: [ view_filter ] --START--
INFO: Run Behavior\WriteHtmlCache [ RunTime:0.000909s ]
INFO: [ view_filter ] --END-- [ RunTime:0.001112s ]
INFO: [ app_end ] --START--
INFO: Run Behavior\ShowPageTrace [ RunTime:0.001810s ]
INFO: [ app_end ] --END-- [ RunTime:0.002039s ]

[ 2016-09-25T09:53:16+08:00 ] ::1 /CPS/index.php/Student/Stu/myproject
INFO: [ app_begin ] --START--
INFO: Run Behavior\ReadHtmlCache [ RunTime:0.001388s ]
INFO: [ app_begin ] --END-- [ RunTime:0.002665s ]
SQL: SHOW COLUMNS FROM `course` [ RunTime:0.009040s ]
SQL: select  A.course_name,A.course_id,B.project_name,B.project_id,B.teacher_id,B.project_status from course as A,project as B where A.course_id=B.course_id  [ RunTime:0.001692s ]
INFO: [ view_parse ] --START--
INFO: [ template_filter ] --START--
INFO: Run Behavior\ContentReplace [ RunTime:0.000116s ]
INFO: [ template_filter ] --END-- [ RunTime:0.000342s ]
INFO: Run Behavior\ParseTemplate [ RunTime:0.019234s ]
INFO: [ view_parse ] --END-- [ RunTime:0.019477s ]
INFO: [ view_filter ] --START--
INFO: Run Behavior\WriteHtmlCache [ RunTime:0.000911s ]
INFO: [ view_filter ] --END-- [ RunTime:0.001102s ]
INFO: [ app_end ] --START--
INFO: Run Behavior\ShowPageTrace [ RunTime:0.001452s ]
INFO: [ app_end ] --END-- [ RunTime:0.001649s ]

[ 2016-09-25T09:54:13+08:00 ] ::1 /CPS/index.php/Student/Stu/team_manage
INFO: [ app_begin ] --START--
INFO: Run Behavior\ReadHtmlCache [ RunTime:0.001348s ]
INFO: [ app_begin ] --END-- [ RunTime:0.002475s ]
SQL: SHOW COLUMNS FROM `course` [ RunTime:0.008073s ]
SQL: select A.course_name,A.course_id,B.project_name,B.project_status,D.group_id,D.group_manage from course as A,project as B,student_group as D where A.course_id=B.course_id and B.project_id=D.project_id group by D.group_id ; [ RunTime:0.007703s ]
SQL: select student_id,student_name from student where group_id = 1 [ RunTime:0.000780s ]
SQL: select student_id,student_name from student where group_id = 2 [ RunTime:0.000706s ]
SQL: select student_id,student_name from student where group_id = 3 [ RunTime:0.000668s ]
INFO: [ view_parse ] --START--
INFO: [ template_filter ] --START--
INFO: Run Behavior\ContentReplace [ RunTime:0.000124s ]
INFO: [ template_filter ] --END-- [ RunTime:0.000321s ]
INFO: Run Behavior\ParseTemplate [ RunTime:0.020684s ]
INFO: [ view_parse ] --END-- [ RunTime:0.020898s ]
INFO: [ view_filter ] --START--
INFO: Run Behavior\WriteHtmlCache [ RunTime:0.000982s ]
INFO: [ view_filter ] --END-- [ RunTime:0.001182s ]
INFO: [ app_end ] --START--
INFO: Run Behavior\ShowPageTrace [ RunTime:0.001498s ]
INFO: [ app_end ] --END-- [ RunTime:0.001699s ]

[ 2016-09-25T09:54:54+08:00 ] ::1 /CPS/index.php/Student/Stu/teamMember/group_id/1
INFO: [ app_begin ] --START--
INFO: Run Behavior\ReadHtmlCache [ RunTime:0.001345s ]
INFO: [ app_begin ] --END-- [ RunTime:0.002482s ]
SQL: SHOW COLUMNS FROM `course` [ RunTime:0.008180s ]
SQL: select A.course_name,A.course_id,B.project_name,B.project_status,D.group_id,D.group_manage from course as A,project as B,student_group as D where A.course_id=B.course_id and B.project_id=D.project_id and D.group_id = 1 [ RunTime:0.001024s ]
SQL: select student_id,student_name from student where group_id = 1 [ RunTime:0.000740s ]
INFO: [ view_parse ] --START--
INFO: [ template_filter ] --START--
INFO: Run Behavior\ContentReplace [ RunTime:0.000106s ]
INFO: [ template_filter ] --END-- [ RunTime:0.000317s ]
INFO: Run Behavior\ParseTemplate [ RunTime:0.018629s ]
INFO: [ view_parse ] --END-- [ RunTime:0.018856s ]
INFO: [ view_filter ] --START--
INFO: Run Behavior\WriteHtmlCache [ RunTime:0.000900s ]
INFO: [ view_filter ] --END-- [ RunTime:0.001102s ]
INFO: [ app_end ] --START--
INFO: Run Behavior\ShowPageTrace [ RunTime:0.001654s ]
INFO: [ app_end ] --END-- [ RunTime:0.001930s ]

[ 2016-09-25T09:58:03+08:00 ] ::1 /CPS/index.php/Student/Stu/myproject
INFO: [ app_begin ] --START--
INFO: Run Behavior\ReadHtmlCache [ RunTime:0.001696s ]
INFO: [ app_begin ] --END-- [ RunTime:0.002899s ]
SQL: SHOW COLUMNS FROM `course` [ RunTime:0.009472s ]
SQL: select  A.course_name,A.course_id,B.project_name,B.project_id,B.teacher_id,B.project_status from course as A,project as B where A.course_id=B.course_id  [ RunTime:0.001265s ]
INFO: [ view_parse ] --START--
INFO: [ template_filter ] --START--
INFO: Run Behavior\ContentReplace [ RunTime:0.000102s ]
INFO: [ template_filter ] --END-- [ RunTime:0.000317s ]
INFO: Run Behavior\ParseTemplate [ RunTime:0.019330s ]
INFO: [ view_parse ] --END-- [ RunTime:0.019603s ]
INFO: [ view_filter ] --START--
INFO: Run Behavior\WriteHtmlCache [ RunTime:0.001169s ]
INFO: [ view_filter ] --END-- [ RunTime:0.001367s ]
INFO: [ app_end ] --START--
INFO: Run Behavior\ShowPageTrace [ RunTime:0.001643s ]
INFO: [ app_end ] --END-- [ RunTime:0.001842s ]

[ 2016-09-25T16:55:59+08:00 ] ::1 /CPS/index.php/Student/Stu/course_info
INFO: [ app_begin ] --START--
INFO: Run Behavior\ReadHtmlCache [ RunTime:0.001832s ]
INFO: [ app_begin ] --END-- [ RunTime:0.003213s ]
SQL: SHOW COLUMNS FROM `course` [ RunTime:0.013786s ]
SQL: SELECT * FROM `course`  [ RunTime:0.001010s ]
INFO: [ view_parse ] --START--
INFO: [ template_filter ] --START--
INFO: Run Behavior\ContentReplace [ RunTime:0.000101s ]
INFO: [ template_filter ] --END-- [ RunTime:0.000320s ]
INFO: Run Behavior\ParseTemplate [ RunTime:0.019826s ]
INFO: [ view_parse ] --END-- [ RunTime:0.020087s ]
INFO: [ view_filter ] --START--
INFO: Run Behavior\WriteHtmlCache [ RunTime:0.001474s ]
INFO: [ view_filter ] --END-- [ RunTime:0.001701s ]
NOTIC: [2] Cannot modify header information - headers already sent by (output started at F:\web\ThinkPHP\Common\functions.php:682) F:\web\ThinkPHP\Library\Think\View.class.php 第 91 行.
NOTIC: [2] Cannot modify header information - headers already sent by (output started at F:\web\ThinkPHP\Common\functions.php:682) F:\web\ThinkPHP\Library\Think\View.class.php 第 92 行.
NOTIC: [2] Cannot modify header information - headers already sent by (output started at F:\web\ThinkPHP\Common\functions.php:682) F:\web\ThinkPHP\Library\Think\View.class.php 第 93 行.
INFO: [ app_end ] --START--
INFO: Run Behavior\ShowPageTrace [ RunTime:0.002305s ]
INFO: [ app_end ] --END-- [ RunTime:0.002531s ]

[ 2016-09-25T16:56:15+08:00 ] ::1 /CPS/index.php/Student/Stu/course_info
INFO: [ app_begin ] --START--
INFO: Run Behavior\ReadHtmlCache [ RunTime:0.002097s ]
INFO: [ app_begin ] --END-- [ RunTime:0.003571s ]
SQL: SHOW COLUMNS FROM `course` [ RunTime:0.013016s ]
SQL: SELECT * FROM `course`  [ RunTime:0.000941s ]
INFO: [ view_parse ] --START--
INFO: [ template_filter ] --START--
INFO: Run Behavior\ContentReplace [ RunTime:0.000112s ]
INFO: [ template_filter ] --END-- [ RunTime:0.000367s ]
INFO: Run Behavior\ParseTemplate [ RunTime:0.019508s ]
INFO: [ view_parse ] --END-- [ RunTime:0.019873s ]
INFO: [ view_filter ] --START--
INFO: Run Behavior\WriteHtmlCache [ RunTime:0.001739s ]
INFO: [ view_filter ] --END-- [ RunTime:0.001959s ]
INFO: [ app_end ] --START--
INFO: Run Behavior\ShowPageTrace [ RunTime:0.001965s ]
INFO: [ app_end ] --END-- [ RunTime:0.002203s ]

[ 2016-09-25T16:57:33+08:00 ] ::1 /CPS/index.php/Student/Stu/course_info
INFO: [ app_begin ] --START--
INFO: Run Behavior\ReadHtmlCache [ RunTime:0.001917s ]
INFO: [ app_begin ] --END-- [ RunTime:0.003690s ]
SQL: SHOW COLUMNS FROM `course` [ RunTime:0.013283s ]
SQL: SELECT * FROM `course`  [ RunTime:0.001101s ]
INFO: [ view_parse ] --START--
INFO: [ template_filter ] --START--
INFO: Run Behavior\ContentReplace [ RunTime:0.000117s ]
INFO: [ template_filter ] --END-- [ RunTime:0.000373s ]
INFO: Run Behavior\ParseTemplate [ RunTime:0.018258s ]
INFO: [ view_parse ] --END-- [ RunTime:0.018516s ]
INFO: [ view_filter ] --START--
INFO: Run Behavior\WriteHtmlCache [ RunTime:0.001034s ]
INFO: [ view_filter ] --END-- [ RunTime:0.001256s ]
INFO: [ app_end ] --START--
INFO: Run Behavior\ShowPageTrace [ RunTime:0.001704s ]
INFO: [ app_end ] --END-- [ RunTime:0.001927s ]

[ 2016-09-25T19:53:06+08:00 ] ::1 /CPS/index.php/Student/Stu/course_info
INFO: [ app_begin ] --START--
INFO: Run Behavior\ReadHtmlCache [ RunTime:0.012085s ]
INFO: [ app_begin ] --END-- [ RunTime:0.014665s ]
SQL: SHOW COLUMNS FROM `course` [ RunTime:0.012978s ]
SQL: SELECT * FROM `course`  [ RunTime:0.000873s ]
INFO: [ view_parse ] --START--
INFO: [ template_filter ] --START--
INFO: Run Behavior\ContentReplace [ RunTime:0.000123s ]
INFO: [ template_filter ] --END-- [ RunTime:0.000333s ]
INFO: Run Behavior\ParseTemplate [ RunTime:0.019884s ]
INFO: [ view_parse ] --END-- [ RunTime:0.020138s ]
INFO: [ view_filter ] --START--
INFO: Run Behavior\WriteHtmlCache [ RunTime:0.001697s ]
INFO: [ view_filter ] --END-- [ RunTime:0.001922s ]
INFO: [ app_end ] --START--
INFO: Run Behavior\ShowPageTrace [ RunTime:0.001743s ]
INFO: [ app_end ] --END-- [ RunTime:0.001948s ]

[ 2016-09-25T19:53:11+08:00 ] ::1 /CPS/index.php/Student/Stu/myproject
INFO: [ app_begin ] --START--
INFO: Run Behavior\ReadHtmlCache [ RunTime:0.001414s ]
INFO: [ app_begin ] --END-- [ RunTime:0.002592s ]
SQL: SHOW COLUMNS FROM `course` [ RunTime:0.010553s ]
SQL: select  A.course_name,A.course_id,B.project_name,B.project_id,B.teacher_id,B.project_status from course as A,project as B where A.course_id=B.course_id  [ RunTime:0.002557s ]
INFO: [ view_parse ] --START--
INFO: [ template_filter ] --START--
INFO: Run Behavior\ContentReplace [ RunTime:0.000127s ]
INFO: [ template_filter ] --END-- [ RunTime:0.000353s ]
INFO: Run Behavior\ParseTemplate [ RunTime:0.019385s ]
INFO: [ view_parse ] --END-- [ RunTime:0.019638s ]
INFO: [ view_filter ] --START--
INFO: Run Behavior\WriteHtmlCache [ RunTime:0.001014s ]
INFO: [ view_filter ] --END-- [ RunTime:0.001226s ]
INFO: [ app_end ] --START--
INFO: Run Behavior\ShowPageTrace [ RunTime:0.001555s ]
INFO: [ app_end ] --END-- [ RunTime:0.001769s ]

[ 2016-09-25T19:53:13+08:00 ] ::1 /CPS/index.php/Student/Stu/team_manage
INFO: [ app_begin ] --START--
INFO: Run Behavior\ReadHtmlCache [ RunTime:0.001579s ]
INFO: [ app_begin ] --END-- [ RunTime:0.003177s ]
SQL: SHOW COLUMNS FROM `course` [ RunTime:0.010238s ]
SQL: select A.course_name,A.course_id,B.project_name,B.project_status,D.group_id,D.group_manage from course as A,project as B,student_group as D where A.course_id=B.course_id and B.project_id=D.project_id group by D.group_id ; [ RunTime:0.059252s ]
SQL: select student_id,student_name from student where group_id = 1 [ RunTime:0.002346s ]
SQL: select student_id,student_name from student where group_id = 2 [ RunTime:0.000715s ]
SQL: select student_id,student_name from student where group_id = 3 [ RunTime:0.000690s ]
INFO: [ view_parse ] --START--
INFO: [ template_filter ] --START--
INFO: Run Behavior\ContentReplace [ RunTime:0.000151s ]
INFO: [ template_filter ] --END-- [ RunTime:0.000358s ]
INFO: Run Behavior\ParseTemplate [ RunTime:0.024243s ]
INFO: [ view_parse ] --END-- [ RunTime:0.024489s ]
INFO: [ view_filter ] --START--
INFO: Run Behavior\WriteHtmlCache [ RunTime:0.001028s ]
INFO: [ view_filter ] --END-- [ RunTime:0.001397s ]
INFO: [ app_end ] --START--
INFO: Run Behavior\ShowPageTrace [ RunTime:0.001757s ]
INFO: [ app_end ] --END-- [ RunTime:0.002010s ]

[ 2016-09-25T19:53:15+08:00 ] ::1 /CPS/index.php/Student/Stu/myteam
INFO: [ app_begin ] --START--
INFO: Run Behavior\ReadHtmlCache [ RunTime:0.001439s ]
INFO: [ app_begin ] --END-- [ RunTime:0.002675s ]
INFO: [ view_parse ] --START--
INFO: [ template_filter ] --START--
INFO: Run Behavior\ContentReplace [ RunTime:0.000130s ]
INFO: [ template_filter ] --END-- [ RunTime:0.000373s ]
INFO: Run Behavior\ParseTemplate [ RunTime:0.016281s ]
INFO: [ view_parse ] --END-- [ RunTime:0.016538s ]
INFO: [ view_filter ] --START--
INFO: Run Behavior\WriteHtmlCache [ RunTime:0.000916s ]
INFO: [ view_filter ] --END-- [ RunTime:0.001117s ]
INFO: [ app_end ] --START--
INFO: Run Behavior\ShowPageTrace [ RunTime:0.001700s ]
INFO: [ app_end ] --END-- [ RunTime:0.001902s ]

[ 2016-09-25T19:53:23+08:00 ] ::1 /CPS/index.php/Student/Stu/team_manage
INFO: [ app_begin ] --START--
INFO: Run Behavior\ReadHtmlCache [ RunTime:0.001465s ]
INFO: [ app_begin ] --END-- [ RunTime:0.002756s ]
SQL: SHOW COLUMNS FROM `course` [ RunTime:0.010340s ]
SQL: select A.course_name,A.course_id,B.project_name,B.project_status,D.group_id,D.group_manage from course as A,project as B,student_group as D where A.course_id=B.course_id and B.project_id=D.project_id group by D.group_id ; [ RunTime:0.009925s ]
SQL: select student_id,student_name from student where group_id = 1 [ RunTime:0.001161s ]
SQL: select student_id,student_name from student where group_id = 2 [ RunTime:0.001334s ]
SQL: select student_id,student_name from student where group_id = 3 [ RunTime:0.000784s ]
INFO: [ view_parse ] --START--
INFO: [ template_filter ] --START--
INFO: Run Behavior\ContentReplace [ RunTime:0.000147s ]
INFO: [ template_filter ] --END-- [ RunTime:0.000351s ]
INFO: Run Behavior\ParseTemplate [ RunTime:0.022799s ]
INFO: [ view_parse ] --END-- [ RunTime:0.023027s ]
INFO: [ view_filter ] --START--
INFO: Run Behavior\WriteHtmlCache [ RunTime:0.001090s ]
INFO: [ view_filter ] --END-- [ RunTime:0.001325s ]
INFO: [ app_end ] --START--
INFO: Run Behavior\ShowPageTrace [ RunTime:0.001894s ]
INFO: [ app_end ] --END-- [ RunTime:0.002269s ]

[ 2016-09-25T19:53:27+08:00 ] ::1 /CPS/index.php/Student/Stu/course_info
INFO: [ app_begin ] --START--
INFO: Run Behavior\ReadHtmlCache [ RunTime:0.001472s ]
INFO: [ app_begin ] --END-- [ RunTime:0.002675s ]
SQL: SHOW COLUMNS FROM `course` [ RunTime:0.010202s ]
SQL: SELECT * FROM `course`  [ RunTime:0.000845s ]
INFO: [ view_parse ] --START--
INFO: [ template_filter ] --START--
INFO: Run Behavior\ContentReplace [ RunTime:0.000119s ]
INFO: [ template_filter ] --END-- [ RunTime:0.000330s ]
INFO: Run Behavior\ParseTemplate [ RunTime:0.017927s ]
INFO: [ view_parse ] --END-- [ RunTime:0.018162s ]
INFO: [ view_filter ] --START--
INFO: Run Behavior\WriteHtmlCache [ RunTime:0.000872s ]
INFO: [ view_filter ] --END-- [ RunTime:0.001071s ]
INFO: [ app_end ] --START--
INFO: Run Behavior\ShowPageTrace [ RunTime:0.001394s ]
INFO: [ app_end ] --END-- [ RunTime:0.001600s ]

[ 2016-09-25T19:54:01+08:00 ] ::1 /CPS/index.php/Student/Stu/course_info
INFO: [ app_begin ] --START--
INFO: Run Behavior\ReadHtmlCache [ RunTime:0.001673s ]
INFO: [ app_begin ] --END-- [ RunTime:0.003006s ]
SQL: SHOW COLUMNS FROM `course` [ RunTime:0.010847s ]
SQL: SELECT * FROM `course`  [ RunTime:0.000803s ]
INFO: [ view_parse ] --START--
INFO: [ template_filter ] --START--
INFO: Run Behavior\ContentReplace [ RunTime:0.000167s ]
INFO: [ template_filter ] --END-- [ RunTime:0.000518s ]
INFO: Run Behavior\ParseTemplate [ RunTime:0.018368s ]
INFO: [ view_parse ] --END-- [ RunTime:0.018596s ]
INFO: [ view_filter ] --START--
INFO: Run Behavior\WriteHtmlCache [ RunTime:0.000868s ]
INFO: [ view_filter ] --END-- [ RunTime:0.001067s ]
INFO: [ app_end ] --START--
INFO: Run Behavior\ShowPageTrace [ RunTime:0.001450s ]
INFO: [ app_end ] --END-- [ RunTime:0.001662s ]

[ 2016-09-25T19:54:19+08:00 ] ::1 /CPS/index.php/Student/Stu/myproject
INFO: [ app_begin ] --START--
INFO: Run Behavior\ReadHtmlCache [ RunTime:0.001966s ]
INFO: [ app_begin ] --END-- [ RunTime:0.003348s ]
SQL: SHOW COLUMNS FROM `course` [ RunTime:0.010628s ]
SQL: select  A.course_name,A.course_id,B.project_name,B.project_id,B.teacher_id,B.project_status from course as A,project as B where A.course_id=B.course_id  [ RunTime:0.000891s ]
INFO: [ view_parse ] --START--
INFO: [ template_filter ] --START--
INFO: Run Behavior\ContentReplace [ RunTime:0.000132s ]
INFO: [ template_filter ] --END-- [ RunTime:0.000355s ]
INFO: Run Behavior\ParseTemplate [ RunTime:0.020000s ]
INFO: [ view_parse ] --END-- [ RunTime:0.020233s ]
INFO: [ view_filter ] --START--
INFO: Run Behavior\WriteHtmlCache [ RunTime:0.001134s ]
INFO: [ view_filter ] --END-- [ RunTime:0.001349s ]
INFO: [ app_end ] --START--
INFO: Run Behavior\ShowPageTrace [ RunTime:0.001885s ]
INFO: [ app_end ] --END-- [ RunTime:0.002102s ]

[ 2016-09-25T19:54:20+08:00 ] ::1 /CPS/index.php/Student/Stu/myteam
INFO: [ app_begin ] --START--
INFO: Run Behavior\ReadHtmlCache [ RunTime:0.001501s ]
INFO: [ app_begin ] --END-- [ RunTime:0.002943s ]
INFO: [ view_parse ] --START--
INFO: [ template_filter ] --START--
INFO: Run Behavior\ContentReplace [ RunTime:0.000318s ]
INFO: [ template_filter ] --END-- [ RunTime:0.000666s ]
INFO: Run Behavior\ParseTemplate [ RunTime:0.016335s ]
INFO: [ view_parse ] --END-- [ RunTime:0.016567s ]
INFO: [ view_filter ] --START--
INFO: Run Behavior\WriteHtmlCache [ RunTime:0.000831s ]
INFO: [ view_filter ] --END-- [ RunTime:0.001027s ]
INFO: [ app_end ] --START--
INFO: Run Behavior\ShowPageTrace [ RunTime:0.001403s ]
INFO: [ app_end ] --END-- [ RunTime:0.001599s ]

[ 2016-09-25T19:54:22+08:00 ] ::1 /CPS/index.php/Student/Stu/team_manage
INFO: [ app_begin ] --START--
INFO: Run Behavior\ReadHtmlCache [ RunTime:0.001441s ]
INFO: [ app_begin ] --END-- [ RunTime:0.002562s ]
SQL: SHOW COLUMNS FROM `course` [ RunTime:0.030026s ]
SQL: select A.course_name,A.course_id,B.project_name,B.project_status,D.group_id,D.group_manage from course as A,project as B,student_group as D where A.course_id=B.course_id and B.project_id=D.project_id group by D.group_id ; [ RunTime:0.050437s ]
SQL: select student_id,student_name from student where group_id = 1 [ RunTime:0.000821s ]
SQL: select student_id,student_name from student where group_id = 2 [ RunTime:0.000749s ]
SQL: select student_id,student_name from student where group_id = 3 [ RunTime:0.000702s ]
INFO: [ view_parse ] --START--
INFO: [ template_filter ] --START--
INFO: Run Behavior\ContentReplace [ RunTime:0.000146s ]
INFO: [ template_filter ] --END-- [ RunTime:0.000347s ]
INFO: Run Behavior\ParseTemplate [ RunTime:0.022221s ]
INFO: [ view_parse ] --END-- [ RunTime:0.022468s ]
INFO: [ view_filter ] --START--
INFO: Run Behavior\WriteHtmlCache [ RunTime:0.000859s ]
INFO: [ view_filter ] --END-- [ RunTime:0.001062s ]
INFO: [ app_end ] --START--
INFO: Run Behavior\ShowPageTrace [ RunTime:0.001680s ]
INFO: [ app_end ] --END-- [ RunTime:0.001913s ]

[ 2016-09-25T19:54:27+08:00 ] ::1 /CPS/index.php/Student/Stu/course_info
INFO: [ app_begin ] --START--
INFO: Run Behavior\ReadHtmlCache [ RunTime:0.001878s ]
INFO: [ app_begin ] --END-- [ RunTime:0.003040s ]
SQL: SHOW COLUMNS FROM `course` [ RunTime:0.010335s ]
SQL: SELECT * FROM `course`  [ RunTime:0.000783s ]
INFO: [ view_parse ] --START--
INFO: [ template_filter ] --START--
INFO: Run Behavior\ContentReplace [ RunTime:0.000126s ]
INFO: [ template_filter ] --END-- [ RunTime:0.000364s ]
INFO: Run Behavior\ParseTemplate [ RunTime:0.018831s ]
INFO: [ view_parse ] --END-- [ RunTime:0.019060s ]
INFO: [ view_filter ] --START--
INFO: Run Behavior\WriteHtmlCache [ RunTime:0.000860s ]
INFO: [ view_filter ] --END-- [ RunTime:0.001058s ]
INFO: [ app_end ] --START--
INFO: Run Behavior\ShowPageTrace [ RunTime:0.001621s ]
INFO: [ app_end ] --END-- [ RunTime:0.001847s ]

[ 2016-09-25T19:54:30+08:00 ] ::1 /CPS/index.php/Student/Stu/team_manage
INFO: [ app_begin ] --START--
INFO: Run Behavior\ReadHtmlCache [ RunTime:0.001751s ]
INFO: [ app_begin ] --END-- [ RunTime:0.003039s ]
SQL: SHOW COLUMNS FROM `course` [ RunTime:0.010162s ]
SQL: select A.course_name,A.course_id,B.project_name,B.project_status,D.group_id,D.group_manage from course as A,project as B,student_group as D where A.course_id=B.course_id and B.project_id=D.project_id group by D.group_id ; [ RunTime:0.010311s ]
SQL: select student_id,student_name from student where group_id = 1 [ RunTime:0.000770s ]
SQL: select student_id,student_name from student where group_id = 2 [ RunTime:0.000806s ]
SQL: select student_id,student_name from student where group_id = 3 [ RunTime:0.000797s ]
INFO: [ view_parse ] --START--
INFO: [ template_filter ] --START--
INFO: Run Behavior\ContentReplace [ RunTime:0.000151s ]
INFO: [ template_filter ] --END-- [ RunTime:0.000357s ]
INFO: Run Behavior\ParseTemplate [ RunTime:0.025461s ]
INFO: [ view_parse ] --END-- [ RunTime:0.025709s ]
INFO: [ view_filter ] --START--
INFO: Run Behavior\WriteHtmlCache [ RunTime:0.001266s ]
INFO: [ view_filter ] --END-- [ RunTime:0.001475s ]
INFO: [ app_end ] --START--
INFO: Run Behavior\ShowPageTrace [ RunTime:0.002730s ]
INFO: [ app_end ] --END-- [ RunTime:0.002984s ]

[ 2016-09-25T19:54:32+08:00 ] ::1 /CPS/index.php/Student/Stu/teamMember/group_id/1
INFO: [ app_begin ] --START--
INFO: Run Behavior\ReadHtmlCache [ RunTime:0.001469s ]
INFO: [ app_begin ] --END-- [ RunTime:0.002608s ]
SQL: SHOW COLUMNS FROM `course` [ RunTime:0.010410s ]
SQL: select A.course_name,A.course_id,B.project_name,B.project_status,D.group_id,D.group_manage from course as A,project as B,student_group as D where A.course_id=B.course_id and B.project_id=D.project_id and D.group_id = 1 [ RunTime:0.001146s ]
SQL: select student_id,student_name from student where group_id = 1 [ RunTime:0.000729s ]
INFO: [ view_parse ] --START--
INFO: [ template_filter ] --START--
INFO: Run Behavior\ContentReplace [ RunTime:0.000116s ]
INFO: [ template_filter ] --END-- [ RunTime:0.000335s ]
INFO: Run Behavior\ParseTemplate [ RunTime:0.019872s ]
INFO: [ view_parse ] --END-- [ RunTime:0.020133s ]
INFO: [ view_filter ] --START--
INFO: Run Behavior\WriteHtmlCache [ RunTime:0.000965s ]
INFO: [ view_filter ] --END-- [ RunTime:0.001164s ]
INFO: [ app_end ] --START--
INFO: Run Behavior\ShowPageTrace [ RunTime:0.001648s ]
INFO: [ app_end ] --END-- [ RunTime:0.001973s ]

[ 2016-09-25T19:54:53+08:00 ] ::1 /CPS/index.php/Student/Stu/myproject
INFO: [ app_begin ] --START--
INFO: Run Behavior\ReadHtmlCache [ RunTime:0.001475s ]
INFO: [ app_begin ] --END-- [ RunTime:0.002778s ]
SQL: SHOW COLUMNS FROM `course` [ RunTime:0.009584s ]
SQL: select  A.course_name,A.course_id,B.project_name,B.project_id,B.teacher_id,B.project_status from course as A,project as B where A.course_id=B.course_id  [ RunTime:0.001106s ]
INFO: [ view_parse ] --START--
INFO: [ template_filter ] --START--
INFO: Run Behavior\ContentReplace [ RunTime:0.000123s ]
INFO: [ template_filter ] --END-- [ RunTime:0.000343s ]
INFO: Run Behavior\ParseTemplate [ RunTime:0.020324s ]
INFO: [ view_parse ] --END-- [ RunTime:0.020566s ]
INFO: [ view_filter ] --START--
INFO: Run Behavior\WriteHtmlCache [ RunTime:0.000904s ]
INFO: [ view_filter ] --END-- [ RunTime:0.001106s ]
INFO: [ app_end ] --START--
INFO: Run Behavior\ShowPageTrace [ RunTime:0.001509s ]
INFO: [ app_end ] --END-- [ RunTime:0.001729s ]

[ 2016-09-25T19:54:55+08:00 ] ::1 /CPS/index.php/Student/Stu/project_report/project_id/1
INFO: [ app_begin ] --START--
INFO: Run Behavior\ReadHtmlCache [ RunTime:0.001380s ]
INFO: [ app_begin ] --END-- [ RunTime:0.002558s ]
SQL: SHOW COLUMNS FROM `course` [ RunTime:0.010068s ]
SQL: select A.course_name,A.course_id,B.project_name,B.project_id,B.teacher_id,B.project_status,B.main_project,B.middle_expected_result,B.final_expected_result,B.project_comment_info from course as A,project as B where A.course_id=B.course_id and B.project_id=1 [ RunTime:0.001028s ]
INFO: [ view_parse ] --START--
INFO: [ template_filter ] --START--
INFO: Run Behavior\ContentReplace [ RunTime:0.000124s ]
INFO: [ template_filter ] --END-- [ RunTime:0.000335s ]
INFO: Run Behavior\ParseTemplate [ RunTime:0.023594s ]
INFO: [ view_parse ] --END-- [ RunTime:0.023829s ]
INFO: [ view_filter ] --START--
INFO: Run Behavior\WriteHtmlCache [ RunTime:0.000993s ]
INFO: [ view_filter ] --END-- [ RunTime:0.001215s ]
INFO: [ app_end ] --START--
INFO: Run Behavior\ShowPageTrace [ RunTime:0.001589s ]
INFO: [ app_end ] --END-- [ RunTime:0.001867s ]

[ 2016-09-25T19:56:11+08:00 ] ::1 /CPS/index.php/Student/Stu/project_report/project_id/1
INFO: [ app_begin ] --START--
INFO: Run Behavior\ReadHtmlCache [ RunTime:0.001381s ]
INFO: [ app_begin ] --END-- [ RunTime:0.002575s ]
SQL: SHOW COLUMNS FROM `course` [ RunTime:0.009971s ]
SQL: select A.course_name,A.course_id,B.project_name,B.project_id,B.teacher_id,B.project_status,B.main_project,B.middle_expected_result,B.final_expected_result,B.project_comment_info from course as A,project as B where A.course_id=B.course_id and B.project_id=1 [ RunTime:0.000996s ]
INFO: [ view_parse ] --START--
INFO: [ template_filter ] --START--
INFO: Run Behavior\ContentReplace [ RunTime:0.000128s ]
INFO: [ template_filter ] --END-- [ RunTime:0.000344s ]
INFO: Run Behavior\ParseTemplate [ RunTime:0.024473s ]
INFO: [ view_parse ] --END-- [ RunTime:0.024695s ]
INFO: [ view_filter ] --START--
INFO: Run Behavior\WriteHtmlCache [ RunTime:0.000863s ]
INFO: [ view_filter ] --END-- [ RunTime:0.001056s ]
INFO: [ app_end ] --START--
INFO: Run Behavior\ShowPageTrace [ RunTime:0.001462s ]
INFO: [ app_end ] --END-- [ RunTime:0.001664s ]

[ 2016-09-25T19:56:17+08:00 ] ::1 /CPS/index.php/Student/Stu/project_report/project_id/1
INFO: [ app_begin ] --START--
INFO: Run Behavior\ReadHtmlCache [ RunTime:0.001423s ]
INFO: [ app_begin ] --END-- [ RunTime:0.002664s ]
SQL: SHOW COLUMNS FROM `course` [ RunTime:0.010928s ]
SQL: select A.course_name,A.course_id,B.project_name,B.project_id,B.teacher_id,B.project_status,B.main_project,B.middle_expected_result,B.final_expected_result,B.project_comment_info from course as A,project as B where A.course_id=B.course_id and B.project_id=1 [ RunTime:0.001293s ]
INFO: [ view_parse ] --START--
INFO: [ template_filter ] --START--
INFO: Run Behavior\ContentReplace [ RunTime:0.000126s ]
INFO: [ template_filter ] --END-- [ RunTime:0.000334s ]
INFO: Run Behavior\ParseTemplate [ RunTime:0.024109s ]
INFO: [ view_parse ] --END-- [ RunTime:0.024334s ]
INFO: [ view_filter ] --START--
INFO: Run Behavior\WriteHtmlCache [ RunTime:0.000973s ]
INFO: [ view_filter ] --END-- [ RunTime:0.001177s ]
INFO: [ app_end ] --START--
INFO: Run Behavior\ShowPageTrace [ RunTime:0.001740s ]
INFO: [ app_end ] --END-- [ RunTime:0.001961s ]

[ 2016-09-25T19:58:53+08:00 ] ::1 /CPS/index.php/Student/Stu/project_report/project_id/1
INFO: [ app_begin ] --START--
INFO: Run Behavior\ReadHtmlCache [ RunTime:0.001844s ]
INFO: [ app_begin ] --END-- [ RunTime:0.003088s ]
SQL: SHOW COLUMNS FROM `course` [ RunTime:0.010912s ]
SQL: select A.course_name,A.course_id,B.project_name,B.project_id,B.teacher_id,B.project_status,B.main_project,B.middle_expected_result,B.final_expected_result,B.project_comment_info from course as A,project as B where A.course_id=B.course_id and B.project_id=1 [ RunTime:0.001127s ]
INFO: [ view_parse ] --START--
INFO: [ template_filter ] --START--
INFO: Run Behavior\ContentReplace [ RunTime:0.000142s ]
INFO: [ template_filter ] --END-- [ RunTime:0.000386s ]
INFO: Run Behavior\ParseTemplate [ RunTime:0.028476s ]
INFO: [ view_parse ] --END-- [ RunTime:0.028726s ]
INFO: [ view_filter ] --START--
INFO: Run Behavior\WriteHtmlCache [ RunTime:0.001261s ]
INFO: [ view_filter ] --END-- [ RunTime:0.001511s ]
INFO: [ app_end ] --START--
INFO: Run Behavior\ShowPageTrace [ RunTime:0.001778s ]
INFO: [ app_end ] --END-- [ RunTime:0.001988s ]

[ 2016-09-25T19:59:56+08:00 ] ::1 /CPS/index.php/Student/Stu/course_info
INFO: [ app_begin ] --START--
INFO: Run Behavior\ReadHtmlCache [ RunTime:0.001524s ]
INFO: [ app_begin ] --END-- [ RunTime:0.002776s ]
SQL: SHOW COLUMNS FROM `course` [ RunTime:0.009828s ]
SQL: SELECT * FROM `course`  [ RunTime:0.000720s ]
INFO: [ view_parse ] --START--
INFO: [ template_filter ] --START--
INFO: Run Behavior\ContentReplace [ RunTime:0.000120s ]
INFO: [ template_filter ] --END-- [ RunTime:0.000333s ]
INFO: Run Behavior\ParseTemplate [ RunTime:0.019465s ]
INFO: [ view_parse ] --END-- [ RunTime:0.019712s ]
INFO: [ view_filter ] --START--
INFO: Run Behavior\WriteHtmlCache [ RunTime:0.001131s ]
INFO: [ view_filter ] --END-- [ RunTime:0.001350s ]
INFO: [ app_end ] --START--
INFO: Run Behavior\ShowPageTrace [ RunTime:0.001648s ]
INFO: [ app_end ] --END-- [ RunTime:0.001859s ]

[ 2016-09-25T19:59:59+08:00 ] ::1 /CPS/index.php/Student/Stu/team_manage
INFO: [ app_begin ] --START--
INFO: Run Behavior\ReadHtmlCache [ RunTime:0.002019s ]
INFO: [ app_begin ] --END-- [ RunTime:0.003924s ]
SQL: SHOW COLUMNS FROM `course` [ RunTime:0.010463s ]
SQL: select A.course_name,A.course_id,B.project_name,B.project_status,D.group_id,D.group_manage from course as A,project as B,student_group as D where A.course_id=B.course_id and B.project_id=D.project_id group by D.group_id ; [ RunTime:0.010771s ]
SQL: select student_id,student_name from student where group_id = 1 [ RunTime:0.000711s ]
SQL: select student_id,student_name from student where group_id = 2 [ RunTime:0.000616s ]
SQL: select student_id,student_name from student where group_id = 3 [ RunTime:0.000737s ]
INFO: [ view_parse ] --START--
INFO: [ template_filter ] --START--
INFO: Run Behavior\ContentReplace [ RunTime:0.000151s ]
INFO: [ template_filter ] --END-- [ RunTime:0.000388s ]
INFO: Run Behavior\ParseTemplate [ RunTime:0.023204s ]
INFO: [ view_parse ] --END-- [ RunTime:0.023449s ]
INFO: [ view_filter ] --START--
INFO: Run Behavior\WriteHtmlCache [ RunTime:0.001053s ]
INFO: [ view_filter ] --END-- [ RunTime:0.001299s ]
INFO: [ app_end ] --START--
INFO: Run Behavior\ShowPageTrace [ RunTime:0.001901s ]
INFO: [ app_end ] --END-- [ RunTime:0.002214s ]

[ 2016-09-25T20:00:04+08:00 ] ::1 /CPS/index.php/Student/Stu/course_info
INFO: [ app_begin ] --START--
INFO: Run Behavior\ReadHtmlCache [ RunTime:0.001496s ]
INFO: [ app_begin ] --END-- [ RunTime:0.002692s ]
SQL: SHOW COLUMNS FROM `course` [ RunTime:0.009927s ]
SQL: SELECT * FROM `course`  [ RunTime:0.000951s ]
INFO: [ view_parse ] --START--
INFO: [ template_filter ] --START--
INFO: Run Behavior\ContentReplace [ RunTime:0.000122s ]
INFO: [ template_filter ] --END-- [ RunTime:0.000628s ]
INFO: Run Behavior\ParseTemplate [ RunTime:0.019000s ]
INFO: [ view_parse ] --END-- [ RunTime:0.019238s ]
INFO: [ view_filter ] --START--
INFO: Run Behavior\WriteHtmlCache [ RunTime:0.000885s ]
INFO: [ view_filter ] --END-- [ RunTime:0.001085s ]
INFO: [ app_end ] --START--
INFO: Run Behavior\ShowPageTrace [ RunTime:0.001485s ]
INFO: [ app_end ] --END-- [ RunTime:0.001717s ]

[ 2016-09-25T20:00:07+08:00 ] ::1 /CPS/index.php/Student/Stu/course_info
INFO: [ app_begin ] --START--
INFO: Run Behavior\ReadHtmlCache [ RunTime:0.001562s ]
INFO: [ app_begin ] --END-- [ RunTime:0.002860s ]
SQL: SHOW COLUMNS FROM `course` [ RunTime:0.010664s ]
SQL: SELECT * FROM `course`  [ RunTime:0.000811s ]
INFO: [ view_parse ] --START--
INFO: [ template_filter ] --START--
INFO: Run Behavior\ContentReplace [ RunTime:0.000124s ]
INFO: [ template_filter ] --END-- [ RunTime:0.000337s ]
INFO: Run Behavior\ParseTemplate [ RunTime:0.019211s ]
INFO: [ view_parse ] --END-- [ RunTime:0.019444s ]
INFO: [ view_filter ] --START--
INFO: Run Behavior\WriteHtmlCache [ RunTime:0.000986s ]
INFO: [ view_filter ] --END-- [ RunTime:0.001196s ]
INFO: [ app_end ] --START--
INFO: Run Behavior\ShowPageTrace [ RunTime:0.001596s ]
INFO: [ app_end ] --END-- [ RunTime:0.001861s ]

[ 2016-09-25T21:14:58+08:00 ] ::1 /CPS/index.php/Student/Stu/course_info
INFO: [ app_begin ] --START--
INFO: Run Behavior\ReadHtmlCache [ RunTime:0.001728s ]
INFO: [ app_begin ] --END-- [ RunTime:0.003050s ]
SQL: SHOW COLUMNS FROM `course` [ RunTime:0.013083s ]
SQL: SELECT * FROM `course`  [ RunTime:0.001068s ]
INFO: [ view_parse ] --START--
INFO: [ template_filter ] --START--
INFO: Run Behavior\ContentReplace [ RunTime:0.000131s ]
INFO: [ template_filter ] --END-- [ RunTime:0.000352s ]
INFO: Run Behavior\ParseTemplate [ RunTime:0.019152s ]
INFO: [ view_parse ] --END-- [ RunTime:0.019401s ]
INFO: [ view_filter ] --START--
INFO: Run Behavior\WriteHtmlCache [ RunTime:0.001275s ]
INFO: [ view_filter ] --END-- [ RunTime:0.001496s ]
INFO: [ app_end ] --START--
INFO: Run Behavior\ShowPageTrace [ RunTime:0.002265s ]
INFO: [ app_end ] --END-- [ RunTime:0.002491s ]

[ 2016-09-25T21:15:01+08:00 ] ::1 /CPS/index.php/Student/Stu/course_info
INFO: [ app_begin ] --START--
INFO: Run Behavior\ReadHtmlCache [ RunTime:0.001732s ]
INFO: [ app_begin ] --END-- [ RunTime:0.002990s ]
SQL: SHOW COLUMNS FROM `course` [ RunTime:0.016640s ]
SQL: SELECT * FROM `course`  [ RunTime:0.000837s ]
INFO: [ view_parse ] --START--
INFO: [ template_filter ] --START--
INFO: Run Behavior\ContentReplace [ RunTime:0.000123s ]
INFO: [ template_filter ] --END-- [ RunTime:0.000348s ]
INFO: Run Behavior\ParseTemplate [ RunTime:0.020949s ]
INFO: [ view_parse ] --END-- [ RunTime:0.021193s ]
INFO: [ view_filter ] --START--
INFO: Run Behavior\WriteHtmlCache [ RunTime:0.001165s ]
INFO: [ view_filter ] --END-- [ RunTime:0.001388s ]
INFO: [ app_end ] --START--
INFO: Run Behavior\ShowPageTrace [ RunTime:0.002138s ]
INFO: [ app_end ] --END-- [ RunTime:0.002401s ]

[ 2016-09-25T21:15:03+08:00 ] ::1 /CPS/index.php/Student/Stu/project_info/course_id/1
INFO: [ app_begin ] --START--
INFO: Run Behavior\ReadHtmlCache [ RunTime:0.001576s ]
INFO: [ app_begin ] --END-- [ RunTime:0.003166s ]
SQL: SHOW COLUMNS FROM `course` [ RunTime:0.011710s ]
SQL: select A.course_name,A.course_id,B.project_name,B.project_id,B.teacher_id from course as A,project as B where A.course_id=B.course_id and B.course_id=1 [ RunTime:0.002649s ]
INFO: [ view_parse ] --START--
INFO: [ template_filter ] --START--
INFO: Run Behavior\ContentReplace [ RunTime:0.000140s ]
INFO: [ template_filter ] --END-- [ RunTime:0.000361s ]
INFO: Run Behavior\ParseTemplate [ RunTime:0.021432s ]
INFO: [ view_parse ] --END-- [ RunTime:0.021683s ]
INFO: [ view_filter ] --START--
INFO: Run Behavior\WriteHtmlCache [ RunTime:0.001188s ]
INFO: [ view_filter ] --END-- [ RunTime:0.001585s ]
INFO: [ app_end ] --START--
INFO: Run Behavior\ShowPageTrace [ RunTime:0.001874s ]
INFO: [ app_end ] --END-- [ RunTime:0.002141s ]

[ 2016-09-25T21:15:06+08:00 ] ::1 /CPS/index.php/Student/Stu/myproject
INFO: [ app_begin ] --START--
INFO: Run Behavior\ReadHtmlCache [ RunTime:0.002535s ]
INFO: [ app_begin ] --END-- [ RunTime:0.004046s ]
SQL: SHOW COLUMNS FROM `course` [ RunTime:0.011139s ]
SQL: select  A.course_name,A.course_id,B.project_name,B.project_id,B.teacher_id,B.project_status from course as A,project as B where A.course_id=B.course_id  [ RunTime:0.000933s ]
INFO: [ view_parse ] --START--
INFO: [ template_filter ] --START--
INFO: Run Behavior\ContentReplace [ RunTime:0.000182s ]
INFO: [ template_filter ] --END-- [ RunTime:0.000590s ]
INFO: Run Behavior\ParseTemplate [ RunTime:0.020821s ]
INFO: [ view_parse ] --END-- [ RunTime:0.021074s ]
INFO: [ view_filter ] --START--
INFO: Run Behavior\WriteHtmlCache [ RunTime:0.001048s ]
INFO: [ view_filter ] --END-- [ RunTime:0.001269s ]
INFO: [ app_end ] --START--
INFO: Run Behavior\ShowPageTrace [ RunTime:0.001790s ]
INFO: [ app_end ] --END-- [ RunTime:0.002011s ]

[ 2016-09-25T21:15:08+08:00 ] ::1 /CPS/index.php/Student/Stu/project_report/project_id/1
INFO: [ app_begin ] --START--
INFO: Run Behavior\ReadHtmlCache [ RunTime:0.001403s ]
INFO: [ app_begin ] --END-- [ RunTime:0.002540s ]
SQL: SHOW COLUMNS FROM `course` [ RunTime:0.012329s ]
SQL: select A.course_name,A.course_id,B.project_name,B.project_id,B.teacher_id,B.project_status,B.main_project,B.middle_expected_result,B.final_expected_result,B.project_comment_info from course as A,project as B where A.course_id=B.course_id and B.project_id=1 [ RunTime:0.001145s ]
INFO: [ view_parse ] --START--
INFO: [ template_filter ] --START--
INFO: Run Behavior\ContentReplace [ RunTime:0.000134s ]
INFO: [ template_filter ] --END-- [ RunTime:0.000368s ]
INFO: Run Behavior\ParseTemplate [ RunTime:0.026250s ]
INFO: [ view_parse ] --END-- [ RunTime:0.026515s ]
INFO: [ view_filter ] --START--
INFO: Run Behavior\WriteHtmlCache [ RunTime:0.001046s ]
INFO: [ view_filter ] --END-- [ RunTime:0.001250s ]
INFO: [ app_end ] --START--
INFO: Run Behavior\ShowPageTrace [ RunTime:0.001568s ]
INFO: [ app_end ] --END-- [ RunTime:0.001782s ]

[ 2016-09-25T21:15:22+08:00 ] ::1 /CPS/index.php/Student/Stu/myteam
INFO: [ app_begin ] --START--
INFO: Run Behavior\ReadHtmlCache [ RunTime:0.001908s ]
INFO: [ app_begin ] --END-- [ RunTime:0.004083s ]
INFO: [ view_parse ] --START--
INFO: [ template_filter ] --START--
INFO: Run Behavior\ContentReplace [ RunTime:0.000134s ]
INFO: [ template_filter ] --END-- [ RunTime:0.000389s ]
INFO: Run Behavior\ParseTemplate [ RunTime:0.017256s ]
INFO: [ view_parse ] --END-- [ RunTime:0.017495s ]
INFO: [ view_filter ] --START--
INFO: Run Behavior\WriteHtmlCache [ RunTime:0.000934s ]
INFO: [ view_filter ] --END-- [ RunTime:0.001128s ]
INFO: [ app_end ] --START--
INFO: Run Behavior\ShowPageTrace [ RunTime:0.001511s ]
INFO: [ app_end ] --END-- [ RunTime:0.001710s ]

[ 2016-09-25T21:15:24+08:00 ] ::1 /CPS/index.php/Student/Stu/team_info.html
INFO: [ app_begin ] --START--
INFO: Run Behavior\ReadHtmlCache [ RunTime:0.001789s ]
INFO: [ app_begin ] --END-- [ RunTime:0.003688s ]
INFO: [ view_parse ] --START--
INFO: [ template_filter ] --START--
INFO: Run Behavior\ContentReplace [ RunTime:0.000142s ]
INFO: [ template_filter ] --END-- [ RunTime:0.000392s ]
INFO: Run Behavior\ParseTemplate [ RunTime:0.017288s ]
INFO: [ view_parse ] --END-- [ RunTime:0.017577s ]
INFO: [ view_filter ] --START--
INFO: Run Behavior\WriteHtmlCache [ RunTime:0.000933s ]
INFO: [ view_filter ] --END-- [ RunTime:0.001132s ]
INFO: [ app_end ] --START--
INFO: Run Behavior\ShowPageTrace [ RunTime:0.001612s ]
INFO: [ app_end ] --END-- [ RunTime:0.001818s ]

[ 2016-09-25T21:15:27+08:00 ] ::1 /CPS/index.php/Student/Stu/team_manage
INFO: [ app_begin ] --START--
INFO: Run Behavior\ReadHtmlCache [ RunTime:0.001559s ]
INFO: [ app_begin ] --END-- [ RunTime:0.002797s ]
SQL: SHOW COLUMNS FROM `course` [ RunTime:0.012096s ]
SQL: select A.course_name,A.course_id,B.project_name,B.project_status,D.group_id,D.group_manage from course as A,project as B,student_group as D where A.course_id=B.course_id and B.project_id=D.project_id group by D.group_id ; [ RunTime:0.013449s ]
SQL: select student_id,student_name from student where group_id = 1 [ RunTime:0.002814s ]
SQL: select student_id,student_name from student where group_id = 2 [ RunTime:0.000879s ]
SQL: select student_id,student_name from student where group_id = 3 [ RunTime:0.001006s ]
INFO: [ view_parse ] --START--
INFO: [ template_filter ] --START--
INFO: Run Behavior\ContentReplace [ RunTime:0.000150s ]
INFO: [ template_filter ] --END-- [ RunTime:0.000360s ]
INFO: Run Behavior\ParseTemplate [ RunTime:0.024199s ]
INFO: [ view_parse ] --END-- [ RunTime:0.024457s ]
INFO: [ view_filter ] --START--
INFO: Run Behavior\WriteHtmlCache [ RunTime:0.001061s ]
INFO: [ view_filter ] --END-- [ RunTime:0.001325s ]
INFO: [ app_end ] --START--
INFO: Run Behavior\ShowPageTrace [ RunTime:0.001862s ]
INFO: [ app_end ] --END-- [ RunTime:0.002120s ]

[ 2016-09-25T21:15:29+08:00 ] ::1 /CPS/index.php/Student/Stu/teamMember/group_id/1
INFO: [ app_begin ] --START--
INFO: Run Behavior\ReadHtmlCache [ RunTime:0.001367s ]
INFO: [ app_begin ] --END-- [ RunTime:0.002584s ]
SQL: SHOW COLUMNS FROM `course` [ RunTime:0.011822s ]
SQL: select A.course_name,A.course_id,B.project_name,B.project_status,D.group_id,D.group_manage from course as A,project as B,student_group as D where A.course_id=B.course_id and B.project_id=D.project_id and D.group_id = 1 [ RunTime:0.001345s ]
SQL: select student_id,student_name from student where group_id = 1 [ RunTime:0.000950s ]
INFO: [ view_parse ] --START--
INFO: [ template_filter ] --START--
INFO: Run Behavior\ContentReplace [ RunTime:0.000123s ]
INFO: [ template_filter ] --END-- [ RunTime:0.000342s ]
INFO: Run Behavior\ParseTemplate [ RunTime:0.022745s ]
INFO: [ view_parse ] --END-- [ RunTime:0.023040s ]
INFO: [ view_filter ] --START--
INFO: Run Behavior\WriteHtmlCache [ RunTime:0.000968s ]
INFO: [ view_filter ] --END-- [ RunTime:0.001174s ]
INFO: [ app_end ] --START--
INFO: Run Behavior\ShowPageTrace [ RunTime:0.001947s ]
INFO: [ app_end ] --END-- [ RunTime:0.002159s ]

[ 2016-09-25T21:15:33+08:00 ] ::1 /CPS/index.php/Student/Stu/course_info
INFO: [ app_begin ] --START--
INFO: Run Behavior\ReadHtmlCache [ RunTime:0.001825s ]
INFO: [ app_begin ] --END-- [ RunTime:0.003152s ]
SQL: SHOW COLUMNS FROM `course` [ RunTime:0.010877s ]
SQL: SELECT * FROM `course`  [ RunTime:0.000800s ]
INFO: [ view_parse ] --START--
INFO: [ template_filter ] --START--
INFO: Run Behavior\ContentReplace [ RunTime:0.000120s ]
INFO: [ template_filter ] --END-- [ RunTime:0.000336s ]
INFO: Run Behavior\ParseTemplate [ RunTime:0.017994s ]
INFO: [ view_parse ] --END-- [ RunTime:0.018226s ]
INFO: [ view_filter ] --START--
INFO: Run Behavior\WriteHtmlCache [ RunTime:0.000884s ]
INFO: [ view_filter ] --END-- [ RunTime:0.001105s ]
INFO: [ app_end ] --START--
INFO: Run Behavior\ShowPageTrace [ RunTime:0.001519s ]
INFO: [ app_end ] --END-- [ RunTime:0.001730s ]

[ 2016-09-25T21:15:35+08:00 ] ::1 /CPS/index.php/Student/Stu/myproject
INFO: [ app_begin ] --START--
INFO: Run Behavior\ReadHtmlCache [ RunTime:0.001380s ]
INFO: [ app_begin ] --END-- [ RunTime:0.002518s ]
SQL: SHOW COLUMNS FROM `course` [ RunTime:0.010380s ]
SQL: select  A.course_name,A.course_id,B.project_name,B.project_id,B.teacher_id,B.project_status from course as A,project as B where A.course_id=B.course_id  [ RunTime:0.001295s ]
INFO: [ view_parse ] --START--
INFO: [ template_filter ] --START--
INFO: Run Behavior\ContentReplace [ RunTime:0.000137s ]
INFO: [ template_filter ] --END-- [ RunTime:0.000375s ]
INFO: Run Behavior\ParseTemplate [ RunTime:0.019421s ]
INFO: [ view_parse ] --END-- [ RunTime:0.019689s ]
INFO: [ view_filter ] --START--
INFO: Run Behavior\WriteHtmlCache [ RunTime:0.000924s ]
INFO: [ view_filter ] --END-- [ RunTime:0.001125s ]
INFO: [ app_end ] --START--
INFO: Run Behavior\ShowPageTrace [ RunTime:0.001568s ]
INFO: [ app_end ] --END-- [ RunTime:0.001786s ]

[ 2016-09-25T21:15:48+08:00 ] ::1 /CPS/index.php/Student/Stu/myproject
INFO: [ app_begin ] --START--
INFO: Run Behavior\ReadHtmlCache [ RunTime:0.001600s ]
INFO: [ app_begin ] --END-- [ RunTime:0.003013s ]
SQL: SHOW COLUMNS FROM `course` [ RunTime:0.011003s ]
SQL: select  A.course_name,A.course_id,B.project_name,B.project_id,B.teacher_id,B.project_status from course as A,project as B where A.course_id=B.course_id  [ RunTime:0.000970s ]
INFO: [ view_parse ] --START--
INFO: [ template_filter ] --START--
INFO: Run Behavior\ContentReplace [ RunTime:0.000130s ]
INFO: [ template_filter ] --END-- [ RunTime:0.000354s ]
INFO: Run Behavior\ParseTemplate [ RunTime:0.020368s ]
INFO: [ view_parse ] --END-- [ RunTime:0.020595s ]
INFO: [ view_filter ] --START--
INFO: Run Behavior\WriteHtmlCache [ RunTime:0.000934s ]
INFO: [ view_filter ] --END-- [ RunTime:0.001138s ]
INFO: [ app_end ] --START--
INFO: Run Behavior\ShowPageTrace [ RunTime:0.001612s ]
INFO: [ app_end ] --END-- [ RunTime:0.001836s ]

[ 2016-09-25T21:15:52+08:00 ] ::1 /CPS/index.php/Student/Stu/project_report/project_id/1
INFO: [ app_begin ] --START--
INFO: Run Behavior\ReadHtmlCache [ RunTime:0.002145s ]
INFO: [ app_begin ] --END-- [ RunTime:0.003497s ]
SQL: SHOW COLUMNS FROM `course` [ RunTime:0.012263s ]
SQL: select A.course_name,A.course_id,B.project_name,B.project_id,B.teacher_id,B.project_status,B.main_project,B.middle_expected_result,B.final_expected_result,B.project_comment_info from course as A,project as B where A.course_id=B.course_id and B.project_id=1 [ RunTime:0.001084s ]
INFO: [ view_parse ] --START--
INFO: [ template_filter ] --START--
INFO: Run Behavior\ContentReplace [ RunTime:0.000131s ]
INFO: [ template_filter ] --END-- [ RunTime:0.000353s ]
INFO: Run Behavior\ParseTemplate [ RunTime:0.023995s ]
INFO: [ view_parse ] --END-- [ RunTime:0.024219s ]
INFO: [ view_filter ] --START--
INFO: Run Behavior\WriteHtmlCache [ RunTime:0.001281s ]
INFO: [ view_filter ] --END-- [ RunTime:0.001495s ]
INFO: [ app_end ] --START--
INFO: Run Behavior\ShowPageTrace [ RunTime:0.001570s ]
INFO: [ app_end ] --END-- [ RunTime:0.001788s ]

[ 2016-09-25T21:18:20+08:00 ] ::1 /CPS/index.php/Student/Stu/course_info
INFO: [ app_begin ] --START--
INFO: Run Behavior\ReadHtmlCache [ RunTime:0.001784s ]
INFO: [ app_begin ] --END-- [ RunTime:0.003217s ]
SQL: SHOW COLUMNS FROM `course` [ RunTime:0.013208s ]
SQL: SELECT * FROM `course`  [ RunTime:0.000814s ]
INFO: [ view_parse ] --START--
INFO: [ template_filter ] --START--
INFO: Run Behavior\ContentReplace [ RunTime:0.000117s ]
INFO: [ template_filter ] --END-- [ RunTime:0.000326s ]
INFO: Run Behavior\ParseTemplate [ RunTime:0.021277s ]
INFO: [ view_parse ] --END-- [ RunTime:0.021524s ]
INFO: [ view_filter ] --START--
INFO: Run Behavior\WriteHtmlCache [ RunTime:0.001240s ]
INFO: [ view_filter ] --END-- [ RunTime:0.001452s ]
INFO: [ app_end ] --START--
INFO: Run Behavior\ShowPageTrace [ RunTime:0.003396s ]
INFO: [ app_end ] --END-- [ RunTime:0.003956s ]

[ 2016-09-25T21:18:23+08:00 ] ::1 /CPS/index.php/Student/Stu/team_manage
INFO: [ app_begin ] --START--
INFO: Run Behavior\ReadHtmlCache [ RunTime:0.001921s ]
INFO: [ app_begin ] --END-- [ RunTime:0.003495s ]
SQL: SHOW COLUMNS FROM `course` [ RunTime:0.011420s ]
SQL: select A.course_name,A.course_id,B.project_name,B.project_status,D.group_id,D.group_manage from course as A,project as B,student_group as D where A.course_id=B.course_id and B.project_id=D.project_id group by D.group_id ; [ RunTime:0.011567s ]
SQL: select student_id,student_name from student where group_id = 1 [ RunTime:0.000846s ]
SQL: select student_id,student_name from student where group_id = 2 [ RunTime:0.000887s ]
SQL: select student_id,student_name from student where group_id = 3 [ RunTime:0.000903s ]
INFO: [ view_parse ] --START--
INFO: [ template_filter ] --START--
INFO: Run Behavior\ContentReplace [ RunTime:0.000150s ]
INFO: [ template_filter ] --END-- [ RunTime:0.000361s ]
INFO: Run Behavior\ParseTemplate [ RunTime:0.025634s ]
INFO: [ view_parse ] --END-- [ RunTime:0.025890s ]
INFO: [ view_filter ] --START--
INFO: Run Behavior\WriteHtmlCache [ RunTime:0.001284s ]
INFO: [ view_filter ] --END-- [ RunTime:0.001489s ]
INFO: [ app_end ] --START--
INFO: Run Behavior\ShowPageTrace [ RunTime:0.002645s ]
INFO: [ app_end ] --END-- [ RunTime:0.002888s ]

[ 2016-09-25T21:18:46+08:00 ] ::1 /CPS/index.php/Student/Stu/teamMember/group_id/1
INFO: [ app_begin ] --START--
INFO: Run Behavior\ReadHtmlCache [ RunTime:0.001437s ]
INFO: [ app_begin ] --END-- [ RunTime:0.002612s ]
SQL: SHOW COLUMNS FROM `course` [ RunTime:0.010463s ]
SQL: select A.course_name,A.course_id,B.project_name,B.project_status,D.group_id,D.group_manage from course as A,project as B,student_group as D where A.course_id=B.course_id and B.project_id=D.project_id and D.group_id = 1 [ RunTime:0.001030s ]
SQL: select student_id,student_name from student where group_id = 1 [ RunTime:0.000668s ]
INFO: [ view_parse ] --START--
INFO: [ template_filter ] --START--
INFO: Run Behavior\ContentReplace [ RunTime:0.000131s ]
INFO: [ template_filter ] --END-- [ RunTime:0.000367s ]
INFO: Run Behavior\ParseTemplate [ RunTime:0.021250s ]
INFO: [ view_parse ] --END-- [ RunTime:0.021485s ]
INFO: [ view_filter ] --START--
INFO: Run Behavior\WriteHtmlCache [ RunTime:0.000909s ]
INFO: [ view_filter ] --END-- [ RunTime:0.001106s ]
INFO: [ app_end ] --START--
INFO: Run Behavior\ShowPageTrace [ RunTime:0.001891s ]
INFO: [ app_end ] --END-- [ RunTime:0.002102s ]

[ 2016-09-25T21:18:49+08:00 ] ::1 /CPS/index.php/Student/Stu/teamMember
INFO: [ app_begin ] --START--
INFO: Run Behavior\ReadHtmlCache [ RunTime:0.002305s ]
INFO: [ app_begin ] --END-- [ RunTime:0.003762s ]
SQL: SHOW COLUMNS FROM `course` [ RunTime:0.011254s ]
SQL: select A.course_name,A.course_id,B.project_name,B.project_status,D.group_id,D.group_manage from course as A,project as B,student_group as D where A.course_id=B.course_id and B.project_id=D.project_id and D.group_id =  [ RunTime:0.035544s ]
ERR: 1064:You have an error in your SQL syntax; check the manual that corresponds to your MySQL server version for the right syntax to use near '' at line 1
 [ SQL语句 ] : select A.course_name,A.course_id,B.project_name,B.project_status,D.group_id,D.group_manage from course as A,project as B,student_group as D where A.course_id=B.course_id and B.project_id=D.project_id and D.group_id = 
NOTIC: [2] Invalid argument supplied for foreach() F:\web\CPS\Student\Controller\StuController.class.php 第 125 行.
INFO: [ view_parse ] --START--
INFO: [ template_filter ] --START--
INFO: Run Behavior\ContentReplace [ RunTime:0.000138s ]
INFO: [ template_filter ] --END-- [ RunTime:0.000397s ]
INFO: Run Behavior\ParseTemplate [ RunTime:0.021705s ]
INFO: [ view_parse ] --END-- [ RunTime:0.021940s ]
INFO: [ view_filter ] --START--
INFO: Run Behavior\WriteHtmlCache [ RunTime:0.000940s ]
INFO: [ view_filter ] --END-- [ RunTime:0.001141s ]
INFO: [ app_end ] --START--
INFO: Run Behavior\ShowPageTrace [ RunTime:0.001548s ]
INFO: [ app_end ] --END-- [ RunTime:0.001779s ]

[ 2016-09-25T21:18:54+08:00 ] ::1 /CPS/index.php/Student/Stu/team_manage
INFO: [ app_begin ] --START--
INFO: Run Behavior\ReadHtmlCache [ RunTime:0.002219s ]
INFO: [ app_begin ] --END-- [ RunTime:0.003440s ]
SQL: SHOW COLUMNS FROM `course` [ RunTime:0.010492s ]
SQL: select A.course_name,A.course_id,B.project_name,B.project_status,D.group_id,D.group_manage from course as A,project as B,student_group as D where A.course_id=B.course_id and B.project_id=D.project_id group by D.group_id ; [ RunTime:0.010093s ]
SQL: select student_id,student_name from student where group_id = 1 [ RunTime:0.001056s ]
SQL: select student_id,student_name from student where group_id = 2 [ RunTime:0.000812s ]
SQL: select student_id,student_name from student where group_id = 3 [ RunTime:0.000684s ]
INFO: [ view_parse ] --START--
INFO: [ template_filter ] --START--
INFO: Run Behavior\ContentReplace [ RunTime:0.000147s ]
INFO: [ template_filter ] --END-- [ RunTime:0.000357s ]
INFO: Run Behavior\ParseTemplate [ RunTime:0.022743s ]
INFO: [ view_parse ] --END-- [ RunTime:0.023082s ]
INFO: [ view_filter ] --START--
INFO: Run Behavior\WriteHtmlCache [ RunTime:0.001048s ]
INFO: [ view_filter ] --END-- [ RunTime:0.001255s ]
INFO: [ app_end ] --START--
INFO: Run Behavior\ShowPageTrace [ RunTime:0.001821s ]
INFO: [ app_end ] --END-- [ RunTime:0.002146s ]

[ 2016-09-25T21:18:57+08:00 ] ::1 /CPS/index.php/Student/Stu/teamMember/group_id/1
INFO: [ app_begin ] --START--
INFO: Run Behavior\ReadHtmlCache [ RunTime:0.001468s ]
INFO: [ app_begin ] --END-- [ RunTime:0.002770s ]
SQL: SHOW COLUMNS FROM `course` [ RunTime:0.010460s ]
SQL: select A.course_name,A.course_id,B.project_name,B.project_status,D.group_id,D.group_manage from course as A,project as B,student_group as D where A.course_id=B.course_id and B.project_id=D.project_id and D.group_id = 1 [ RunTime:0.001050s ]
SQL: select student_id,student_name from student where group_id = 1 [ RunTime:0.000739s ]
INFO: [ view_parse ] --START--
INFO: [ template_filter ] --START--
INFO: Run Behavior\ContentReplace [ RunTime:0.000127s ]
INFO: [ template_filter ] --END-- [ RunTime:0.000342s ]
INFO: Run Behavior\ParseTemplate [ RunTime:0.020461s ]
INFO: [ view_parse ] --END-- [ RunTime:0.020693s ]
INFO: [ view_filter ] --START--
INFO: Run Behavior\WriteHtmlCache [ RunTime:0.000902s ]
INFO: [ view_filter ] --END-- [ RunTime:0.001116s ]
INFO: [ app_end ] --START--
INFO: Run Behavior\ShowPageTrace [ RunTime:0.001416s ]
INFO: [ app_end ] --END-- [ RunTime:0.001621s ]

[ 2016-09-25T21:19:00+08:00 ] ::1 /CPS/index.php/Student/Stu/course_info
INFO: [ app_begin ] --START--
INFO: Run Behavior\ReadHtmlCache [ RunTime:0.001667s ]
INFO: [ app_begin ] --END-- [ RunTime:0.003065s ]
SQL: SHOW COLUMNS FROM `course` [ RunTime:0.009990s ]
SQL: SELECT * FROM `course`  [ RunTime:0.000848s ]
INFO: [ view_parse ] --START--
INFO: [ template_filter ] --START--
INFO: Run Behavior\ContentReplace [ RunTime:0.000120s ]
INFO: [ template_filter ] --END-- [ RunTime:0.000332s ]
INFO: Run Behavior\ParseTemplate [ RunTime:0.018420s ]
INFO: [ view_parse ] --END-- [ RunTime:0.018650s ]
INFO: [ view_filter ] --START--
INFO: Run Behavior\WriteHtmlCache [ RunTime:0.000931s ]
INFO: [ view_filter ] --END-- [ RunTime:0.001134s ]
INFO: [ app_end ] --START--
INFO: Run Behavior\ShowPageTrace [ RunTime:0.001487s ]
INFO: [ app_end ] --END-- [ RunTime:0.001695s ]

[ 2016-09-25T21:20:16+08:00 ] ::1 /CPS/index.php/Student/Stu/team_manage
INFO: [ app_begin ] --START--
INFO: Run Behavior\ReadHtmlCache [ RunTime:0.002377s ]
INFO: [ app_begin ] --END-- [ RunTime:0.003581s ]
SQL: SHOW COLUMNS FROM `course` [ RunTime:0.011156s ]
SQL: select A.course_name,A.course_id,B.project_name,B.project_status,D.group_id,D.group_manage from course as A,project as B,student_group as D where A.course_id=B.course_id and B.project_id=D.project_id group by D.group_id ; [ RunTime:0.010382s ]
SQL: select student_id,student_name from student where group_id = 1 [ RunTime:0.001028s ]
SQL: select student_id,student_name from student where group_id = 2 [ RunTime:0.000807s ]
SQL: select student_id,student_name from student where group_id = 3 [ RunTime:0.000692s ]
INFO: [ view_parse ] --START--
INFO: [ template_filter ] --START--
INFO: Run Behavior\ContentReplace [ RunTime:0.000156s ]
INFO: [ template_filter ] --END-- [ RunTime:0.000371s ]
INFO: Run Behavior\ParseTemplate [ RunTime:0.024369s ]
INFO: [ view_parse ] --END-- [ RunTime:0.024617s ]
INFO: [ view_filter ] --START--
INFO: Run Behavior\WriteHtmlCache [ RunTime:0.002191s ]
INFO: [ view_filter ] --END-- [ RunTime:0.002503s ]
INFO: [ app_end ] --START--
INFO: Run Behavior\ShowPageTrace [ RunTime:0.002468s ]
INFO: [ app_end ] --END-- [ RunTime:0.003127s ]

[ 2016-09-25T21:25:25+08:00 ] ::1 /CPS/index.php/Student/Stu/team_manage
INFO: [ app_begin ] --START--
INFO: Run Behavior\ReadHtmlCache [ RunTime:0.001810s ]
INFO: [ app_begin ] --END-- [ RunTime:0.003165s ]
SQL: SHOW COLUMNS FROM `course` [ RunTime:0.010999s ]
SQL: select A.course_name,A.course_id,B.project_name,B.project_status,D.group_id,D.group_manage from course as A,project as B,student_group as D where A.course_id=B.course_id and B.project_id=D.project_id group by D.group_id ; [ RunTime:0.010143s ]
SQL: select student_id,student_name from student where group_id = 1 [ RunTime:0.001031s ]
SQL: select student_id,student_name from student where group_id = 2 [ RunTime:0.000919s ]
SQL: select student_id,student_name from student where group_id = 3 [ RunTime:0.000740s ]
INFO: [ view_parse ] --START--
INFO: [ template_filter ] --START--
INFO: Run Behavior\ContentReplace [ RunTime:0.000147s ]
INFO: [ template_filter ] --END-- [ RunTime:0.000353s ]
INFO: Run Behavior\ParseTemplate [ RunTime:0.023416s ]
INFO: [ view_parse ] --END-- [ RunTime:0.023651s ]
INFO: [ view_filter ] --START--
INFO: Run Behavior\WriteHtmlCache [ RunTime:0.001066s ]
INFO: [ view_filter ] --END-- [ RunTime:0.001264s ]
INFO: [ app_end ] --START--
INFO: Run Behavior\ShowPageTrace [ RunTime:0.003033s ]
INFO: [ app_end ] --END-- [ RunTime:0.003284s ]

[ 2016-09-25T21:25:28+08:00 ] ::1 /CPS/index.php/Student/Stu/team_manage
INFO: [ app_begin ] --START--
INFO: Run Behavior\ReadHtmlCache [ RunTime:0.001712s ]
INFO: [ app_begin ] --END-- [ RunTime:0.002943s ]
SQL: SHOW COLUMNS FROM `course` [ RunTime:0.010907s ]
SQL: select A.course_name,A.course_id,B.project_name,B.project_status,D.group_id,D.group_manage from course as A,project as B,student_group as D where A.course_id=B.course_id and B.project_id=D.project_id group by D.group_id ; [ RunTime:0.030543s ]
SQL: select student_id,student_name from student where group_id = 1 [ RunTime:0.000954s ]
SQL: select student_id,student_name from student where group_id = 2 [ RunTime:0.001069s ]
SQL: select student_id,student_name from student where group_id = 3 [ RunTime:0.001073s ]
INFO: [ view_parse ] --START--
INFO: [ template_filter ] --START--
INFO: Run Behavior\ContentReplace [ RunTime:0.000166s ]
INFO: [ template_filter ] --END-- [ RunTime:0.000402s ]
INFO: Run Behavior\ParseTemplate [ RunTime:0.026034s ]
INFO: [ view_parse ] --END-- [ RunTime:0.026293s ]
INFO: [ view_filter ] --START--
INFO: Run Behavior\WriteHtmlCache [ RunTime:0.001393s ]
INFO: [ view_filter ] --END-- [ RunTime:0.001633s ]
INFO: [ app_end ] --START--
INFO: Run Behavior\ShowPageTrace [ RunTime:0.002282s ]
INFO: [ app_end ] --END-- [ RunTime:0.002883s ]

[ 2016-09-25T21:25:42+08:00 ] ::1 /CPS/index.php/Student/Stu/course_info
INFO: [ app_begin ] --START--
INFO: Run Behavior\ReadHtmlCache [ RunTime:0.001370s ]
INFO: [ app_begin ] --END-- [ RunTime:0.002489s ]
SQL: SHOW COLUMNS FROM `course` [ RunTime:0.009994s ]
SQL: SELECT * FROM `course`  [ RunTime:0.000704s ]
INFO: [ view_parse ] --START--
INFO: [ template_filter ] --START--
INFO: Run Behavior\ContentReplace [ RunTime:0.000124s ]
INFO: [ template_filter ] --END-- [ RunTime:0.000346s ]
INFO: Run Behavior\ParseTemplate [ RunTime:0.019012s ]
INFO: [ view_parse ] --END-- [ RunTime:0.019248s ]
INFO: [ view_filter ] --START--
INFO: Run Behavior\WriteHtmlCache [ RunTime:0.000868s ]
INFO: [ view_filter ] --END-- [ RunTime:0.001072s ]
INFO: [ app_end ] --START--
INFO: Run Behavior\ShowPageTrace [ RunTime:0.001444s ]
INFO: [ app_end ] --END-- [ RunTime:0.001660s ]

[ 2016-09-25T21:25:44+08:00 ] ::1 /CPS/index.php/Student/Stu/myproject
INFO: [ app_begin ] --START--
INFO: Run Behavior\ReadHtmlCache [ RunTime:0.001398s ]
INFO: [ app_begin ] --END-- [ RunTime:0.002560s ]
SQL: SHOW COLUMNS FROM `course` [ RunTime:0.022422s ]
SQL: select  A.course_name,A.course_id,B.project_name,B.project_id,B.teacher_id,B.project_status from course as A,project as B where A.course_id=B.course_id  [ RunTime:0.000965s ]
INFO: [ view_parse ] --START--
INFO: [ template_filter ] --START--
INFO: Run Behavior\ContentReplace [ RunTime:0.000128s ]
INFO: [ template_filter ] --END-- [ RunTime:0.000350s ]
INFO: Run Behavior\ParseTemplate [ RunTime:0.020044s ]
INFO: [ view_parse ] --END-- [ RunTime:0.020297s ]
INFO: [ view_filter ] --START--
INFO: Run Behavior\WriteHtmlCache [ RunTime:0.001041s ]
INFO: [ view_filter ] --END-- [ RunTime:0.001259s ]
INFO: [ app_end ] --START--
INFO: Run Behavior\ShowPageTrace [ RunTime:0.001779s ]
INFO: [ app_end ] --END-- [ RunTime:0.002013s ]

[ 2016-09-25T21:25:46+08:00 ] ::1 /CPS/index.php/Student/Stu/project_report/project_id/1
INFO: [ app_begin ] --START--
INFO: Run Behavior\ReadHtmlCache [ RunTime:0.001551s ]
INFO: [ app_begin ] --END-- [ RunTime:0.002778s ]
SQL: SHOW COLUMNS FROM `course` [ RunTime:0.011360s ]
SQL: select A.course_name,A.course_id,B.project_name,B.project_id,B.teacher_id,B.project_status,B.main_project,B.middle_expected_result,B.final_expected_result,B.project_comment_info from course as A,project as B where A.course_id=B.course_id and B.project_id=1 [ RunTime:0.001250s ]
INFO: [ view_parse ] --START--
INFO: [ template_filter ] --START--
INFO: Run Behavior\ContentReplace [ RunTime:0.000158s ]
INFO: [ template_filter ] --END-- [ RunTime:0.000375s ]
INFO: Run Behavior\ParseTemplate [ RunTime:0.024856s ]
INFO: [ view_parse ] --END-- [ RunTime:0.025135s ]
INFO: [ view_filter ] --START--
INFO: Run Behavior\WriteHtmlCache [ RunTime:0.000986s ]
INFO: [ view_filter ] --END-- [ RunTime:0.001190s ]
INFO: [ app_end ] --START--
INFO: Run Behavior\ShowPageTrace [ RunTime:0.001438s ]
INFO: [ app_end ] --END-- [ RunTime:0.001640s ]

[ 2016-09-25T22:03:04+08:00 ] ::1 /CPS/index.php/Student/Stu/project_report/project_id/1
INFO: [ app_begin ] --START--
INFO: Run Behavior\ReadHtmlCache [ RunTime:0.001923s ]
INFO: [ app_begin ] --END-- [ RunTime:0.003317s ]
SQL: SHOW COLUMNS FROM `course` [ RunTime:0.011523s ]
SQL: select A.course_name,A.course_id,B.project_name,B.project_id,B.teacher_id,B.project_status,B.main_project,B.middle_expected_result,B.final_expected_result,B.project_comment_info from course as A,project as B where A.course_id=B.course_id and B.project_id=1 [ RunTime:0.002556s ]
INFO: [ view_parse ] --START--
INFO: [ template_filter ] --START--
INFO: Run Behavior\ContentReplace [ RunTime:0.000141s ]
INFO: [ template_filter ] --END-- [ RunTime:0.000346s ]
INFO: Run Behavior\ParseTemplate [ RunTime:0.026845s ]
INFO: [ view_parse ] --END-- [ RunTime:0.027133s ]
INFO: [ view_filter ] --START--
INFO: Run Behavior\WriteHtmlCache [ RunTime:0.001472s ]
INFO: [ view_filter ] --END-- [ RunTime:0.001682s ]
INFO: [ app_end ] --START--
INFO: Run Behavior\ShowPageTrace [ RunTime:0.001987s ]
INFO: [ app_end ] --END-- [ RunTime:0.002241s ]

[ 2016-09-25T22:03:08+08:00 ] ::1 /CPS/index.php/Student/Stu/project_report/project_id/1
INFO: [ app_begin ] --START--
INFO: Run Behavior\ReadHtmlCache [ RunTime:0.001867s ]
INFO: [ app_begin ] --END-- [ RunTime:0.003197s ]
SQL: SHOW COLUMNS FROM `course` [ RunTime:0.010541s ]
SQL: select A.course_name,A.course_id,B.project_name,B.project_id,B.teacher_id,B.project_status,B.main_project,B.middle_expected_result,B.final_expected_result,B.project_comment_info from course as A,project as B where A.course_id=B.course_id and B.project_id=1 [ RunTime:0.001063s ]
INFO: [ view_parse ] --START--
INFO: [ template_filter ] --START--
INFO: Run Behavior\ContentReplace [ RunTime:0.000146s ]
INFO: [ template_filter ] --END-- [ RunTime:0.000356s ]
INFO: Run Behavior\ParseTemplate [ RunTime:0.026825s ]
INFO: [ view_parse ] --END-- [ RunTime:0.027183s ]
INFO: [ view_filter ] --START--
INFO: Run Behavior\WriteHtmlCache [ RunTime:0.001503s ]
INFO: [ view_filter ] --END-- [ RunTime:0.001720s ]
INFO: [ app_end ] --START--
INFO: Run Behavior\ShowPageTrace [ RunTime:0.002210s ]
INFO: [ app_end ] --END-- [ RunTime:0.003294s ]

[ 2016-09-25T22:03:12+08:00 ] ::1 /CPS/index.php/Student/Stu/course_info
INFO: [ app_begin ] --START--
INFO: Run Behavior\ReadHtmlCache [ RunTime:0.001375s ]
INFO: [ app_begin ] --END-- [ RunTime:0.002525s ]
SQL: SHOW COLUMNS FROM `course` [ RunTime:0.010826s ]
SQL: SELECT * FROM `course`  [ RunTime:0.000817s ]
INFO: [ view_parse ] --START--
INFO: [ template_filter ] --START--
INFO: Run Behavior\ContentReplace [ RunTime:0.000126s ]
INFO: [ template_filter ] --END-- [ RunTime:0.000345s ]
INFO: Run Behavior\ParseTemplate [ RunTime:0.018327s ]
INFO: [ view_parse ] --END-- [ RunTime:0.018577s ]
INFO: [ view_filter ] --START--
INFO: Run Behavior\WriteHtmlCache [ RunTime:0.000879s ]
INFO: [ view_filter ] --END-- [ RunTime:0.001081s ]
INFO: [ app_end ] --START--
INFO: Run Behavior\ShowPageTrace [ RunTime:0.001462s ]
INFO: [ app_end ] --END-- [ RunTime:0.001669s ]

[ 2016-09-25T22:03:13+08:00 ] ::1 /CPS/index.php/Student/Stu/course_info
INFO: [ app_begin ] --START--
INFO: Run Behavior\ReadHtmlCache [ RunTime:0.001688s ]
INFO: [ app_begin ] --END-- [ RunTime:0.002912s ]
SQL: SHOW COLUMNS FROM `course` [ RunTime:0.032092s ]
SQL: SELECT * FROM `course`  [ RunTime:0.000805s ]
INFO: [ view_parse ] --START--
INFO: [ template_filter ] --START--
INFO: Run Behavior\ContentReplace [ RunTime:0.000125s ]
INFO: [ template_filter ] --END-- [ RunTime:0.000341s ]
INFO: Run Behavior\ParseTemplate [ RunTime:0.020379s ]
INFO: [ view_parse ] --END-- [ RunTime:0.020629s ]
INFO: [ view_filter ] --START--
INFO: Run Behavior\WriteHtmlCache [ RunTime:0.001198s ]
INFO: [ view_filter ] --END-- [ RunTime:0.001402s ]
INFO: [ app_end ] --START--
INFO: Run Behavior\ShowPageTrace [ RunTime:0.001817s ]
INFO: [ app_end ] --END-- [ RunTime:0.002123s ]

[ 2016-09-25T22:03:15+08:00 ] ::1 /CPS/index.php/Student/Stu/myproject
INFO: [ app_begin ] --START--
INFO: Run Behavior\ReadHtmlCache [ RunTime:0.001448s ]
INFO: [ app_begin ] --END-- [ RunTime:0.003077s ]
SQL: SHOW COLUMNS FROM `course` [ RunTime:0.010184s ]
SQL: select  A.course_name,A.course_id,B.project_name,B.project_id,B.teacher_id,B.project_status from course as A,project as B where A.course_id=B.course_id  [ RunTime:0.000884s ]
INFO: [ view_parse ] --START--
INFO: [ template_filter ] --START--
INFO: Run Behavior\ContentReplace [ RunTime:0.000125s ]
INFO: [ template_filter ] --END-- [ RunTime:0.000350s ]
INFO: Run Behavior\ParseTemplate [ RunTime:0.019267s ]
INFO: [ view_parse ] --END-- [ RunTime:0.019519s ]
INFO: [ view_filter ] --START--
INFO: Run Behavior\WriteHtmlCache [ RunTime:0.000892s ]
INFO: [ view_filter ] --END-- [ RunTime:0.001094s ]
INFO: [ app_end ] --START--
INFO: Run Behavior\ShowPageTrace [ RunTime:0.001405s ]
INFO: [ app_end ] --END-- [ RunTime:0.001616s ]

[ 2016-09-25T22:03:17+08:00 ] ::1 /CPS/index.php/Student/Stu/project_report/project_id/1
INFO: [ app_begin ] --START--
INFO: Run Behavior\ReadHtmlCache [ RunTime:0.001438s ]
INFO: [ app_begin ] --END-- [ RunTime:0.002792s ]
SQL: SHOW COLUMNS FROM `course` [ RunTime:0.010325s ]
SQL: select A.course_name,A.course_id,B.project_name,B.project_id,B.teacher_id,B.project_status,B.main_project,B.middle_expected_result,B.final_expected_result,B.project_comment_info from course as A,project as B where A.course_id=B.course_id and B.project_id=1 [ RunTime:0.001056s ]
INFO: [ view_parse ] --START--
INFO: [ template_filter ] --START--
INFO: Run Behavior\ContentReplace [ RunTime:0.000145s ]
INFO: [ template_filter ] --END-- [ RunTime:0.000498s ]
INFO: Run Behavior\ParseTemplate [ RunTime:0.025954s ]
INFO: [ view_parse ] --END-- [ RunTime:0.026191s ]
INFO: [ view_filter ] --START--
INFO: Run Behavior\WriteHtmlCache [ RunTime:0.000902s ]
INFO: [ view_filter ] --END-- [ RunTime:0.001098s ]
INFO: [ app_end ] --START--
INFO: Run Behavior\ShowPageTrace [ RunTime:0.001671s ]
INFO: [ app_end ] --END-- [ RunTime:0.001906s ]

[ 2016-09-25T22:23:42+08:00 ] ::1 /CPS/index.php/Student/Stu/project_report/project_id/1
INFO: [ app_begin ] --START--
INFO: Run Behavior\ReadHtmlCache [ RunTime:0.001780s ]
INFO: [ app_begin ] --END-- [ RunTime:0.003010s ]
SQL: SHOW COLUMNS FROM `course` [ RunTime:0.011438s ]
SQL: select A.course_name,A.course_id,B.project_name,B.project_id,B.teacher_id,B.project_status,B.main_project,B.middle_expected_result,B.final_expected_result,B.project_comment_info from course as A,project as B where A.course_id=B.course_id and B.project_id=1 [ RunTime:0.001501s ]
INFO: [ view_parse ] --START--
INFO: [ template_filter ] --START--
INFO: Run Behavior\ContentReplace [ RunTime:0.000147s ]
INFO: [ template_filter ] --END-- [ RunTime:0.000375s ]
INFO: Run Behavior\ParseTemplate [ RunTime:0.027927s ]
INFO: [ view_parse ] --END-- [ RunTime:0.028189s ]
INFO: [ view_filter ] --START--
INFO: Run Behavior\WriteHtmlCache [ RunTime:0.001405s ]
INFO: [ view_filter ] --END-- [ RunTime:0.001640s ]
INFO: [ app_end ] --START--
INFO: Run Behavior\ShowPageTrace [ RunTime:0.002205s ]
INFO: [ app_end ] --END-- [ RunTime:0.002478s ]

[ 2016-09-25T23:02:50+08:00 ] ::1 /CPS/index.php/Student/Stu/project_report/project_id/1
INFO: [ app_begin ] --START--
INFO: Run Behavior\ReadHtmlCache [ RunTime:0.001729s ]
INFO: [ app_begin ] --END-- [ RunTime:0.003361s ]
SQL: SHOW COLUMNS FROM `course` [ RunTime:0.013606s ]
SQL: select A.course_name,A.course_id,B.project_name,B.project_id,B.teacher_id,B.project_status,B.main_project,B.middle_expected_result,B.final_expected_result,B.project_comment_info from course as A,project as B where A.course_id=B.course_id and B.project_id=1 [ RunTime:0.003213s ]
INFO: [ view_parse ] --START--
INFO: [ template_filter ] --START--
INFO: Run Behavior\ContentReplace [ RunTime:0.000145s ]
INFO: [ template_filter ] --END-- [ RunTime:0.000368s ]
INFO: Run Behavior\ParseTemplate [ RunTime:0.026886s ]
INFO: [ view_parse ] --END-- [ RunTime:0.027149s ]
INFO: [ view_filter ] --START--
INFO: Run Behavior\WriteHtmlCache [ RunTime:0.001574s ]
INFO: [ view_filter ] --END-- [ RunTime:0.001777s ]
INFO: [ app_end ] --START--
INFO: Run Behavior\ShowPageTrace [ RunTime:0.002016s ]
INFO: [ app_end ] --END-- [ RunTime:0.002273s ]

[ 2016-09-25T23:02:56+08:00 ] ::1 /CPS/index.php/Student/Stu/course_info
INFO: [ app_begin ] --START--
INFO: Run Behavior\ReadHtmlCache [ RunTime:0.001841s ]
INFO: [ app_begin ] --END-- [ RunTime:0.003180s ]
SQL: SHOW COLUMNS FROM `course` [ RunTime:0.010950s ]
SQL: SELECT * FROM `course`  [ RunTime:0.000814s ]
INFO: [ view_parse ] --START--
INFO: [ template_filter ] --START--
INFO: Run Behavior\ContentReplace [ RunTime:0.000130s ]
INFO: [ template_filter ] --END-- [ RunTime:0.000348s ]
INFO: Run Behavior\ParseTemplate [ RunTime:0.020818s ]
INFO: [ view_parse ] --END-- [ RunTime:0.021087s ]
INFO: [ view_filter ] --START--
INFO: Run Behavior\WriteHtmlCache [ RunTime:0.001164s ]
INFO: [ view_filter ] --END-- [ RunTime:0.001394s ]
INFO: [ app_end ] --START--
INFO: Run Behavior\ShowPageTrace [ RunTime:0.002598s ]
INFO: [ app_end ] --END-- [ RunTime:0.002855s ]

[ 2016-09-25T23:02:59+08:00 ] ::1 /CPS/index.php/Student/Stu/myproject
INFO: [ app_begin ] --START--
INFO: Run Behavior\ReadHtmlCache [ RunTime:0.003086s ]
INFO: [ app_begin ] --END-- [ RunTime:0.004434s ]
SQL: SHOW COLUMNS FROM `course` [ RunTime:0.013628s ]
SQL: select  A.course_name,A.course_id,B.project_name,B.project_id,B.teacher_id,B.project_status from course as A,project as B where A.course_id=B.course_id  [ RunTime:0.000903s ]
INFO: [ view_parse ] --START--
INFO: [ template_filter ] --START--
INFO: Run Behavior\ContentReplace [ RunTime:0.000124s ]
INFO: [ template_filter ] --END-- [ RunTime:0.000336s ]
INFO: Run Behavior\ParseTemplate [ RunTime:0.019221s ]
INFO: [ view_parse ] --END-- [ RunTime:0.019493s ]
INFO: [ view_filter ] --START--
INFO: Run Behavior\WriteHtmlCache [ RunTime:0.001014s ]
INFO: [ view_filter ] --END-- [ RunTime:0.001227s ]
INFO: [ app_end ] --START--
INFO: Run Behavior\ShowPageTrace [ RunTime:0.001515s ]
INFO: [ app_end ] --END-- [ RunTime:0.001725s ]

[ 2016-09-25T23:03:01+08:00 ] ::1 /CPS/index.php/Student/Stu/myteam
INFO: [ app_begin ] --START--
INFO: Run Behavior\ReadHtmlCache [ RunTime:0.001587s ]
INFO: [ app_begin ] --END-- [ RunTime:0.003937s ]
INFO: [ view_parse ] --START--
INFO: [ template_filter ] --START--
INFO: Run Behavior\ContentReplace [ RunTime:0.000130s ]
INFO: [ template_filter ] --END-- [ RunTime:0.000377s ]
INFO: Run Behavior\ParseTemplate [ RunTime:0.015582s ]
INFO: [ view_parse ] --END-- [ RunTime:0.015828s ]
INFO: [ view_filter ] --START--
INFO: Run Behavior\WriteHtmlCache [ RunTime:0.000865s ]
INFO: [ view_filter ] --END-- [ RunTime:0.001056s ]
INFO: [ app_end ] --START--
INFO: Run Behavior\ShowPageTrace [ RunTime:0.001464s ]
INFO: [ app_end ] --END-- [ RunTime:0.001669s ]

[ 2016-09-25T23:03:15+08:00 ] ::1 /CPS/index.php/Student/Stu/team_info.html
INFO: [ app_begin ] --START--
INFO: Run Behavior\ReadHtmlCache [ RunTime:0.002134s ]
INFO: [ app_begin ] --END-- [ RunTime:0.004156s ]
INFO: [ view_parse ] --START--
INFO: [ template_filter ] --START--
INFO: Run Behavior\ContentReplace [ RunTime:0.000189s ]
INFO: [ template_filter ] --END-- [ RunTime:0.000620s ]
INFO: Run Behavior\ParseTemplate [ RunTime:0.016576s ]
INFO: [ view_parse ] --END-- [ RunTime:0.016825s ]
INFO: [ view_filter ] --START--
INFO: Run Behavior\WriteHtmlCache [ RunTime:0.000881s ]
INFO: [ view_filter ] --END-- [ RunTime:0.001077s ]
INFO: [ app_end ] --START--
INFO: Run Behavior\ShowPageTrace [ RunTime:0.001430s ]
INFO: [ app_end ] --END-- [ RunTime:0.001644s ]

[ 2016-09-25T23:03:19+08:00 ] ::1 /CPS/index.php/Student/Stu/myteam
INFO: [ app_begin ] --START--
INFO: Run Behavior\ReadHtmlCache [ RunTime:0.001619s ]
INFO: [ app_begin ] --END-- [ RunTime:0.002883s ]
INFO: [ view_parse ] --START--
INFO: [ template_filter ] --START--
INFO: Run Behavior\ContentReplace [ RunTime:0.000133s ]
INFO: [ template_filter ] --END-- [ RunTime:0.000400s ]
INFO: Run Behavior\ParseTemplate [ RunTime:0.016173s ]
INFO: [ view_parse ] --END-- [ RunTime:0.016410s ]
INFO: [ view_filter ] --START--
INFO: Run Behavior\WriteHtmlCache [ RunTime:0.000854s ]
INFO: [ view_filter ] --END-- [ RunTime:0.001059s ]
INFO: [ app_end ] --START--
INFO: Run Behavior\ShowPageTrace [ RunTime:0.001575s ]
INFO: [ app_end ] --END-- [ RunTime:0.001781s ]

[ 2016-09-25T23:03:48+08:00 ] ::1 /CPS/index.php/Student/Stu/myteam
INFO: [ app_begin ] --START--
INFO: Run Behavior\ReadHtmlCache [ RunTime:0.001572s ]
INFO: [ app_begin ] --END-- [ RunTime:0.002948s ]
INFO: [ view_parse ] --START--
INFO: [ template_filter ] --START--
INFO: Run Behavior\ContentReplace [ RunTime:0.000134s ]
INFO: [ template_filter ] --END-- [ RunTime:0.000392s ]
INFO: Run Behavior\ParseTemplate [ RunTime:0.018351s ]
INFO: [ view_parse ] --END-- [ RunTime:0.018688s ]
INFO: [ view_filter ] --START--
INFO: Run Behavior\WriteHtmlCache [ RunTime:0.001387s ]
INFO: [ view_filter ] --END-- [ RunTime:0.001600s ]
INFO: [ app_end ] --START--
INFO: Run Behavior\ShowPageTrace [ RunTime:0.001878s ]
INFO: [ app_end ] --END-- [ RunTime:0.002150s ]

[ 2016-09-25T23:03:50+08:00 ] ::1 /CPS/index.php/Student/Stu/myteam
INFO: [ app_begin ] --START--
INFO: Run Behavior\ReadHtmlCache [ RunTime:0.001863s ]
INFO: [ app_begin ] --END-- [ RunTime:0.003231s ]
INFO: [ view_parse ] --START--
INFO: [ template_filter ] --START--
INFO: Run Behavior\ContentReplace [ RunTime:0.000134s ]
INFO: [ template_filter ] --END-- [ RunTime:0.000402s ]
INFO: Run Behavior\ParseTemplate [ RunTime:0.017736s ]
INFO: [ view_parse ] --END-- [ RunTime:0.017998s ]
INFO: [ view_filter ] --START--
INFO: Run Behavior\WriteHtmlCache [ RunTime:0.001216s ]
INFO: [ view_filter ] --END-- [ RunTime:0.001440s ]
INFO: [ app_end ] --START--
INFO: Run Behavior\ShowPageTrace [ RunTime:0.002677s ]
INFO: [ app_end ] --END-- [ RunTime:0.003399s ]

[ 2016-09-25T23:03:52+08:00 ] ::1 /CPS/index.php/Student/Stu/team_manage
INFO: [ app_begin ] --START--
INFO: Run Behavior\ReadHtmlCache [ RunTime:0.001725s ]
INFO: [ app_begin ] --END-- [ RunTime:0.003242s ]
SQL: SHOW COLUMNS FROM `course` [ RunTime:0.011072s ]
SQL: select A.course_name,A.course_id,B.project_name,B.project_status,D.group_id,D.group_manage from course as A,project as B,student_group as D where A.course_id=B.course_id and B.project_id=D.project_id group by D.group_id ; [ RunTime:0.013521s ]
SQL: select student_id,student_name from student where group_id = 1 [ RunTime:0.003814s ]
SQL: select student_id,student_name from student where group_id = 2 [ RunTime:0.000926s ]
SQL: select student_id,student_name from student where group_id = 3 [ RunTime:0.000880s ]
INFO: [ view_parse ] --START--
INFO: [ template_filter ] --START--
INFO: Run Behavior\ContentReplace [ RunTime:0.000176s ]
INFO: [ template_filter ] --END-- [ RunTime:0.000411s ]
INFO: Run Behavior\ParseTemplate [ RunTime:0.023771s ]
INFO: [ view_parse ] --END-- [ RunTime:0.024033s ]
INFO: [ view_filter ] --START--
INFO: Run Behavior\WriteHtmlCache [ RunTime:0.002796s ]
INFO: [ view_filter ] --END-- [ RunTime:0.003166s ]
INFO: [ app_end ] --START--
INFO: Run Behavior\ShowPageTrace [ RunTime:0.001704s ]
INFO: [ app_end ] --END-- [ RunTime:0.002143s ]

[ 2016-09-25T23:03:54+08:00 ] ::1 /CPS/index.php/Student/Stu/teamMember/group_id/1
INFO: [ app_begin ] --START--
INFO: Run Behavior\ReadHtmlCache [ RunTime:0.001782s ]
INFO: [ app_begin ] --END-- [ RunTime:0.003241s ]
SQL: SHOW COLUMNS FROM `course` [ RunTime:0.011446s ]
SQL: select A.course_name,A.course_id,B.project_name,B.project_status,D.group_id,D.group_manage from course as A,project as B,student_group as D where A.course_id=B.course_id and B.project_id=D.project_id and D.group_id = 1 [ RunTime:0.001028s ]
SQL: select student_id,student_name from student where group_id = 1 [ RunTime:0.000719s ]
INFO: [ view_parse ] --START--
INFO: [ template_filter ] --START--
INFO: Run Behavior\ContentReplace [ RunTime:0.000134s ]
INFO: [ template_filter ] --END-- [ RunTime:0.000373s ]
INFO: Run Behavior\ParseTemplate [ RunTime:0.021770s ]
INFO: [ view_parse ] --END-- [ RunTime:0.022003s ]
INFO: [ view_filter ] --START--
INFO: Run Behavior\WriteHtmlCache [ RunTime:0.000945s ]
INFO: [ view_filter ] --END-- [ RunTime:0.001150s ]
INFO: [ app_end ] --START--
INFO: Run Behavior\ShowPageTrace [ RunTime:0.001431s ]
INFO: [ app_end ] --END-- [ RunTime:0.001638s ]

[ 2016-09-25T23:04:24+08:00 ] ::1 /CPS/index.php/Student/Stu/course_info
INFO: [ app_begin ] --START--
INFO: Run Behavior\ReadHtmlCache [ RunTime:0.001903s ]
INFO: [ app_begin ] --END-- [ RunTime:0.003592s ]
SQL: SHOW COLUMNS FROM `course` [ RunTime:0.012192s ]
SQL: SELECT * FROM `course`  [ RunTime:0.001048s ]
INFO: [ view_parse ] --START--
INFO: [ template_filter ] --START--
INFO: Run Behavior\ContentReplace [ RunTime:0.000133s ]
INFO: [ template_filter ] --END-- [ RunTime:0.000364s ]
INFO: Run Behavior\ParseTemplate [ RunTime:0.019437s ]
INFO: [ view_parse ] --END-- [ RunTime:0.019694s ]
INFO: [ view_filter ] --START--
INFO: Run Behavior\WriteHtmlCache [ RunTime:0.000943s ]
INFO: [ view_filter ] --END-- [ RunTime:0.001162s ]
INFO: [ app_end ] --START--
INFO: Run Behavior\ShowPageTrace [ RunTime:0.001598s ]
INFO: [ app_end ] --END-- [ RunTime:0.002185s ]

[ 2016-09-25T23:04:27+08:00 ] ::1 /CPS/index.php/Student/Stu/project_info/course_id/1
INFO: [ app_begin ] --START--
INFO: Run Behavior\ReadHtmlCache [ RunTime:0.001437s ]
INFO: [ app_begin ] --END-- [ RunTime:0.002618s ]
SQL: SHOW COLUMNS FROM `course` [ RunTime:0.011017s ]
SQL: select A.course_name,A.course_id,B.project_name,B.project_id,B.teacher_id from course as A,project as B where A.course_id=B.course_id and B.course_id=1 [ RunTime:0.000980s ]
INFO: [ view_parse ] --START--
INFO: [ template_filter ] --START--
INFO: Run Behavior\ContentReplace [ RunTime:0.000152s ]
INFO: [ template_filter ] --END-- [ RunTime:0.000402s ]
INFO: Run Behavior\ParseTemplate [ RunTime:0.021447s ]
INFO: [ view_parse ] --END-- [ RunTime:0.021790s ]
INFO: [ view_filter ] --START--
INFO: Run Behavior\WriteHtmlCache [ RunTime:0.001304s ]
INFO: [ view_filter ] --END-- [ RunTime:0.001801s ]
INFO: [ app_end ] --START--
INFO: Run Behavior\ShowPageTrace [ RunTime:0.001811s ]
INFO: [ app_end ] --END-- [ RunTime:0.002085s ]

[ 2016-09-25T23:04:59+08:00 ] ::1 /CPS/index.php/Student/Stu/myproject
INFO: [ app_begin ] --START--
INFO: Run Behavior\ReadHtmlCache [ RunTime:0.003024s ]
INFO: [ app_begin ] --END-- [ RunTime:0.004306s ]
SQL: SHOW COLUMNS FROM `course` [ RunTime:0.010656s ]
SQL: select  A.course_name,A.course_id,B.project_name,B.project_id,B.teacher_id,B.project_status from course as A,project as B where A.course_id=B.course_id  [ RunTime:0.000951s ]
INFO: [ view_parse ] --START--
INFO: [ template_filter ] --START--
INFO: Run Behavior\ContentReplace [ RunTime:0.000121s ]
INFO: [ template_filter ] --END-- [ RunTime:0.000347s ]
INFO: Run Behavior\ParseTemplate [ RunTime:0.020064s ]
INFO: [ view_parse ] --END-- [ RunTime:0.020323s ]
INFO: [ view_filter ] --START--
INFO: Run Behavior\WriteHtmlCache [ RunTime:0.001312s ]
INFO: [ view_filter ] --END-- [ RunTime:0.001540s ]
INFO: [ app_end ] --START--
INFO: Run Behavior\ShowPageTrace [ RunTime:0.001657s ]
INFO: [ app_end ] --END-- [ RunTime:0.001865s ]

[ 2016-09-25T23:05:01+08:00 ] ::1 /CPS/index.php/Student/Stu/project_report/project_id/1
INFO: [ app_begin ] --START--
INFO: Run Behavior\ReadHtmlCache [ RunTime:0.001874s ]
INFO: [ app_begin ] --END-- [ RunTime:0.003086s ]
SQL: SHOW COLUMNS FROM `course` [ RunTime:0.010289s ]
SQL: select A.course_name,A.course_id,B.project_name,B.project_id,B.teacher_id,B.project_status,B.main_project,B.middle_expected_result,B.final_expected_result,B.project_comment_info from course as A,project as B where A.course_id=B.course_id and B.project_id=1 [ RunTime:0.001051s ]
INFO: [ view_parse ] --START--
INFO: [ template_filter ] --START--
INFO: Run Behavior\ContentReplace [ RunTime:0.000142s ]
INFO: [ template_filter ] --END-- [ RunTime:0.000360s ]
INFO: Run Behavior\ParseTemplate [ RunTime:0.025355s ]
INFO: [ view_parse ] --END-- [ RunTime:0.025607s ]
INFO: [ view_filter ] --START--
INFO: Run Behavior\WriteHtmlCache [ RunTime:0.001104s ]
INFO: [ view_filter ] --END-- [ RunTime:0.001315s ]
INFO: [ app_end ] --START--
INFO: Run Behavior\ShowPageTrace [ RunTime:0.003166s ]
INFO: [ app_end ] --END-- [ RunTime:0.003416s ]

[ 2016-09-25T23:05:18+08:00 ] ::1 /CPS/index.php/Student/Stu/myproject
INFO: [ app_begin ] --START--
INFO: Run Behavior\ReadHtmlCache [ RunTime:0.001718s ]
INFO: [ app_begin ] --END-- [ RunTime:0.003177s ]
SQL: SHOW COLUMNS FROM `course` [ RunTime:0.011424s ]
SQL: select  A.course_name,A.course_id,B.project_name,B.project_id,B.teacher_id,B.project_status from course as A,project as B where A.course_id=B.course_id  [ RunTime:0.000883s ]
INFO: [ view_parse ] --START--
INFO: [ template_filter ] --START--
INFO: Run Behavior\ContentReplace [ RunTime:0.000122s ]
INFO: [ template_filter ] --END-- [ RunTime:0.000340s ]
INFO: Run Behavior\ParseTemplate [ RunTime:0.019920s ]
INFO: [ view_parse ] --END-- [ RunTime:0.020192s ]
INFO: [ view_filter ] --START--
INFO: Run Behavior\WriteHtmlCache [ RunTime:0.000996s ]
INFO: [ view_filter ] --END-- [ RunTime:0.001207s ]
INFO: [ app_end ] --START--
INFO: Run Behavior\ShowPageTrace [ RunTime:0.001700s ]
INFO: [ app_end ] --END-- [ RunTime:0.001958s ]

[ 2016-09-25T23:05:20+08:00 ] ::1 /CPS/index.php/Student/Stu/project_report/project_id/2
INFO: [ app_begin ] --START--
INFO: Run Behavior\ReadHtmlCache [ RunTime:0.001699s ]
INFO: [ app_begin ] --END-- [ RunTime:0.003397s ]
SQL: SHOW COLUMNS FROM `course` [ RunTime:0.010695s ]
SQL: select A.course_name,A.course_id,B.project_name,B.project_id,B.teacher_id,B.project_status,B.main_project,B.middle_expected_result,B.final_expected_result,B.project_comment_info from course as A,project as B where A.course_id=B.course_id and B.project_id=2 [ RunTime:0.000956s ]
INFO: [ view_parse ] --START--
INFO: [ template_filter ] --START--
INFO: Run Behavior\ContentReplace [ RunTime:0.000162s ]
INFO: [ template_filter ] --END-- [ RunTime:0.000420s ]
INFO: Run Behavior\ParseTemplate [ RunTime:0.025602s ]
INFO: [ view_parse ] --END-- [ RunTime:0.025827s ]
INFO: [ view_filter ] --START--
INFO: Run Behavior\WriteHtmlCache [ RunTime:0.000902s ]
INFO: [ view_filter ] --END-- [ RunTime:0.001115s ]
INFO: [ app_end ] --START--
INFO: Run Behavior\ShowPageTrace [ RunTime:0.001897s ]
INFO: [ app_end ] --END-- [ RunTime:0.002137s ]

[ 2016-09-25T23:05:29+08:00 ] ::1 /CPS/index.php/Student/Stu/course_info
INFO: [ app_begin ] --START--
INFO: Run Behavior\ReadHtmlCache [ RunTime:0.001376s ]
INFO: [ app_begin ] --END-- [ RunTime:0.002523s ]
SQL: SHOW COLUMNS FROM `course` [ RunTime:0.016415s ]
SQL: SELECT * FROM `course`  [ RunTime:0.001269s ]
INFO: [ view_parse ] --START--
INFO: [ template_filter ] --START--
INFO: Run Behavior\ContentReplace [ RunTime:0.000126s ]
INFO: [ template_filter ] --END-- [ RunTime:0.000337s ]
INFO: Run Behavior\ParseTemplate [ RunTime:0.018640s ]
INFO: [ view_parse ] --END-- [ RunTime:0.018899s ]
INFO: [ view_filter ] --START--
INFO: Run Behavior\WriteHtmlCache [ RunTime:0.001053s ]
INFO: [ view_filter ] --END-- [ RunTime:0.001288s ]
INFO: [ app_end ] --START--
INFO: Run Behavior\ShowPageTrace [ RunTime:0.001730s ]
INFO: [ app_end ] --END-- [ RunTime:0.001977s ]

[ 2016-09-25T23:05:31+08:00 ] ::1 /CPS/index.php/Student/Stu/myproject
INFO: [ app_begin ] --START--
INFO: Run Behavior\ReadHtmlCache [ RunTime:0.001670s ]
INFO: [ app_begin ] --END-- [ RunTime:0.002848s ]
SQL: SHOW COLUMNS FROM `course` [ RunTime:0.010847s ]
SQL: select  A.course_name,A.course_id,B.project_name,B.project_id,B.teacher_id,B.project_status from course as A,project as B where A.course_id=B.course_id  [ RunTime:0.001088s ]
INFO: [ view_parse ] --START--
INFO: [ template_filter ] --START--
INFO: Run Behavior\ContentReplace [ RunTime:0.000140s ]
INFO: [ template_filter ] --END-- [ RunTime:0.000357s ]
INFO: Run Behavior\ParseTemplate [ RunTime:0.019347s ]
INFO: [ view_parse ] --END-- [ RunTime:0.019656s ]
INFO: [ view_filter ] --START--
INFO: Run Behavior\WriteHtmlCache [ RunTime:0.001147s ]
INFO: [ view_filter ] --END-- [ RunTime:0.001454s ]
INFO: [ app_end ] --START--
INFO: Run Behavior\ShowPageTrace [ RunTime:0.001505s ]
INFO: [ app_end ] --END-- [ RunTime:0.001723s ]

[ 2016-09-25T23:05:32+08:00 ] ::1 /CPS/index.php/Student/Stu/myteam
INFO: [ app_begin ] --START--
INFO: Run Behavior\ReadHtmlCache [ RunTime:0.001420s ]
INFO: [ app_begin ] --END-- [ RunTime:0.002594s ]
INFO: [ view_parse ] --START--
INFO: [ template_filter ] --START--
INFO: Run Behavior\ContentReplace [ RunTime:0.000126s ]
INFO: [ template_filter ] --END-- [ RunTime:0.000370s ]
INFO: Run Behavior\ParseTemplate [ RunTime:0.016202s ]
INFO: [ view_parse ] --END-- [ RunTime:0.016445s ]
INFO: [ view_filter ] --START--
INFO: Run Behavior\WriteHtmlCache [ RunTime:0.000906s ]
INFO: [ view_filter ] --END-- [ RunTime:0.001108s ]
INFO: [ app_end ] --START--
INFO: Run Behavior\ShowPageTrace [ RunTime:0.001498s ]
INFO: [ app_end ] --END-- [ RunTime:0.001707s ]

[ 2016-09-25T23:05:36+08:00 ] ::1 /CPS/index.php/Student/Stu/myproject
INFO: [ app_begin ] --START--
INFO: Run Behavior\ReadHtmlCache [ RunTime:0.001435s ]
INFO: [ app_begin ] --END-- [ RunTime:0.004074s ]
SQL: SHOW COLUMNS FROM `course` [ RunTime:0.010949s ]
SQL: select  A.course_name,A.course_id,B.project_name,B.project_id,B.teacher_id,B.project_status from course as A,project as B where A.course_id=B.course_id  [ RunTime:0.000886s ]
INFO: [ view_parse ] --START--
INFO: [ template_filter ] --START--
INFO: Run Behavior\ContentReplace [ RunTime:0.000119s ]
INFO: [ template_filter ] --END-- [ RunTime:0.000328s ]
INFO: Run Behavior\ParseTemplate [ RunTime:0.019983s ]
INFO: [ view_parse ] --END-- [ RunTime:0.020230s ]
INFO: [ view_filter ] --START--
INFO: Run Behavior\WriteHtmlCache [ RunTime:0.000930s ]
INFO: [ view_filter ] --END-- [ RunTime:0.001138s ]
INFO: [ app_end ] --START--
INFO: Run Behavior\ShowPageTrace [ RunTime:0.001563s ]
INFO: [ app_end ] --END-- [ RunTime:0.001821s ]

[ 2016-09-25T23:05:38+08:00 ] ::1 /CPS/index.php/Student/Stu/team_manage
INFO: [ app_begin ] --START--
INFO: Run Behavior\ReadHtmlCache [ RunTime:0.001371s ]
INFO: [ app_begin ] --END-- [ RunTime:0.002522s ]
SQL: SHOW COLUMNS FROM `course` [ RunTime:0.053632s ]
SQL: select A.course_name,A.course_id,B.project_name,B.project_status,D.group_id,D.group_manage from course as A,project as B,student_group as D where A.course_id=B.course_id and B.project_id=D.project_id group by D.group_id ; [ RunTime:0.011067s ]
SQL: select student_id,student_name from student where group_id = 1 [ RunTime:0.000731s ]
SQL: select student_id,student_name from student where group_id = 2 [ RunTime:0.000684s ]
SQL: select student_id,student_name from student where group_id = 3 [ RunTime:0.000743s ]
INFO: [ view_parse ] --START--
INFO: [ template_filter ] --START--
INFO: Run Behavior\ContentReplace [ RunTime:0.000146s ]
INFO: [ template_filter ] --END-- [ RunTime:0.000351s ]
INFO: Run Behavior\ParseTemplate [ RunTime:0.023401s ]
INFO: [ view_parse ] --END-- [ RunTime:0.023659s ]
INFO: [ view_filter ] --START--
INFO: Run Behavior\WriteHtmlCache [ RunTime:0.000917s ]
INFO: [ view_filter ] --END-- [ RunTime:0.001114s ]
INFO: [ app_end ] --START--
INFO: Run Behavior\ShowPageTrace [ RunTime:0.001652s ]
INFO: [ app_end ] --END-- [ RunTime:0.001890s ]

