[ 2016-10-10T21:16:21+08:00 ] ::1 /CPS/index.php/Student/Stu/course_info
INFO: [ app_begin ] --START--
INFO: Run Behavior\ReadHtmlCache [ RunTime:0.001744s ]
INFO: [ app_begin ] --END-- [ RunTime:0.003190s ]
SQL: SHOW COLUMNS FROM `course` [ RunTime:0.035943s ]
SQL: SELECT * FROM `course`  [ RunTime:0.001256s ]
INFO: [ view_parse ] --START--
INFO: [ template_filter ] --START--
INFO: Run Behavior\ContentReplace [ RunTime:0.000152s ]
INFO: [ template_filter ] --END-- [ RunTime:0.000420s ]
NOTIC: [8] Undefined index: name F:\web\CPS\Runtime\Cache\Student\005dbfbefb0481863d39ebcad13b0495.php 第 35 行.
INFO: Run Behavior\ParseTemplate [ RunTime:0.029594s ]
INFO: [ view_parse ] --END-- [ RunTime:0.029940s ]
INFO: [ view_filter ] --START--
INFO: Run Behavior\WriteHtmlCache [ RunTime:0.001955s ]
INFO: [ view_filter ] --END-- [ RunTime:0.002338s ]
INFO: [ app_end ] --START--
INFO: Run Behavior\ShowPageTrace [ RunTime:0.002246s ]
INFO: [ app_end ] --END-- [ RunTime:0.002519s ]

[ 2016-10-10T21:16:22+08:00 ] ::1 /CPS/index.php/Home/Login/login
INFO: [ app_begin ] --START--
INFO: Run Behavior\ReadHtmlCache [ RunTime:0.001522s ]
INFO: [ app_begin ] --END-- [ RunTime:0.002737s ]
INFO: [ view_parse ] --START--
INFO: [ template_filter ] --START--
INFO: Run Behavior\ContentReplace [ RunTime:0.000130s ]
INFO: [ template_filter ] --END-- [ RunTime:0.000360s ]
INFO: Run Behavior\ParseTemplate [ RunTime:0.060658s ]
INFO: [ view_parse ] --END-- [ RunTime:0.060918s ]
INFO: [ view_filter ] --START--
INFO: Run Behavior\WriteHtmlCache [ RunTime:0.000999s ]
INFO: [ view_filter ] --END-- [ RunTime:0.001209s ]
INFO: [ app_end ] --START--
INFO: Run Behavior\ShowPageTrace [ RunTime:0.001587s ]
INFO: [ app_end ] --END-- [ RunTime:0.001806s ]

[ 2016-10-10T21:16:23+08:00 ] ::1 /CPS/index.php/Home/Index/verify_c
INFO: [ app_begin ] --START--
INFO: Run Behavior\ReadHtmlCache [ RunTime:0.002058s ]
INFO: [ app_begin ] --END-- [ RunTime:0.003409s ]
INFO: [ app_end ] --START--
INFO: Run Behavior\ShowPageTrace [ RunTime:0.002157s ]
INFO: [ app_end ] --END-- [ RunTime:0.002559s ]

[ 2016-10-10T21:16:32+08:00 ] ::1 /CPS/index.php/Home/Index/verify_c?0.4437719991245004
INFO: [ app_begin ] --START--
INFO: Run Behavior\ReadHtmlCache [ RunTime:0.002614s ]
INFO: [ app_begin ] --END-- [ RunTime:0.004542s ]
INFO: [ app_end ] --START--
INFO: Run Behavior\ShowPageTrace [ RunTime:0.001689s ]
INFO: [ app_end ] --END-- [ RunTime:0.001930s ]

[ 2016-10-10T21:16:33+08:00 ] ::1 /CPS/index.php/Home/Index/verify_c?0.4437719991245004?0.40557111700177395
INFO: [ app_begin ] --START--
INFO: Run Behavior\ReadHtmlCache [ RunTime:0.001378s ]
INFO: [ app_begin ] --END-- [ RunTime:0.002541s ]
INFO: [ app_end ] --START--
INFO: Run Behavior\ShowPageTrace [ RunTime:0.001517s ]
INFO: [ app_end ] --END-- [ RunTime:0.001768s ]

[ 2016-10-10T21:16:38+08:00 ] ::1 /CPS/index.php/Home/Login/login
INFO: [ app_begin ] --START--
INFO: Run Behavior\ReadHtmlCache [ RunTime:0.001581s ]
INFO: [ app_begin ] --END-- [ RunTime:0.002939s ]
SQL: SHOW COLUMNS FROM `student` [ RunTime:0.062916s ]
SQL: SELECT * FROM `student` WHERE ( `student_id` = '2014220202001' )  [ RunTime:0.001257s ]
INFO: [ view_parse ] --START--
INFO: [ template_filter ] --START--
INFO: Run Behavior\ContentReplace [ RunTime:0.000195s ]
INFO: [ template_filter ] --END-- [ RunTime:0.000594s ]
INFO: Run Behavior\ParseTemplate [ RunTime:0.064255s ]
INFO: [ view_parse ] --END-- [ RunTime:0.064669s ]
INFO: [ view_filter ] --START--
INFO: Run Behavior\WriteHtmlCache [ RunTime:0.002067s ]
INFO: [ view_filter ] --END-- [ RunTime:0.002451s ]
SQL: SELECT * FROM `student` WHERE ( `student_id` = '2014220202001' )  [ RunTime:0.001320s ]

[ 2016-10-10T21:16:39+08:00 ] ::1 /CPS/index.php/Student/Stu/course_info/student_id/2014220202001
INFO: [ app_begin ] --START--
INFO: Run Behavior\ReadHtmlCache [ RunTime:0.001379s ]
INFO: [ app_begin ] --END-- [ RunTime:0.002527s ]
SQL: SHOW COLUMNS FROM `course` [ RunTime:0.010840s ]
SQL: SELECT * FROM `course`  [ RunTime:0.000717s ]
INFO: [ view_parse ] --START--
INFO: [ template_filter ] --START--
INFO: Run Behavior\ContentReplace [ RunTime:0.000115s ]
INFO: [ template_filter ] --END-- [ RunTime:0.000340s ]
INFO: Run Behavior\ParseTemplate [ RunTime:0.019855s ]
INFO: [ view_parse ] --END-- [ RunTime:0.020111s ]
INFO: [ view_filter ] --START--
INFO: Run Behavior\WriteHtmlCache [ RunTime:0.001005s ]
INFO: [ view_filter ] --END-- [ RunTime:0.001241s ]
INFO: [ app_end ] --START--
INFO: Run Behavior\ShowPageTrace [ RunTime:0.001459s ]
INFO: [ app_end ] --END-- [ RunTime:0.001682s ]

[ 2016-10-10T21:16:44+08:00 ] ::1 /CPS/index.php/Student/Stu/myteam
INFO: [ app_begin ] --START--
INFO: Run Behavior\ReadHtmlCache [ RunTime:0.001991s ]
INFO: [ app_begin ] --END-- [ RunTime:0.003808s ]
SQL: SHOW COLUMNS FROM `student_group_member` [ RunTime:0.021482s ]
SQL: select student_message,student_message_status from student_group_member where student_id = 2014220202001 [ RunTime:0.001128s ]
SQL: SHOW COLUMNS FROM `course` [ RunTime:0.030231s ]
SQL: select  A.course_name,B.project_name,E.student_id,E.student_name from course as A,project as B,student_group_member as C,student_group as D,student as E where A.course_id=B.course_id and B.project_id=D.project_id and C.group_id=D.group_id and C.student_id=E.student_id and C.student_id = 2014220202002 [ RunTime:0.046228s ]
INFO: [ view_parse ] --START--
INFO: [ template_filter ] --START--
INFO: Run Behavior\ContentReplace [ RunTime:0.000145s ]
INFO: [ template_filter ] --END-- [ RunTime:0.000403s ]
NOTIC: [8] Undefined variable: login_url F:\web\CPS\Runtime\Cache\Student\02bf52a3a4298dbc7a1587d38def4195.php 第 38 行.
INFO: Run Behavior\ParseTemplate [ RunTime:0.045853s ]
INFO: [ view_parse ] --END-- [ RunTime:0.046170s ]
INFO: [ view_filter ] --START--
INFO: Run Behavior\WriteHtmlCache [ RunTime:0.001027s ]
INFO: [ view_filter ] --END-- [ RunTime:0.001270s ]
INFO: [ app_end ] --START--
INFO: Run Behavior\ShowPageTrace [ RunTime:0.001638s ]
INFO: [ app_end ] --END-- [ RunTime:0.001883s ]

[ 2016-10-10T21:16:50+08:00 ] ::1 /CPS/index.php/Student/Stu/myteam/invite_status/1
INFO: [ app_begin ] --START--
INFO: Run Behavior\ReadHtmlCache [ RunTime:0.001688s ]
INFO: [ app_begin ] --END-- [ RunTime:0.002945s ]
SQL: SHOW COLUMNS FROM `student_group_member` [ RunTime:0.012017s ]
SQL: select student_message,student_message_status from student_group_member where student_id = 2014220202001 [ RunTime:0.000784s ]
SQL: SHOW COLUMNS FROM `course` [ RunTime:0.016311s ]
SQL: select  A.course_name,B.project_name,E.student_id,E.student_name from course as A,project as B,student_group_member as C,student_group as D,student as E where A.course_id=B.course_id and B.project_id=D.project_id and C.group_id=D.group_id and C.student_id=E.student_id and C.student_id = 2014220202002 [ RunTime:0.001314s ]
SQL: update student_group_member set student_message_status = 1 where student_id = 2014220202001 [ RunTime:0.000985s ]
NOTIC: [2] mysql_num_rows() expects parameter 1 to be resource, boolean given F:\web\ThinkPHP\Library\Think\Db\Driver\Mysql.class.php 第 106 行.
INFO: [ view_parse ] --START--
INFO: [ template_filter ] --START--
INFO: Run Behavior\ContentReplace [ RunTime:0.000136s ]
INFO: [ template_filter ] --END-- [ RunTime:0.000375s ]
NOTIC: [8] Undefined variable: login_url F:\web\CPS\Runtime\Cache\Student\02bf52a3a4298dbc7a1587d38def4195.php 第 38 行.
INFO: Run Behavior\ParseTemplate [ RunTime:0.021720s ]
INFO: [ view_parse ] --END-- [ RunTime:0.021926s ]
INFO: [ view_filter ] --START--
INFO: Run Behavior\WriteHtmlCache [ RunTime:0.001032s ]
INFO: [ view_filter ] --END-- [ RunTime:0.001249s ]
INFO: [ app_end ] --START--
INFO: Run Behavior\ShowPageTrace [ RunTime:0.001536s ]
INFO: [ app_end ] --END-- [ RunTime:0.001751s ]

[ 2016-10-10T21:16:53+08:00 ] ::1 /CPS/index.php/Student/Stu/myteam/invite_status/1
INFO: [ app_begin ] --START--
INFO: Run Behavior\ReadHtmlCache [ RunTime:0.001490s ]
INFO: [ app_begin ] --END-- [ RunTime:0.002676s ]
SQL: SHOW COLUMNS FROM `student_group_member` [ RunTime:0.011812s ]
SQL: select student_message,student_message_status from student_group_member where student_id = 2014220202001 [ RunTime:0.001184s ]
SQL: SHOW COLUMNS FROM `course` [ RunTime:0.010852s ]
SQL: select  A.course_name,B.project_name,E.student_id,E.student_name from course as A,project as B,student_group_member as C,student_group as D,student as E where A.course_id=B.course_id and B.project_id=D.project_id and C.group_id=D.group_id and C.student_id=E.student_id and C.student_id = 2014220202002 [ RunTime:0.001458s ]
SQL: update student_group_member set student_message_status = 1 where student_id = 2014220202001 [ RunTime:0.000941s ]
NOTIC: [2] mysql_num_rows() expects parameter 1 to be resource, boolean given F:\web\ThinkPHP\Library\Think\Db\Driver\Mysql.class.php 第 106 行.
INFO: [ view_parse ] --START--
INFO: [ template_filter ] --START--
INFO: Run Behavior\ContentReplace [ RunTime:0.000116s ]
INFO: [ template_filter ] --END-- [ RunTime:0.000336s ]
NOTIC: [8] Undefined variable: login_url F:\web\CPS\Runtime\Cache\Student\02bf52a3a4298dbc7a1587d38def4195.php 第 38 行.
INFO: Run Behavior\ParseTemplate [ RunTime:0.022622s ]
INFO: [ view_parse ] --END-- [ RunTime:0.022857s ]
INFO: [ view_filter ] --START--
INFO: Run Behavior\WriteHtmlCache [ RunTime:0.000974s ]
INFO: [ view_filter ] --END-- [ RunTime:0.001187s ]
INFO: [ app_end ] --START--
INFO: Run Behavior\ShowPageTrace [ RunTime:0.001504s ]
INFO: [ app_end ] --END-- [ RunTime:0.001718s ]

[ 2016-10-10T21:20:08+08:00 ] ::1 /CPS/index.php/Student/Stu/myteam/invite_status/1
INFO: [ app_begin ] --START--
INFO: Run Behavior\ReadHtmlCache [ RunTime:0.001950s ]
INFO: [ app_begin ] --END-- [ RunTime:0.003267s ]
SQL: SHOW COLUMNS FROM `student_group_member` [ RunTime:0.010245s ]
SQL: select student_message,student_message_status from student_group_member where student_id = 2014220202001 [ RunTime:0.000815s ]
SQL: SHOW COLUMNS FROM `course` [ RunTime:0.009865s ]
SQL: select  A.course_name,B.project_name,E.student_id,E.student_name from course as A,project as B,student_group_member as C,student_group as D,student as E where A.course_id=B.course_id and B.project_id=D.project_id and C.group_id=D.group_id and C.student_id=E.student_id and C.student_id =  [ RunTime:0.000655s ]
ERR: 1064:You have an error in your SQL syntax; check the manual that corresponds to your MySQL server version for the right syntax to use near '' at line 1
 [ SQL语句 ] : select  A.course_name,B.project_name,E.student_id,E.student_name from course as A,project as B,student_group_member as C,student_group as D,student as E where A.course_id=B.course_id and B.project_id=D.project_id and C.group_id=D.group_id and C.student_id=E.student_id and C.student_id = 
SQL: update student_group_member set student_message_status = 1 where student_id = 2014220202001 [ RunTime:0.000917s ]
NOTIC: [2] mysql_num_rows() expects parameter 1 to be resource, boolean given F:\web\ThinkPHP\Library\Think\Db\Driver\Mysql.class.php 第 106 行.
INFO: [ view_parse ] --START--
INFO: [ template_filter ] --START--
INFO: Run Behavior\ContentReplace [ RunTime:0.000120s ]
INFO: [ template_filter ] --END-- [ RunTime:0.000339s ]
NOTIC: [8] Undefined variable: login_url F:\web\CPS\Runtime\Cache\Student\02bf52a3a4298dbc7a1587d38def4195.php 第 38 行.
INFO: Run Behavior\ParseTemplate [ RunTime:0.024729s ]
INFO: [ view_parse ] --END-- [ RunTime:0.024944s ]
INFO: [ view_filter ] --START--
INFO: Run Behavior\WriteHtmlCache [ RunTime:0.001225s ]
INFO: [ view_filter ] --END-- [ RunTime:0.001433s ]
INFO: [ app_end ] --START--
INFO: Run Behavior\ShowPageTrace [ RunTime:0.002333s ]
INFO: [ app_end ] --END-- [ RunTime:0.002568s ]

[ 2016-10-10T21:20:22+08:00 ] ::1 /CPS/index.php/Student/Stu/myteam/invite_status/1
INFO: [ app_begin ] --START--
INFO: Run Behavior\ReadHtmlCache [ RunTime:0.001695s ]
INFO: [ app_begin ] --END-- [ RunTime:0.002950s ]
SQL: SHOW COLUMNS FROM `student_group_member` [ RunTime:0.017549s ]
SQL: select student_message,student_message_status from student_group_member where student_id = 2014220202001 [ RunTime:0.000917s ]
SQL: SHOW COLUMNS FROM `course` [ RunTime:0.009266s ]
SQL: select  A.course_name,B.project_name,E.student_id,E.student_name from course as A,project as B,student_group_member as C,student_group as D,student as E where A.course_id=B.course_id and B.project_id=D.project_id and C.group_id=D.group_id and C.student_id=E.student_id and C.student_id =  [ RunTime:0.000513s ]
ERR: 1064:You have an error in your SQL syntax; check the manual that corresponds to your MySQL server version for the right syntax to use near '' at line 1
 [ SQL语句 ] : select  A.course_name,B.project_name,E.student_id,E.student_name from course as A,project as B,student_group_member as C,student_group as D,student as E where A.course_id=B.course_id and B.project_id=D.project_id and C.group_id=D.group_id and C.student_id=E.student_id and C.student_id = 
SQL: update student_group_member set student_message_status = 1 where student_id = 2014220202001 [ RunTime:0.000810s ]
NOTIC: [2] mysql_num_rows() expects parameter 1 to be resource, boolean given F:\web\ThinkPHP\Library\Think\Db\Driver\Mysql.class.php 第 106 行.
INFO: [ view_parse ] --START--
INFO: [ template_filter ] --START--
INFO: Run Behavior\ContentReplace [ RunTime:0.000118s ]
INFO: [ template_filter ] --END-- [ RunTime:0.000339s ]
NOTIC: [8] Undefined variable: login_url F:\web\CPS\Runtime\Cache\Student\02bf52a3a4298dbc7a1587d38def4195.php 第 38 行.
INFO: Run Behavior\ParseTemplate [ RunTime:0.024605s ]
INFO: [ view_parse ] --END-- [ RunTime:0.024823s ]
INFO: [ view_filter ] --START--
INFO: Run Behavior\WriteHtmlCache [ RunTime:0.001141s ]
INFO: [ view_filter ] --END-- [ RunTime:0.001357s ]
INFO: [ app_end ] --START--
INFO: Run Behavior\ShowPageTrace [ RunTime:0.001670s ]
INFO: [ app_end ] --END-- [ RunTime:0.001883s ]

[ 2016-10-10T21:20:31+08:00 ] ::1 /CPS/index.php/Student/Stu/myteam/invite_status/1
INFO: [ app_begin ] --START--
INFO: Run Behavior\ReadHtmlCache [ RunTime:0.002530s ]
INFO: [ app_begin ] --END-- [ RunTime:0.005119s ]
SQL: SHOW COLUMNS FROM `student_group_member` [ RunTime:0.013791s ]
SQL: select student_message,student_message_status from student_group_member where student_id = 2014220202001 [ RunTime:0.000980s ]
SQL: SHOW COLUMNS FROM `course` [ RunTime:0.012024s ]
SQL: select  A.course_name,B.project_name,E.student_id,E.student_name from course as A,project as B,student_group_member as C,student_group as D,student as E where A.course_id=B.course_id and B.project_id=D.project_id and C.group_id=D.group_id and C.student_id=E.student_id and C.student_id =  [ RunTime:0.000700s ]
ERR: 1064:You have an error in your SQL syntax; check the manual that corresponds to your MySQL server version for the right syntax to use near '' at line 1
 [ SQL语句 ] : select  A.course_name,B.project_name,E.student_id,E.student_name from course as A,project as B,student_group_member as C,student_group as D,student as E where A.course_id=B.course_id and B.project_id=D.project_id and C.group_id=D.group_id and C.student_id=E.student_id and C.student_id = 
SQL: update student_group_member set student_message_status = 1 where student_id = 2014220202001 [ RunTime:0.001135s ]
NOTIC: [2] mysql_num_rows() expects parameter 1 to be resource, boolean given F:\web\ThinkPHP\Library\Think\Db\Driver\Mysql.class.php 第 106 行.
INFO: [ view_parse ] --START--
INFO: [ template_filter ] --START--
INFO: Run Behavior\ContentReplace [ RunTime:0.000163s ]
INFO: [ template_filter ] --END-- [ RunTime:0.000458s ]
NOTIC: [8] Undefined variable: login_url F:\web\CPS\Runtime\Cache\Student\02bf52a3a4298dbc7a1587d38def4195.php 第 38 行.
INFO: Run Behavior\ParseTemplate [ RunTime:0.033170s ]
INFO: [ view_parse ] --END-- [ RunTime:0.033508s ]
INFO: [ view_filter ] --START--
INFO: Run Behavior\WriteHtmlCache [ RunTime:0.002119s ]
INFO: [ view_filter ] --END-- [ RunTime:0.002504s ]
INFO: [ app_end ] --START--
INFO: Run Behavior\ShowPageTrace [ RunTime:0.003654s ]
INFO: [ app_end ] --END-- [ RunTime:0.004428s ]

[ 2016-10-10T21:20:35+08:00 ] ::1 /CPS/index.php/Student/Stu/myteam
INFO: [ app_begin ] --START--
INFO: Run Behavior\ReadHtmlCache [ RunTime:0.001784s ]
INFO: [ app_begin ] --END-- [ RunTime:0.003162s ]
SQL: SHOW COLUMNS FROM `student_group_member` [ RunTime:0.011460s ]
SQL: select student_message,student_message_status from student_group_member where student_id = 2014220202001 [ RunTime:0.000894s ]
SQL: SHOW COLUMNS FROM `course` [ RunTime:0.010549s ]
SQL: select  A.course_name,B.project_name,E.student_id,E.student_name from course as A,project as B,student_group_member as C,student_group as D,student as E where A.course_id=B.course_id and B.project_id=D.project_id and C.group_id=D.group_id and C.student_id=E.student_id and C.student_id =  [ RunTime:0.000603s ]
ERR: 1064:You have an error in your SQL syntax; check the manual that corresponds to your MySQL server version for the right syntax to use near '' at line 1
 [ SQL语句 ] : select  A.course_name,B.project_name,E.student_id,E.student_name from course as A,project as B,student_group_member as C,student_group as D,student as E where A.course_id=B.course_id and B.project_id=D.project_id and C.group_id=D.group_id and C.student_id=E.student_id and C.student_id = 
INFO: [ view_parse ] --START--
INFO: [ template_filter ] --START--
INFO: Run Behavior\ContentReplace [ RunTime:0.000127s ]
INFO: [ template_filter ] --END-- [ RunTime:0.000362s ]
NOTIC: [8] Undefined variable: login_url F:\web\CPS\Runtime\Cache\Student\02bf52a3a4298dbc7a1587d38def4195.php 第 38 行.
INFO: Run Behavior\ParseTemplate [ RunTime:0.025313s ]
INFO: [ view_parse ] --END-- [ RunTime:0.025556s ]
INFO: [ view_filter ] --START--
INFO: Run Behavior\WriteHtmlCache [ RunTime:0.001264s ]
INFO: [ view_filter ] --END-- [ RunTime:0.001493s ]
INFO: [ app_end ] --START--
INFO: Run Behavior\ShowPageTrace [ RunTime:0.002959s ]
INFO: [ app_end ] --END-- [ RunTime:0.003223s ]

[ 2016-10-10T21:21:45+08:00 ] ::1 /CPS/index.php/Student/Stu/myteam
INFO: [ app_begin ] --START--
INFO: Run Behavior\ReadHtmlCache [ RunTime:0.001536s ]
INFO: [ app_begin ] --END-- [ RunTime:0.002840s ]
SQL: SHOW COLUMNS FROM `student_group_member` [ RunTime:0.010352s ]
SQL: select student_message,student_message_status,group_id from student_group_member where student_id = 2014220202001 [ RunTime:0.001070s ]
SQL: SHOW COLUMNS FROM `course` [ RunTime:0.020294s ]
SQL: select  A.course_name,B.project_name,E.student_id,E.student_name from course as A,project as B,student_group_member as C,student_group as D,student as E where A.course_id=B.course_id and B.project_id=D.project_id and C.group_id=D.group_id and C.student_id=E.student_id and C.student_id =  [ RunTime:0.000631s ]
ERR: 1064:You have an error in your SQL syntax; check the manual that corresponds to your MySQL server version for the right syntax to use near '' at line 1
 [ SQL语句 ] : select  A.course_name,B.project_name,E.student_id,E.student_name from course as A,project as B,student_group_member as C,student_group as D,student as E where A.course_id=B.course_id and B.project_id=D.project_id and C.group_id=D.group_id and C.student_id=E.student_id and C.student_id = 
INFO: [ view_parse ] --START--
INFO: [ template_filter ] --START--
INFO: Run Behavior\ContentReplace [ RunTime:0.000136s ]
INFO: [ template_filter ] --END-- [ RunTime:0.000387s ]
NOTIC: [8] Undefined variable: login_url F:\web\CPS\Runtime\Cache\Student\02bf52a3a4298dbc7a1587d38def4195.php 第 38 行.
INFO: Run Behavior\ParseTemplate [ RunTime:0.023634s ]
INFO: [ view_parse ] --END-- [ RunTime:0.023923s ]
INFO: [ view_filter ] --START--
INFO: Run Behavior\WriteHtmlCache [ RunTime:0.001124s ]
INFO: [ view_filter ] --END-- [ RunTime:0.001382s ]
INFO: [ app_end ] --START--
INFO: Run Behavior\ShowPageTrace [ RunTime:0.001664s ]
INFO: [ app_end ] --END-- [ RunTime:0.001899s ]

[ 2016-10-10T21:21:48+08:00 ] ::1 /CPS/index.php/Student/Stu/myteam
INFO: [ app_begin ] --START--
INFO: Run Behavior\ReadHtmlCache [ RunTime:0.002262s ]
INFO: [ app_begin ] --END-- [ RunTime:0.006199s ]
SQL: SHOW COLUMNS FROM `student_group_member` [ RunTime:0.010103s ]
SQL: select student_message,student_message_status,group_id from student_group_member where student_id = 2014220202001 [ RunTime:0.000997s ]
SQL: SHOW COLUMNS FROM `course` [ RunTime:0.009489s ]
SQL: select  A.course_name,B.project_name,E.student_id,E.student_name from course as A,project as B,student_group_member as C,student_group as D,student as E where A.course_id=B.course_id and B.project_id=D.project_id and C.group_id=D.group_id and C.student_id=E.student_id and C.student_id =  [ RunTime:0.000575s ]
ERR: 1064:You have an error in your SQL syntax; check the manual that corresponds to your MySQL server version for the right syntax to use near '' at line 1
 [ SQL语句 ] : select  A.course_name,B.project_name,E.student_id,E.student_name from course as A,project as B,student_group_member as C,student_group as D,student as E where A.course_id=B.course_id and B.project_id=D.project_id and C.group_id=D.group_id and C.student_id=E.student_id and C.student_id = 
INFO: [ view_parse ] --START--
INFO: [ template_filter ] --START--
INFO: Run Behavior\ContentReplace [ RunTime:0.000124s ]
INFO: [ template_filter ] --END-- [ RunTime:0.000359s ]
NOTIC: [8] Undefined variable: login_url F:\web\CPS\Runtime\Cache\Student\02bf52a3a4298dbc7a1587d38def4195.php 第 38 行.
INFO: Run Behavior\ParseTemplate [ RunTime:0.023522s ]
INFO: [ view_parse ] --END-- [ RunTime:0.023733s ]
INFO: [ view_filter ] --START--
INFO: Run Behavior\WriteHtmlCache [ RunTime:0.001060s ]
INFO: [ view_filter ] --END-- [ RunTime:0.001282s ]
INFO: [ app_end ] --START--
INFO: Run Behavior\ShowPageTrace [ RunTime:0.001709s ]
INFO: [ app_end ] --END-- [ RunTime:0.002003s ]

[ 2016-10-10T21:21:59+08:00 ] ::1 /CPS/index.php/Student/Stu/myteam
INFO: [ app_begin ] --START--
INFO: Run Behavior\ReadHtmlCache [ RunTime:0.001401s ]
INFO: [ app_begin ] --END-- [ RunTime:0.002604s ]
SQL: SHOW COLUMNS FROM `student_group_member` [ RunTime:0.014821s ]
SQL: select student_message,student_message_status,group_id from student_group_member where student_id = 2014220202001 [ RunTime:0.001315s ]
SQL: SHOW COLUMNS FROM `course` [ RunTime:0.013973s ]
SQL: select  A.course_name,B.project_name,E.student_id,E.student_name from course as A,project as B,student_group_member as C,student_group as D,student as E where A.course_id=B.course_id and B.project_id=D.project_id and C.group_id=D.group_id and C.student_id=E.student_id and C.student_id =  [ RunTime:0.000793s ]
ERR: 1064:You have an error in your SQL syntax; check the manual that corresponds to your MySQL server version for the right syntax to use near '' at line 1
 [ SQL语句 ] : select  A.course_name,B.project_name,E.student_id,E.student_name from course as A,project as B,student_group_member as C,student_group as D,student as E where A.course_id=B.course_id and B.project_id=D.project_id and C.group_id=D.group_id and C.student_id=E.student_id and C.student_id = 
NOTIC: [8] Undefined variable: manage_status F:\web\CPS\Student\Controller\StuController.class.php 第 110 行.
INFO: [ view_parse ] --START--
INFO: [ template_filter ] --START--
INFO: Run Behavior\ContentReplace [ RunTime:0.000116s ]
INFO: [ template_filter ] --END-- [ RunTime:0.000333s ]
NOTIC: [8] Undefined variable: login_url F:\web\CPS\Runtime\Cache\Student\02bf52a3a4298dbc7a1587d38def4195.php 第 38 行.
INFO: Run Behavior\ParseTemplate [ RunTime:0.021981s ]
INFO: [ view_parse ] --END-- [ RunTime:0.022189s ]
INFO: [ view_filter ] --START--
INFO: Run Behavior\WriteHtmlCache [ RunTime:0.001176s ]
INFO: [ view_filter ] --END-- [ RunTime:0.001392s ]
INFO: [ app_end ] --START--
INFO: Run Behavior\ShowPageTrace [ RunTime:0.001577s ]
INFO: [ app_end ] --END-- [ RunTime:0.001798s ]

[ 2016-10-10T21:22:38+08:00 ] ::1 /CPS/index.php/Student/Stu/myteam
INFO: [ app_begin ] --START--
INFO: Run Behavior\ReadHtmlCache [ RunTime:0.002087s ]
INFO: [ app_begin ] --END-- [ RunTime:0.003456s ]
SQL: SHOW COLUMNS FROM `student_group_member` [ RunTime:0.017705s ]
SQL: select student_message,student_message_status,group_id from student_group_member where student_id = 2014220202001 [ RunTime:0.001444s ]
SQL: SHOW COLUMNS FROM `course` [ RunTime:0.014130s ]
SQL: select  A.course_name,B.project_name,E.student_id,E.student_name from course as A,project as B,student_group_member as C,student_group as D,student as E where A.course_id=B.course_id and B.project_id=D.project_id and C.group_id=D.group_id and C.student_id=E.student_id and C.student_id =  [ RunTime:0.000681s ]
ERR: 1064:You have an error in your SQL syntax; check the manual that corresponds to your MySQL server version for the right syntax to use near '' at line 1
 [ SQL语句 ] : select  A.course_name,B.project_name,E.student_id,E.student_name from course as A,project as B,student_group_member as C,student_group as D,student as E where A.course_id=B.course_id and B.project_id=D.project_id and C.group_id=D.group_id and C.student_id=E.student_id and C.student_id = 
INFO: [ view_parse ] --START--
INFO: [ template_filter ] --START--
INFO: Run Behavior\ContentReplace [ RunTime:0.000133s ]
INFO: [ template_filter ] --END-- [ RunTime:0.000348s ]
NOTIC: [8] Undefined variable: login_url F:\web\CPS\Runtime\Cache\Student\02bf52a3a4298dbc7a1587d38def4195.php 第 38 行.
INFO: Run Behavior\ParseTemplate [ RunTime:0.030215s ]
INFO: [ view_parse ] --END-- [ RunTime:0.030476s ]
INFO: [ view_filter ] --START--
INFO: Run Behavior\WriteHtmlCache [ RunTime:0.001421s ]
INFO: [ view_filter ] --END-- [ RunTime:0.001641s ]
INFO: [ app_end ] --START--
INFO: Run Behavior\ShowPageTrace [ RunTime:0.001791s ]
INFO: [ app_end ] --END-- [ RunTime:0.002006s ]

[ 2016-10-10T21:23:18+08:00 ] ::1 /CPS/index.php/Student/Stu/myteam
INFO: [ app_begin ] --START--
INFO: Run Behavior\ReadHtmlCache [ RunTime:0.004563s ]
INFO: [ app_begin ] --END-- [ RunTime:0.006102s ]
SQL: SHOW COLUMNS FROM `student_group_member` [ RunTime:0.014028s ]
SQL: select student_message,student_message_status,group_id from student_group_member where student_id = 2014220202001 [ RunTime:0.001158s ]
SQL: SHOW COLUMNS FROM `course` [ RunTime:0.012167s ]
SQL: select  A.course_name,B.project_name,E.student_id,E.student_name from course as A,project as B,student_group_member as C,student_group as D,student as E where A.course_id=B.course_id and B.project_id=D.project_id and C.group_id=D.group_id and C.student_id=E.student_id and C.student_id =  [ RunTime:0.000720s ]
ERR: 1064:You have an error in your SQL syntax; check the manual that corresponds to your MySQL server version for the right syntax to use near '' at line 1
 [ SQL语句 ] : select  A.course_name,B.project_name,E.student_id,E.student_name from course as A,project as B,student_group_member as C,student_group as D,student as E where A.course_id=B.course_id and B.project_id=D.project_id and C.group_id=D.group_id and C.student_id=E.student_id and C.student_id = 
INFO: [ view_parse ] --START--
INFO: [ template_filter ] --START--
INFO: Run Behavior\ContentReplace [ RunTime:0.000152s ]
INFO: [ template_filter ] --END-- [ RunTime:0.000432s ]
NOTIC: [8] Undefined variable: login_url F:\web\CPS\Runtime\Cache\Student\02bf52a3a4298dbc7a1587d38def4195.php 第 38 行.
INFO: Run Behavior\ParseTemplate [ RunTime:0.033078s ]
INFO: [ view_parse ] --END-- [ RunTime:0.033402s ]
INFO: [ view_filter ] --START--
INFO: Run Behavior\WriteHtmlCache [ RunTime:0.001543s ]
INFO: [ view_filter ] --END-- [ RunTime:0.001828s ]
INFO: [ app_end ] --START--
INFO: Run Behavior\ShowPageTrace [ RunTime:0.002227s ]
INFO: [ app_end ] --END-- [ RunTime:0.002482s ]

[ 2016-10-10T21:23:21+08:00 ] ::1 /CPS/index.php/Student/Stu/team_manage
INFO: [ app_begin ] --START--
INFO: Run Behavior\ReadHtmlCache [ RunTime:0.002003s ]
INFO: [ app_begin ] --END-- [ RunTime:0.003415s ]
SQL: SHOW COLUMNS FROM `course` [ RunTime:0.012446s ]
SQL: select D.group_project_status,D.group_id,D.group_manage from project as B,student_group_member as C,student_group as D where  B.project_id=D.project_id  and C.group_id=D.group_id and C.student_id=2014220202001 [ RunTime:0.004318s ]
INFO: [ view_parse ] --START--
INFO: [ template_filter ] --START--
INFO: Run Behavior\ContentReplace [ RunTime:0.000141s ]
INFO: [ template_filter ] --END-- [ RunTime:0.000370s ]
INFO: Run Behavior\ParseTemplate [ RunTime:0.026314s ]
INFO: [ view_parse ] --END-- [ RunTime:0.026607s ]
INFO: [ view_filter ] --START--
INFO: Run Behavior\WriteHtmlCache [ RunTime:0.001300s ]
INFO: [ view_filter ] --END-- [ RunTime:0.001526s ]
INFO: [ app_end ] --START--
INFO: Run Behavior\ShowPageTrace [ RunTime:0.001787s ]
INFO: [ app_end ] --END-- [ RunTime:0.002020s ]

[ 2016-10-10T21:23:24+08:00 ] ::1 /CPS/index.php/Student/Stu/course_info
INFO: [ app_begin ] --START--
INFO: Run Behavior\ReadHtmlCache [ RunTime:0.001536s ]
INFO: [ app_begin ] --END-- [ RunTime:0.002964s ]
SQL: SHOW COLUMNS FROM `course` [ RunTime:0.010262s ]
SQL: SELECT * FROM `course`  [ RunTime:0.000882s ]
INFO: [ view_parse ] --START--
INFO: [ template_filter ] --START--
INFO: Run Behavior\ContentReplace [ RunTime:0.000130s ]
INFO: [ template_filter ] --END-- [ RunTime:0.000405s ]
INFO: Run Behavior\ParseTemplate [ RunTime:0.019973s ]
INFO: [ view_parse ] --END-- [ RunTime:0.020218s ]
INFO: [ view_filter ] --START--
INFO: Run Behavior\WriteHtmlCache [ RunTime:0.000951s ]
INFO: [ view_filter ] --END-- [ RunTime:0.001167s ]
INFO: [ app_end ] --START--
INFO: Run Behavior\ShowPageTrace [ RunTime:0.001607s ]
INFO: [ app_end ] --END-- [ RunTime:0.001859s ]

[ 2016-10-10T21:23:26+08:00 ] ::1 /CPS/index.php/Student/Stu/myproject
INFO: [ app_begin ] --START--
INFO: Run Behavior\ReadHtmlCache [ RunTime:0.001523s ]
INFO: [ app_begin ] --END-- [ RunTime:0.002897s ]
SQL: SHOW COLUMNS FROM `course` [ RunTime:0.014418s ]
SQL: select  A.course_name,A.course_id,B.project_name,B.project_id,B.teacher_id,D.group_id,D.group_project_status from course as A,project as B,student_group_member as C,student_group as D where A.course_id=B.course_id and B.project_id=D.project_id and C.group_id=D.group_id and C.student_id = 2014220202001 [ RunTime:0.001923s ]
INFO: [ view_parse ] --START--
INFO: [ template_filter ] --START--
INFO: Run Behavior\ContentReplace [ RunTime:0.000126s ]
INFO: [ template_filter ] --END-- [ RunTime:0.000399s ]
INFO: Run Behavior\ParseTemplate [ RunTime:0.029414s ]
INFO: [ view_parse ] --END-- [ RunTime:0.029790s ]
INFO: [ view_filter ] --START--
INFO: Run Behavior\WriteHtmlCache [ RunTime:0.000958s ]
INFO: [ view_filter ] --END-- [ RunTime:0.001168s ]
INFO: [ app_end ] --START--
INFO: Run Behavior\ShowPageTrace [ RunTime:0.001566s ]
INFO: [ app_end ] --END-- [ RunTime:0.001780s ]

[ 2016-10-10T21:23:29+08:00 ] ::1 /CPS/index.php/Student/Stu/myteam
INFO: [ app_begin ] --START--
INFO: Run Behavior\ReadHtmlCache [ RunTime:0.001424s ]
INFO: [ app_begin ] --END-- [ RunTime:0.002678s ]
SQL: SHOW COLUMNS FROM `student_group_member` [ RunTime:0.010422s ]
SQL: select student_message,student_message_status,group_id from student_group_member where student_id = 2014220202001 [ RunTime:0.000971s ]
SQL: SHOW COLUMNS FROM `course` [ RunTime:0.009741s ]
SQL: select  A.course_name,B.project_name,E.student_id,E.student_name from course as A,project as B,student_group_member as C,student_group as D,student as E where A.course_id=B.course_id and B.project_id=D.project_id and C.group_id=D.group_id and C.student_id=E.student_id and C.student_id =  [ RunTime:0.000505s ]
ERR: 1064:You have an error in your SQL syntax; check the manual that corresponds to your MySQL server version for the right syntax to use near '' at line 1
 [ SQL语句 ] : select  A.course_name,B.project_name,E.student_id,E.student_name from course as A,project as B,student_group_member as C,student_group as D,student as E where A.course_id=B.course_id and B.project_id=D.project_id and C.group_id=D.group_id and C.student_id=E.student_id and C.student_id = 
INFO: [ view_parse ] --START--
INFO: [ template_filter ] --START--
INFO: Run Behavior\ContentReplace [ RunTime:0.000120s ]
INFO: [ template_filter ] --END-- [ RunTime:0.000335s ]
NOTIC: [8] Undefined variable: login_url F:\web\CPS\Runtime\Cache\Student\02bf52a3a4298dbc7a1587d38def4195.php 第 38 行.
INFO: Run Behavior\ParseTemplate [ RunTime:0.021908s ]
INFO: [ view_parse ] --END-- [ RunTime:0.022158s ]
INFO: [ view_filter ] --START--
INFO: Run Behavior\WriteHtmlCache [ RunTime:0.001147s ]
INFO: [ view_filter ] --END-- [ RunTime:0.001364s ]
INFO: [ app_end ] --START--
INFO: Run Behavior\ShowPageTrace [ RunTime:0.001630s ]
INFO: [ app_end ] --END-- [ RunTime:0.001849s ]

[ 2016-10-10T21:24:32+08:00 ] ::1 /CPS/index.php/Student/Stu/myteam
INFO: [ app_begin ] --START--
INFO: Run Behavior\ReadHtmlCache [ RunTime:0.001806s ]
INFO: [ app_begin ] --END-- [ RunTime:0.004034s ]
SQL: SHOW COLUMNS FROM `student_group_member` [ RunTime:0.010166s ]
SQL: select student_message,student_message_status,group_id from student_group_member where student_id = 2014220202001 [ RunTime:0.001051s ]
SQL: SHOW COLUMNS FROM `course` [ RunTime:0.010675s ]
SQL: select  A.course_name,B.project_name,E.student_id,E.student_name from course as A,project as B,student_group_member as C,student_group as D,student as E where A.course_id=B.course_id and B.project_id=D.project_id and C.group_id=D.group_id and C.student_id=E.student_id and C.student_id =  [ RunTime:0.000559s ]
ERR: 1064:You have an error in your SQL syntax; check the manual that corresponds to your MySQL server version for the right syntax to use near '' at line 1
 [ SQL语句 ] : select  A.course_name,B.project_name,E.student_id,E.student_name from course as A,project as B,student_group_member as C,student_group as D,student as E where A.course_id=B.course_id and B.project_id=D.project_id and C.group_id=D.group_id and C.student_id=E.student_id and C.student_id = 
INFO: [ view_parse ] --START--
INFO: [ template_filter ] --START--
INFO: Run Behavior\ContentReplace [ RunTime:0.000122s ]
INFO: [ template_filter ] --END-- [ RunTime:0.000341s ]
NOTIC: [8] Undefined variable: login_url F:\web\CPS\Runtime\Cache\Student\02bf52a3a4298dbc7a1587d38def4195.php 第 38 行.
INFO: Run Behavior\ParseTemplate [ RunTime:0.022783s ]
INFO: [ view_parse ] --END-- [ RunTime:0.023012s ]
INFO: [ view_filter ] --START--
INFO: Run Behavior\WriteHtmlCache [ RunTime:0.000990s ]
INFO: [ view_filter ] --END-- [ RunTime:0.001201s ]
INFO: [ app_end ] --START--
INFO: Run Behavior\ShowPageTrace [ RunTime:0.001698s ]
INFO: [ app_end ] --END-- [ RunTime:0.001923s ]

[ 2016-10-10T21:24:35+08:00 ] ::1 /CPS/index.php/Student/Stu/team_manage
INFO: [ app_begin ] --START--
INFO: Run Behavior\ReadHtmlCache [ RunTime:0.002077s ]
INFO: [ app_begin ] --END-- [ RunTime:0.003836s ]
SQL: SHOW COLUMNS FROM `course` [ RunTime:0.013023s ]
SQL: select D.group_project_status,D.group_id,D.group_manage from project as B,student_group_member as C,student_group as D where  B.project_id=D.project_id  and C.group_id=D.group_id and C.student_id=2014220202001 [ RunTime:0.001000s ]
SQL: select A.student_id,A.student_name from student as A,student_group as B,student_group_member as C where A.student_id=C.student_id and B.group_id=C.group_id and C.is_available=1 and C.group_id = 1 [ RunTime:0.002438s ]
INFO: [ view_parse ] --START--
INFO: [ template_filter ] --START--
INFO: Run Behavior\ContentReplace [ RunTime:0.000145s ]
INFO: [ template_filter ] --END-- [ RunTime:0.000379s ]
INFO: Run Behavior\ParseTemplate [ RunTime:0.025292s ]
INFO: [ view_parse ] --END-- [ RunTime:0.025534s ]
INFO: [ view_filter ] --START--
INFO: Run Behavior\WriteHtmlCache [ RunTime:0.001098s ]
INFO: [ view_filter ] --END-- [ RunTime:0.001304s ]
INFO: [ app_end ] --START--
INFO: Run Behavior\ShowPageTrace [ RunTime:0.001656s ]
INFO: [ app_end ] --END-- [ RunTime:0.001862s ]

[ 2016-10-10T21:29:49+08:00 ] ::1 /CPS/index.php/Student/Stu/team_manage
INFO: [ app_begin ] --START--
INFO: Run Behavior\ReadHtmlCache [ RunTime:0.001741s ]
INFO: [ app_begin ] --END-- [ RunTime:0.002979s ]
SQL: SHOW COLUMNS FROM `course` [ RunTime:0.008972s ]
SQL: select D.group_project_status,D.group_id,D.group_manage from project as B,student_group_member as C,student_group as D where  B.project_id=D.project_id  and C.group_id=D.group_id and C.student_id=2014220202001 [ RunTime:0.001396s ]
SQL: select A.student_id,A.student_name from student as A,student_group as B,student_group_member as C where A.student_id=C.student_id and B.group_id=C.group_id and C.is_available=1 and C.group_id = 1 [ RunTime:0.001372s ]
INFO: [ view_parse ] --START--
INFO: [ template_filter ] --START--
INFO: Run Behavior\ContentReplace [ RunTime:0.000135s ]
INFO: [ template_filter ] --END-- [ RunTime:0.000341s ]
INFO: Run Behavior\ParseTemplate [ RunTime:0.024494s ]
INFO: [ view_parse ] --END-- [ RunTime:0.024737s ]
INFO: [ view_filter ] --START--
INFO: Run Behavior\WriteHtmlCache [ RunTime:0.001199s ]
INFO: [ view_filter ] --END-- [ RunTime:0.001409s ]
INFO: [ app_end ] --START--
INFO: Run Behavior\ShowPageTrace [ RunTime:0.001679s ]
INFO: [ app_end ] --END-- [ RunTime:0.001888s ]

[ 2016-10-10T21:29:59+08:00 ] ::1 /CPS/index.php/Student/Stu/course_info
INFO: [ app_begin ] --START--
INFO: Run Behavior\ReadHtmlCache [ RunTime:0.001685s ]
INFO: [ app_begin ] --END-- [ RunTime:0.002914s ]
SQL: SHOW COLUMNS FROM `course` [ RunTime:0.008785s ]
SQL: SELECT * FROM `course`  [ RunTime:0.000751s ]
INFO: [ view_parse ] --START--
INFO: [ template_filter ] --START--
INFO: Run Behavior\ContentReplace [ RunTime:0.000127s ]
INFO: [ template_filter ] --END-- [ RunTime:0.000358s ]
INFO: Run Behavior\ParseTemplate [ RunTime:0.020657s ]
INFO: [ view_parse ] --END-- [ RunTime:0.020898s ]
INFO: [ view_filter ] --START--
INFO: Run Behavior\WriteHtmlCache [ RunTime:0.001288s ]
INFO: [ view_filter ] --END-- [ RunTime:0.001501s ]
INFO: [ app_end ] --START--
INFO: Run Behavior\ShowPageTrace [ RunTime:0.001649s ]
INFO: [ app_end ] --END-- [ RunTime:0.001856s ]

[ 2016-10-10T21:30:01+08:00 ] ::1 /CPS/index.php/Student/Stu/team_manage
INFO: [ app_begin ] --START--
INFO: Run Behavior\ReadHtmlCache [ RunTime:0.001371s ]
INFO: [ app_begin ] --END-- [ RunTime:0.002573s ]
SQL: SHOW COLUMNS FROM `course` [ RunTime:0.009633s ]
SQL: select D.group_project_status,D.group_id,D.group_manage from project as B,student_group_member as C,student_group as D where  B.project_id=D.project_id  and C.group_id=D.group_id and C.student_id=2014220202001 [ RunTime:0.000990s ]
SQL: select A.student_id,A.student_name from student as A,student_group as B,student_group_member as C where A.student_id=C.student_id and B.group_id=C.group_id and C.is_available=1 and C.group_id = 1 [ RunTime:0.001288s ]
INFO: [ view_parse ] --START--
INFO: [ template_filter ] --START--
INFO: Run Behavior\ContentReplace [ RunTime:0.000149s ]
INFO: [ template_filter ] --END-- [ RunTime:0.000379s ]
INFO: Run Behavior\ParseTemplate [ RunTime:0.023343s ]
INFO: [ view_parse ] --END-- [ RunTime:0.023711s ]
INFO: [ view_filter ] --START--
INFO: Run Behavior\WriteHtmlCache [ RunTime:0.000995s ]
INFO: [ view_filter ] --END-- [ RunTime:0.001205s ]
INFO: [ app_end ] --START--
INFO: Run Behavior\ShowPageTrace [ RunTime:0.001518s ]
INFO: [ app_end ] --END-- [ RunTime:0.001727s ]

[ 2016-10-10T21:30:03+08:00 ] ::1 /CPS/index.php/Student/Stu/myproject
INFO: [ app_begin ] --START--
INFO: Run Behavior\ReadHtmlCache [ RunTime:0.001358s ]
INFO: [ app_begin ] --END-- [ RunTime:0.002529s ]
SQL: SHOW COLUMNS FROM `course` [ RunTime:0.010140s ]
SQL: select  A.course_name,A.course_id,B.project_name,B.project_id,B.teacher_id,D.group_id,D.group_project_status from course as A,project as B,student_group_member as C,student_group as D where A.course_id=B.course_id and B.project_id=D.project_id and C.group_id=D.group_id and C.student_id = 2014220202001 [ RunTime:0.001449s ]
SQL: select A.student_id,A.student_name from student as A,student_group as B,student_group_member as C where A.student_id=C.student_id and B.group_id=C.group_id and C.is_available=1 and C.group_id = 1 [ RunTime:0.001370s ]
INFO: [ view_parse ] --START--
INFO: [ template_filter ] --START--
INFO: Run Behavior\ContentReplace [ RunTime:0.000119s ]
INFO: [ template_filter ] --END-- [ RunTime:0.000331s ]
INFO: Run Behavior\ParseTemplate [ RunTime:0.022901s ]
INFO: [ view_parse ] --END-- [ RunTime:0.023145s ]
INFO: [ view_filter ] --START--
INFO: Run Behavior\WriteHtmlCache [ RunTime:0.000913s ]
INFO: [ view_filter ] --END-- [ RunTime:0.001116s ]
INFO: [ app_end ] --START--
INFO: Run Behavior\ShowPageTrace [ RunTime:0.001488s ]
INFO: [ app_end ] --END-- [ RunTime:0.001703s ]

[ 2016-10-10T21:30:18+08:00 ] ::1 /CPS/index.php/Student/Stu/team_manage
INFO: [ app_begin ] --START--
INFO: Run Behavior\ReadHtmlCache [ RunTime:0.001571s ]
INFO: [ app_begin ] --END-- [ RunTime:0.002826s ]
SQL: SHOW COLUMNS FROM `course` [ RunTime:0.008995s ]
SQL: select D.group_project_status,D.group_id,D.group_manage from project as B,student_group_member as C,student_group as D where  B.project_id=D.project_id  and C.group_id=D.group_id and C.student_id=2014220202001 [ RunTime:0.000919s ]
SQL: select A.student_id,A.student_name from student as A,student_group as B,student_group_member as C where A.student_id=C.student_id and B.group_id=C.group_id and C.is_available=1 and C.group_id = 1 [ RunTime:0.001089s ]
INFO: [ view_parse ] --START--
INFO: [ template_filter ] --START--
INFO: Run Behavior\ContentReplace [ RunTime:0.000140s ]
INFO: [ template_filter ] --END-- [ RunTime:0.000352s ]
INFO: Run Behavior\ParseTemplate [ RunTime:0.022174s ]
INFO: [ view_parse ] --END-- [ RunTime:0.022401s ]
INFO: [ view_filter ] --START--
INFO: Run Behavior\WriteHtmlCache [ RunTime:0.000906s ]
INFO: [ view_filter ] --END-- [ RunTime:0.001106s ]
INFO: [ app_end ] --START--
INFO: Run Behavior\ShowPageTrace [ RunTime:0.001433s ]
INFO: [ app_end ] --END-- [ RunTime:0.001636s ]

[ 2016-10-10T21:30:24+08:00 ] ::1 /CPS/index.php/Student/Stu/myteam
INFO: [ app_begin ] --START--
INFO: Run Behavior\ReadHtmlCache [ RunTime:0.001405s ]
INFO: [ app_begin ] --END-- [ RunTime:0.002582s ]
SQL: SHOW COLUMNS FROM `student_group_member` [ RunTime:0.009612s ]
SQL: select student_message,student_message_status,group_id from student_group_member where student_id = 2014220202001 [ RunTime:0.000773s ]
SQL: SHOW COLUMNS FROM `course` [ RunTime:0.008555s ]
SQL: select  A.course_name,B.project_name,E.student_id,E.student_name from course as A,project as B,student_group_member as C,student_group as D,student as E where A.course_id=B.course_id and B.project_id=D.project_id and C.group_id=D.group_id and C.student_id=E.student_id and C.student_id =  [ RunTime:0.000567s ]
ERR: 1064:You have an error in your SQL syntax; check the manual that corresponds to your MySQL server version for the right syntax to use near '' at line 1
 [ SQL语句 ] : select  A.course_name,B.project_name,E.student_id,E.student_name from course as A,project as B,student_group_member as C,student_group as D,student as E where A.course_id=B.course_id and B.project_id=D.project_id and C.group_id=D.group_id and C.student_id=E.student_id and C.student_id = 
INFO: [ view_parse ] --START--
INFO: [ template_filter ] --START--
INFO: Run Behavior\ContentReplace [ RunTime:0.000117s ]
INFO: [ template_filter ] --END-- [ RunTime:0.000331s ]
NOTIC: [8] Undefined variable: login_url F:\web\CPS\Runtime\Cache\Student\02bf52a3a4298dbc7a1587d38def4195.php 第 38 行.
INFO: Run Behavior\ParseTemplate [ RunTime:0.021347s ]
INFO: [ view_parse ] --END-- [ RunTime:0.021555s ]
INFO: [ view_filter ] --START--
INFO: Run Behavior\WriteHtmlCache [ RunTime:0.000871s ]
INFO: [ view_filter ] --END-- [ RunTime:0.001072s ]
INFO: [ app_end ] --START--
INFO: Run Behavior\ShowPageTrace [ RunTime:0.001377s ]
INFO: [ app_end ] --END-- [ RunTime:0.001593s ]

[ 2016-10-10T21:30:26+08:00 ] ::1 /CPS/index.php/Student/Stu/team_manage
INFO: [ app_begin ] --START--
INFO: Run Behavior\ReadHtmlCache [ RunTime:0.001493s ]
INFO: [ app_begin ] --END-- [ RunTime:0.002687s ]
SQL: SHOW COLUMNS FROM `course` [ RunTime:0.008984s ]
SQL: select D.group_project_status,D.group_id,D.group_manage from project as B,student_group_member as C,student_group as D where  B.project_id=D.project_id  and C.group_id=D.group_id and C.student_id=2014220202001 [ RunTime:0.000982s ]
SQL: select A.student_id,A.student_name from student as A,student_group as B,student_group_member as C where A.student_id=C.student_id and B.group_id=C.group_id and C.is_available=1 and C.group_id = 1 [ RunTime:0.001341s ]
INFO: [ view_parse ] --START--
INFO: [ template_filter ] --START--
INFO: Run Behavior\ContentReplace [ RunTime:0.000141s ]
INFO: [ template_filter ] --END-- [ RunTime:0.000360s ]
INFO: Run Behavior\ParseTemplate [ RunTime:0.023008s ]
INFO: [ view_parse ] --END-- [ RunTime:0.023240s ]
INFO: [ view_filter ] --START--
INFO: Run Behavior\WriteHtmlCache [ RunTime:0.000979s ]
INFO: [ view_filter ] --END-- [ RunTime:0.001197s ]
INFO: [ app_end ] --START--
INFO: Run Behavior\ShowPageTrace [ RunTime:0.001549s ]
INFO: [ app_end ] --END-- [ RunTime:0.001773s ]

[ 2016-10-10T21:30:59+08:00 ] ::1 /CPS/index.php/Student/Stu/myteam
INFO: [ app_begin ] --START--
INFO: Run Behavior\ReadHtmlCache [ RunTime:0.001406s ]
INFO: [ app_begin ] --END-- [ RunTime:0.002588s ]
SQL: SHOW COLUMNS FROM `student_group_member` [ RunTime:0.009418s ]
SQL: select student_message,student_message_status,group_id from student_group_member where student_id = 2014220202001 [ RunTime:0.000856s ]
SQL: SHOW COLUMNS FROM `course` [ RunTime:0.009106s ]
SQL: select  A.course_name,B.project_name,E.student_id,E.student_name from course as A,project as B,student_group_member as C,student_group as D,student as E where A.course_id=B.course_id and B.project_id=D.project_id and C.group_id=D.group_id and C.student_id=E.student_id and C.student_id =  [ RunTime:0.000703s ]
ERR: 1064:You have an error in your SQL syntax; check the manual that corresponds to your MySQL server version for the right syntax to use near '' at line 1
 [ SQL语句 ] : select  A.course_name,B.project_name,E.student_id,E.student_name from course as A,project as B,student_group_member as C,student_group as D,student as E where A.course_id=B.course_id and B.project_id=D.project_id and C.group_id=D.group_id and C.student_id=E.student_id and C.student_id = 
INFO: [ view_parse ] --START--
INFO: [ template_filter ] --START--
INFO: Run Behavior\ContentReplace [ RunTime:0.000115s ]
INFO: [ template_filter ] --END-- [ RunTime:0.000326s ]
NOTIC: [8] Undefined variable: login_url F:\web\CPS\Runtime\Cache\Student\02bf52a3a4298dbc7a1587d38def4195.php 第 38 行.
INFO: Run Behavior\ParseTemplate [ RunTime:0.020834s ]
INFO: [ view_parse ] --END-- [ RunTime:0.021047s ]
INFO: [ view_filter ] --START--
INFO: Run Behavior\WriteHtmlCache [ RunTime:0.001091s ]
INFO: [ view_filter ] --END-- [ RunTime:0.001346s ]
INFO: [ app_end ] --START--
INFO: Run Behavior\ShowPageTrace [ RunTime:0.001583s ]
INFO: [ app_end ] --END-- [ RunTime:0.001798s ]

[ 2016-10-10T21:32:12+08:00 ] ::1 /CPS/index.php/Student/Stu/team_manage
INFO: [ app_begin ] --START--
INFO: Run Behavior\ReadHtmlCache [ RunTime:0.001705s ]
INFO: [ app_begin ] --END-- [ RunTime:0.002976s ]
SQL: SHOW COLUMNS FROM `course` [ RunTime:0.008723s ]
SQL: select D.group_project_status,D.group_id,D.group_manage from project as B,student_group_member as C,student_group as D where  B.project_id=D.project_id  and C.group_id=D.group_id and C.student_id=2014220202001 [ RunTime:0.000956s ]
SQL: select A.student_id,A.student_name from student as A,student_group as B,student_group_member as C where A.student_id=C.student_id and B.group_id=C.group_id and C.is_available=1 and C.group_id = 1 [ RunTime:0.001303s ]
INFO: [ view_parse ] --START--
INFO: [ template_filter ] --START--
INFO: Run Behavior\ContentReplace [ RunTime:0.000141s ]
INFO: [ template_filter ] --END-- [ RunTime:0.000357s ]
INFO: Run Behavior\ParseTemplate [ RunTime:0.024386s ]
INFO: [ view_parse ] --END-- [ RunTime:0.024631s ]
INFO: [ view_filter ] --START--
INFO: Run Behavior\WriteHtmlCache [ RunTime:0.001117s ]
INFO: [ view_filter ] --END-- [ RunTime:0.001336s ]
INFO: [ app_end ] --START--
INFO: Run Behavior\ShowPageTrace [ RunTime:0.002201s ]
INFO: [ app_end ] --END-- [ RunTime:0.002423s ]

[ 2016-10-10T21:33:37+08:00 ] ::1 /CPS/index.php/Student/Stu/team_manage
INFO: [ app_begin ] --START--
INFO: Run Behavior\ReadHtmlCache [ RunTime:0.001543s ]
INFO: [ app_begin ] --END-- [ RunTime:0.002824s ]
SQL: SHOW COLUMNS FROM `course` [ RunTime:0.010027s ]
SQL: select D.group_project_status,D.group_id,D.group_manage from project as B,student_group_member as C,student_group as D where  B.project_id=D.project_id  and C.group_id=D.group_id and C.student_id=2014220202001 [ RunTime:0.001331s ]
SQL: select A.student_id,A.student_name from student as A,student_group as B,student_group_member as C where A.student_id=C.student_id and B.group_id=C.group_id and C.is_available=1 and C.group_id = 1 [ RunTime:0.001385s ]
INFO: [ view_parse ] --START--
INFO: [ template_filter ] --START--
INFO: Run Behavior\ContentReplace [ RunTime:0.000144s ]
INFO: [ template_filter ] --END-- [ RunTime:0.000367s ]
INFO: Run Behavior\ParseTemplate [ RunTime:0.022586s ]
INFO: [ view_parse ] --END-- [ RunTime:0.022827s ]
INFO: [ view_filter ] --START--
INFO: Run Behavior\WriteHtmlCache [ RunTime:0.000992s ]
INFO: [ view_filter ] --END-- [ RunTime:0.001209s ]
INFO: [ app_end ] --START--
INFO: Run Behavior\ShowPageTrace [ RunTime:0.001585s ]
INFO: [ app_end ] --END-- [ RunTime:0.001803s ]

