[ 2016-10-13T11:39:10+08:00 ] ::1 /CPS/index.php/Home/Login/login
INFO: [ app_begin ] --START--
INFO: Run Behavior\ReadHtmlCache [ RunTime:0.021947s ]
INFO: [ app_begin ] --END-- [ RunTime:0.023737s ]
INFO: [ view_parse ] --START--
INFO: [ template_filter ] --START--
INFO: Run Behavior\ContentReplace [ RunTime:0.000110s ]
INFO: [ template_filter ] --END-- [ RunTime:0.000324s ]
INFO: Run Behavior\ParseTemplate [ RunTime:0.081747s ]
INFO: [ view_parse ] --END-- [ RunTime:0.082051s ]
INFO: [ view_filter ] --START--
INFO: Run Behavior\WriteHtmlCache [ RunTime:0.043005s ]
INFO: [ view_filter ] --END-- [ RunTime:0.043232s ]
INFO: [ app_end ] --START--
INFO: Run Behavior\ShowPageTrace [ RunTime:0.033228s ]
INFO: [ app_end ] --END-- [ RunTime:0.033460s ]

[ 2016-10-13T11:39:11+08:00 ] ::1 /CPS/index.php/Home/Index/verify_c
INFO: [ app_begin ] --START--
INFO: Run Behavior\ReadHtmlCache [ RunTime:0.002136s ]
INFO: [ app_begin ] --END-- [ RunTime:0.003698s ]
INFO: [ app_end ] --START--
INFO: Run Behavior\ShowPageTrace [ RunTime:0.001926s ]
INFO: [ app_end ] --END-- [ RunTime:0.004571s ]

[ 2016-10-13T11:39:16+08:00 ] ::1 /CPS/index.php/Home/Index/verify_c?0.11306135017741892
INFO: [ app_begin ] --START--
INFO: Run Behavior\ReadHtmlCache [ RunTime:0.001792s ]
INFO: [ app_begin ] --END-- [ RunTime:0.003591s ]
INFO: [ app_end ] --START--
INFO: Run Behavior\ShowPageTrace [ RunTime:0.001823s ]
INFO: [ app_end ] --END-- [ RunTime:0.002128s ]

[ 2016-10-13T11:39:22+08:00 ] ::1 /CPS/index.php/Home/Login/login
INFO: [ app_begin ] --START--
INFO: Run Behavior\ReadHtmlCache [ RunTime:0.001645s ]
INFO: [ app_begin ] --END-- [ RunTime:0.002997s ]
SQL: SHOW COLUMNS FROM `student` [ RunTime:0.115364s ]
SQL: SELECT * FROM `student` WHERE ( `student_id` = '2014220202007' )  [ RunTime:0.001187s ]
INFO: [ view_parse ] --START--
INFO: [ template_filter ] --START--
INFO: Run Behavior\ContentReplace [ RunTime:0.000111s ]
INFO: [ template_filter ] --END-- [ RunTime:0.000360s ]
INFO: Run Behavior\ParseTemplate [ RunTime:0.024513s ]
INFO: [ view_parse ] --END-- [ RunTime:0.024781s ]
INFO: [ view_filter ] --START--
INFO: Run Behavior\WriteHtmlCache [ RunTime:0.001278s ]
INFO: [ view_filter ] --END-- [ RunTime:0.001486s ]
SQL: SELECT * FROM `student` WHERE ( `student_id` = '2014220202007' )  [ RunTime:0.000923s ]

[ 2016-10-13T11:39:23+08:00 ] ::1 /CPS/index.php/Student/Stu/course_info/student_id/2014220202007
INFO: [ app_begin ] --START--
INFO: Run Behavior\ReadHtmlCache [ RunTime:0.001654s ]
INFO: [ app_begin ] --END-- [ RunTime:0.003290s ]
SQL: SHOW COLUMNS FROM `course` [ RunTime:0.294346s ]
SQL: SELECT * FROM `course`  [ RunTime:0.001454s ]
INFO: [ view_parse ] --START--
INFO: [ template_filter ] --START--
INFO: Run Behavior\ContentReplace [ RunTime:0.000164s ]
INFO: [ template_filter ] --END-- [ RunTime:0.000388s ]
INFO: Run Behavior\ParseTemplate [ RunTime:0.038552s ]
INFO: [ view_parse ] --END-- [ RunTime:0.038859s ]
INFO: [ view_filter ] --START--
INFO: Run Behavior\WriteHtmlCache [ RunTime:0.001010s ]
INFO: [ view_filter ] --END-- [ RunTime:0.001460s ]
INFO: [ app_end ] --START--
INFO: Run Behavior\ShowPageTrace [ RunTime:0.001694s ]
INFO: [ app_end ] --END-- [ RunTime:0.001937s ]

[ 2016-10-13T11:39:26+08:00 ] ::1 /CPS/index.php/Student/Stu/team_manage
INFO: [ app_begin ] --START--
INFO: Run Behavior\ReadHtmlCache [ RunTime:0.001742s ]
INFO: [ app_begin ] --END-- [ RunTime:0.003140s ]
SQL: SHOW COLUMNS FROM `course` [ RunTime:0.010168s ]
SQL: select D.group_project_status,D.group_id,D.group_manage from student_group_member as C,student_group as D where C.group_id=D.group_id and C.student_id=2014220202007 [ RunTime:0.044800s ]
SQL: select A.student_id,A.student_name from student as A,student_group as B,student_group_member as C where A.student_id=C.student_id and B.group_id=C.group_id and C.is_available=1 and C.group_id = 3 [ RunTime:0.001598s ]
SQL: select A.student_id,A.student_name from student as A,student_group as B,student_group_member as C where A.student_id=C.student_id and B.group_id=C.group_id and C.is_available=1 and C.group_id = 4 [ RunTime:0.002247s ]
INFO: [ view_parse ] --START--
INFO: [ template_filter ] --START--
INFO: Run Behavior\ContentReplace [ RunTime:0.000131s ]
INFO: [ template_filter ] --END-- [ RunTime:0.000357s ]
INFO: Run Behavior\ParseTemplate [ RunTime:0.025291s ]
INFO: [ view_parse ] --END-- [ RunTime:0.025560s ]
INFO: [ view_filter ] --START--
INFO: Run Behavior\WriteHtmlCache [ RunTime:0.000960s ]
INFO: [ view_filter ] --END-- [ RunTime:0.001172s ]
INFO: [ app_end ] --START--
INFO: Run Behavior\ShowPageTrace [ RunTime:0.001712s ]
INFO: [ app_end ] --END-- [ RunTime:0.001966s ]

[ 2016-10-13T11:39:54+08:00 ] ::1 /CPS/index.php/Student/Stu/team_manage
INFO: [ app_begin ] --START--
INFO: Run Behavior\ReadHtmlCache [ RunTime:0.001449s ]
INFO: [ app_begin ] --END-- [ RunTime:0.002645s ]
SQL: SHOW COLUMNS FROM `course` [ RunTime:0.008925s ]
SQL: select D.group_project_status,D.group_id,D.group_manage from student_group_member as C,student_group as D where C.group_id=D.group_id and C.student_id=2014220202007 [ RunTime:0.000939s ]
SQL: select A.student_id,A.student_name from student as A,student_group as B,student_group_member as C where A.student_id=C.student_id and B.group_id=C.group_id and C.is_available=1 and C.group_id = 3 [ RunTime:0.001320s ]
INFO: [ view_parse ] --START--
INFO: [ template_filter ] --START--
INFO: Run Behavior\ContentReplace [ RunTime:0.000129s ]
INFO: [ template_filter ] --END-- [ RunTime:0.000359s ]
NOTIC: [8] Undefined variable: button_disabled F:\web\CPS\Runtime\Cache\Student\b9146860cbe6309b8a9a621ad0ff6f28.php 第 78 行.
INFO: Run Behavior\ParseTemplate [ RunTime:0.023467s ]
INFO: [ view_parse ] --END-- [ RunTime:0.023669s ]
INFO: [ view_filter ] --START--
INFO: Run Behavior\WriteHtmlCache [ RunTime:0.000915s ]
INFO: [ view_filter ] --END-- [ RunTime:0.001139s ]
INFO: [ app_end ] --START--
INFO: Run Behavior\ShowPageTrace [ RunTime:0.001676s ]
INFO: [ app_end ] --END-- [ RunTime:0.001902s ]

[ 2016-10-13T11:40:08+08:00 ] ::1 /CPS/index.php/Student/Stu/team_manage
INFO: [ app_begin ] --START--
INFO: Run Behavior\ReadHtmlCache [ RunTime:0.001962s ]
INFO: [ app_begin ] --END-- [ RunTime:0.003287s ]
SQL: SHOW COLUMNS FROM `course` [ RunTime:0.010252s ]
SQL: select D.group_project_status,D.group_id,D.group_manage from student_group_member as C,student_group as D where C.group_id=D.group_id and C.student_id=2014220202007 [ RunTime:0.000980s ]
SQL: select A.student_id,A.student_name from student as A,student_group as B,student_group_member as C where A.student_id=C.student_id and B.group_id=C.group_id and C.is_available=1 and C.group_id = 3 [ RunTime:0.001516s ]
INFO: [ view_parse ] --START--
INFO: [ template_filter ] --START--
INFO: Run Behavior\ContentReplace [ RunTime:0.000139s ]
INFO: [ template_filter ] --END-- [ RunTime:0.000411s ]
NOTIC: [8] Undefined variable: button_disabled F:\web\CPS\Runtime\Cache\Student\b9146860cbe6309b8a9a621ad0ff6f28.php 第 78 行.
INFO: Run Behavior\ParseTemplate [ RunTime:0.025610s ]
INFO: [ view_parse ] --END-- [ RunTime:0.025840s ]
INFO: [ view_filter ] --START--
INFO: Run Behavior\WriteHtmlCache [ RunTime:0.001571s ]
INFO: [ view_filter ] --END-- [ RunTime:0.001797s ]
INFO: [ app_end ] --START--
INFO: Run Behavior\ShowPageTrace [ RunTime:0.002101s ]
INFO: [ app_end ] --END-- [ RunTime:0.002736s ]

[ 2016-10-13T11:40:10+08:00 ] ::1 /CPS/index.php/Student/Stu/team_manage/teamCreate/1
INFO: [ app_begin ] --START--
INFO: Run Behavior\ReadHtmlCache [ RunTime:0.001551s ]
INFO: [ app_begin ] --END-- [ RunTime:0.002947s ]
SQL: SHOW COLUMNS FROM `student_group` [ RunTime:0.009649s ]
SQL: insert into student_group values(4,1,0,2014220202007,1,0,0,0,'',0) [ RunTime:0.000984s ]
NOTIC: [2] mysql_num_rows() expects parameter 1 to be resource, boolean given F:\web\ThinkPHP\Library\Think\Db\Driver\Mysql.class.php 第 106 行.
NOTIC: [2] mysql_free_result() expects parameter 1 to be resource, boolean given F:\web\ThinkPHP\Library\Think\Db\Driver\Mysql.class.php 第 77 行.
SQL: SHOW COLUMNS FROM `student_group_member` [ RunTime:0.009858s ]
SQL: insert into student_group_member values(2014220202007,4,'',0,1,0,1,1,1) [ RunTime:0.000923s ]
NOTIC: [2] mysql_num_rows() expects parameter 1 to be resource, boolean given F:\web\ThinkPHP\Library\Think\Db\Driver\Mysql.class.php 第 106 行.
NOTIC: [2] mysql_free_result() expects parameter 1 to be resource, boolean given F:\web\ThinkPHP\Library\Think\Db\Driver\Mysql.class.php 第 77 行.
SQL: SHOW COLUMNS FROM `course` [ RunTime:0.009919s ]
SQL: select D.group_project_status,D.group_id,D.group_manage from student_group_member as C,student_group as D where C.group_id=D.group_id and C.student_id=2014220202007 [ RunTime:0.000954s ]
SQL: select A.student_id,A.student_name from student as A,student_group as B,student_group_member as C where A.student_id=C.student_id and B.group_id=C.group_id and C.is_available=1 and C.group_id = 3 [ RunTime:0.001335s ]
SQL: select A.student_id,A.student_name from student as A,student_group as B,student_group_member as C where A.student_id=C.student_id and B.group_id=C.group_id and C.is_available=1 and C.group_id = 4 [ RunTime:0.001410s ]
INFO: [ view_parse ] --START--
INFO: [ template_filter ] --START--
INFO: Run Behavior\ContentReplace [ RunTime:0.000133s ]
INFO: [ template_filter ] --END-- [ RunTime:0.000363s ]
NOTIC: [8] Undefined variable: button_disabled F:\web\CPS\Runtime\Cache\Student\b9146860cbe6309b8a9a621ad0ff6f28.php 第 78 行.
NOTIC: [8] Undefined variable: button_disabled F:\web\CPS\Runtime\Cache\Student\b9146860cbe6309b8a9a621ad0ff6f28.php 第 78 行.
INFO: Run Behavior\ParseTemplate [ RunTime:0.023871s ]
INFO: [ view_parse ] --END-- [ RunTime:0.024133s ]
INFO: [ view_filter ] --START--
INFO: Run Behavior\WriteHtmlCache [ RunTime:0.001078s ]
INFO: [ view_filter ] --END-- [ RunTime:0.001301s ]
INFO: [ app_end ] --START--
INFO: Run Behavior\ShowPageTrace [ RunTime:0.001745s ]
INFO: [ app_end ] --END-- [ RunTime:0.001976s ]

[ 2016-10-13T11:40:13+08:00 ] ::1 /CPS/index.php/Student/Stu/teamMember/group_id/4
INFO: [ app_begin ] --START--
INFO: Run Behavior\ReadHtmlCache [ RunTime:0.001792s ]
INFO: [ app_begin ] --END-- [ RunTime:0.003358s ]
SQL: SHOW COLUMNS FROM `course` [ RunTime:0.010554s ]
SQL: select A.course_name,A.course_id,B.project_name,D.group_project_status,D.group_id,D.group_manage from course as A,project as B,student_group as D where A.course_id=B.course_id and B.project_id=D.project_id and D.group_id = 4 [ RunTime:0.044901s ]
INFO: [ view_parse ] --START--
INFO: [ template_filter ] --START--
INFO: Run Behavior\ContentReplace [ RunTime:0.000148s ]
INFO: [ template_filter ] --END-- [ RunTime:0.000386s ]
INFO: Run Behavior\ParseTemplate [ RunTime:0.025743s ]
INFO: [ view_parse ] --END-- [ RunTime:0.026030s ]
INFO: [ view_filter ] --START--
INFO: Run Behavior\WriteHtmlCache [ RunTime:0.001114s ]
INFO: [ view_filter ] --END-- [ RunTime:0.001344s ]
NOTIC: [8] Undefined index: studentId F:\web\CPS\Student\Controller\StuController.class.php 第 229 行.
SQL: SHOW COLUMNS FROM `student_group_member` [ RunTime:0.010031s ]
SQL: update student_group_member set student_message='2014220202007' where student_id =  [ RunTime:0.000650s ]
ERR: 1064:You have an error in your SQL syntax; check the manual that corresponds to your MySQL server version for the right syntax to use near '' at line 1
 [ SQL语句 ] : update student_group_member set student_message='2014220202007' where student_id = 
INFO: [ app_end ] --START--
INFO: Run Behavior\ShowPageTrace [ RunTime:0.001667s ]
INFO: [ app_end ] --END-- [ RunTime:0.001897s ]

[ 2016-10-13T11:41:48+08:00 ] ::1 /CPS/index.php/Student/Stu/teamMember/group_id/4
INFO: [ app_begin ] --START--
INFO: Run Behavior\ReadHtmlCache [ RunTime:0.002182s ]
INFO: [ app_begin ] --END-- [ RunTime:0.003829s ]
SQL: SHOW COLUMNS FROM `course` [ RunTime:0.009504s ]
SQL: select A.course_name,A.course_id,B.project_name,D.group_project_status,D.group_id,D.group_manage from course as A,project as B,student_group as D where A.course_id=B.course_id and B.project_id=D.project_id and D.group_id = 4 [ RunTime:0.001102s ]
INFO: [ view_parse ] --START--
INFO: [ template_filter ] --START--
INFO: Run Behavior\ContentReplace [ RunTime:0.000139s ]
INFO: [ template_filter ] --END-- [ RunTime:0.000359s ]
INFO: Run Behavior\ParseTemplate [ RunTime:0.026538s ]
INFO: [ view_parse ] --END-- [ RunTime:0.026890s ]
INFO: [ view_filter ] --START--
INFO: Run Behavior\WriteHtmlCache [ RunTime:0.002498s ]
INFO: [ view_filter ] --END-- [ RunTime:0.002850s ]
NOTIC: [8] Undefined index: studentId F:\web\CPS\Student\Controller\StuController.class.php 第 229 行.
SQL: SHOW COLUMNS FROM `student_group_member` [ RunTime:0.010541s ]
SQL: update student_group_member set student_message='2014220202007' where student_id =  [ RunTime:0.000608s ]
ERR: 1064:You have an error in your SQL syntax; check the manual that corresponds to your MySQL server version for the right syntax to use near '' at line 1
 [ SQL语句 ] : update student_group_member set student_message='2014220202007' where student_id = 
INFO: [ app_end ] --START--
INFO: Run Behavior\ShowPageTrace [ RunTime:0.002109s ]
INFO: [ app_end ] --END-- [ RunTime:0.002434s ]

[ 2016-10-13T11:42:20+08:00 ] ::1 /CPS/index.php/Student/Stu/team_manage/teamCreate/1
INFO: [ app_begin ] --START--
INFO: Run Behavior\ReadHtmlCache [ RunTime:0.002058s ]
INFO: [ app_begin ] --END-- [ RunTime:0.003598s ]
SQL: SHOW COLUMNS FROM `student_group` [ RunTime:0.009917s ]
SQL: insert into student_group values(4,1,0,2014220202007,1,0,0,0,'',0) [ RunTime:0.000727s ]
ERR: 1062:Duplicate entry '4' for key 'PRIMARY'
 [ SQL语句 ] : insert into student_group values(4,1,0,2014220202007,1,0,0,0,'',0)
SQL: SHOW COLUMNS FROM `student_group_member` [ RunTime:0.074409s ]
SQL: insert into student_group_member values(2014220202007,4,'',0,1,0,1,1,1) [ RunTime:0.000811s ]
ERR: 1062:Duplicate entry '2014220202007-4' for key 'PRIMARY'
 [ SQL语句 ] : insert into student_group_member values(2014220202007,4,'',0,1,0,1,1,1)
SQL: SHOW COLUMNS FROM `course` [ RunTime:0.010139s ]
SQL: select D.group_project_status,D.group_id,D.group_manage from student_group_member as C,student_group as D where C.group_id=D.group_id and C.student_id=2014220202007 [ RunTime:0.000980s ]
SQL: select A.student_id,A.student_name from student as A,student_group as B,student_group_member as C where A.student_id=C.student_id and B.group_id=C.group_id and C.is_available=1 and C.group_id = 3 [ RunTime:0.001603s ]
SQL: select A.student_id,A.student_name from student as A,student_group as B,student_group_member as C where A.student_id=C.student_id and B.group_id=C.group_id and C.is_available=1 and C.group_id = 4 [ RunTime:0.001384s ]
INFO: [ view_parse ] --START--
INFO: [ template_filter ] --START--
INFO: Run Behavior\ContentReplace [ RunTime:0.000139s ]
INFO: [ template_filter ] --END-- [ RunTime:0.000364s ]
NOTIC: [8] Undefined variable: button_disabled F:\web\CPS\Runtime\Cache\Student\b9146860cbe6309b8a9a621ad0ff6f28.php 第 78 行.
NOTIC: [8] Undefined variable: button_disabled F:\web\CPS\Runtime\Cache\Student\b9146860cbe6309b8a9a621ad0ff6f28.php 第 78 行.
INFO: Run Behavior\ParseTemplate [ RunTime:0.024927s ]
INFO: [ view_parse ] --END-- [ RunTime:0.025187s ]
INFO: [ view_filter ] --START--
INFO: Run Behavior\WriteHtmlCache [ RunTime:0.001332s ]
INFO: [ view_filter ] --END-- [ RunTime:0.001581s ]
INFO: [ app_end ] --START--
INFO: Run Behavior\ShowPageTrace [ RunTime:0.001767s ]
INFO: [ app_end ] --END-- [ RunTime:0.001982s ]

[ 2016-10-13T11:42:32+08:00 ] ::1 /CPS/index.php/Student/Stu/team_manage
INFO: [ app_begin ] --START--
INFO: Run Behavior\ReadHtmlCache [ RunTime:0.002037s ]
INFO: [ app_begin ] --END-- [ RunTime:0.003530s ]
SQL: SHOW COLUMNS FROM `course` [ RunTime:0.010229s ]
SQL: select D.group_project_status,D.group_id,D.group_manage from student_group_member as C,student_group as D where C.group_id=D.group_id and C.student_id=2014220202007 [ RunTime:0.001091s ]
SQL: select A.student_id,A.student_name from student as A,student_group as B,student_group_member as C where A.student_id=C.student_id and B.group_id=C.group_id and C.is_available=1 and C.group_id = 3 [ RunTime:0.001530s ]
SQL: select A.student_id,A.student_name from student as A,student_group as B,student_group_member as C where A.student_id=C.student_id and B.group_id=C.group_id and C.is_available=1 and C.group_id = 4 [ RunTime:0.001431s ]
INFO: [ view_parse ] --START--
INFO: [ template_filter ] --START--
INFO: Run Behavior\ContentReplace [ RunTime:0.000129s ]
INFO: [ template_filter ] --END-- [ RunTime:0.000351s ]
NOTIC: [8] Undefined variable: button_disabled F:\web\CPS\Runtime\Cache\Student\b9146860cbe6309b8a9a621ad0ff6f28.php 第 78 行.
NOTIC: [8] Undefined variable: button_disabled F:\web\CPS\Runtime\Cache\Student\b9146860cbe6309b8a9a621ad0ff6f28.php 第 78 行.
INFO: Run Behavior\ParseTemplate [ RunTime:0.026365s ]
INFO: [ view_parse ] --END-- [ RunTime:0.026733s ]
INFO: [ view_filter ] --START--
INFO: Run Behavior\WriteHtmlCache [ RunTime:0.001332s ]
INFO: [ view_filter ] --END-- [ RunTime:0.001557s ]
INFO: [ app_end ] --START--
INFO: Run Behavior\ShowPageTrace [ RunTime:0.001779s ]
INFO: [ app_end ] --END-- [ RunTime:0.001989s ]

[ 2016-10-13T11:43:22+08:00 ] ::1 /CPS/index.php/Student/Stu/team_manage
INFO: [ app_begin ] --START--
INFO: Run Behavior\ReadHtmlCache [ RunTime:0.002295s ]
INFO: [ app_begin ] --END-- [ RunTime:0.004647s ]
SQL: SHOW COLUMNS FROM `course` [ RunTime:0.009366s ]
SQL: select D.group_project_status,D.group_id,D.group_manage from student_group_member as C,student_group as D where C.group_id=D.group_id and C.student_id=2014220202007 [ RunTime:0.000995s ]
SQL: select A.student_id,A.student_name from student as A,student_group as B,student_group_member as C where A.student_id=C.student_id and B.group_id=C.group_id and C.is_available=1 and C.group_id = 3 [ RunTime:0.001527s ]
SQL: select A.student_id,A.student_name from student as A,student_group as B,student_group_member as C where A.student_id=C.student_id and B.group_id=C.group_id and C.is_available=1 and C.group_id = 4 [ RunTime:0.001335s ]
INFO: [ view_parse ] --START--
INFO: [ template_filter ] --START--
INFO: Run Behavior\ContentReplace [ RunTime:0.000180s ]
INFO: [ template_filter ] --END-- [ RunTime:0.000427s ]
NOTIC: [8] Undefined variable: button_disabled F:\web\CPS\Runtime\Cache\Student\b9146860cbe6309b8a9a621ad0ff6f28.php 第 78 行.
NOTIC: [8] Undefined variable: button_disabled F:\web\CPS\Runtime\Cache\Student\b9146860cbe6309b8a9a621ad0ff6f28.php 第 78 行.
INFO: Run Behavior\ParseTemplate [ RunTime:0.025492s ]
INFO: [ view_parse ] --END-- [ RunTime:0.025693s ]
INFO: [ view_filter ] --START--
INFO: Run Behavior\WriteHtmlCache [ RunTime:0.001033s ]
INFO: [ view_filter ] --END-- [ RunTime:0.001263s ]
INFO: [ app_end ] --START--
INFO: Run Behavior\ShowPageTrace [ RunTime:0.002199s ]
INFO: [ app_end ] --END-- [ RunTime:0.002546s ]

[ 2016-10-13T11:43:25+08:00 ] ::1 /CPS/index.php/Student/Stu/teamMember/group_id/3
INFO: [ app_begin ] --START--
INFO: Run Behavior\ReadHtmlCache [ RunTime:0.002514s ]
INFO: [ app_begin ] --END-- [ RunTime:0.004395s ]
SQL: SHOW COLUMNS FROM `course` [ RunTime:0.012603s ]
SQL: select A.course_name,A.course_id,B.project_name,D.group_project_status,D.group_id,D.group_manage from course as A,project as B,student_group as D where A.course_id=B.course_id and B.project_id=D.project_id and D.group_id = 3 [ RunTime:0.001871s ]
SQL: select A.student_id,A.student_name from student as A,student_group as B,student_group_member as C where A.student_id=C.student_id and B.group_id=C.group_id and C.is_available=1 and C.group_id = 3 [ RunTime:0.001979s ]
INFO: [ view_parse ] --START--
INFO: [ template_filter ] --START--
INFO: Run Behavior\ContentReplace [ RunTime:0.000421s ]
INFO: [ template_filter ] --END-- [ RunTime:0.000987s ]
INFO: Run Behavior\ParseTemplate [ RunTime:0.030556s ]
INFO: [ view_parse ] --END-- [ RunTime:0.031134s ]
INFO: [ view_filter ] --START--
INFO: Run Behavior\WriteHtmlCache [ RunTime:0.001278s ]
INFO: [ view_filter ] --END-- [ RunTime:0.001506s ]
NOTIC: [8] Undefined index: studentId F:\web\CPS\Student\Controller\StuController.class.php 第 228 行.
SQL: SHOW COLUMNS FROM `student_group_member` [ RunTime:0.018303s ]
SQL: update student_group_member set student_message='2014220202007' where student_id =  [ RunTime:0.000774s ]
ERR: 1064:You have an error in your SQL syntax; check the manual that corresponds to your MySQL server version for the right syntax to use near '' at line 1
 [ SQL语句 ] : update student_group_member set student_message='2014220202007' where student_id = 
INFO: [ app_end ] --START--
INFO: Run Behavior\ShowPageTrace [ RunTime:0.002061s ]
INFO: [ app_end ] --END-- [ RunTime:0.002303s ]

[ 2016-10-13T11:44:07+08:00 ] ::1 /CPS/index.php/Student/Stu/teamMember/group_id/3
INFO: [ app_begin ] --START--
INFO: Run Behavior\ReadHtmlCache [ RunTime:0.001586s ]
INFO: [ app_begin ] --END-- [ RunTime:0.002882s ]
SQL: SHOW COLUMNS FROM `course` [ RunTime:0.014403s ]
SQL: select D.group_project_status,D.group_id,D.group_manage from course as A,student_group as D where A.course_id=B.course_id and D.group_id = 3 [ RunTime:0.037022s ]
ERR: 1054:Unknown column 'B.course_id' in 'where clause'
 [ SQL语句 ] : select D.group_project_status,D.group_id,D.group_manage from course as A,student_group as D where A.course_id=B.course_id and D.group_id = 3
NOTIC: [2] Invalid argument supplied for foreach() F:\web\CPS\Student\Controller\StuController.class.php 第 198 行.
INFO: [ view_parse ] --START--
INFO: [ template_filter ] --START--
INFO: Run Behavior\ContentReplace [ RunTime:0.000184s ]
INFO: [ template_filter ] --END-- [ RunTime:0.000556s ]
INFO: Run Behavior\ParseTemplate [ RunTime:0.026086s ]
INFO: [ view_parse ] --END-- [ RunTime:0.026329s ]
INFO: [ view_filter ] --START--
INFO: Run Behavior\WriteHtmlCache [ RunTime:0.000943s ]
INFO: [ view_filter ] --END-- [ RunTime:0.001151s ]
NOTIC: [8] Undefined index: studentId F:\web\CPS\Student\Controller\StuController.class.php 第 228 行.
SQL: SHOW COLUMNS FROM `student_group_member` [ RunTime:0.012013s ]
SQL: update student_group_member set student_message='2014220202007' where student_id =  [ RunTime:0.000662s ]
ERR: 1064:You have an error in your SQL syntax; check the manual that corresponds to your MySQL server version for the right syntax to use near '' at line 1
 [ SQL语句 ] : update student_group_member set student_message='2014220202007' where student_id = 
INFO: [ app_end ] --START--
INFO: Run Behavior\ShowPageTrace [ RunTime:0.003632s ]
INFO: [ app_end ] --END-- [ RunTime:0.003874s ]

[ 2016-10-13T11:44:11+08:00 ] ::1 /CPS/index.php/Student/Stu/team_manage
INFO: [ app_begin ] --START--
INFO: Run Behavior\ReadHtmlCache [ RunTime:0.002304s ]
INFO: [ app_begin ] --END-- [ RunTime:0.004103s ]
SQL: SHOW COLUMNS FROM `course` [ RunTime:0.014183s ]
SQL: select D.group_project_status,D.group_id,D.group_manage from student_group_member as C,student_group as D where C.group_id=D.group_id and C.student_id=2014220202007 [ RunTime:0.001393s ]
SQL: select A.student_id,A.student_name from student as A,student_group as B,student_group_member as C where A.student_id=C.student_id and B.group_id=C.group_id and C.is_available=1 and C.group_id = 3 [ RunTime:0.002211s ]
SQL: select A.student_id,A.student_name from student as A,student_group as B,student_group_member as C where A.student_id=C.student_id and B.group_id=C.group_id and C.is_available=1 and C.group_id = 4 [ RunTime:0.001695s ]
INFO: [ view_parse ] --START--
INFO: [ template_filter ] --START--
INFO: Run Behavior\ContentReplace [ RunTime:0.000170s ]
INFO: [ template_filter ] --END-- [ RunTime:0.000466s ]
NOTIC: [8] Undefined variable: button_disabled F:\web\CPS\Runtime\Cache\Student\b9146860cbe6309b8a9a621ad0ff6f28.php 第 78 行.
NOTIC: [8] Undefined variable: button_disabled F:\web\CPS\Runtime\Cache\Student\b9146860cbe6309b8a9a621ad0ff6f28.php 第 78 行.
INFO: Run Behavior\ParseTemplate [ RunTime:0.027563s ]
INFO: [ view_parse ] --END-- [ RunTime:0.027826s ]
INFO: [ view_filter ] --START--
INFO: Run Behavior\WriteHtmlCache [ RunTime:0.001471s ]
INFO: [ view_filter ] --END-- [ RunTime:0.001743s ]
INFO: [ app_end ] --START--
INFO: Run Behavior\ShowPageTrace [ RunTime:0.002137s ]
INFO: [ app_end ] --END-- [ RunTime:0.002358s ]

[ 2016-10-13T11:44:13+08:00 ] ::1 /CPS/index.php/Student/Stu/teamMember/group_id/3
INFO: [ app_begin ] --START--
INFO: Run Behavior\ReadHtmlCache [ RunTime:0.001538s ]
INFO: [ app_begin ] --END-- [ RunTime:0.002907s ]
SQL: SHOW COLUMNS FROM `course` [ RunTime:0.010524s ]
SQL: select D.group_project_status,D.group_id,D.group_manage from course as A,student_group as D where A.course_id=B.course_id and D.group_id = 3 [ RunTime:0.000776s ]
ERR: 1054:Unknown column 'B.course_id' in 'where clause'
 [ SQL语句 ] : select D.group_project_status,D.group_id,D.group_manage from course as A,student_group as D where A.course_id=B.course_id and D.group_id = 3
NOTIC: [2] Invalid argument supplied for foreach() F:\web\CPS\Student\Controller\StuController.class.php 第 198 行.
INFO: [ view_parse ] --START--
INFO: [ template_filter ] --START--
INFO: Run Behavior\ContentReplace [ RunTime:0.000150s ]
INFO: [ template_filter ] --END-- [ RunTime:0.000387s ]
INFO: Run Behavior\ParseTemplate [ RunTime:0.027501s ]
INFO: [ view_parse ] --END-- [ RunTime:0.027779s ]
INFO: [ view_filter ] --START--
INFO: Run Behavior\WriteHtmlCache [ RunTime:0.002676s ]
INFO: [ view_filter ] --END-- [ RunTime:0.003492s ]
NOTIC: [8] Undefined index: studentId F:\web\CPS\Student\Controller\StuController.class.php 第 228 行.
SQL: SHOW COLUMNS FROM `student_group_member` [ RunTime:0.010279s ]
SQL: update student_group_member set student_message='2014220202007' where student_id =  [ RunTime:0.000777s ]
ERR: 1064:You have an error in your SQL syntax; check the manual that corresponds to your MySQL server version for the right syntax to use near '' at line 1
 [ SQL语句 ] : update student_group_member set student_message='2014220202007' where student_id = 
INFO: [ app_end ] --START--
INFO: Run Behavior\ShowPageTrace [ RunTime:0.001870s ]
INFO: [ app_end ] --END-- [ RunTime:0.002096s ]

[ 2016-10-13T11:45:13+08:00 ] ::1 /CPS/index.php/Student/Stu/teamMember/group_id/3
INFO: [ app_begin ] --START--
INFO: Run Behavior\ReadHtmlCache [ RunTime:0.002010s ]
INFO: [ app_begin ] --END-- [ RunTime:0.004055s ]
SQL: SHOW COLUMNS FROM `course` [ RunTime:0.012709s ]
SQL: select D.group_project_status,D.group_id,D.group_manage from course as A,student_group as D where D.group_id = 3 [ RunTime:0.001216s ]
SQL: select A.student_id,A.student_name from student as A,student_group as B,student_group_member as C where A.student_id=C.student_id and B.group_id=C.group_id and C.is_available=1 and C.group_id = 3 [ RunTime:0.001480s ]
SQL: select A.student_id,A.student_name from student as A,student_group as B,student_group_member as C where A.student_id=C.student_id and B.group_id=C.group_id and C.is_available=1 and C.group_id = 3 [ RunTime:0.001386s ]
INFO: [ view_parse ] --START--
INFO: [ template_filter ] --START--
INFO: Run Behavior\ContentReplace [ RunTime:0.000147s ]
INFO: [ template_filter ] --END-- [ RunTime:0.000395s ]
INFO: Run Behavior\ParseTemplate [ RunTime:0.028667s ]
INFO: [ view_parse ] --END-- [ RunTime:0.028926s ]
INFO: [ view_filter ] --START--
INFO: Run Behavior\WriteHtmlCache [ RunTime:0.001276s ]
INFO: [ view_filter ] --END-- [ RunTime:0.001497s ]
NOTIC: [8] Undefined index: studentId F:\web\CPS\Student\Controller\StuController.class.php 第 228 行.
SQL: SHOW COLUMNS FROM `student_group_member` [ RunTime:0.011221s ]
SQL: update student_group_member set student_message='2014220202007' where student_id =  [ RunTime:0.000583s ]
ERR: 1064:You have an error in your SQL syntax; check the manual that corresponds to your MySQL server version for the right syntax to use near '' at line 1
 [ SQL语句 ] : update student_group_member set student_message='2014220202007' where student_id = 
INFO: [ app_end ] --START--
INFO: Run Behavior\ShowPageTrace [ RunTime:0.002067s ]
INFO: [ app_end ] --END-- [ RunTime:0.002309s ]

[ 2016-10-13T11:46:43+08:00 ] ::1 /CPS/index.php/Student/Stu/teamMember/group_id/3
INFO: [ app_begin ] --START--
INFO: Run Behavior\ReadHtmlCache [ RunTime:0.002057s ]
INFO: [ app_begin ] --END-- [ RunTime:0.003936s ]
SQL: SHOW COLUMNS FROM `course` [ RunTime:0.013396s ]
SQL: select D.group_project_status,D.group_id,D.group_manage fromstudent_group as D where C.group_id=D.group_id and D.group_id = 3 [ RunTime:0.040027s ]
ERR: 1064:You have an error in your SQL syntax; check the manual that corresponds to your MySQL server version for the right syntax to use near 'as D where C.group_id=D.group_id and D.group_id = 3' at line 1
 [ SQL语句 ] : select D.group_project_status,D.group_id,D.group_manage fromstudent_group as D where C.group_id=D.group_id and D.group_id = 3
NOTIC: [2] Invalid argument supplied for foreach() F:\web\CPS\Student\Controller\StuController.class.php 第 199 行.
INFO: [ view_parse ] --START--
INFO: [ template_filter ] --START--
INFO: Run Behavior\ContentReplace [ RunTime:0.000145s ]
INFO: [ template_filter ] --END-- [ RunTime:0.000380s ]
INFO: Run Behavior\ParseTemplate [ RunTime:0.031870s ]
INFO: [ view_parse ] --END-- [ RunTime:0.032164s ]
INFO: [ view_filter ] --START--
INFO: Run Behavior\WriteHtmlCache [ RunTime:0.001422s ]
INFO: [ view_filter ] --END-- [ RunTime:0.001644s ]
NOTIC: [8] Undefined index: studentId F:\web\CPS\Student\Controller\StuController.class.php 第 229 行.
SQL: SHOW COLUMNS FROM `student_group_member` [ RunTime:0.010400s ]
SQL: update student_group_member set student_message='2014220202007' where student_id =  [ RunTime:0.000642s ]
ERR: 1064:You have an error in your SQL syntax; check the manual that corresponds to your MySQL server version for the right syntax to use near '' at line 1
 [ SQL语句 ] : update student_group_member set student_message='2014220202007' where student_id = 
INFO: [ app_end ] --START--
INFO: Run Behavior\ShowPageTrace [ RunTime:0.002118s ]
INFO: [ app_end ] --END-- [ RunTime:0.002359s ]

[ 2016-10-13T11:47:26+08:00 ] ::1 /CPS/index.php/Student/Stu/team_manage
INFO: [ app_begin ] --START--
INFO: Run Behavior\ReadHtmlCache [ RunTime:0.001896s ]
INFO: [ app_begin ] --END-- [ RunTime:0.003569s ]
SQL: SHOW COLUMNS FROM `course` [ RunTime:0.027747s ]
SQL: select D.group_project_status,D.group_id,D.group_manage from student_group_member as C,student_group as D where C.group_id=D.group_id and C.student_id=2014220202007 [ RunTime:0.001370s ]
SQL: select A.student_id,A.student_name from student as A,student_group as B,student_group_member as C where A.student_id=C.student_id and B.group_id=C.group_id and C.is_available=1 and C.group_id = 3 [ RunTime:0.001640s ]
SQL: select A.student_id,A.student_name from student as A,student_group as B,student_group_member as C where A.student_id=C.student_id and B.group_id=C.group_id and C.is_available=1 and C.group_id = 4 [ RunTime:0.001305s ]
INFO: [ view_parse ] --START--
INFO: [ template_filter ] --START--
INFO: Run Behavior\ContentReplace [ RunTime:0.000134s ]
INFO: [ template_filter ] --END-- [ RunTime:0.000355s ]
NOTIC: [8] Undefined variable: button_disabled F:\web\CPS\Runtime\Cache\Student\b9146860cbe6309b8a9a621ad0ff6f28.php 第 78 行.
NOTIC: [8] Undefined variable: button_disabled F:\web\CPS\Runtime\Cache\Student\b9146860cbe6309b8a9a621ad0ff6f28.php 第 78 行.
INFO: Run Behavior\ParseTemplate [ RunTime:0.025882s ]
INFO: [ view_parse ] --END-- [ RunTime:0.026172s ]
INFO: [ view_filter ] --START--
INFO: Run Behavior\WriteHtmlCache [ RunTime:0.001391s ]
INFO: [ view_filter ] --END-- [ RunTime:0.001613s ]
INFO: [ app_end ] --START--
INFO: Run Behavior\ShowPageTrace [ RunTime:0.002006s ]
INFO: [ app_end ] --END-- [ RunTime:0.002231s ]

[ 2016-10-13T11:48:40+08:00 ] ::1 /CPS/index.php/Student/Stu/teamMember/group_id/3
INFO: [ app_begin ] --START--
INFO: Run Behavior\ReadHtmlCache [ RunTime:0.001510s ]
INFO: [ app_begin ] --END-- [ RunTime:0.002744s ]
SQL: SHOW COLUMNS FROM `course` [ RunTime:0.030423s ]
SQL: select D.group_project_status,D.group_id,D.group_manage from student_group as D where D.group_id = 3 [ RunTime:0.000796s ]
SQL: select A.student_id,A.student_name from student as A,student_group as B,student_group_member as C where A.student_id=C.student_id and B.group_id=C.group_id and C.is_available=1 and C.group_id = 3 [ RunTime:0.001348s ]
INFO: [ view_parse ] --START--
INFO: [ template_filter ] --START--
INFO: Run Behavior\ContentReplace [ RunTime:0.000137s ]
INFO: [ template_filter ] --END-- [ RunTime:0.000351s ]
INFO: Run Behavior\ParseTemplate [ RunTime:0.026595s ]
INFO: [ view_parse ] --END-- [ RunTime:0.026839s ]
INFO: [ view_filter ] --START--
INFO: Run Behavior\WriteHtmlCache [ RunTime:0.001000s ]
INFO: [ view_filter ] --END-- [ RunTime:0.001207s ]
NOTIC: [8] Undefined index: studentId F:\web\CPS\Student\Controller\StuController.class.php 第 229 行.
SQL: SHOW COLUMNS FROM `student_group_member` [ RunTime:0.009563s ]
SQL: update student_group_member set student_message='2014220202007' where student_id =  [ RunTime:0.000575s ]
ERR: 1064:You have an error in your SQL syntax; check the manual that corresponds to your MySQL server version for the right syntax to use near '' at line 1
 [ SQL语句 ] : update student_group_member set student_message='2014220202007' where student_id = 
INFO: [ app_end ] --START--
INFO: Run Behavior\ShowPageTrace [ RunTime:0.002290s ]
INFO: [ app_end ] --END-- [ RunTime:0.002550s ]

[ 2016-10-13T11:48:44+08:00 ] ::1 /CPS/index.php/Student/Stu/teamMember/group_id/3
INFO: [ app_begin ] --START--
INFO: Run Behavior\ReadHtmlCache [ RunTime:0.001498s ]
INFO: [ app_begin ] --END-- [ RunTime:0.002731s ]
SQL: SHOW COLUMNS FROM `course` [ RunTime:0.009270s ]
SQL: select D.group_project_status,D.group_id,D.group_manage from student_group as D where D.group_id = 3 [ RunTime:0.001081s ]
SQL: select A.student_id,A.student_name from student as A,student_group as B,student_group_member as C where A.student_id=C.student_id and B.group_id=C.group_id and C.is_available=1 and C.group_id = 3 [ RunTime:0.001557s ]
INFO: [ view_parse ] --START--
INFO: [ template_filter ] --START--
INFO: Run Behavior\ContentReplace [ RunTime:0.000148s ]
INFO: [ template_filter ] --END-- [ RunTime:0.000387s ]
INFO: Run Behavior\ParseTemplate [ RunTime:0.027219s ]
INFO: [ view_parse ] --END-- [ RunTime:0.027468s ]
INFO: [ view_filter ] --START--
INFO: Run Behavior\WriteHtmlCache [ RunTime:0.001116s ]
INFO: [ view_filter ] --END-- [ RunTime:0.001351s ]
NOTIC: [8] Undefined index: studentId F:\web\CPS\Student\Controller\StuController.class.php 第 229 行.
SQL: SHOW COLUMNS FROM `student_group_member` [ RunTime:0.014698s ]
SQL: update student_group_member set student_message='2014220202007' where student_id =  [ RunTime:0.000681s ]
ERR: 1064:You have an error in your SQL syntax; check the manual that corresponds to your MySQL server version for the right syntax to use near '' at line 1
 [ SQL语句 ] : update student_group_member set student_message='2014220202007' where student_id = 
INFO: [ app_end ] --START--
INFO: Run Behavior\ShowPageTrace [ RunTime:0.001622s ]
INFO: [ app_end ] --END-- [ RunTime:0.001841s ]

[ 2016-10-13T11:48:49+08:00 ] ::1 /CPS/index.php/Student/Stu/team_manage
INFO: [ app_begin ] --START--
INFO: Run Behavior\ReadHtmlCache [ RunTime:0.002591s ]
INFO: [ app_begin ] --END-- [ RunTime:0.004127s ]
SQL: SHOW COLUMNS FROM `course` [ RunTime:0.010735s ]
SQL: select D.group_project_status,D.group_id,D.group_manage from student_group_member as C,student_group as D where C.group_id=D.group_id and C.student_id=2014220202007 [ RunTime:0.001051s ]
SQL: select A.student_id,A.student_name from student as A,student_group as B,student_group_member as C where A.student_id=C.student_id and B.group_id=C.group_id and C.is_available=1 and C.group_id = 3 [ RunTime:0.001424s ]
SQL: select A.student_id,A.student_name from student as A,student_group as B,student_group_member as C where A.student_id=C.student_id and B.group_id=C.group_id and C.is_available=1 and C.group_id = 4 [ RunTime:0.001582s ]
INFO: [ view_parse ] --START--
INFO: [ template_filter ] --START--
INFO: Run Behavior\ContentReplace [ RunTime:0.000563s ]
INFO: [ template_filter ] --END-- [ RunTime:0.001479s ]
NOTIC: [8] Undefined variable: button_disabled F:\web\CPS\Runtime\Cache\Student\b9146860cbe6309b8a9a621ad0ff6f28.php 第 78 行.
NOTIC: [8] Undefined variable: button_disabled F:\web\CPS\Runtime\Cache\Student\b9146860cbe6309b8a9a621ad0ff6f28.php 第 78 行.
INFO: Run Behavior\ParseTemplate [ RunTime:0.030131s ]
INFO: [ view_parse ] --END-- [ RunTime:0.030367s ]
INFO: [ view_filter ] --START--
INFO: Run Behavior\WriteHtmlCache [ RunTime:0.002231s ]
INFO: [ view_filter ] --END-- [ RunTime:0.002457s ]
INFO: [ app_end ] --START--
INFO: Run Behavior\ShowPageTrace [ RunTime:0.001834s ]
INFO: [ app_end ] --END-- [ RunTime:0.002051s ]

[ 2016-10-13T11:48:51+08:00 ] ::1 /CPS/index.php/Student/Stu/teamMember/group_id/4
INFO: [ app_begin ] --START--
INFO: Run Behavior\ReadHtmlCache [ RunTime:0.003074s ]
INFO: [ app_begin ] --END-- [ RunTime:0.004568s ]
SQL: SHOW COLUMNS FROM `course` [ RunTime:0.022358s ]
SQL: select D.group_project_status,D.group_id,D.group_manage from student_group as D where D.group_id = 4 [ RunTime:0.001005s ]
SQL: select A.student_id,A.student_name from student as A,student_group as B,student_group_member as C where A.student_id=C.student_id and B.group_id=C.group_id and C.is_available=1 and C.group_id = 4 [ RunTime:0.001333s ]
INFO: [ view_parse ] --START--
INFO: [ template_filter ] --START--
INFO: Run Behavior\ContentReplace [ RunTime:0.000144s ]
INFO: [ template_filter ] --END-- [ RunTime:0.000375s ]
INFO: Run Behavior\ParseTemplate [ RunTime:0.025658s ]
INFO: [ view_parse ] --END-- [ RunTime:0.025918s ]
INFO: [ view_filter ] --START--
INFO: Run Behavior\WriteHtmlCache [ RunTime:0.001209s ]
INFO: [ view_filter ] --END-- [ RunTime:0.001421s ]
NOTIC: [8] Undefined index: studentId F:\web\CPS\Student\Controller\StuController.class.php 第 229 行.
SQL: SHOW COLUMNS FROM `student_group_member` [ RunTime:0.026388s ]
SQL: update student_group_member set student_message='2014220202007' where student_id =  [ RunTime:0.000743s ]
ERR: 1064:You have an error in your SQL syntax; check the manual that corresponds to your MySQL server version for the right syntax to use near '' at line 1
 [ SQL语句 ] : update student_group_member set student_message='2014220202007' where student_id = 
INFO: [ app_end ] --START--
INFO: Run Behavior\ShowPageTrace [ RunTime:0.001686s ]
INFO: [ app_end ] --END-- [ RunTime:0.001931s ]

[ 2016-10-13T11:50:51+08:00 ] ::1 /CPS/index.php/Student/Stu/teamMember/group_id/4
INFO: [ app_begin ] --START--
INFO: Run Behavior\ReadHtmlCache [ RunTime:0.002682s ]
INFO: [ app_begin ] --END-- [ RunTime:0.004429s ]
SQL: SHOW COLUMNS FROM `course` [ RunTime:0.057252s ]
SQL: select D.group_project_status,D.group_id,D.group_manage from student_group as D where D.group_id = 4 [ RunTime:0.000723s ]
SQL: select A.student_id,A.student_name from student as A,student_group as B,student_group_member as C where A.student_id=C.student_id and B.group_id=C.group_id and C.is_available=1 and C.group_id = 4 [ RunTime:0.001187s ]
INFO: [ view_parse ] --START--
INFO: [ template_filter ] --START--
INFO: Run Behavior\ContentReplace [ RunTime:0.000143s ]
INFO: [ template_filter ] --END-- [ RunTime:0.000361s ]
INFO: Run Behavior\ParseTemplate [ RunTime:0.026683s ]
INFO: [ view_parse ] --END-- [ RunTime:0.026915s ]
INFO: [ view_filter ] --START--
INFO: Run Behavior\WriteHtmlCache [ RunTime:0.001099s ]
INFO: [ view_filter ] --END-- [ RunTime:0.001299s ]
NOTIC: [8] Undefined index: studentId F:\web\CPS\Student\Controller\StuController.class.php 第 229 行.
SQL: SHOW COLUMNS FROM `student_group_member` [ RunTime:0.010069s ]
SQL: update student_group_member set student_message='2014220202007' where student_id =  [ RunTime:0.000446s ]
ERR: 1064:You have an error in your SQL syntax; check the manual that corresponds to your MySQL server version for the right syntax to use near '' at line 1
 [ SQL语句 ] : update student_group_member set student_message='2014220202007' where student_id = 
INFO: [ app_end ] --START--
INFO: Run Behavior\ShowPageTrace [ RunTime:0.001790s ]
INFO: [ app_end ] --END-- [ RunTime:0.002012s ]

[ 2016-10-13T11:50:59+08:00 ] ::1 /CPS/index.php/Student/Stu/teamMember?studentId=2014220202001
INFO: [ app_begin ] --START--
INFO: Run Behavior\ReadHtmlCache [ RunTime:0.001921s ]
INFO: [ app_begin ] --END-- [ RunTime:0.003308s ]
SQL: SHOW COLUMNS FROM `course` [ RunTime:0.009743s ]
SQL: select D.group_project_status,D.group_id,D.group_manage from student_group as D where D.group_id =  [ RunTime:0.000670s ]
ERR: 1064:You have an error in your SQL syntax; check the manual that corresponds to your MySQL server version for the right syntax to use near '' at line 1
 [ SQL语句 ] : select D.group_project_status,D.group_id,D.group_manage from student_group as D where D.group_id = 
NOTIC: [2] Invalid argument supplied for foreach() F:\web\CPS\Student\Controller\StuController.class.php 第 199 行.
INFO: [ view_parse ] --START--
INFO: [ template_filter ] --START--
INFO: Run Behavior\ContentReplace [ RunTime:0.000152s ]
INFO: [ template_filter ] --END-- [ RunTime:0.000371s ]
INFO: Run Behavior\ParseTemplate [ RunTime:0.026431s ]
INFO: [ view_parse ] --END-- [ RunTime:0.026754s ]
INFO: [ view_filter ] --START--
INFO: Run Behavior\WriteHtmlCache [ RunTime:0.001815s ]
INFO: [ view_filter ] --END-- [ RunTime:0.002032s ]
SQL: SHOW COLUMNS FROM `student_group_member` [ RunTime:0.009453s ]
SQL: update student_group_member set student_message='2014220202007' where student_id = 2014220202001 [ RunTime:0.000997s ]
NOTIC: [2] mysql_num_rows() expects parameter 1 to be resource, boolean given F:\web\ThinkPHP\Library\Think\Db\Driver\Mysql.class.php 第 106 行.
INFO: [ app_end ] --START--
INFO: Run Behavior\ShowPageTrace [ RunTime:0.002038s ]
INFO: [ app_end ] --END-- [ RunTime:0.002318s ]

[ 2016-10-13T11:51:07+08:00 ] ::1 /CPS/index.php/Home/Login/login
INFO: [ app_begin ] --START--
INFO: Run Behavior\ReadHtmlCache [ RunTime:0.001782s ]
INFO: [ app_begin ] --END-- [ RunTime:0.003159s ]
INFO: [ view_parse ] --START--
INFO: [ template_filter ] --START--
INFO: Run Behavior\ContentReplace [ RunTime:0.000107s ]
INFO: [ template_filter ] --END-- [ RunTime:0.000332s ]
INFO: Run Behavior\ParseTemplate [ RunTime:0.017013s ]
INFO: [ view_parse ] --END-- [ RunTime:0.017277s ]
INFO: [ view_filter ] --START--
INFO: Run Behavior\WriteHtmlCache [ RunTime:0.001083s ]
INFO: [ view_filter ] --END-- [ RunTime:0.001294s ]
INFO: [ app_end ] --START--
INFO: Run Behavior\ShowPageTrace [ RunTime:0.001684s ]
INFO: [ app_end ] --END-- [ RunTime:0.001953s ]

[ 2016-10-13T11:51:07+08:00 ] ::1 /CPS/index.php/Home/Index/verify_c
INFO: [ app_begin ] --START--
INFO: Run Behavior\ReadHtmlCache [ RunTime:0.018942s ]
INFO: [ app_begin ] --END-- [ RunTime:0.020186s ]
INFO: [ app_end ] --START--
INFO: Run Behavior\ShowPageTrace [ RunTime:0.024815s ]
INFO: [ app_end ] --END-- [ RunTime:0.025089s ]

[ 2016-10-13T11:51:17+08:00 ] ::1 /CPS/index.php/Home/Login/login
INFO: [ app_begin ] --START--
INFO: Run Behavior\ReadHtmlCache [ RunTime:0.001399s ]
INFO: [ app_begin ] --END-- [ RunTime:0.002570s ]
SQL: SHOW COLUMNS FROM `student` [ RunTime:0.009112s ]
SQL: SELECT * FROM `student` WHERE ( `student_id` = '2014220202001' )  [ RunTime:0.000834s ]
INFO: [ view_parse ] --START--
INFO: [ template_filter ] --START--
INFO: Run Behavior\ContentReplace [ RunTime:0.000098s ]
INFO: [ template_filter ] --END-- [ RunTime:0.000308s ]
INFO: Run Behavior\ParseTemplate [ RunTime:0.015356s ]
INFO: [ view_parse ] --END-- [ RunTime:0.015609s ]
INFO: [ view_filter ] --START--
INFO: Run Behavior\WriteHtmlCache [ RunTime:0.001177s ]
INFO: [ view_filter ] --END-- [ RunTime:0.001404s ]
SQL: SELECT * FROM `student` WHERE ( `student_id` = '2014220202001' )  [ RunTime:0.000846s ]

[ 2016-10-13T11:51:18+08:00 ] ::1 /CPS/index.php/Student/Stu/course_info/student_id/2014220202001
INFO: [ app_begin ] --START--
INFO: Run Behavior\ReadHtmlCache [ RunTime:0.002150s ]
INFO: [ app_begin ] --END-- [ RunTime:0.003521s ]
SQL: SHOW COLUMNS FROM `course` [ RunTime:0.009043s ]
SQL: SELECT * FROM `course`  [ RunTime:0.000897s ]
INFO: [ view_parse ] --START--
INFO: [ template_filter ] --START--
INFO: Run Behavior\ContentReplace [ RunTime:0.000128s ]
INFO: [ template_filter ] --END-- [ RunTime:0.000464s ]
INFO: Run Behavior\ParseTemplate [ RunTime:0.021081s ]
INFO: [ view_parse ] --END-- [ RunTime:0.021338s ]
INFO: [ view_filter ] --START--
INFO: Run Behavior\WriteHtmlCache [ RunTime:0.000924s ]
INFO: [ view_filter ] --END-- [ RunTime:0.001139s ]
INFO: [ app_end ] --START--
INFO: Run Behavior\ShowPageTrace [ RunTime:0.001518s ]
INFO: [ app_end ] --END-- [ RunTime:0.001730s ]

[ 2016-10-13T11:51:20+08:00 ] ::1 /CPS/index.php/Student/Stu/myteam
INFO: [ app_begin ] --START--
INFO: Run Behavior\ReadHtmlCache [ RunTime:0.001990s ]
INFO: [ app_begin ] --END-- [ RunTime:0.003460s ]
SQL: SHOW COLUMNS FROM `student_group_member` [ RunTime:0.026874s ]
SQL: select student_message,student_message_status,group_id from student_group_member where student_id = 2014220202001 [ RunTime:0.000843s ]
SQL: SHOW COLUMNS FROM `course` [ RunTime:0.009934s ]
SQL: select  A.course_name,B.project_name,E.student_id,E.student_name from course as A,project as B,student_group_member as C,student_group as D,student as E where A.course_id=B.course_id and B.project_id=D.project_id and C.group_id=D.group_id and C.student_id=E.student_id and C.student_id = 2014220202007 [ RunTime:0.001311s ]
INFO: [ view_parse ] --START--
INFO: [ template_filter ] --START--
INFO: Run Behavior\ContentReplace [ RunTime:0.000136s ]
INFO: [ template_filter ] --END-- [ RunTime:0.000365s ]
NOTIC: [8] Undefined variable: login_url F:\web\CPS\Runtime\Cache\Student\02bf52a3a4298dbc7a1587d38def4195.php 第 38 行.
INFO: Run Behavior\ParseTemplate [ RunTime:0.052413s ]
INFO: [ view_parse ] --END-- [ RunTime:0.052621s ]
INFO: [ view_filter ] --START--
INFO: Run Behavior\WriteHtmlCache [ RunTime:0.001066s ]
INFO: [ view_filter ] --END-- [ RunTime:0.001311s ]
INFO: [ app_end ] --START--
INFO: Run Behavior\ShowPageTrace [ RunTime:0.001862s ]
INFO: [ app_end ] --END-- [ RunTime:0.002312s ]

[ 2016-10-13T11:51:24+08:00 ] ::1 /CPS/index.php/Student/Stu/myteam/invite_status/1
INFO: [ app_begin ] --START--
INFO: Run Behavior\ReadHtmlCache [ RunTime:0.002164s ]
INFO: [ app_begin ] --END-- [ RunTime:0.003652s ]
SQL: SHOW COLUMNS FROM `student_group_member` [ RunTime:0.010516s ]
SQL: select student_message,student_message_status,group_id from student_group_member where student_id = 2014220202001 [ RunTime:0.000910s ]
SQL: SHOW COLUMNS FROM `course` [ RunTime:0.032382s ]
SQL: select  A.course_name,B.project_name,E.student_id,E.student_name from course as A,project as B,student_group_member as C,student_group as D,student as E where A.course_id=B.course_id and B.project_id=D.project_id and C.group_id=D.group_id and C.student_id=E.student_id and C.student_id = 2014220202007 [ RunTime:0.001362s ]
SQL: update student_group_member set student_message_status = 1 and group_id= 4 where student_id = 2014220202001 [ RunTime:0.001147s ]
NOTIC: [2] mysql_num_rows() expects parameter 1 to be resource, boolean given F:\web\ThinkPHP\Library\Think\Db\Driver\Mysql.class.php 第 106 行.
INFO: [ view_parse ] --START--
INFO: [ template_filter ] --START--
INFO: Run Behavior\ContentReplace [ RunTime:0.000139s ]
INFO: [ template_filter ] --END-- [ RunTime:0.000411s ]
NOTIC: [8] Undefined variable: login_url F:\web\CPS\Runtime\Cache\Student\02bf52a3a4298dbc7a1587d38def4195.php 第 38 行.
INFO: Run Behavior\ParseTemplate [ RunTime:0.023040s ]
INFO: [ view_parse ] --END-- [ RunTime:0.023278s ]
INFO: [ view_filter ] --START--
INFO: Run Behavior\WriteHtmlCache [ RunTime:0.001166s ]
INFO: [ view_filter ] --END-- [ RunTime:0.001398s ]
INFO: [ app_end ] --START--
INFO: Run Behavior\ShowPageTrace [ RunTime:0.001565s ]
INFO: [ app_end ] --END-- [ RunTime:0.001785s ]

[ 2016-10-13T11:51:28+08:00 ] ::1 /CPS/index.php/Student/Stu/team_manage
INFO: [ app_begin ] --START--
INFO: Run Behavior\ReadHtmlCache [ RunTime:0.001552s ]
INFO: [ app_begin ] --END-- [ RunTime:0.003026s ]
SQL: SHOW COLUMNS FROM `course` [ RunTime:0.032081s ]
SQL: select D.group_project_status,D.group_id,D.group_manage from student_group_member as C,student_group as D where C.group_id=D.group_id and C.student_id=2014220202001 [ RunTime:0.000943s ]
SQL: select A.student_id,A.student_name from student as A,student_group as B,student_group_member as C where A.student_id=C.student_id and B.group_id=C.group_id and C.is_available=1 and C.group_id = 1 [ RunTime:0.001206s ]
INFO: [ view_parse ] --START--
INFO: [ template_filter ] --START--
INFO: Run Behavior\ContentReplace [ RunTime:0.000139s ]
INFO: [ template_filter ] --END-- [ RunTime:0.000410s ]
INFO: Run Behavior\ParseTemplate [ RunTime:0.023396s ]
INFO: [ view_parse ] --END-- [ RunTime:0.023651s ]
INFO: [ view_filter ] --START--
INFO: Run Behavior\WriteHtmlCache [ RunTime:0.000889s ]
INFO: [ view_filter ] --END-- [ RunTime:0.001090s ]
INFO: [ app_end ] --START--
INFO: Run Behavior\ShowPageTrace [ RunTime:0.001610s ]
INFO: [ app_end ] --END-- [ RunTime:0.001870s ]

[ 2016-10-13T11:53:16+08:00 ] ::1 /CPS/index.php/Student/Stu/myproject
INFO: [ app_begin ] --START--
INFO: Run Behavior\ReadHtmlCache [ RunTime:0.001802s ]
INFO: [ app_begin ] --END-- [ RunTime:0.003117s ]
SQL: SHOW COLUMNS FROM `course` [ RunTime:0.010280s ]
SQL: select  A.course_name,A.course_id,B.project_name,B.project_id,B.teacher_id,D.group_id,D.group_project_status from course as A,project as B,student_group_member as C,student_group as D where A.course_id=B.course_id and B.project_id=D.project_id and C.group_id=D.group_id and C.student_id = 2014220202001 [ RunTime:0.001227s ]
SQL: select A.student_id,A.student_name from student as A,student_group as B,student_group_member as C where A.student_id=C.student_id and B.group_id=C.group_id and C.is_available=1 and C.group_id = 1 [ RunTime:0.001303s ]
INFO: [ view_parse ] --START--
INFO: [ template_filter ] --START--
INFO: Run Behavior\ContentReplace [ RunTime:0.000132s ]
INFO: [ template_filter ] --END-- [ RunTime:0.000362s ]
INFO: Run Behavior\ParseTemplate [ RunTime:0.039752s ]
INFO: [ view_parse ] --END-- [ RunTime:0.039994s ]
INFO: [ view_filter ] --START--
INFO: Run Behavior\WriteHtmlCache [ RunTime:0.001533s ]
INFO: [ view_filter ] --END-- [ RunTime:0.001753s ]
INFO: [ app_end ] --START--
INFO: Run Behavior\ShowPageTrace [ RunTime:0.001791s ]
INFO: [ app_end ] --END-- [ RunTime:0.002025s ]

[ 2016-10-13T11:53:20+08:00 ] ::1 /CPS/index.php/Student/Stu/myteam
INFO: [ app_begin ] --START--
INFO: Run Behavior\ReadHtmlCache [ RunTime:0.001656s ]
INFO: [ app_begin ] --END-- [ RunTime:0.003268s ]
SQL: SHOW COLUMNS FROM `student_group_member` [ RunTime:0.036720s ]
SQL: select student_message,student_message_status,group_id from student_group_member where student_id = 2014220202001 [ RunTime:0.000927s ]
SQL: SHOW COLUMNS FROM `course` [ RunTime:0.010480s ]
SQL: select  A.course_name,B.project_name,E.student_id,E.student_name from course as A,project as B,student_group_member as C,student_group as D,student as E where A.course_id=B.course_id and B.project_id=D.project_id and C.group_id=D.group_id and C.student_id=E.student_id and C.student_id = 2014220202007 [ RunTime:0.001446s ]
INFO: [ view_parse ] --START--
INFO: [ template_filter ] --START--
INFO: Run Behavior\ContentReplace [ RunTime:0.000135s ]
INFO: [ template_filter ] --END-- [ RunTime:0.000666s ]
NOTIC: [8] Undefined variable: login_url F:\web\CPS\Runtime\Cache\Student\02bf52a3a4298dbc7a1587d38def4195.php 第 38 行.
INFO: Run Behavior\ParseTemplate [ RunTime:0.024873s ]
INFO: [ view_parse ] --END-- [ RunTime:0.025109s ]
INFO: [ view_filter ] --START--
INFO: Run Behavior\WriteHtmlCache [ RunTime:0.001223s ]
INFO: [ view_filter ] --END-- [ RunTime:0.001468s ]
INFO: [ app_end ] --START--
INFO: Run Behavior\ShowPageTrace [ RunTime:0.001794s ]
INFO: [ app_end ] --END-- [ RunTime:0.002036s ]

[ 2016-10-13T11:53:25+08:00 ] ::1 /CPS/index.php/Student/Stu/myteam
INFO: [ app_begin ] --START--
INFO: Run Behavior\ReadHtmlCache [ RunTime:0.001359s ]
INFO: [ app_begin ] --END-- [ RunTime:0.002549s ]
SQL: SHOW COLUMNS FROM `student_group_member` [ RunTime:0.024871s ]
SQL: select student_message,student_message_status,group_id from student_group_member where student_id = 2014220202001 [ RunTime:0.000927s ]
SQL: SHOW COLUMNS FROM `course` [ RunTime:0.009446s ]
SQL: select  A.course_name,B.project_name,E.student_id,E.student_name from course as A,project as B,student_group_member as C,student_group as D,student as E where A.course_id=B.course_id and B.project_id=D.project_id and C.group_id=D.group_id and C.student_id=E.student_id and C.student_id = 2014220202007 [ RunTime:0.001468s ]
INFO: [ view_parse ] --START--
INFO: [ template_filter ] --START--
INFO: Run Behavior\ContentReplace [ RunTime:0.000126s ]
INFO: [ template_filter ] --END-- [ RunTime:0.000357s ]
NOTIC: [8] Undefined variable: login_url F:\web\CPS\Runtime\Cache\Student\02bf52a3a4298dbc7a1587d38def4195.php 第 38 行.
INFO: Run Behavior\ParseTemplate [ RunTime:0.022944s ]
INFO: [ view_parse ] --END-- [ RunTime:0.023163s ]
INFO: [ view_filter ] --START--
INFO: Run Behavior\WriteHtmlCache [ RunTime:0.000958s ]
INFO: [ view_filter ] --END-- [ RunTime:0.001169s ]
INFO: [ app_end ] --START--
INFO: Run Behavior\ShowPageTrace [ RunTime:0.001514s ]
INFO: [ app_end ] --END-- [ RunTime:0.001735s ]

[ 2016-10-13T11:53:30+08:00 ] ::1 /CPS/index.php/Student/Stu/myteam/invite_status/1
INFO: [ app_begin ] --START--
INFO: Run Behavior\ReadHtmlCache [ RunTime:0.002172s ]
INFO: [ app_begin ] --END-- [ RunTime:0.003564s ]
SQL: SHOW COLUMNS FROM `student_group_member` [ RunTime:0.010533s ]
SQL: select student_message,student_message_status,group_id from student_group_member where student_id = 2014220202001 [ RunTime:0.000848s ]
SQL: SHOW COLUMNS FROM `course` [ RunTime:0.009156s ]
SQL: select  A.course_name,B.project_name,E.student_id,E.student_name from course as A,project as B,student_group_member as C,student_group as D,student as E where A.course_id=B.course_id and B.project_id=D.project_id and C.group_id=D.group_id and C.student_id=E.student_id and C.student_id = 2014220202007 [ RunTime:0.001349s ]
SQL: update student_group_member set student_message_status = 1,group_id= 4 where student_id = 2014220202001 [ RunTime:0.001075s ]
NOTIC: [2] mysql_num_rows() expects parameter 1 to be resource, boolean given F:\web\ThinkPHP\Library\Think\Db\Driver\Mysql.class.php 第 106 行.
INFO: [ view_parse ] --START--
INFO: [ template_filter ] --START--
INFO: Run Behavior\ContentReplace [ RunTime:0.000123s ]
INFO: [ template_filter ] --END-- [ RunTime:0.000331s ]
NOTIC: [8] Undefined variable: login_url F:\web\CPS\Runtime\Cache\Student\02bf52a3a4298dbc7a1587d38def4195.php 第 38 行.
INFO: Run Behavior\ParseTemplate [ RunTime:0.023471s ]
INFO: [ view_parse ] --END-- [ RunTime:0.023705s ]
INFO: [ view_filter ] --START--
INFO: Run Behavior\WriteHtmlCache [ RunTime:0.001190s ]
INFO: [ view_filter ] --END-- [ RunTime:0.001398s ]
INFO: [ app_end ] --START--
INFO: Run Behavior\ShowPageTrace [ RunTime:0.001782s ]
INFO: [ app_end ] --END-- [ RunTime:0.002002s ]

[ 2016-10-13T11:53:38+08:00 ] ::1 /CPS/index.php/Student/Stu/myteam/invite_status/1
INFO: [ app_begin ] --START--
INFO: Run Behavior\ReadHtmlCache [ RunTime:0.001412s ]
INFO: [ app_begin ] --END-- [ RunTime:0.002645s ]
SQL: SHOW COLUMNS FROM `student_group_member` [ RunTime:0.010253s ]
SQL: select student_message,student_message_status,group_id from student_group_member where student_id = 2014220202001 [ RunTime:0.000799s ]
SQL: SHOW COLUMNS FROM `course` [ RunTime:0.009458s ]
SQL: select  A.course_name,B.project_name,E.student_id,E.student_name from course as A,project as B,student_group_member as C,student_group as D,student as E where A.course_id=B.course_id and B.project_id=D.project_id and C.group_id=D.group_id and C.student_id=E.student_id and C.student_id = 2014220202007 [ RunTime:0.001185s ]
SQL: update student_group_member set student_message_status = 1,group_id= 4 where student_id = 2014220202001 [ RunTime:0.000811s ]
NOTIC: [2] mysql_num_rows() expects parameter 1 to be resource, boolean given F:\web\ThinkPHP\Library\Think\Db\Driver\Mysql.class.php 第 106 行.
INFO: [ view_parse ] --START--
INFO: [ template_filter ] --START--
INFO: Run Behavior\ContentReplace [ RunTime:0.000120s ]
INFO: [ template_filter ] --END-- [ RunTime:0.000334s ]
NOTIC: [8] Undefined variable: login_url F:\web\CPS\Runtime\Cache\Student\02bf52a3a4298dbc7a1587d38def4195.php 第 38 行.
INFO: Run Behavior\ParseTemplate [ RunTime:0.021493s ]
INFO: [ view_parse ] --END-- [ RunTime:0.021697s ]
INFO: [ view_filter ] --START--
INFO: Run Behavior\WriteHtmlCache [ RunTime:0.000899s ]
INFO: [ view_filter ] --END-- [ RunTime:0.001104s ]
INFO: [ app_end ] --START--
INFO: Run Behavior\ShowPageTrace [ RunTime:0.001572s ]
INFO: [ app_end ] --END-- [ RunTime:0.001807s ]

[ 2016-10-13T11:53:46+08:00 ] ::1 /CPS/index.php/Student/Stu/team_manage
INFO: [ app_begin ] --START--
INFO: Run Behavior\ReadHtmlCache [ RunTime:0.001750s ]
INFO: [ app_begin ] --END-- [ RunTime:0.003263s ]
SQL: SHOW COLUMNS FROM `course` [ RunTime:0.009179s ]
SQL: select D.group_project_status,D.group_id,D.group_manage from student_group_member as C,student_group as D where C.group_id=D.group_id and C.student_id=2014220202001 [ RunTime:0.000839s ]
SQL: select A.student_id,A.student_name from student as A,student_group as B,student_group_member as C where A.student_id=C.student_id and B.group_id=C.group_id and C.is_available=1 and C.group_id = 4 [ RunTime:0.001156s ]
INFO: [ view_parse ] --START--
INFO: [ template_filter ] --START--
INFO: Run Behavior\ContentReplace [ RunTime:0.000144s ]
INFO: [ template_filter ] --END-- [ RunTime:0.000373s ]
NOTIC: [8] Undefined variable: button_disabled F:\web\CPS\Runtime\Cache\Student\b9146860cbe6309b8a9a621ad0ff6f28.php 第 78 行.
INFO: Run Behavior\ParseTemplate [ RunTime:0.024896s ]
INFO: [ view_parse ] --END-- [ RunTime:0.025110s ]
INFO: [ view_filter ] --START--
INFO: Run Behavior\WriteHtmlCache [ RunTime:0.001296s ]
INFO: [ view_filter ] --END-- [ RunTime:0.001505s ]
INFO: [ app_end ] --START--
INFO: Run Behavior\ShowPageTrace [ RunTime:0.001726s ]
INFO: [ app_end ] --END-- [ RunTime:0.001941s ]

[ 2016-10-13T11:54:29+08:00 ] ::1 /CPS/index.php/Student/Stu/myteam
INFO: [ app_begin ] --START--
INFO: Run Behavior\ReadHtmlCache [ RunTime:0.001392s ]
INFO: [ app_begin ] --END-- [ RunTime:0.002887s ]
SQL: SHOW COLUMNS FROM `student_group_member` [ RunTime:0.009514s ]
SQL: select student_message,student_message_status,group_id from student_group_member where student_id = 2014220202001 [ RunTime:0.000832s ]
SQL: SHOW COLUMNS FROM `course` [ RunTime:0.009702s ]
SQL: select  A.course_name,B.project_name,E.student_id,E.student_name from course as A,project as B,student_group_member as C,student_group as D,student as E where A.course_id=B.course_id and B.project_id=D.project_id and C.group_id=D.group_id and C.student_id=E.student_id and C.student_id = 2014220202007 [ RunTime:0.001302s ]
INFO: [ view_parse ] --START--
INFO: [ template_filter ] --START--
INFO: Run Behavior\ContentReplace [ RunTime:0.000116s ]
INFO: [ template_filter ] --END-- [ RunTime:0.000329s ]
NOTIC: [8] Undefined variable: login_url F:\web\CPS\Runtime\Cache\Student\02bf52a3a4298dbc7a1587d38def4195.php 第 38 行.
INFO: Run Behavior\ParseTemplate [ RunTime:0.021036s ]
INFO: [ view_parse ] --END-- [ RunTime:0.021356s ]
INFO: [ view_filter ] --START--
INFO: Run Behavior\WriteHtmlCache [ RunTime:0.000945s ]
INFO: [ view_filter ] --END-- [ RunTime:0.001161s ]
INFO: [ app_end ] --START--
INFO: Run Behavior\ShowPageTrace [ RunTime:0.001489s ]
INFO: [ app_end ] --END-- [ RunTime:0.001704s ]

[ 2016-10-13T11:54:39+08:00 ] ::1 /CPS/index.php/Student/Stu/myteam
INFO: [ app_begin ] --START--
INFO: Run Behavior\ReadHtmlCache [ RunTime:0.001749s ]
INFO: [ app_begin ] --END-- [ RunTime:0.003108s ]
SQL: SHOW COLUMNS FROM `student_group_member` [ RunTime:0.009159s ]
SQL: select student_message,student_message_status,group_id from student_group_member where student_id = 2014220202001 [ RunTime:0.000843s ]
SQL: SHOW COLUMNS FROM `course` [ RunTime:0.019958s ]
SQL: select  A.course_name,B.project_name,E.student_id,E.student_name from course as A,project as B,student_group_member as C,student_group as D,student as E where A.course_id=B.course_id and B.project_id=D.project_id and C.group_id=D.group_id and C.student_id=E.student_id and C.student_id = 2014220202007 [ RunTime:0.001376s ]
INFO: [ view_parse ] --START--
INFO: [ template_filter ] --START--
INFO: Run Behavior\ContentReplace [ RunTime:0.000118s ]
INFO: [ template_filter ] --END-- [ RunTime:0.000325s ]
NOTIC: [8] Undefined variable: login_url F:\web\CPS\Runtime\Cache\Student\02bf52a3a4298dbc7a1587d38def4195.php 第 38 行.
INFO: Run Behavior\ParseTemplate [ RunTime:0.021108s ]
INFO: [ view_parse ] --END-- [ RunTime:0.021352s ]
INFO: [ view_filter ] --START--
INFO: Run Behavior\WriteHtmlCache [ RunTime:0.000977s ]
INFO: [ view_filter ] --END-- [ RunTime:0.001181s ]
INFO: [ app_end ] --START--
INFO: Run Behavior\ShowPageTrace [ RunTime:0.001448s ]
INFO: [ app_end ] --END-- [ RunTime:0.001655s ]

[ 2016-10-13T11:55:44+08:00 ] ::1 /CPS/index.php/Student/Stu/myteam
INFO: [ app_begin ] --START--
INFO: Run Behavior\ReadHtmlCache [ RunTime:0.001850s ]
INFO: [ app_begin ] --END-- [ RunTime:0.003203s ]
SQL: SHOW COLUMNS FROM `student_group_member` [ RunTime:0.010003s ]
SQL: select student_message,student_message_status,group_id from student_group_member where student_id = 2014220202001 [ RunTime:0.000793s ]
SQL: SHOW COLUMNS FROM `course` [ RunTime:0.010455s ]
SQL: select  A.course_name,B.project_name,E.student_id,E.student_name from course as A,project as B,student_group_member as C,student_group as D,student as E where A.course_id=B.course_id and B.project_id=D.project_id and C.group_id=D.group_id and C.student_id=E.student_id and C.student_id = 2014220202007 [ RunTime:0.001352s ]
INFO: [ view_parse ] --START--
INFO: [ template_filter ] --START--
INFO: Run Behavior\ContentReplace [ RunTime:0.000209s ]
INFO: [ template_filter ] --END-- [ RunTime:0.000630s ]
NOTIC: [8] Undefined variable: login_url F:\web\CPS\Runtime\Cache\Student\02bf52a3a4298dbc7a1587d38def4195.php 第 38 行.
INFO: Run Behavior\ParseTemplate [ RunTime:0.024059s ]
INFO: [ view_parse ] --END-- [ RunTime:0.024286s ]
INFO: [ view_filter ] --START--
INFO: Run Behavior\WriteHtmlCache [ RunTime:0.001455s ]
INFO: [ view_filter ] --END-- [ RunTime:0.001668s ]
INFO: [ app_end ] --START--
INFO: Run Behavior\ShowPageTrace [ RunTime:0.001788s ]
INFO: [ app_end ] --END-- [ RunTime:0.002015s ]

[ 2016-10-13T11:55:46+08:00 ] ::1 /CPS/index.php/Student/Stu/myteam/invite_status/1
INFO: [ app_begin ] --START--
INFO: Run Behavior\ReadHtmlCache [ RunTime:0.001546s ]
INFO: [ app_begin ] --END-- [ RunTime:0.002812s ]
SQL: SHOW COLUMNS FROM `student_group_member` [ RunTime:0.010401s ]
SQL: select student_message,student_message_status,group_id from student_group_member where student_id = 2014220202001 [ RunTime:0.000877s ]
SQL: SHOW COLUMNS FROM `course` [ RunTime:0.009872s ]
SQL: select  A.course_name,B.project_name,E.student_id,E.student_name from course as A,project as B,student_group_member as C,student_group as D,student as E where A.course_id=B.course_id and B.project_id=D.project_id and C.group_id=D.group_id and C.student_id=E.student_id and C.student_id = 2014220202007 [ RunTime:0.001331s ]
SQL: update student_group_member set student_message_status = 1,group_id= 4 where student_id = 2014220202001 [ RunTime:0.000917s ]
NOTIC: [2] mysql_num_rows() expects parameter 1 to be resource, boolean given F:\web\ThinkPHP\Library\Think\Db\Driver\Mysql.class.php 第 106 行.
INFO: [ view_parse ] --START--
INFO: [ template_filter ] --START--
INFO: Run Behavior\ContentReplace [ RunTime:0.000121s ]
INFO: [ template_filter ] --END-- [ RunTime:0.000339s ]
NOTIC: [8] Undefined variable: login_url F:\web\CPS\Runtime\Cache\Student\02bf52a3a4298dbc7a1587d38def4195.php 第 38 行.
INFO: Run Behavior\ParseTemplate [ RunTime:0.021799s ]
INFO: [ view_parse ] --END-- [ RunTime:0.022018s ]
INFO: [ view_filter ] --START--
INFO: Run Behavior\WriteHtmlCache [ RunTime:0.000993s ]
INFO: [ view_filter ] --END-- [ RunTime:0.001206s ]
INFO: [ app_end ] --START--
INFO: Run Behavior\ShowPageTrace [ RunTime:0.001437s ]
INFO: [ app_end ] --END-- [ RunTime:0.001651s ]

[ 2016-10-13T11:55:52+08:00 ] ::1 /CPS/index.php/Student/Stu/myteam/invite_status/1
INFO: [ app_begin ] --START--
INFO: Run Behavior\ReadHtmlCache [ RunTime:0.002055s ]
INFO: [ app_begin ] --END-- [ RunTime:0.003715s ]
SQL: SHOW COLUMNS FROM `student_group_member` [ RunTime:0.013106s ]
SQL: select student_message,student_message_status,group_id from student_group_member where student_id = 2014220202001 [ RunTime:0.000799s ]
SQL: SHOW COLUMNS FROM `course` [ RunTime:0.009420s ]
SQL: select  A.course_name,B.project_name,E.student_id,E.student_name from course as A,project as B,student_group_member as C,student_group as D,student as E where A.course_id=B.course_id and B.project_id=D.project_id and C.group_id=D.group_id and C.student_id=E.student_id and C.student_id = 2014220202007 [ RunTime:0.001282s ]
SQL: update student_group_member set student_message_status = 1,group_id= 4 where student_id = 2014220202001 [ RunTime:0.000919s ]
NOTIC: [2] mysql_num_rows() expects parameter 1 to be resource, boolean given F:\web\ThinkPHP\Library\Think\Db\Driver\Mysql.class.php 第 106 行.
INFO: [ view_parse ] --START--
INFO: [ template_filter ] --START--
INFO: Run Behavior\ContentReplace [ RunTime:0.000120s ]
INFO: [ template_filter ] --END-- [ RunTime:0.000334s ]
NOTIC: [8] Undefined variable: login_url F:\web\CPS\Runtime\Cache\Student\02bf52a3a4298dbc7a1587d38def4195.php 第 38 行.
INFO: Run Behavior\ParseTemplate [ RunTime:0.024041s ]
INFO: [ view_parse ] --END-- [ RunTime:0.024249s ]
INFO: [ view_filter ] --START--
INFO: Run Behavior\WriteHtmlCache [ RunTime:0.001273s ]
INFO: [ view_filter ] --END-- [ RunTime:0.001527s ]
INFO: [ app_end ] --START--
INFO: Run Behavior\ShowPageTrace [ RunTime:0.001897s ]
INFO: [ app_end ] --END-- [ RunTime:0.002111s ]

[ 2016-10-13T11:55:56+08:00 ] ::1 /CPS/index.php/Student/Stu/myteam
INFO: [ app_begin ] --START--
INFO: Run Behavior\ReadHtmlCache [ RunTime:0.002678s ]
INFO: [ app_begin ] --END-- [ RunTime:0.004095s ]
SQL: SHOW COLUMNS FROM `student_group_member` [ RunTime:0.010510s ]
SQL: select student_message,student_message_status,group_id from student_group_member where student_id = 2014220202001 [ RunTime:0.000859s ]
SQL: SHOW COLUMNS FROM `course` [ RunTime:0.010950s ]
SQL: select  A.course_name,B.project_name,E.student_id,E.student_name from course as A,project as B,student_group_member as C,student_group as D,student as E where A.course_id=B.course_id and B.project_id=D.project_id and C.group_id=D.group_id and C.student_id=E.student_id and C.student_id = 2014220202007 [ RunTime:0.001255s ]
INFO: [ view_parse ] --START--
INFO: [ template_filter ] --START--
INFO: Run Behavior\ContentReplace [ RunTime:0.000163s ]
INFO: [ template_filter ] --END-- [ RunTime:0.000392s ]
NOTIC: [8] Undefined variable: login_url F:\web\CPS\Runtime\Cache\Student\02bf52a3a4298dbc7a1587d38def4195.php 第 38 行.
INFO: Run Behavior\ParseTemplate [ RunTime:0.025365s ]
INFO: [ view_parse ] --END-- [ RunTime:0.025613s ]
INFO: [ view_filter ] --START--
INFO: Run Behavior\WriteHtmlCache [ RunTime:0.001228s ]
INFO: [ view_filter ] --END-- [ RunTime:0.001528s ]
INFO: [ app_end ] --START--
INFO: Run Behavior\ShowPageTrace [ RunTime:0.001861s ]
INFO: [ app_end ] --END-- [ RunTime:0.002082s ]

[ 2016-10-13T11:56:39+08:00 ] ::1 /CPS/index.php/Student/Stu/myteam
INFO: [ app_begin ] --START--
INFO: Run Behavior\ReadHtmlCache [ RunTime:0.001527s ]
INFO: [ app_begin ] --END-- [ RunTime:0.002808s ]
SQL: SHOW COLUMNS FROM `student_group_member` [ RunTime:0.010073s ]
SQL: select student_message,student_message_status,group_id from student_group_member where student_id = 2014220202001 [ RunTime:0.000869s ]
SQL: SHOW COLUMNS FROM `course` [ RunTime:0.009219s ]
SQL: select  A.course_name,B.project_name,E.student_id,E.student_name from course as A,project as B,student_group_member as C,student_group as D,student as E where A.course_id=B.course_id and B.project_id=D.project_id and C.group_id=D.group_id and C.student_id=E.student_id and C.student_id = 2014220202007 [ RunTime:0.001462s ]
INFO: [ view_parse ] --START--
INFO: [ template_filter ] --START--
INFO: Run Behavior\ContentReplace [ RunTime:0.000119s ]
INFO: [ template_filter ] --END-- [ RunTime:0.000328s ]
NOTIC: [8] Undefined variable: login_url F:\web\CPS\Runtime\Cache\Student\02bf52a3a4298dbc7a1587d38def4195.php 第 38 行.
INFO: Run Behavior\ParseTemplate [ RunTime:0.020993s ]
INFO: [ view_parse ] --END-- [ RunTime:0.021199s ]
INFO: [ view_filter ] --START--
INFO: Run Behavior\WriteHtmlCache [ RunTime:0.000886s ]
INFO: [ view_filter ] --END-- [ RunTime:0.001086s ]
INFO: [ app_end ] --START--
INFO: Run Behavior\ShowPageTrace [ RunTime:0.001453s ]
INFO: [ app_end ] --END-- [ RunTime:0.001838s ]

[ 2016-10-13T11:57:09+08:00 ] ::1 /CPS/index.php/Student/Stu/myteam
INFO: [ app_begin ] --START--
INFO: Run Behavior\ReadHtmlCache [ RunTime:0.002633s ]
INFO: [ app_begin ] --END-- [ RunTime:0.004010s ]
SQL: SHOW COLUMNS FROM `student_group_member` [ RunTime:0.009302s ]
SQL: select student_message,student_message_status,group_id from student_group_member where student_id = 2014220202001 [ RunTime:0.000933s ]
SQL: SHOW COLUMNS FROM `course` [ RunTime:0.035722s ]
SQL: select  A.course_name,B.project_name,E.student_id,E.student_name from course as A,project as B,student_group_member as C,student_group as D,student as E where A.course_id=B.course_id and B.project_id=D.project_id and C.group_id=D.group_id and C.student_id=E.student_id and C.student_id = 2014220202007 [ RunTime:0.001253s ]
INFO: [ view_parse ] --START--
INFO: [ template_filter ] --START--
INFO: Run Behavior\ContentReplace [ RunTime:0.000123s ]
INFO: [ template_filter ] --END-- [ RunTime:0.000364s ]
NOTIC: [8] Undefined variable: login_url F:\web\CPS\Runtime\Cache\Student\02bf52a3a4298dbc7a1587d38def4195.php 第 38 行.
INFO: Run Behavior\ParseTemplate [ RunTime:0.023722s ]
INFO: [ view_parse ] --END-- [ RunTime:0.023957s ]
INFO: [ view_filter ] --START--
INFO: Run Behavior\WriteHtmlCache [ RunTime:0.001234s ]
INFO: [ view_filter ] --END-- [ RunTime:0.001457s ]
INFO: [ app_end ] --START--
INFO: Run Behavior\ShowPageTrace [ RunTime:0.001693s ]
INFO: [ app_end ] --END-- [ RunTime:0.001906s ]

[ 2016-10-13T11:57:50+08:00 ] ::1 /CPS/index.php/Student/Stu/myteam
INFO: [ app_begin ] --START--
INFO: Run Behavior\ReadHtmlCache [ RunTime:0.001947s ]
INFO: [ app_begin ] --END-- [ RunTime:0.003306s ]
SQL: SHOW COLUMNS FROM `student_group_member` [ RunTime:0.049884s ]
SQL: select student_message,student_message_status,group_id from student_group_member where student_id = 2014220202001 [ RunTime:0.000792s ]
SQL: SHOW COLUMNS FROM `course` [ RunTime:0.008973s ]
SQL: select  A.course_name,B.project_name,E.student_id,E.student_name from course as A,project as B,student_group_member as C,student_group as D,student as E where A.course_id=B.course_id and B.project_id=D.project_id and C.group_id=D.group_id and C.student_id=E.student_id and C.student_id = 2014220202007 [ RunTime:0.001254s ]
SQL: update student_group_member set student_message_status = 1,group_id= 4 where student_id = 2014220202001 [ RunTime:0.000867s ]
NOTIC: [2] mysql_num_rows() expects parameter 1 to be resource, boolean given F:\web\ThinkPHP\Library\Think\Db\Driver\Mysql.class.php 第 106 行.
INFO: [ view_parse ] --START--
INFO: [ template_filter ] --START--
INFO: Run Behavior\ContentReplace [ RunTime:0.000144s ]
INFO: [ template_filter ] --END-- [ RunTime:0.000365s ]
NOTIC: [8] Undefined variable: login_url F:\web\CPS\Runtime\Cache\Student\02bf52a3a4298dbc7a1587d38def4195.php 第 38 行.
INFO: Run Behavior\ParseTemplate [ RunTime:0.024952s ]
INFO: [ view_parse ] --END-- [ RunTime:0.025163s ]
INFO: [ view_filter ] --START--
INFO: Run Behavior\WriteHtmlCache [ RunTime:0.001105s ]
INFO: [ view_filter ] --END-- [ RunTime:0.001311s ]
INFO: [ app_end ] --START--
INFO: Run Behavior\ShowPageTrace [ RunTime:0.001650s ]
INFO: [ app_end ] --END-- [ RunTime:0.001862s ]

[ 2016-10-13T11:58:05+08:00 ] ::1 /CPS/index.php/Student/Stu/myteam
INFO: [ app_begin ] --START--
INFO: Run Behavior\ReadHtmlCache [ RunTime:0.001567s ]
INFO: [ app_begin ] --END-- [ RunTime:0.003000s ]
SQL: SHOW COLUMNS FROM `student_group_member` [ RunTime:0.009599s ]
SQL: select student_message,student_message_status,group_id from student_group_member where student_id = 2014220202001 [ RunTime:0.000858s ]
SQL: SHOW COLUMNS FROM `course` [ RunTime:0.008959s ]
SQL: select  A.course_name,B.project_name,E.student_id,E.student_name from course as A,project as B,student_group_member as C,student_group as D,student as E where A.course_id=B.course_id and B.project_id=D.project_id and C.group_id=D.group_id and C.student_id=E.student_id and C.student_id = 2014220202007 [ RunTime:0.001263s ]
INFO: [ view_parse ] --START--
INFO: [ template_filter ] --START--
INFO: Run Behavior\ContentReplace [ RunTime:0.000121s ]
INFO: [ template_filter ] --END-- [ RunTime:0.000336s ]
NOTIC: [8] Undefined variable: login_url F:\web\CPS\Runtime\Cache\Student\02bf52a3a4298dbc7a1587d38def4195.php 第 38 行.
INFO: Run Behavior\ParseTemplate [ RunTime:0.022556s ]
INFO: [ view_parse ] --END-- [ RunTime:0.022763s ]
INFO: [ view_filter ] --START--
INFO: Run Behavior\WriteHtmlCache [ RunTime:0.001022s ]
INFO: [ view_filter ] --END-- [ RunTime:0.001235s ]
INFO: [ app_end ] --START--
INFO: Run Behavior\ShowPageTrace [ RunTime:0.001463s ]
INFO: [ app_end ] --END-- [ RunTime:0.001673s ]

[ 2016-10-13T11:58:07+08:00 ] ::1 /CPS/index.php/Student/Stu/myteam/invite_status/1
INFO: [ app_begin ] --START--
INFO: Run Behavior\ReadHtmlCache [ RunTime:0.002008s ]
INFO: [ app_begin ] --END-- [ RunTime:0.003573s ]
SQL: SHOW COLUMNS FROM `student_group_member` [ RunTime:0.009858s ]
SQL: select student_message,student_message_status,group_id from student_group_member where student_id = 2014220202001 [ RunTime:0.000881s ]
SQL: SHOW COLUMNS FROM `course` [ RunTime:0.011083s ]
SQL: select  A.course_name,B.project_name,E.student_id,E.student_name from course as A,project as B,student_group_member as C,student_group as D,student as E where A.course_id=B.course_id and B.project_id=D.project_id and C.group_id=D.group_id and C.student_id=E.student_id and C.student_id = 2014220202007 [ RunTime:0.001415s ]
INFO: [ view_parse ] --START--
INFO: [ template_filter ] --START--
INFO: Run Behavior\ContentReplace [ RunTime:0.000123s ]
INFO: [ template_filter ] --END-- [ RunTime:0.000366s ]
NOTIC: [8] Undefined variable: login_url F:\web\CPS\Runtime\Cache\Student\02bf52a3a4298dbc7a1587d38def4195.php 第 38 行.
INFO: Run Behavior\ParseTemplate [ RunTime:0.025773s ]
INFO: [ view_parse ] --END-- [ RunTime:0.026071s ]
INFO: [ view_filter ] --START--
INFO: Run Behavior\WriteHtmlCache [ RunTime:0.001194s ]
INFO: [ view_filter ] --END-- [ RunTime:0.001402s ]
INFO: [ app_end ] --START--
INFO: Run Behavior\ShowPageTrace [ RunTime:0.001996s ]
INFO: [ app_end ] --END-- [ RunTime:0.002223s ]

[ 2016-10-13T11:58:11+08:00 ] ::1 /CPS/index.php/Student/Stu/myteam
INFO: [ app_begin ] --START--
INFO: Run Behavior\ReadHtmlCache [ RunTime:0.001817s ]
INFO: [ app_begin ] --END-- [ RunTime:0.003222s ]
SQL: SHOW COLUMNS FROM `student_group_member` [ RunTime:0.010737s ]
SQL: select student_message,student_message_status,group_id from student_group_member where student_id = 2014220202001 [ RunTime:0.000840s ]
SQL: SHOW COLUMNS FROM `course` [ RunTime:0.009359s ]
SQL: select  A.course_name,B.project_name,E.student_id,E.student_name from course as A,project as B,student_group_member as C,student_group as D,student as E where A.course_id=B.course_id and B.project_id=D.project_id and C.group_id=D.group_id and C.student_id=E.student_id and C.student_id = 2014220202007 [ RunTime:0.001318s ]
INFO: [ view_parse ] --START--
INFO: [ template_filter ] --START--
INFO: Run Behavior\ContentReplace [ RunTime:0.000120s ]
INFO: [ template_filter ] --END-- [ RunTime:0.000331s ]
NOTIC: [8] Undefined variable: login_url F:\web\CPS\Runtime\Cache\Student\02bf52a3a4298dbc7a1587d38def4195.php 第 38 行.
INFO: Run Behavior\ParseTemplate [ RunTime:0.021906s ]
INFO: [ view_parse ] --END-- [ RunTime:0.022109s ]
INFO: [ view_filter ] --START--
INFO: Run Behavior\WriteHtmlCache [ RunTime:0.001005s ]
INFO: [ view_filter ] --END-- [ RunTime:0.001221s ]
INFO: [ app_end ] --START--
INFO: Run Behavior\ShowPageTrace [ RunTime:0.001614s ]
INFO: [ app_end ] --END-- [ RunTime:0.001835s ]

