[ 2016-10-17T15:24:39+08:00 ] ::1 /CPS/index.php/Home/Login/login
INFO: [ app_begin ] --START--
INFO: Run Behavior\ReadHtmlCache [ RunTime:0.001762s ]
INFO: [ app_begin ] --END-- [ RunTime:0.003063s ]
INFO: [ view_parse ] --START--
INFO: [ template_filter ] --START--
INFO: Run Behavior\ContentReplace [ RunTime:0.000119s ]
INFO: [ template_filter ] --END-- [ RunTime:0.000349s ]
INFO: Run Behavior\ParseTemplate [ RunTime:0.024775s ]
INFO: [ view_parse ] --END-- [ RunTime:0.025031s ]
INFO: [ view_filter ] --START--
INFO: Run Behavior\WriteHtmlCache [ RunTime:0.001164s ]
INFO: [ view_filter ] --END-- [ RunTime:0.001372s ]
INFO: [ app_end ] --START--
INFO: Run Behavior\ShowPageTrace [ RunTime:0.002147s ]
INFO: [ app_end ] --END-- [ RunTime:0.002375s ]

[ 2016-10-17T15:24:39+08:00 ] ::1 /CPS/index.php/Home/Index/verify_c
INFO: [ app_begin ] --START--
INFO: Run Behavior\ReadHtmlCache [ RunTime:0.001530s ]
INFO: [ app_begin ] --END-- [ RunTime:0.002992s ]
INFO: [ app_end ] --START--
INFO: Run Behavior\ShowPageTrace [ RunTime:0.001505s ]
INFO: [ app_end ] --END-- [ RunTime:0.001772s ]

[ 2016-10-17T15:25:11+08:00 ] ::1 /CPS/index.php/Home/Index/verify_c?0.287026188245211
INFO: [ app_begin ] --START--
INFO: Run Behavior\ReadHtmlCache [ RunTime:0.001918s ]
INFO: [ app_begin ] --END-- [ RunTime:0.003300s ]
INFO: [ app_end ] --START--
INFO: Run Behavior\ShowPageTrace [ RunTime:0.001777s ]
INFO: [ app_end ] --END-- [ RunTime:0.002035s ]

[ 2016-10-17T15:25:18+08:00 ] ::1 /CPS/index.php/Home/Login/login
INFO: [ app_begin ] --START--
INFO: Run Behavior\ReadHtmlCache [ RunTime:0.001733s ]
INFO: [ app_begin ] --END-- [ RunTime:0.002941s ]
SQL: SHOW COLUMNS FROM `student` [ RunTime:0.010095s ]
SQL: SELECT * FROM `student` WHERE ( `student_id` = '2014220202005' )  [ RunTime:0.000828s ]
INFO: [ view_parse ] --START--
INFO: [ template_filter ] --START--
INFO: Run Behavior\ContentReplace [ RunTime:0.000100s ]
INFO: [ template_filter ] --END-- [ RunTime:0.000317s ]
INFO: Run Behavior\ParseTemplate [ RunTime:0.058066s ]
INFO: [ view_parse ] --END-- [ RunTime:0.058300s ]
INFO: [ view_filter ] --START--
INFO: Run Behavior\WriteHtmlCache [ RunTime:0.001119s ]
INFO: [ view_filter ] --END-- [ RunTime:0.001399s ]
SQL: SELECT * FROM `student` WHERE ( `student_id` = '2014220202005' )  [ RunTime:0.000912s ]

[ 2016-10-17T15:25:19+08:00 ] ::1 /CPS/index.php/Student/Stu/course_info/student_id/2014220202005
INFO: [ app_begin ] --START--
INFO: Run Behavior\ReadHtmlCache [ RunTime:0.001498s ]
INFO: [ app_begin ] --END-- [ RunTime:0.002664s ]
SQL: SHOW COLUMNS FROM `course` [ RunTime:0.010760s ]
SQL: SELECT * FROM `course`  [ RunTime:0.000831s ]
INFO: [ view_parse ] --START--
INFO: [ template_filter ] --START--
INFO: Run Behavior\ContentReplace [ RunTime:0.000115s ]
INFO: [ template_filter ] --END-- [ RunTime:0.000325s ]
INFO: Run Behavior\ParseTemplate [ RunTime:0.057663s ]
INFO: [ view_parse ] --END-- [ RunTime:0.057909s ]
INFO: [ view_filter ] --START--
INFO: Run Behavior\WriteHtmlCache [ RunTime:0.001235s ]
INFO: [ view_filter ] --END-- [ RunTime:0.001469s ]
INFO: [ app_end ] --START--
INFO: Run Behavior\ShowPageTrace [ RunTime:0.001833s ]
INFO: [ app_end ] --END-- [ RunTime:0.002052s ]

[ 2016-10-17T15:25:22+08:00 ] ::1 /CPS/index.php/Student/Stu/myteam
INFO: [ app_begin ] --START--
INFO: Run Behavior\ReadHtmlCache [ RunTime:0.001611s ]
INFO: [ app_begin ] --END-- [ RunTime:0.002838s ]
SQL: SHOW COLUMNS FROM `student_group_member` [ RunTime:0.009690s ]
SQL: select student_message,student_message_status,group_id from student_group_member where student_id = 2014220202005 [ RunTime:0.000918s ]
SQL: SHOW COLUMNS FROM `course` [ RunTime:0.008837s ]
SQL: select  distinct E.student_id,E.student_name from student_group_member as C,student_group as D,student as E where  C.group_id=D.group_id and C.student_id=E.student_id and C.student_id = 2014220202007 [ RunTime:0.002470s ]
SQL: select  distinct E.student_id,E.student_name from student_group_member as C,student_group as D,student as E where  C.group_id=D.group_id and C.student_id=E.student_id and C.student_id =  [ RunTime:0.000532s ]
ERR: 1064:You have an error in your SQL syntax; check the manual that corresponds to your MySQL server version for the right syntax to use near '' at line 1
 [ SQL语句 ] : select  distinct E.student_id,E.student_name from student_group_member as C,student_group as D,student as E where  C.group_id=D.group_id and C.student_id=E.student_id and C.student_id = 
INFO: [ view_parse ] --START--
INFO: [ template_filter ] --START--
INFO: Run Behavior\ContentReplace [ RunTime:0.000115s ]
INFO: [ template_filter ] --END-- [ RunTime:0.000328s ]
NOTIC: [8] Undefined variable: login_url F:\web\CPS\Runtime\Cache\Student\02bf52a3a4298dbc7a1587d38def4195.php 第 38 行.
NOTIC: [8] Undefined index: course_name F:\web\CPS\Runtime\Cache\Student\02bf52a3a4298dbc7a1587d38def4195.php 第 68 行.
NOTIC: [8] Undefined index: project_name F:\web\CPS\Runtime\Cache\Student\02bf52a3a4298dbc7a1587d38def4195.php 第 69 行.
INFO: Run Behavior\ParseTemplate [ RunTime:0.021399s ]
INFO: [ view_parse ] --END-- [ RunTime:0.021609s ]
INFO: [ view_filter ] --START--
INFO: Run Behavior\WriteHtmlCache [ RunTime:0.001025s ]
INFO: [ view_filter ] --END-- [ RunTime:0.001314s ]
INFO: [ app_end ] --START--
INFO: Run Behavior\ShowPageTrace [ RunTime:0.001861s ]
INFO: [ app_end ] --END-- [ RunTime:0.002082s ]

[ 2016-10-17T15:25:27+08:00 ] ::1 /CPS/index.php/Student/Stu/myteam/invite_status/1
INFO: [ app_begin ] --START--
INFO: Run Behavior\ReadHtmlCache [ RunTime:0.001357s ]
INFO: [ app_begin ] --END-- [ RunTime:0.002496s ]
SQL: SHOW COLUMNS FROM `student_group_member` [ RunTime:0.008841s ]
SQL: select student_message,student_message_status,group_id from student_group_member where student_id = 2014220202005 [ RunTime:0.000807s ]
SQL: SHOW COLUMNS FROM `course` [ RunTime:0.008511s ]
SQL: select  distinct E.student_id,E.student_name from student_group_member as C,student_group as D,student as E where  C.group_id=D.group_id and C.student_id=E.student_id and C.student_id = 2014220202007 [ RunTime:0.001276s ]
SQL: insert into student_group_member values(2014220202005,5,'',0,1,0,1,1,0) [ RunTime:0.000746s ]
ERR: 1062:Duplicate entry '2014220202005-5' for key 'PRIMARY'
 [ SQL语句 ] : insert into student_group_member values(2014220202005,5,'',0,1,0,1,1,0)
SQL: select  distinct E.student_id,E.student_name from student_group_member as C,student_group as D,student as E where  C.group_id=D.group_id and C.student_id=E.student_id and C.student_id =  [ RunTime:0.000436s ]
ERR: 1064:You have an error in your SQL syntax; check the manual that corresponds to your MySQL server version for the right syntax to use near '' at line 1
 [ SQL语句 ] : select  distinct E.student_id,E.student_name from student_group_member as C,student_group as D,student as E where  C.group_id=D.group_id and C.student_id=E.student_id and C.student_id = 
SQL: insert into student_group_member values(2014220202005,5,'',0,1,0,1,1,0) [ RunTime:0.000560s ]
ERR: 1062:Duplicate entry '2014220202005-5' for key 'PRIMARY'
 [ SQL语句 ] : insert into student_group_member values(2014220202005,5,'',0,1,0,1,1,0)
INFO: [ view_parse ] --START--
INFO: [ template_filter ] --START--
INFO: Run Behavior\ContentReplace [ RunTime:0.000122s ]
INFO: [ template_filter ] --END-- [ RunTime:0.000347s ]
NOTIC: [8] Undefined variable: login_url F:\web\CPS\Runtime\Cache\Student\02bf52a3a4298dbc7a1587d38def4195.php 第 38 行.
NOTIC: [8] Undefined index: course_name F:\web\CPS\Runtime\Cache\Student\02bf52a3a4298dbc7a1587d38def4195.php 第 68 行.
NOTIC: [8] Undefined index: project_name F:\web\CPS\Runtime\Cache\Student\02bf52a3a4298dbc7a1587d38def4195.php 第 69 行.
INFO: Run Behavior\ParseTemplate [ RunTime:0.021684s ]
INFO: [ view_parse ] --END-- [ RunTime:0.021884s ]
INFO: [ view_filter ] --START--
INFO: Run Behavior\WriteHtmlCache [ RunTime:0.000979s ]
INFO: [ view_filter ] --END-- [ RunTime:0.001191s ]
INFO: [ app_end ] --START--
INFO: Run Behavior\ShowPageTrace [ RunTime:0.001515s ]
INFO: [ app_end ] --END-- [ RunTime:0.001725s ]

[ 2016-10-17T15:25:30+08:00 ] ::1 /CPS/index.php/Student/Stu/team_info
INFO: [ app_begin ] --START--
INFO: Run Behavior\ReadHtmlCache [ RunTime:0.001802s ]
INFO: [ app_begin ] --END-- [ RunTime:0.003095s ]
SQL: SHOW COLUMNS FROM `student_group_member` [ RunTime:0.009855s ]
SQL: select student_message,student_message_status from student_group_member where student_id = 2014220202005 [ RunTime:0.000962s ]
SQL: SHOW COLUMNS FROM `course` [ RunTime:0.009847s ]
SQL: select  A.course_name,B.project_name,B.teacher_id,D.group_id from course as A,project as B,student_group_member as C,student_group as D,student as E where A.course_id=B.course_id and B.project_id=D.project_id and C.group_id=D.group_id and C.student_id=E.student_id and C.student_id = 2014220202007 [ RunTime:0.002765s ]
SQL: select A.student_id,A.student_name from student as A,student_group as B,student_group_member as C where A.student_id=C.student_id and B.group_id=C.group_id and C.is_available=1 and C.group_id = 3 [ RunTime:0.001372s ]
SQL: select  A.course_name,B.project_name,B.teacher_id,D.group_id from course as A,project as B,student_group_member as C,student_group as D,student as E where A.course_id=B.course_id and B.project_id=D.project_id and C.group_id=D.group_id and C.student_id=E.student_id and C.student_id =  [ RunTime:0.000669s ]
ERR: 1064:You have an error in your SQL syntax; check the manual that corresponds to your MySQL server version for the right syntax to use near '' at line 1
 [ SQL语句 ] : select  A.course_name,B.project_name,B.teacher_id,D.group_id from course as A,project as B,student_group_member as C,student_group as D,student as E where A.course_id=B.course_id and B.project_id=D.project_id and C.group_id=D.group_id and C.student_id=E.student_id and C.student_id = 
NOTIC: [2] Invalid argument supplied for foreach() F:\web\CPS\Student\Controller\StuController.class.php 第 141 行.
INFO: [ view_parse ] --START--
INFO: [ template_filter ] --START--
INFO: Run Behavior\ContentReplace [ RunTime:0.000119s ]
INFO: [ template_filter ] --END-- [ RunTime:0.000343s ]
NOTIC: [8] Undefined variable: login_url F:\web\CPS\Runtime\Cache\Student\7246cfb58932e9d69f095e6d85b7064f.php 第 38 行.
INFO: Run Behavior\ParseTemplate [ RunTime:0.036870s ]
INFO: [ view_parse ] --END-- [ RunTime:0.037100s ]
INFO: [ view_filter ] --START--
INFO: Run Behavior\WriteHtmlCache [ RunTime:0.001005s ]
INFO: [ view_filter ] --END-- [ RunTime:0.001225s ]
INFO: [ app_end ] --START--
INFO: Run Behavior\ShowPageTrace [ RunTime:0.001555s ]
INFO: [ app_end ] --END-- [ RunTime:0.001892s ]

[ 2016-10-17T15:25:43+08:00 ] ::1 /CPS/index.php/Student/Stu/myteam
INFO: [ app_begin ] --START--
INFO: Run Behavior\ReadHtmlCache [ RunTime:0.001760s ]
INFO: [ app_begin ] --END-- [ RunTime:0.003392s ]
SQL: SHOW COLUMNS FROM `student_group_member` [ RunTime:0.009047s ]
SQL: select student_message,student_message_status,group_id from student_group_member where student_id = 2014220202005 [ RunTime:0.000757s ]
SQL: SHOW COLUMNS FROM `course` [ RunTime:0.009187s ]
SQL: select  distinct E.student_id,E.student_name from student_group_member as C,student_group as D,student as E where  C.group_id=D.group_id and C.student_id=E.student_id and C.student_id = 2014220202007 [ RunTime:0.001302s ]
SQL: select  distinct E.student_id,E.student_name from student_group_member as C,student_group as D,student as E where  C.group_id=D.group_id and C.student_id=E.student_id and C.student_id =  [ RunTime:0.000439s ]
ERR: 1064:You have an error in your SQL syntax; check the manual that corresponds to your MySQL server version for the right syntax to use near '' at line 1
 [ SQL语句 ] : select  distinct E.student_id,E.student_name from student_group_member as C,student_group as D,student as E where  C.group_id=D.group_id and C.student_id=E.student_id and C.student_id = 
INFO: [ view_parse ] --START--
INFO: [ template_filter ] --START--
INFO: Run Behavior\ContentReplace [ RunTime:0.000115s ]
INFO: [ template_filter ] --END-- [ RunTime:0.000326s ]
NOTIC: [8] Undefined variable: login_url F:\web\CPS\Runtime\Cache\Student\02bf52a3a4298dbc7a1587d38def4195.php 第 38 行.
NOTIC: [8] Undefined index: course_name F:\web\CPS\Runtime\Cache\Student\02bf52a3a4298dbc7a1587d38def4195.php 第 68 行.
NOTIC: [8] Undefined index: project_name F:\web\CPS\Runtime\Cache\Student\02bf52a3a4298dbc7a1587d38def4195.php 第 69 行.
INFO: Run Behavior\ParseTemplate [ RunTime:0.021243s ]
INFO: [ view_parse ] --END-- [ RunTime:0.021463s ]
INFO: [ view_filter ] --START--
INFO: Run Behavior\WriteHtmlCache [ RunTime:0.000873s ]
INFO: [ view_filter ] --END-- [ RunTime:0.001101s ]
INFO: [ app_end ] --START--
INFO: Run Behavior\ShowPageTrace [ RunTime:0.001459s ]
INFO: [ app_end ] --END-- [ RunTime:0.001684s ]

[ 2016-10-17T15:25:49+08:00 ] ::1 /CPS/index.php/Student/Stu/myteam
INFO: [ app_begin ] --START--
INFO: Run Behavior\ReadHtmlCache [ RunTime:0.002161s ]
INFO: [ app_begin ] --END-- [ RunTime:0.003393s ]
SQL: SHOW COLUMNS FROM `student_group_member` [ RunTime:0.009095s ]
SQL: select student_message,student_message_status,group_id from student_group_member where student_id = 2014220202005 [ RunTime:0.000859s ]
SQL: SHOW COLUMNS FROM `course` [ RunTime:0.008903s ]
SQL: select  distinct E.student_id,E.student_name from student_group_member as C,student_group as D,student as E where  C.group_id=D.group_id and C.student_id=E.student_id and C.student_id = 2014220202007 [ RunTime:0.001351s ]
SQL: select  distinct E.student_id,E.student_name from student_group_member as C,student_group as D,student as E where  C.group_id=D.group_id and C.student_id=E.student_id and C.student_id =  [ RunTime:0.000422s ]
ERR: 1064:You have an error in your SQL syntax; check the manual that corresponds to your MySQL server version for the right syntax to use near '' at line 1
 [ SQL语句 ] : select  distinct E.student_id,E.student_name from student_group_member as C,student_group as D,student as E where  C.group_id=D.group_id and C.student_id=E.student_id and C.student_id = 
INFO: [ view_parse ] --START--
INFO: [ template_filter ] --START--
INFO: Run Behavior\ContentReplace [ RunTime:0.000120s ]
INFO: [ template_filter ] --END-- [ RunTime:0.000331s ]
NOTIC: [8] Undefined variable: login_url F:\web\CPS\Runtime\Cache\Student\02bf52a3a4298dbc7a1587d38def4195.php 第 38 行.
NOTIC: [8] Undefined index: course_name F:\web\CPS\Runtime\Cache\Student\02bf52a3a4298dbc7a1587d38def4195.php 第 68 行.
NOTIC: [8] Undefined index: project_name F:\web\CPS\Runtime\Cache\Student\02bf52a3a4298dbc7a1587d38def4195.php 第 69 行.
INFO: Run Behavior\ParseTemplate [ RunTime:0.022083s ]
INFO: [ view_parse ] --END-- [ RunTime:0.022299s ]
INFO: [ view_filter ] --START--
INFO: Run Behavior\WriteHtmlCache [ RunTime:0.001088s ]
INFO: [ view_filter ] --END-- [ RunTime:0.001331s ]
INFO: [ app_end ] --START--
INFO: Run Behavior\ShowPageTrace [ RunTime:0.001619s ]
INFO: [ app_end ] --END-- [ RunTime:0.001839s ]

[ 2016-10-17T15:26:46+08:00 ] ::1 /CPS/index.php/Student/Stu/myteam/invite_status/1
INFO: [ app_begin ] --START--
INFO: Run Behavior\ReadHtmlCache [ RunTime:0.001793s ]
INFO: [ app_begin ] --END-- [ RunTime:0.003165s ]
SQL: SHOW COLUMNS FROM `student_group_member` [ RunTime:0.009358s ]
SQL: select student_message,student_message_status,group_id from student_group_member where student_id = 2014220202005 [ RunTime:0.000753s ]
SQL: SHOW COLUMNS FROM `course` [ RunTime:0.008427s ]
SQL: select  distinct E.student_id,E.student_name from student_group_member as C,student_group as D,student as E where  C.group_id=D.group_id and C.student_id=E.student_id and C.student_id = 2014220202007 [ RunTime:0.001967s ]
SQL: insert into student_group_member values(2014220202005,5,'',0,1,0,1,1,0) [ RunTime:0.000686s ]
ERR: 1062:Duplicate entry '2014220202005-5' for key 'PRIMARY'
 [ SQL语句 ] : insert into student_group_member values(2014220202005,5,'',0,1,0,1,1,0)
SQL: select  distinct E.student_id,E.student_name from student_group_member as C,student_group as D,student as E where  C.group_id=D.group_id and C.student_id=E.student_id and C.student_id =  [ RunTime:0.000411s ]
ERR: 1064:You have an error in your SQL syntax; check the manual that corresponds to your MySQL server version for the right syntax to use near '' at line 1
 [ SQL语句 ] : select  distinct E.student_id,E.student_name from student_group_member as C,student_group as D,student as E where  C.group_id=D.group_id and C.student_id=E.student_id and C.student_id = 
SQL: insert into student_group_member values(2014220202005,5,'',0,1,0,1,1,0) [ RunTime:0.000463s ]
ERR: 1062:Duplicate entry '2014220202005-5' for key 'PRIMARY'
 [ SQL语句 ] : insert into student_group_member values(2014220202005,5,'',0,1,0,1,1,0)
INFO: [ view_parse ] --START--
INFO: [ template_filter ] --START--
INFO: Run Behavior\ContentReplace [ RunTime:0.000120s ]
INFO: [ template_filter ] --END-- [ RunTime:0.000335s ]
NOTIC: [8] Undefined variable: login_url F:\web\CPS\Runtime\Cache\Student\02bf52a3a4298dbc7a1587d38def4195.php 第 38 行.
NOTIC: [8] Undefined index: course_name F:\web\CPS\Runtime\Cache\Student\02bf52a3a4298dbc7a1587d38def4195.php 第 68 行.
NOTIC: [8] Undefined index: project_name F:\web\CPS\Runtime\Cache\Student\02bf52a3a4298dbc7a1587d38def4195.php 第 69 行.
INFO: Run Behavior\ParseTemplate [ RunTime:0.023760s ]
INFO: [ view_parse ] --END-- [ RunTime:0.023970s ]
INFO: [ view_filter ] --START--
INFO: Run Behavior\WriteHtmlCache [ RunTime:0.001133s ]
INFO: [ view_filter ] --END-- [ RunTime:0.001338s ]
INFO: [ app_end ] --START--
INFO: Run Behavior\ShowPageTrace [ RunTime:0.001789s ]
INFO: [ app_end ] --END-- [ RunTime:0.002007s ]

[ 2016-10-17T15:26:52+08:00 ] ::1 /CPS/index.php/Student/Stu/team_info
INFO: [ app_begin ] --START--
INFO: Run Behavior\ReadHtmlCache [ RunTime:0.001715s ]
INFO: [ app_begin ] --END-- [ RunTime:0.003104s ]
SQL: SHOW COLUMNS FROM `student_group_member` [ RunTime:0.008865s ]
SQL: select student_message,student_message_status from student_group_member where student_id = 2014220202005 [ RunTime:0.000786s ]
SQL: SHOW COLUMNS FROM `course` [ RunTime:0.008783s ]
SQL: select  A.course_name,B.project_name,B.teacher_id,D.group_id from course as A,project as B,student_group_member as C,student_group as D,student as E where A.course_id=B.course_id and B.project_id=D.project_id and C.group_id=D.group_id and C.student_id=E.student_id and C.student_id = 2014220202007 [ RunTime:0.001289s ]
SQL: select A.student_id,A.student_name from student as A,student_group as B,student_group_member as C where A.student_id=C.student_id and B.group_id=C.group_id and C.is_available=1 and C.group_id = 3 [ RunTime:0.001333s ]
SQL: select  A.course_name,B.project_name,B.teacher_id,D.group_id from course as A,project as B,student_group_member as C,student_group as D,student as E where A.course_id=B.course_id and B.project_id=D.project_id and C.group_id=D.group_id and C.student_id=E.student_id and C.student_id =  [ RunTime:0.000430s ]
ERR: 1064:You have an error in your SQL syntax; check the manual that corresponds to your MySQL server version for the right syntax to use near '' at line 1
 [ SQL语句 ] : select  A.course_name,B.project_name,B.teacher_id,D.group_id from course as A,project as B,student_group_member as C,student_group as D,student as E where A.course_id=B.course_id and B.project_id=D.project_id and C.group_id=D.group_id and C.student_id=E.student_id and C.student_id = 
NOTIC: [2] Invalid argument supplied for foreach() F:\web\CPS\Student\Controller\StuController.class.php 第 141 行.
INFO: [ view_parse ] --START--
INFO: [ template_filter ] --START--
INFO: Run Behavior\ContentReplace [ RunTime:0.000154s ]
INFO: [ template_filter ] --END-- [ RunTime:0.000397s ]
NOTIC: [8] Undefined variable: login_url F:\web\CPS\Runtime\Cache\Student\7246cfb58932e9d69f095e6d85b7064f.php 第 38 行.
INFO: Run Behavior\ParseTemplate [ RunTime:0.024901s ]
INFO: [ view_parse ] --END-- [ RunTime:0.025117s ]
INFO: [ view_filter ] --START--
INFO: Run Behavior\WriteHtmlCache [ RunTime:0.000935s ]
INFO: [ view_filter ] --END-- [ RunTime:0.001146s ]
INFO: [ app_end ] --START--
INFO: Run Behavior\ShowPageTrace [ RunTime:0.001510s ]
INFO: [ app_end ] --END-- [ RunTime:0.001754s ]

[ 2016-10-17T15:26:54+08:00 ] ::1 /CPS/index.php/Student/Stu/myteam
INFO: [ app_begin ] --START--
INFO: Run Behavior\ReadHtmlCache [ RunTime:0.001765s ]
INFO: [ app_begin ] --END-- [ RunTime:0.003663s ]
SQL: SHOW COLUMNS FROM `student_group_member` [ RunTime:0.009792s ]
SQL: select student_message,student_message_status,group_id from student_group_member where student_id = 2014220202005 [ RunTime:0.000893s ]
SQL: SHOW COLUMNS FROM `course` [ RunTime:0.013217s ]
SQL: select  distinct E.student_id,E.student_name from student_group_member as C,student_group as D,student as E where  C.group_id=D.group_id and C.student_id=E.student_id and C.student_id = 2014220202007 [ RunTime:0.001301s ]
SQL: select  distinct E.student_id,E.student_name from student_group_member as C,student_group as D,student as E where  C.group_id=D.group_id and C.student_id=E.student_id and C.student_id =  [ RunTime:0.000530s ]
ERR: 1064:You have an error in your SQL syntax; check the manual that corresponds to your MySQL server version for the right syntax to use near '' at line 1
 [ SQL语句 ] : select  distinct E.student_id,E.student_name from student_group_member as C,student_group as D,student as E where  C.group_id=D.group_id and C.student_id=E.student_id and C.student_id = 
INFO: [ view_parse ] --START--
INFO: [ template_filter ] --START--
INFO: Run Behavior\ContentReplace [ RunTime:0.000150s ]
INFO: [ template_filter ] --END-- [ RunTime:0.000381s ]
NOTIC: [8] Undefined variable: login_url F:\web\CPS\Runtime\Cache\Student\02bf52a3a4298dbc7a1587d38def4195.php 第 38 行.
NOTIC: [8] Undefined index: course_name F:\web\CPS\Runtime\Cache\Student\02bf52a3a4298dbc7a1587d38def4195.php 第 68 行.
NOTIC: [8] Undefined index: project_name F:\web\CPS\Runtime\Cache\Student\02bf52a3a4298dbc7a1587d38def4195.php 第 69 行.
INFO: Run Behavior\ParseTemplate [ RunTime:0.022102s ]
INFO: [ view_parse ] --END-- [ RunTime:0.022367s ]
INFO: [ view_filter ] --START--
INFO: Run Behavior\WriteHtmlCache [ RunTime:0.001272s ]
INFO: [ view_filter ] --END-- [ RunTime:0.001494s ]
INFO: [ app_end ] --START--
INFO: Run Behavior\ShowPageTrace [ RunTime:0.001606s ]
INFO: [ app_end ] --END-- [ RunTime:0.001876s ]

[ 2016-10-17T15:26:59+08:00 ] ::1 /CPS/index.php/Student/Stu/team_manage
INFO: [ app_begin ] --START--
INFO: Run Behavior\ReadHtmlCache [ RunTime:0.002151s ]
INFO: [ app_begin ] --END-- [ RunTime:0.003352s ]
SQL: SHOW COLUMNS FROM `course` [ RunTime:0.008327s ]
SQL: select D.group_project_status,D.group_id,D.group_manage,C.is_groupLeader from student_group_member as C,student_group as D where C.group_id=D.group_id and C.student_id=2014220202005 [ RunTime:0.000915s ]
SQL: select A.student_id,A.student_name,C.is_groupLeader from student as A,student_group as B,student_group_member as C where A.student_id=C.student_id and B.group_id=C.group_id and C.is_available=1 and C.group_id = 5 [ RunTime:0.001484s ]
SQL: select A.student_id from student as A,student_group as B,student_group_member as C where A.student_id=C.student_id and B.group_id=C.group_id and C.is_available=1 and C.is_groupLeader=1 and C.group_id = 5 [ RunTime:0.001246s ]
SQL: select A.student_id,A.student_name,C.is_groupLeader from student as A,student_group as B,student_group_member as C where A.student_id=C.student_id and B.group_id=C.group_id and C.is_available=1 and C.group_id = 4 [ RunTime:0.001149s ]
SQL: select A.student_id from student as A,student_group as B,student_group_member as C where A.student_id=C.student_id and B.group_id=C.group_id and C.is_available=1 and C.is_groupLeader=1 and C.group_id = 4 [ RunTime:0.001024s ]
INFO: [ view_parse ] --START--
INFO: [ template_filter ] --START--
INFO: Run Behavior\ContentReplace [ RunTime:0.000136s ]
INFO: [ template_filter ] --END-- [ RunTime:0.000347s ]
NOTIC: [8] Undefined variable: button_disabled F:\web\CPS\Runtime\Cache\Student\b9146860cbe6309b8a9a621ad0ff6f28.php 第 78 行.
INFO: Run Behavior\ParseTemplate [ RunTime:0.025386s ]
INFO: [ view_parse ] --END-- [ RunTime:0.025773s ]
INFO: [ view_filter ] --START--
INFO: Run Behavior\WriteHtmlCache [ RunTime:0.000981s ]
INFO: [ view_filter ] --END-- [ RunTime:0.001192s ]
INFO: [ app_end ] --START--
INFO: Run Behavior\ShowPageTrace [ RunTime:0.001568s ]
INFO: [ app_end ] --END-- [ RunTime:0.001775s ]

[ 2016-10-17T15:27:03+08:00 ] ::1 /CPS/index.php/Student/Stu/team_manage
INFO: [ app_begin ] --START--
INFO: Run Behavior\ReadHtmlCache [ RunTime:0.001419s ]
INFO: [ app_begin ] --END-- [ RunTime:0.002581s ]
SQL: SHOW COLUMNS FROM `course` [ RunTime:0.009274s ]
SQL: select D.group_project_status,D.group_id,D.group_manage,C.is_groupLeader from student_group_member as C,student_group as D where C.group_id=D.group_id and C.student_id=2014220202005 [ RunTime:0.000906s ]
SQL: select A.student_id,A.student_name,C.is_groupLeader from student as A,student_group as B,student_group_member as C where A.student_id=C.student_id and B.group_id=C.group_id and C.is_available=1 and C.group_id = 5 [ RunTime:0.001264s ]
SQL: select A.student_id from student as A,student_group as B,student_group_member as C where A.student_id=C.student_id and B.group_id=C.group_id and C.is_available=1 and C.is_groupLeader=1 and C.group_id = 5 [ RunTime:0.001243s ]
SQL: select A.student_id,A.student_name,C.is_groupLeader from student as A,student_group as B,student_group_member as C where A.student_id=C.student_id and B.group_id=C.group_id and C.is_available=1 and C.group_id = 4 [ RunTime:0.001500s ]
SQL: select A.student_id from student as A,student_group as B,student_group_member as C where A.student_id=C.student_id and B.group_id=C.group_id and C.is_available=1 and C.is_groupLeader=1 and C.group_id = 4 [ RunTime:0.001378s ]
INFO: [ view_parse ] --START--
INFO: [ template_filter ] --START--
INFO: Run Behavior\ContentReplace [ RunTime:0.000140s ]
INFO: [ template_filter ] --END-- [ RunTime:0.000362s ]
NOTIC: [8] Undefined variable: button_disabled F:\web\CPS\Runtime\Cache\Student\b9146860cbe6309b8a9a621ad0ff6f28.php 第 78 行.
INFO: Run Behavior\ParseTemplate [ RunTime:0.027444s ]
INFO: [ view_parse ] --END-- [ RunTime:0.027673s ]
INFO: [ view_filter ] --START--
INFO: Run Behavior\WriteHtmlCache [ RunTime:0.001324s ]
INFO: [ view_filter ] --END-- [ RunTime:0.001554s ]
INFO: [ app_end ] --START--
INFO: Run Behavior\ShowPageTrace [ RunTime:0.001649s ]
INFO: [ app_end ] --END-- [ RunTime:0.001862s ]

[ 2016-10-17T15:27:10+08:00 ] ::1 /CPS/index.php/Student/Stu/myteam
INFO: [ app_begin ] --START--
INFO: Run Behavior\ReadHtmlCache [ RunTime:0.001996s ]
INFO: [ app_begin ] --END-- [ RunTime:0.003323s ]
SQL: SHOW COLUMNS FROM `student_group_member` [ RunTime:0.139942s ]
SQL: select student_message,student_message_status,group_id from student_group_member where student_id = 2014220202005 [ RunTime:0.000931s ]
SQL: SHOW COLUMNS FROM `course` [ RunTime:0.009389s ]
SQL: select  distinct E.student_id,E.student_name from student_group_member as C,student_group as D,student as E where  C.group_id=D.group_id and C.student_id=E.student_id and C.student_id = 2014220202007 [ RunTime:0.001224s ]
SQL: select  distinct E.student_id,E.student_name from student_group_member as C,student_group as D,student as E where  C.group_id=D.group_id and C.student_id=E.student_id and C.student_id =  [ RunTime:0.000675s ]
ERR: 1064:You have an error in your SQL syntax; check the manual that corresponds to your MySQL server version for the right syntax to use near '' at line 1
 [ SQL语句 ] : select  distinct E.student_id,E.student_name from student_group_member as C,student_group as D,student as E where  C.group_id=D.group_id and C.student_id=E.student_id and C.student_id = 
INFO: [ view_parse ] --START--
INFO: [ template_filter ] --START--
INFO: Run Behavior\ContentReplace [ RunTime:0.000117s ]
INFO: [ template_filter ] --END-- [ RunTime:0.000333s ]
NOTIC: [8] Undefined variable: login_url F:\web\CPS\Runtime\Cache\Student\02bf52a3a4298dbc7a1587d38def4195.php 第 38 行.
NOTIC: [8] Undefined index: course_name F:\web\CPS\Runtime\Cache\Student\02bf52a3a4298dbc7a1587d38def4195.php 第 68 行.
NOTIC: [8] Undefined index: project_name F:\web\CPS\Runtime\Cache\Student\02bf52a3a4298dbc7a1587d38def4195.php 第 69 行.
INFO: Run Behavior\ParseTemplate [ RunTime:0.025130s ]
INFO: [ view_parse ] --END-- [ RunTime:0.025364s ]
INFO: [ view_filter ] --START--
INFO: Run Behavior\WriteHtmlCache [ RunTime:0.001329s ]
INFO: [ view_filter ] --END-- [ RunTime:0.001531s ]
INFO: [ app_end ] --START--
INFO: Run Behavior\ShowPageTrace [ RunTime:0.001902s ]
INFO: [ app_end ] --END-- [ RunTime:0.002114s ]

[ 2016-10-17T15:27:15+08:00 ] ::1 /CPS/index.php/Student/Stu/team_manage
INFO: [ app_begin ] --START--
INFO: Run Behavior\ReadHtmlCache [ RunTime:0.001983s ]
INFO: [ app_begin ] --END-- [ RunTime:0.003405s ]
SQL: SHOW COLUMNS FROM `course` [ RunTime:0.009340s ]
SQL: select D.group_project_status,D.group_id,D.group_manage,C.is_groupLeader from student_group_member as C,student_group as D where C.group_id=D.group_id and C.student_id=2014220202005 [ RunTime:0.000973s ]
SQL: select A.student_id,A.student_name,C.is_groupLeader from student as A,student_group as B,student_group_member as C where A.student_id=C.student_id and B.group_id=C.group_id and C.is_available=1 and C.group_id = 5 [ RunTime:0.001274s ]
SQL: select A.student_id from student as A,student_group as B,student_group_member as C where A.student_id=C.student_id and B.group_id=C.group_id and C.is_available=1 and C.is_groupLeader=1 and C.group_id = 5 [ RunTime:0.001147s ]
SQL: select A.student_id,A.student_name,C.is_groupLeader from student as A,student_group as B,student_group_member as C where A.student_id=C.student_id and B.group_id=C.group_id and C.is_available=1 and C.group_id = 4 [ RunTime:0.001274s ]
SQL: select A.student_id from student as A,student_group as B,student_group_member as C where A.student_id=C.student_id and B.group_id=C.group_id and C.is_available=1 and C.is_groupLeader=1 and C.group_id = 4 [ RunTime:0.001212s ]
INFO: [ view_parse ] --START--
INFO: [ template_filter ] --START--
INFO: Run Behavior\ContentReplace [ RunTime:0.000159s ]
INFO: [ template_filter ] --END-- [ RunTime:0.000412s ]
NOTIC: [8] Undefined variable: button_disabled F:\web\CPS\Runtime\Cache\Student\b9146860cbe6309b8a9a621ad0ff6f28.php 第 78 行.
INFO: Run Behavior\ParseTemplate [ RunTime:0.029270s ]
INFO: [ view_parse ] --END-- [ RunTime:0.029493s ]
INFO: [ view_filter ] --START--
INFO: Run Behavior\WriteHtmlCache [ RunTime:0.001337s ]
INFO: [ view_filter ] --END-- [ RunTime:0.001546s ]
INFO: [ app_end ] --START--
INFO: Run Behavior\ShowPageTrace [ RunTime:0.001857s ]
INFO: [ app_end ] --END-- [ RunTime:0.002062s ]

[ 2016-10-17T15:27:41+08:00 ] ::1 /CPS/index.php/Student/Stu/myteam
INFO: [ app_begin ] --START--
INFO: Run Behavior\ReadHtmlCache [ RunTime:0.001857s ]
INFO: [ app_begin ] --END-- [ RunTime:0.003272s ]
SQL: SHOW COLUMNS FROM `student_group_member` [ RunTime:0.008865s ]
SQL: select student_message,student_message_status,group_id from student_group_member where student_id = 2014220202005 [ RunTime:0.000921s ]
SQL: SHOW COLUMNS FROM `course` [ RunTime:0.008957s ]
SQL: select  distinct E.student_id,E.student_name from student_group_member as C,student_group as D,student as E where  C.group_id=D.group_id and C.student_id=E.student_id and C.student_id = 2014220202007 [ RunTime:0.001214s ]
SQL: select  distinct E.student_id,E.student_name from student_group_member as C,student_group as D,student as E where  C.group_id=D.group_id and C.student_id=E.student_id and C.student_id =  [ RunTime:0.000458s ]
ERR: 1064:You have an error in your SQL syntax; check the manual that corresponds to your MySQL server version for the right syntax to use near '' at line 1
 [ SQL语句 ] : select  distinct E.student_id,E.student_name from student_group_member as C,student_group as D,student as E where  C.group_id=D.group_id and C.student_id=E.student_id and C.student_id = 
INFO: [ view_parse ] --START--
INFO: [ template_filter ] --START--
INFO: Run Behavior\ContentReplace [ RunTime:0.000116s ]
INFO: [ template_filter ] --END-- [ RunTime:0.000332s ]
NOTIC: [8] Undefined variable: login_url F:\web\CPS\Runtime\Cache\Student\02bf52a3a4298dbc7a1587d38def4195.php 第 38 行.
NOTIC: [8] Undefined index: course_name F:\web\CPS\Runtime\Cache\Student\02bf52a3a4298dbc7a1587d38def4195.php 第 68 行.
NOTIC: [8] Undefined index: project_name F:\web\CPS\Runtime\Cache\Student\02bf52a3a4298dbc7a1587d38def4195.php 第 69 行.
INFO: Run Behavior\ParseTemplate [ RunTime:0.025260s ]
INFO: [ view_parse ] --END-- [ RunTime:0.025477s ]
INFO: [ view_filter ] --START--
INFO: Run Behavior\WriteHtmlCache [ RunTime:0.001309s ]
INFO: [ view_filter ] --END-- [ RunTime:0.001518s ]
INFO: [ app_end ] --START--
INFO: Run Behavior\ShowPageTrace [ RunTime:0.001865s ]
INFO: [ app_end ] --END-- [ RunTime:0.002077s ]

[ 2016-10-17T15:27:46+08:00 ] ::1 /CPS/index.php/Student/Stu/myteam/invite_status/1
INFO: [ app_begin ] --START--
INFO: Run Behavior\ReadHtmlCache [ RunTime:0.001866s ]
INFO: [ app_begin ] --END-- [ RunTime:0.003191s ]
SQL: SHOW COLUMNS FROM `student_group_member` [ RunTime:0.009089s ]
SQL: select student_message,student_message_status,group_id from student_group_member where student_id = 2014220202005 [ RunTime:0.000771s ]
SQL: SHOW COLUMNS FROM `course` [ RunTime:0.009118s ]
SQL: select  distinct E.student_id,E.student_name from student_group_member as C,student_group as D,student as E where  C.group_id=D.group_id and C.student_id=E.student_id and C.student_id = 2014220202007 [ RunTime:0.001427s ]
SQL: insert into student_group_member values(2014220202005,5,'',0,1,0,1,1,0) [ RunTime:0.000616s ]
ERR: 1062:Duplicate entry '2014220202005-5' for key 'PRIMARY'
 [ SQL语句 ] : insert into student_group_member values(2014220202005,5,'',0,1,0,1,1,0)
SQL: select  distinct E.student_id,E.student_name from student_group_member as C,student_group as D,student as E where  C.group_id=D.group_id and C.student_id=E.student_id and C.student_id =  [ RunTime:0.000431s ]
ERR: 1064:You have an error in your SQL syntax; check the manual that corresponds to your MySQL server version for the right syntax to use near '' at line 1
 [ SQL语句 ] : select  distinct E.student_id,E.student_name from student_group_member as C,student_group as D,student as E where  C.group_id=D.group_id and C.student_id=E.student_id and C.student_id = 
SQL: insert into student_group_member values(2014220202005,5,'',0,1,0,1,1,0) [ RunTime:0.000553s ]
ERR: 1062:Duplicate entry '2014220202005-5' for key 'PRIMARY'
 [ SQL语句 ] : insert into student_group_member values(2014220202005,5,'',0,1,0,1,1,0)
INFO: [ view_parse ] --START--
INFO: [ template_filter ] --START--
INFO: Run Behavior\ContentReplace [ RunTime:0.000115s ]
INFO: [ template_filter ] --END-- [ RunTime:0.000335s ]
NOTIC: [8] Undefined variable: login_url F:\web\CPS\Runtime\Cache\Student\02bf52a3a4298dbc7a1587d38def4195.php 第 38 行.
NOTIC: [8] Undefined index: course_name F:\web\CPS\Runtime\Cache\Student\02bf52a3a4298dbc7a1587d38def4195.php 第 68 行.
NOTIC: [8] Undefined index: project_name F:\web\CPS\Runtime\Cache\Student\02bf52a3a4298dbc7a1587d38def4195.php 第 69 行.
INFO: Run Behavior\ParseTemplate [ RunTime:0.024665s ]
INFO: [ view_parse ] --END-- [ RunTime:0.024935s ]
INFO: [ view_filter ] --START--
INFO: Run Behavior\WriteHtmlCache [ RunTime:0.001343s ]
INFO: [ view_filter ] --END-- [ RunTime:0.001548s ]
INFO: [ app_end ] --START--
INFO: Run Behavior\ShowPageTrace [ RunTime:0.001913s ]
INFO: [ app_end ] --END-- [ RunTime:0.002159s ]

[ 2016-10-17T15:27:48+08:00 ] ::1 /CPS/index.php/Student/Stu/team_info
INFO: [ app_begin ] --START--
INFO: Run Behavior\ReadHtmlCache [ RunTime:0.001943s ]
INFO: [ app_begin ] --END-- [ RunTime:0.003435s ]
SQL: SHOW COLUMNS FROM `student_group_member` [ RunTime:0.009887s ]
SQL: select student_message,student_message_status from student_group_member where student_id = 2014220202005 [ RunTime:0.000899s ]
SQL: SHOW COLUMNS FROM `course` [ RunTime:0.008786s ]
SQL: select  A.course_name,B.project_name,B.teacher_id,D.group_id from course as A,project as B,student_group_member as C,student_group as D,student as E where A.course_id=B.course_id and B.project_id=D.project_id and C.group_id=D.group_id and C.student_id=E.student_id and C.student_id = 2014220202007 [ RunTime:0.001255s ]
SQL: select A.student_id,A.student_name from student as A,student_group as B,student_group_member as C where A.student_id=C.student_id and B.group_id=C.group_id and C.is_available=1 and C.group_id = 3 [ RunTime:0.001364s ]
SQL: select  A.course_name,B.project_name,B.teacher_id,D.group_id from course as A,project as B,student_group_member as C,student_group as D,student as E where A.course_id=B.course_id and B.project_id=D.project_id and C.group_id=D.group_id and C.student_id=E.student_id and C.student_id =  [ RunTime:0.000506s ]
ERR: 1064:You have an error in your SQL syntax; check the manual that corresponds to your MySQL server version for the right syntax to use near '' at line 1
 [ SQL语句 ] : select  A.course_name,B.project_name,B.teacher_id,D.group_id from course as A,project as B,student_group_member as C,student_group as D,student as E where A.course_id=B.course_id and B.project_id=D.project_id and C.group_id=D.group_id and C.student_id=E.student_id and C.student_id = 
NOTIC: [2] Invalid argument supplied for foreach() F:\web\CPS\Student\Controller\StuController.class.php 第 141 行.
INFO: [ view_parse ] --START--
INFO: [ template_filter ] --START--
INFO: Run Behavior\ContentReplace [ RunTime:0.000120s ]
INFO: [ template_filter ] --END-- [ RunTime:0.000337s ]
NOTIC: [8] Undefined variable: login_url F:\web\CPS\Runtime\Cache\Student\7246cfb58932e9d69f095e6d85b7064f.php 第 38 行.
INFO: Run Behavior\ParseTemplate [ RunTime:0.029347s ]
INFO: [ view_parse ] --END-- [ RunTime:0.029586s ]
INFO: [ view_filter ] --START--
INFO: Run Behavior\WriteHtmlCache [ RunTime:0.001403s ]
INFO: [ view_filter ] --END-- [ RunTime:0.001614s ]
INFO: [ app_end ] --START--
INFO: Run Behavior\ShowPageTrace [ RunTime:0.002995s ]
INFO: [ app_end ] --END-- [ RunTime:0.003219s ]

[ 2016-10-17T22:06:38+08:00 ] ::1 /CPS/index.php/Home/Login/login
INFO: [ app_begin ] --START--
INFO: Run Behavior\ReadHtmlCache [ RunTime:0.002164s ]
INFO: [ app_begin ] --END-- [ RunTime:0.003490s ]
INFO: [ view_parse ] --START--
INFO: [ template_filter ] --START--
INFO: Run Behavior\ContentReplace [ RunTime:0.000106s ]
INFO: [ template_filter ] --END-- [ RunTime:0.000322s ]
INFO: Run Behavior\ParseTemplate [ RunTime:0.020086s ]
INFO: [ view_parse ] --END-- [ RunTime:0.020344s ]
INFO: [ view_filter ] --START--
INFO: Run Behavior\WriteHtmlCache [ RunTime:0.001360s ]
INFO: [ view_filter ] --END-- [ RunTime:0.001601s ]
INFO: [ app_end ] --START--
INFO: Run Behavior\ShowPageTrace [ RunTime:0.001884s ]
INFO: [ app_end ] --END-- [ RunTime:0.002098s ]

[ 2016-10-17T22:06:38+08:00 ] ::1 /CPS/index.php/Home/Index/verify_c
INFO: [ app_begin ] --START--
INFO: Run Behavior\ReadHtmlCache [ RunTime:0.002246s ]
INFO: [ app_begin ] --END-- [ RunTime:0.003794s ]
INFO: [ app_end ] --START--
INFO: Run Behavior\ShowPageTrace [ RunTime:0.002662s ]
INFO: [ app_end ] --END-- [ RunTime:0.002958s ]

