[ 2016-11-17T11:08:40+08:00 ] ::1 /CPS/index.php/Home/Login/login
INFO: [ app_begin ] --START--
INFO: Run Behavior\ReadHtmlCache [ RunTime:0.002250s ]
INFO: [ app_begin ] --END-- [ RunTime:0.005252s ]
INFO: [ view_parse ] --START--
INFO: [ template_filter ] --START--
INFO: Run Behavior\ContentReplace [ RunTime:0.000037s ]
INFO: [ template_filter ] --END-- [ RunTime:0.000097s ]
INFO: Run Behavior\ParseTemplate [ RunTime:0.015533s ]
INFO: [ view_parse ] --END-- [ RunTime:0.015608s ]
INFO: [ view_filter ] --START--
INFO: Run Behavior\WriteHtmlCache [ RunTime:0.001798s ]
INFO: [ view_filter ] --END-- [ RunTime:0.001847s ]
INFO: [ app_end ] --START--
INFO: Run Behavior\ShowPageTrace [ RunTime:0.002974s ]
INFO: [ app_end ] --END-- [ RunTime:0.003090s ]

[ 2016-11-17T11:08:40+08:00 ] ::1 /CPS/index.php/Home/Index/verify_c
INFO: [ app_begin ] --START--
INFO: Run Behavior\ReadHtmlCache [ RunTime:0.002194s ]
INFO: [ app_begin ] --END-- [ RunTime:0.003518s ]
INFO: [ app_end ] --START--
INFO: Run Behavior\ShowPageTrace [ RunTime:0.002624s ]
INFO: [ app_end ] --END-- [ RunTime:0.002763s ]

[ 2016-11-17T11:09:23+08:00 ] ::1 /CPS/index.php/Home/Login/login
INFO: [ app_begin ] --START--
INFO: Run Behavior\ReadHtmlCache [ RunTime:0.002256s ]
INFO: [ app_begin ] --END-- [ RunTime:0.003458s ]
INFO: [ view_parse ] --START--
INFO: [ template_filter ] --START--
INFO: Run Behavior\ContentReplace [ RunTime:0.000055s ]
INFO: [ template_filter ] --END-- [ RunTime:0.000141s ]
INFO: Run Behavior\ParseTemplate [ RunTime:0.015525s ]
INFO: [ view_parse ] --END-- [ RunTime:0.015617s ]
INFO: [ view_filter ] --START--
INFO: Run Behavior\WriteHtmlCache [ RunTime:0.001673s ]
INFO: [ view_filter ] --END-- [ RunTime:0.001752s ]
INFO: [ app_end ] --START--
INFO: Run Behavior\ShowPageTrace [ RunTime:0.002114s ]
INFO: [ app_end ] --END-- [ RunTime:0.002196s ]

[ 2016-11-17T11:09:23+08:00 ] ::1 /CPS/index.php/Home/Index/verify_c
INFO: [ app_begin ] --START--
INFO: Run Behavior\ReadHtmlCache [ RunTime:0.003832s ]
INFO: [ app_begin ] --END-- [ RunTime:0.005700s ]
INFO: [ app_end ] --START--
INFO: Run Behavior\ShowPageTrace [ RunTime:0.004736s ]
INFO: [ app_end ] --END-- [ RunTime:0.004854s ]

[ 2016-11-17T11:11:32+08:00 ] ::1 /CPS/index.php/Manager/manage/course_info
INFO: [ app_begin ] --START--
INFO: Run Behavior\ReadHtmlCache [ RunTime:0.003964s ]
INFO: [ app_begin ] --END-- [ RunTime:0.005274s ]
ERR: 非法操作:course_info

[ 2016-11-17T11:11:36+08:00 ] ::1 /CPS/index.php/Manager/Manage/course_info
INFO: [ app_begin ] --START--
INFO: Run Behavior\ReadHtmlCache [ RunTime:0.001385s ]
INFO: [ app_begin ] --END-- [ RunTime:0.002101s ]
ERR: 非法操作:course_info

[ 2016-11-17T11:11:46+08:00 ] ::1 /CPS/index.php/Manager/Manage/manage_info
INFO: [ app_begin ] --START--
INFO: Run Behavior\ReadHtmlCache [ RunTime:0.004105s ]
INFO: [ app_begin ] --END-- [ RunTime:0.005861s ]
SQL: SHOW COLUMNS FROM `course` [ RunTime:0.017717s ]
SQL: SELECT * FROM `course`  [ RunTime:0.000895s ]
INFO: [ view_parse ] --START--
INFO: [ template_filter ] --START--
INFO: Run Behavior\ContentReplace [ RunTime:0.000037s ]
INFO: [ template_filter ] --END-- [ RunTime:0.000090s ]
NOTIC: [8] Undefined index: name C:\phpStudy\WWW\CPS\Runtime\Cache\Manager\c383dad8f70f590932ac18cab558edce.php 第 36 行.
INFO: Run Behavior\ParseTemplate [ RunTime:0.037424s ]
INFO: [ view_parse ] --END-- [ RunTime:0.037480s ]
INFO: [ view_filter ] --START--
INFO: Run Behavior\WriteHtmlCache [ RunTime:0.001515s ]
INFO: [ view_filter ] --END-- [ RunTime:0.001573s ]
INFO: [ app_end ] --START--
INFO: Run Behavior\ShowPageTrace [ RunTime:0.001816s ]
INFO: [ app_end ] --END-- [ RunTime:0.001874s ]

[ 2016-11-17T11:12:26+08:00 ] ::1 /CPS/index.php/Manager/Manage/edit_file
INFO: [ app_begin ] --START--
INFO: Run Behavior\ReadHtmlCache [ RunTime:0.002289s ]
INFO: [ app_begin ] --END-- [ RunTime:0.003443s ]
INFO: [ view_parse ] --START--
INFO: [ template_filter ] --START--
INFO: Run Behavior\ContentReplace [ RunTime:0.000074s ]
INFO: [ template_filter ] --END-- [ RunTime:0.000168s ]
NOTIC: [8] Undefined index: name C:\phpStudy\WWW\CPS\Runtime\Cache\Manager\544d5dea1648146f6e6f1a625acdf369.php 第 36 行.
NOTIC: [8] Undefined variable: login_url C:\phpStudy\WWW\CPS\Runtime\Cache\Manager\544d5dea1648146f6e6f1a625acdf369.php 第 39 行.
INFO: Run Behavior\ParseTemplate [ RunTime:0.051631s ]
INFO: [ view_parse ] --END-- [ RunTime:0.051697s ]
INFO: [ view_filter ] --START--
INFO: Run Behavior\WriteHtmlCache [ RunTime:0.001469s ]
INFO: [ view_filter ] --END-- [ RunTime:0.001525s ]
INFO: [ app_end ] --START--
INFO: Run Behavior\ShowPageTrace [ RunTime:0.001450s ]
INFO: [ app_end ] --END-- [ RunTime:0.001516s ]

[ 2016-11-17T11:16:33+08:00 ] ::1 /CPS/index.php/Manager/Manage/manage_info
INFO: [ app_begin ] --START--
INFO: Run Behavior\ReadHtmlCache [ RunTime:0.002569s ]
INFO: [ app_begin ] --END-- [ RunTime:0.003662s ]
SQL: SHOW COLUMNS FROM `course` [ RunTime:0.015265s ]
SQL: SELECT * FROM `course`  [ RunTime:0.000610s ]
INFO: [ view_parse ] --START--
INFO: [ template_filter ] --START--
INFO: Run Behavior\ContentReplace [ RunTime:0.000059s ]
INFO: [ template_filter ] --END-- [ RunTime:0.000151s ]
NOTIC: [8] Undefined index: name C:\phpStudy\WWW\CPS\Runtime\Cache\Manager\c383dad8f70f590932ac18cab558edce.php 第 36 行.
INFO: Run Behavior\ParseTemplate [ RunTime:0.025153s ]
INFO: [ view_parse ] --END-- [ RunTime:0.025251s ]
INFO: [ view_filter ] --START--
INFO: Run Behavior\WriteHtmlCache [ RunTime:0.001827s ]
INFO: [ view_filter ] --END-- [ RunTime:0.001900s ]
INFO: [ app_end ] --START--
INFO: Run Behavior\ShowPageTrace [ RunTime:0.002603s ]
INFO: [ app_end ] --END-- [ RunTime:0.002715s ]

[ 2016-11-17T11:16:36+08:00 ] ::1 /CPS/index.php/Manager/Manage/check_group/course_id/1
INFO: [ app_begin ] --START--
INFO: Run Behavior\ReadHtmlCache [ RunTime:0.003427s ]
INFO: [ app_begin ] --END-- [ RunTime:0.004994s ]
SQL: SHOW COLUMNS FROM `course` [ RunTime:0.016799s ]
SQL: SELECT * FROM `course` WHERE ( course_id = '1' )  [ RunTime:0.043331s ]
SQL: SHOW COLUMNS FROM `reply` [ RunTime:0.020869s ]
SQL: SELECT `reply_group_id`,`group_leader_id` FROM `reply` WHERE ( course_id = '1' )  [ RunTime:0.001071s ]
SQL: SHOW COLUMNS FROM `reply_member` [ RunTime:0.022768s ]
SQL: SHOW COLUMNS FROM `reply_member` [ RunTime:0.017466s ]
SQL: SELECT B.teacher_id,B.teacher_name FROM reply_member as A,teacher as B WHERE ( A.teacher_id=B.teacher_id and A.reply_group_id = '1' )  [ RunTime:0.030636s ]
SQL: SHOW COLUMNS FROM `reply_member` [ RunTime:0.017744s ]
SQL: SELECT B.teacher_id,B.teacher_name FROM reply_member as A,teacher as B WHERE ( A.teacher_id=B.teacher_id and A.reply_group_id = '3' )  [ RunTime:0.000976s ]
SQL: SHOW COLUMNS FROM `reply_member` [ RunTime:0.016627s ]
SQL: SELECT B.teacher_id,B.teacher_name FROM reply_member as A,teacher as B WHERE ( A.teacher_id=B.teacher_id and A.reply_group_id = '4' )  [ RunTime:0.001318s ]
SQL: SHOW COLUMNS FROM `reply_member` [ RunTime:0.018754s ]
SQL: SELECT B.teacher_id,B.teacher_name FROM reply_member as A,teacher as B WHERE ( A.teacher_id=B.teacher_id and A.reply_group_id = '5' )  [ RunTime:0.001197s ]
INFO: [ view_parse ] --START--
INFO: [ template_filter ] --START--
INFO: Run Behavior\ContentReplace [ RunTime:0.000053s ]
INFO: [ template_filter ] --END-- [ RunTime:0.000118s ]
NOTIC: [8] Undefined index: name C:\phpStudy\WWW\CPS\Runtime\Cache\Manager\31cfe24c155aff31d50463ea6830a4f2.php 第 36 行.
INFO: Run Behavior\ParseTemplate [ RunTime:0.026020s ]
INFO: [ view_parse ] --END-- [ RunTime:0.026093s ]
INFO: [ view_filter ] --START--
INFO: Run Behavior\WriteHtmlCache [ RunTime:0.002957s ]
INFO: [ view_filter ] --END-- [ RunTime:0.003040s ]
INFO: [ app_end ] --START--
INFO: Run Behavior\ShowPageTrace [ RunTime:0.004450s ]
INFO: [ app_end ] --END-- [ RunTime:0.004582s ]

[ 2016-11-17T11:16:38+08:00 ] ::1 /CPS/index.php/Manager/Manage/edit_group/course_id/1
INFO: [ app_begin ] --START--
INFO: Run Behavior\ReadHtmlCache [ RunTime:0.002317s ]
INFO: [ app_begin ] --END-- [ RunTime:0.003464s ]
SQL: SHOW COLUMNS FROM `course` [ RunTime:0.013250s ]
SQL: SELECT * FROM `course` WHERE ( course_id = '1' )  [ RunTime:0.000765s ]
SQL: SHOW COLUMNS FROM `teacher` [ RunTime:0.013055s ]
SQL: SELECT * FROM `teacher`  [ RunTime:0.000984s ]
INFO: [ view_parse ] --START--
INFO: [ template_filter ] --START--
INFO: Run Behavior\ContentReplace [ RunTime:0.000072s ]
INFO: [ template_filter ] --END-- [ RunTime:0.000163s ]
NOTIC: [8] Undefined index: name C:\phpStudy\WWW\CPS\Runtime\Cache\Manager\b3c2a5a0ad80b766ceaf63cc0207c703.php 第 36 行.
INFO: Run Behavior\ParseTemplate [ RunTime:0.024881s ]
INFO: [ view_parse ] --END-- [ RunTime:0.025004s ]
INFO: [ view_filter ] --START--
INFO: Run Behavior\WriteHtmlCache [ RunTime:0.001129s ]
INFO: [ view_filter ] --END-- [ RunTime:0.001228s ]
INFO: [ app_end ] --START--
INFO: Run Behavior\ShowPageTrace [ RunTime:0.002130s ]
INFO: [ app_end ] --END-- [ RunTime:0.002192s ]

[ 2016-11-17T11:17:06+08:00 ] ::1 /CPS/index.php/Manager/Manage/manage_info
INFO: [ app_begin ] --START--
INFO: Run Behavior\ReadHtmlCache [ RunTime:0.002189s ]
INFO: [ app_begin ] --END-- [ RunTime:0.003734s ]
SQL: SHOW COLUMNS FROM `course` [ RunTime:0.030891s ]
SQL: SELECT * FROM `course`  [ RunTime:0.001203s ]
INFO: [ view_parse ] --START--
INFO: [ template_filter ] --START--
INFO: Run Behavior\ContentReplace [ RunTime:0.000062s ]
INFO: [ template_filter ] --END-- [ RunTime:0.000147s ]
NOTIC: [8] Undefined index: name C:\phpStudy\WWW\CPS\Runtime\Cache\Manager\c383dad8f70f590932ac18cab558edce.php 第 36 行.
INFO: Run Behavior\ParseTemplate [ RunTime:0.018014s ]
INFO: [ view_parse ] --END-- [ RunTime:0.018120s ]
INFO: [ view_filter ] --START--
INFO: Run Behavior\WriteHtmlCache [ RunTime:0.001615s ]
INFO: [ view_filter ] --END-- [ RunTime:0.001696s ]
INFO: [ app_end ] --START--
INFO: Run Behavior\ShowPageTrace [ RunTime:0.002037s ]
INFO: [ app_end ] --END-- [ RunTime:0.002116s ]

[ 2016-11-17T11:17:10+08:00 ] ::1 /CPS/index.php/Manager/Manage/check_group/course_id/1
INFO: [ app_begin ] --START--
INFO: Run Behavior\ReadHtmlCache [ RunTime:0.002236s ]
INFO: [ app_begin ] --END-- [ RunTime:0.003284s ]
SQL: SHOW COLUMNS FROM `course` [ RunTime:0.063012s ]
SQL: SELECT * FROM `course` WHERE ( course_id = '1' )  [ RunTime:0.000499s ]
SQL: SHOW COLUMNS FROM `reply` [ RunTime:0.011281s ]
SQL: SELECT `reply_group_id`,`group_leader_id` FROM `reply` WHERE ( course_id = '1' )  [ RunTime:0.000440s ]
SQL: SHOW COLUMNS FROM `reply_member` [ RunTime:0.014019s ]
SQL: SHOW COLUMNS FROM `reply_member` [ RunTime:0.011541s ]
SQL: SELECT B.teacher_id,B.teacher_name FROM reply_member as A,teacher as B WHERE ( A.teacher_id=B.teacher_id and A.reply_group_id = '1' )  [ RunTime:0.000439s ]
SQL: SHOW COLUMNS FROM `reply_member` [ RunTime:0.017750s ]
SQL: SELECT B.teacher_id,B.teacher_name FROM reply_member as A,teacher as B WHERE ( A.teacher_id=B.teacher_id and A.reply_group_id = '3' )  [ RunTime:0.000673s ]
SQL: SHOW COLUMNS FROM `reply_member` [ RunTime:0.011926s ]
SQL: SELECT B.teacher_id,B.teacher_name FROM reply_member as A,teacher as B WHERE ( A.teacher_id=B.teacher_id and A.reply_group_id = '4' )  [ RunTime:0.000726s ]
SQL: SHOW COLUMNS FROM `reply_member` [ RunTime:0.042711s ]
SQL: SELECT B.teacher_id,B.teacher_name FROM reply_member as A,teacher as B WHERE ( A.teacher_id=B.teacher_id and A.reply_group_id = '5' )  [ RunTime:0.000563s ]
INFO: [ view_parse ] --START--
INFO: [ template_filter ] --START--
INFO: Run Behavior\ContentReplace [ RunTime:0.000089s ]
INFO: [ template_filter ] --END-- [ RunTime:0.000171s ]
NOTIC: [8] Undefined index: name C:\phpStudy\WWW\CPS\Runtime\Cache\Manager\31cfe24c155aff31d50463ea6830a4f2.php 第 36 行.
INFO: Run Behavior\ParseTemplate [ RunTime:0.015593s ]
INFO: [ view_parse ] --END-- [ RunTime:0.015657s ]
INFO: [ view_filter ] --START--
INFO: Run Behavior\WriteHtmlCache [ RunTime:0.001062s ]
INFO: [ view_filter ] --END-- [ RunTime:0.001109s ]
INFO: [ app_end ] --START--
INFO: Run Behavior\ShowPageTrace [ RunTime:0.002657s ]
INFO: [ app_end ] --END-- [ RunTime:0.002749s ]

