[ 2016-12-02T11:43:26+08:00 ] ::1 /CPS/index.php/Teacher/Professor/course_info
INFO: [ app_begin ] --START--
INFO: Run Behavior\ReadHtmlCache [ RunTime:0.037850s ]
INFO: [ app_begin ] --END-- [ RunTime:0.073670s ]
SQL: SHOW COLUMNS FROM `course` [ RunTime:0.889689s ]
SQL: SELECT * FROM `course`  [ RunTime:0.076868s ]
INFO: [ view_parse ] --START--
INFO: [ template_filter ] --START--
INFO: Run Behavior\ContentReplace [ RunTime:0.000195s ]
INFO: [ template_filter ] --END-- [ RunTime:0.000433s ]
NOTIC: [8] Undefined index: name D:\WWW\CPS\Runtime\Cache\Teacher\38a47f6d5eff378a3082d0d561077e75.php 第 36 行.
INFO: Run Behavior\ParseTemplate [ RunTime:1.608072s ]
INFO: [ view_parse ] --END-- [ RunTime:1.608300s ]
INFO: [ view_filter ] --START--
INFO: Run Behavior\WriteHtmlCache [ RunTime:0.204589s ]
INFO: [ view_filter ] --END-- [ RunTime:0.204972s ]
INFO: [ app_end ] --START--
INFO: Run Behavior\ShowPageTrace [ RunTime:0.136077s ]
INFO: [ app_end ] --END-- [ RunTime:0.136322s ]

[ 2016-12-02T11:43:37+08:00 ] ::1 /CPS/index.php/Teacher/Professor/course_info
INFO: [ app_begin ] --START--
INFO: Run Behavior\ReadHtmlCache [ RunTime:0.002613s ]
INFO: [ app_begin ] --END-- [ RunTime:0.004413s ]
SQL: SHOW COLUMNS FROM `course` [ RunTime:0.007758s ]
SQL: SELECT * FROM `course`  [ RunTime:0.002676s ]
INFO: [ view_parse ] --START--
INFO: [ template_filter ] --START--
INFO: Run Behavior\ContentReplace [ RunTime:0.000126s ]
INFO: [ template_filter ] --END-- [ RunTime:0.000293s ]
NOTIC: [8] Undefined index: name D:\WWW\CPS\Runtime\Cache\Teacher\38a47f6d5eff378a3082d0d561077e75.php 第 36 行.
INFO: Run Behavior\ParseTemplate [ RunTime:0.032559s ]
INFO: [ view_parse ] --END-- [ RunTime:0.032769s ]
INFO: [ view_filter ] --START--
INFO: Run Behavior\WriteHtmlCache [ RunTime:0.002126s ]
INFO: [ view_filter ] --END-- [ RunTime:0.002380s ]
INFO: [ app_end ] --START--
INFO: Run Behavior\ShowPageTrace [ RunTime:0.002899s ]
INFO: [ app_end ] --END-- [ RunTime:0.003101s ]

[ 2016-12-02T11:43:41+08:00 ] ::1 /CPS/index.php/Teacher/Professor/teacher_project_applied/course_id/1
INFO: [ app_begin ] --START--
INFO: Run Behavior\ReadHtmlCache [ RunTime:0.003939s ]
INFO: [ app_begin ] --END-- [ RunTime:0.006226s ]
SQL: SHOW COLUMNS FROM `project` [ RunTime:0.016514s ]
SQL: SHOW COLUMNS FROM `project` [ RunTime:0.004910s ]
SQL: SELECT A.project_id,A.teacher_id,A.project_name,A.project_status,A.main_project,B.teacher_name FROM project as A,teacher as B WHERE ( A.course_id = '1' and A.teacher_id = B.teacher_id )  [ RunTime:0.115911s ]
INFO: [ view_parse ] --START--
INFO: [ template_filter ] --START--
INFO: Run Behavior\ContentReplace [ RunTime:0.000287s ]
INFO: [ template_filter ] --END-- [ RunTime:0.000606s ]
NOTIC: [8] Undefined index: name D:\WWW\CPS\Runtime\Cache\Teacher\d87291beb2cb32d723b2ac80bc4fff85.php 第 36 行.
INFO: Run Behavior\ParseTemplate [ RunTime:0.155522s ]
INFO: [ view_parse ] --END-- [ RunTime:0.155763s ]
INFO: [ view_filter ] --START--
INFO: Run Behavior\WriteHtmlCache [ RunTime:0.002868s ]
INFO: [ view_filter ] --END-- [ RunTime:0.003056s ]
INFO: [ app_end ] --START--
INFO: Run Behavior\ShowPageTrace [ RunTime:0.004669s ]
INFO: [ app_end ] --END-- [ RunTime:0.004921s ]

[ 2016-12-02T11:43:52+08:00 ] ::1 /CPS/index.php/Teacher/Professor/course_info
INFO: [ app_begin ] --START--
INFO: Run Behavior\ReadHtmlCache [ RunTime:0.001505s ]
INFO: [ app_begin ] --END-- [ RunTime:0.002625s ]
SQL: SHOW COLUMNS FROM `course` [ RunTime:0.003045s ]
SQL: SELECT * FROM `course`  [ RunTime:0.001612s ]
INFO: [ view_parse ] --START--
INFO: [ template_filter ] --START--
INFO: Run Behavior\ContentReplace [ RunTime:0.000082s ]
INFO: [ template_filter ] --END-- [ RunTime:0.000186s ]
NOTIC: [8] Undefined index: name D:\WWW\CPS\Runtime\Cache\Teacher\38a47f6d5eff378a3082d0d561077e75.php 第 36 行.
INFO: Run Behavior\ParseTemplate [ RunTime:0.017812s ]
INFO: [ view_parse ] --END-- [ RunTime:0.017917s ]
INFO: [ view_filter ] --START--
INFO: Run Behavior\WriteHtmlCache [ RunTime:0.000795s ]
INFO: [ view_filter ] --END-- [ RunTime:0.000888s ]
INFO: [ app_end ] --START--
INFO: Run Behavior\ShowPageTrace [ RunTime:0.001641s ]
INFO: [ app_end ] --END-- [ RunTime:0.001751s ]

[ 2016-12-02T11:43:54+08:00 ] ::1 /CPS/index.php/Teacher/Professor/apply_subject/course_name/%E7%BB%BC%E5%90%88%E8%AF%BE%E7%A8%8B%E8%AE%BE%E8%AE%A11
INFO: [ app_begin ] --START--
INFO: Run Behavior\ReadHtmlCache [ RunTime:0.001762s ]
INFO: [ app_begin ] --END-- [ RunTime:0.002909s ]
SQL: SHOW COLUMNS FROM `course` [ RunTime:0.003154s ]
SQL: SELECT `course_id` FROM `course` WHERE ( course_name = '综合课程设计1' )  [ RunTime:0.001932s ]
INFO: [ view_parse ] --START--
INFO: [ template_filter ] --START--
INFO: Run Behavior\ContentReplace [ RunTime:0.000145s ]
INFO: [ template_filter ] --END-- [ RunTime:0.000338s ]
NOTIC: [8] Undefined index: name D:\WWW\CPS\Runtime\Cache\Teacher\878bf2d67a6dfa8b60fcf7746365b32d.php 第 36 行.
INFO: Run Behavior\ParseTemplate [ RunTime:0.106429s ]
INFO: [ view_parse ] --END-- [ RunTime:0.106584s ]
INFO: [ view_filter ] --START--
INFO: Run Behavior\WriteHtmlCache [ RunTime:0.000862s ]
INFO: [ view_filter ] --END-- [ RunTime:0.000961s ]
INFO: [ app_end ] --START--
INFO: Run Behavior\ShowPageTrace [ RunTime:0.001494s ]
INFO: [ app_end ] --END-- [ RunTime:0.001602s ]

[ 2016-12-02T11:43:56+08:00 ] ::1 /CPS/index.php/Teacher/Professor/course_info
INFO: [ app_begin ] --START--
INFO: Run Behavior\ReadHtmlCache [ RunTime:0.001480s ]
INFO: [ app_begin ] --END-- [ RunTime:0.002569s ]
SQL: SHOW COLUMNS FROM `course` [ RunTime:0.003534s ]
SQL: SELECT * FROM `course`  [ RunTime:0.002148s ]
INFO: [ view_parse ] --START--
INFO: [ template_filter ] --START--
INFO: Run Behavior\ContentReplace [ RunTime:0.000096s ]
INFO: [ template_filter ] --END-- [ RunTime:0.000226s ]
NOTIC: [8] Undefined index: name D:\WWW\CPS\Runtime\Cache\Teacher\38a47f6d5eff378a3082d0d561077e75.php 第 36 行.
INFO: Run Behavior\ParseTemplate [ RunTime:0.021433s ]
INFO: [ view_parse ] --END-- [ RunTime:0.021595s ]
INFO: [ view_filter ] --START--
INFO: Run Behavior\WriteHtmlCache [ RunTime:0.000833s ]
INFO: [ view_filter ] --END-- [ RunTime:0.000937s ]
INFO: [ app_end ] --START--
INFO: Run Behavior\ShowPageTrace [ RunTime:0.001570s ]
INFO: [ app_end ] --END-- [ RunTime:0.001696s ]

[ 2016-12-02T11:43:57+08:00 ] ::1 /CPS/index.php/Teacher/Professor/my_replyGroup/course_id/1
INFO: [ app_begin ] --START--
INFO: Run Behavior\ReadHtmlCache [ RunTime:0.001797s ]
INFO: [ app_begin ] --END-- [ RunTime:0.003163s ]
INFO: [ view_parse ] --START--
INFO: [ template_filter ] --START--
INFO: Run Behavior\ContentReplace [ RunTime:0.000106s ]
INFO: [ template_filter ] --END-- [ RunTime:0.000244s ]
NOTIC: [8] Undefined index: name D:\WWW\CPS\Runtime\Cache\Teacher\9b882f26fdb5b7b44a5ef9e4234a68a1.php 第 36 行.
NOTIC: [8] Undefined variable: login_url D:\WWW\CPS\Runtime\Cache\Teacher\9b882f26fdb5b7b44a5ef9e4234a68a1.php 第 39 行.
INFO: Run Behavior\ParseTemplate [ RunTime:0.121941s ]
INFO: [ view_parse ] --END-- [ RunTime:0.122080s ]
INFO: [ view_filter ] --START--
INFO: Run Behavior\WriteHtmlCache [ RunTime:0.001070s ]
INFO: [ view_filter ] --END-- [ RunTime:0.001186s ]
INFO: [ app_end ] --START--
INFO: Run Behavior\ShowPageTrace [ RunTime:0.001671s ]
INFO: [ app_end ] --END-- [ RunTime:0.001784s ]

