[ 2016-11-07T21:43:45+08:00 ] ::1 /CPS/index.php/Manager/Manage/manage_info
INFO: [ app_begin ] --START--
INFO: Run Behavior\ReadHtmlCache [ RunTime:0.005626s ]
INFO: [ app_begin ] --END-- [ RunTime:0.011456s ]
SQL: SHOW COLUMNS FROM `course` [ RunTime:0.090730s ]
SQL: SELECT * FROM `course`  [ RunTime:0.065751s ]
INFO: [ view_parse ] --START--
INFO: [ template_filter ] --START--
INFO: Run Behavior\ContentReplace [ RunTime:0.000164s ]
INFO: [ template_filter ] --END-- [ RunTime:0.000400s ]
NOTIC: [8] Undefined index: name D:\WWW\CPS\Runtime\Cache\Manager\b2e21d1919f93d16faa134e79d8c3954.php 第 36 行.
INFO: Run Behavior\ParseTemplate [ RunTime:0.071095s ]
INFO: [ view_parse ] --END-- [ RunTime:0.071404s ]
INFO: [ view_filter ] --START--
INFO: Run Behavior\WriteHtmlCache [ RunTime:0.006046s ]
INFO: [ view_filter ] --END-- [ RunTime:0.006317s ]
INFO: [ app_end ] --START--
INFO: Run Behavior\ShowPageTrace [ RunTime:0.006187s ]
INFO: [ app_end ] --END-- [ RunTime:0.006534s ]

[ 2016-11-07T21:52:31+08:00 ] ::1 /CPS/index.php/Teacher/Professor/reply
INFO: [ app_begin ] --START--
INFO: Run Behavior\ReadHtmlCache [ RunTime:0.004988s ]
INFO: [ app_begin ] --END-- [ RunTime:0.008069s ]
INFO: [ view_parse ] --START--
NOTIC: [2] file_get_contents(D:/WWW/CPS/Teacher/View/Tab/tab_group.html): failed to open stream: No such file or directory D:\WWW\ThinkPHP\Library\Think\Template.class.php 第 696 行.
INFO: [ template_filter ] --START--
INFO: Run Behavior\ContentReplace [ RunTime:0.000150s ]
INFO: [ template_filter ] --END-- [ RunTime:0.000344s ]
NOTIC: [8] Undefined index: name D:\WWW\CPS\Runtime\Cache\Teacher\abcb165c317980f164805fd8744deda9.php 第 36 行.
NOTIC: [8] Undefined variable: login_url D:\WWW\CPS\Runtime\Cache\Teacher\abcb165c317980f164805fd8744deda9.php 第 39 行.
NOTIC: [8] Undefined variable: course_info D:\WWW\CPS\Runtime\Cache\Teacher\abcb165c317980f164805fd8744deda9.php 第 59 行.
NOTIC: [8] Undefined variable: reply_group_info D:\WWW\CPS\Runtime\Cache\Teacher\abcb165c317980f164805fd8744deda9.php 第 82 行.
INFO: Run Behavior\ParseTemplate [ RunTime:0.107650s ]
INFO: [ view_parse ] --END-- [ RunTime:0.107869s ]
INFO: [ view_filter ] --START--
INFO: Run Behavior\WriteHtmlCache [ RunTime:0.003135s ]
INFO: [ view_filter ] --END-- [ RunTime:0.003316s ]
INFO: [ app_end ] --START--
INFO: Run Behavior\ShowPageTrace [ RunTime:0.004958s ]
INFO: [ app_end ] --END-- [ RunTime:0.005201s ]

[ 2016-11-07T21:59:44+08:00 ] ::1 /CPS/index.php/Teacher/Professor/reply
INFO: [ app_begin ] --START--
INFO: Run Behavior\ReadHtmlCache [ RunTime:0.006208s ]
INFO: [ app_begin ] --END-- [ RunTime:0.010047s ]
ERR: 非法操作:reply

[ 2016-11-07T21:59:53+08:00 ] ::1 /CPS/index.php/Teacher/Professor/my_replyGroup
INFO: [ app_begin ] --START--
INFO: Run Behavior\ReadHtmlCache [ RunTime:0.006672s ]
INFO: [ app_begin ] --END-- [ RunTime:0.009941s ]
INFO: [ view_parse ] --START--
NOTIC: [2] file_get_contents(D:/WWW/CPS/Teacher/View/Tab/tab_group.html): failed to open stream: No such file or directory D:\WWW\ThinkPHP\Library\Think\Template.class.php 第 696 行.
INFO: [ template_filter ] --START--
INFO: Run Behavior\ContentReplace [ RunTime:0.000128s ]
INFO: [ template_filter ] --END-- [ RunTime:0.000333s ]
NOTIC: [8] Undefined index: name D:\WWW\CPS\Runtime\Cache\Teacher\9b882f26fdb5b7b44a5ef9e4234a68a1.php 第 36 行.
NOTIC: [8] Undefined variable: login_url D:\WWW\CPS\Runtime\Cache\Teacher\9b882f26fdb5b7b44a5ef9e4234a68a1.php 第 39 行.
INFO: Run Behavior\ParseTemplate [ RunTime:0.053887s ]
INFO: [ view_parse ] --END-- [ RunTime:0.054133s ]
INFO: [ view_filter ] --START--
INFO: Run Behavior\WriteHtmlCache [ RunTime:0.004176s ]
INFO: [ view_filter ] --END-- [ RunTime:0.004425s ]
INFO: [ app_end ] --START--
INFO: Run Behavior\ShowPageTrace [ RunTime:0.004425s ]
INFO: [ app_end ] --END-- [ RunTime:0.004641s ]

[ 2016-11-07T22:00:08+08:00 ] ::1 /CPS/index.php/Teacher/Professor/my_replyGroup
INFO: [ app_begin ] --START--
INFO: Run Behavior\ReadHtmlCache [ RunTime:0.004939s ]
INFO: [ app_begin ] --END-- [ RunTime:0.010375s ]
INFO: [ view_parse ] --START--
NOTIC: [2] file_get_contents(D:/WWW/CPS/Teacher/View/Tab/tab_group.html): failed to open stream: No such file or directory D:\WWW\ThinkPHP\Library\Think\Template.class.php 第 696 行.
INFO: [ template_filter ] --START--
INFO: Run Behavior\ContentReplace [ RunTime:0.000122s ]
INFO: [ template_filter ] --END-- [ RunTime:0.000338s ]
NOTIC: [8] Undefined index: name D:\WWW\CPS\Runtime\Cache\Teacher\9b882f26fdb5b7b44a5ef9e4234a68a1.php 第 36 行.
NOTIC: [8] Undefined variable: login_url D:\WWW\CPS\Runtime\Cache\Teacher\9b882f26fdb5b7b44a5ef9e4234a68a1.php 第 39 行.
INFO: Run Behavior\ParseTemplate [ RunTime:0.038509s ]
INFO: [ view_parse ] --END-- [ RunTime:0.038695s ]
INFO: [ view_filter ] --START--
INFO: Run Behavior\WriteHtmlCache [ RunTime:0.003441s ]
INFO: [ view_filter ] --END-- [ RunTime:0.003685s ]
INFO: [ app_end ] --START--
INFO: Run Behavior\ShowPageTrace [ RunTime:0.009241s ]
INFO: [ app_end ] --END-- [ RunTime:0.009516s ]

[ 2016-11-07T22:02:26+08:00 ] ::1 /CPS/index.php/Teacher/Professor/my_replyGroup
INFO: [ app_begin ] --START--
INFO: Run Behavior\ReadHtmlCache [ RunTime:0.004632s ]
INFO: [ app_begin ] --END-- [ RunTime:0.008691s ]
INFO: [ view_parse ] --START--
NOTIC: [2] file_get_contents(D:/WWW/CPS/Teacher/View/Tab/tab_group.html): failed to open stream: No such file or directory D:\WWW\ThinkPHP\Library\Think\Template.class.php 第 696 行.
INFO: [ template_filter ] --START--
INFO: Run Behavior\ContentReplace [ RunTime:0.000249s ]
INFO: [ template_filter ] --END-- [ RunTime:0.000774s ]
NOTIC: [8] Undefined index: name D:\WWW\CPS\Runtime\Cache\Teacher\9b882f26fdb5b7b44a5ef9e4234a68a1.php 第 36 行.
NOTIC: [8] Undefined variable: login_url D:\WWW\CPS\Runtime\Cache\Teacher\9b882f26fdb5b7b44a5ef9e4234a68a1.php 第 39 行.
INFO: Run Behavior\ParseTemplate [ RunTime:0.182995s ]
INFO: [ view_parse ] --END-- [ RunTime:0.183290s ]
INFO: [ view_filter ] --START--
INFO: Run Behavior\WriteHtmlCache [ RunTime:0.008018s ]
INFO: [ view_filter ] --END-- [ RunTime:0.008645s ]
INFO: [ app_end ] --START--
INFO: Run Behavior\ShowPageTrace [ RunTime:0.006208s ]
INFO: [ app_end ] --END-- [ RunTime:0.006570s ]

[ 2016-11-07T22:03:21+08:00 ] ::1 /CPS/index.php/Teacher/Professor/my_replyGroup
INFO: [ app_begin ] --START--
INFO: Run Behavior\ReadHtmlCache [ RunTime:0.005069s ]
INFO: [ app_begin ] --END-- [ RunTime:0.010826s ]
INFO: [ view_parse ] --START--
NOTIC: [2] file_get_contents(D:/WWW/CPS/Teacher/View/Tab/tab_group.html): failed to open stream: No such file or directory D:\WWW\ThinkPHP\Library\Think\Template.class.php 第 696 行.
INFO: [ template_filter ] --START--
INFO: Run Behavior\ContentReplace [ RunTime:0.000504s ]
INFO: [ template_filter ] --END-- [ RunTime:0.001091s ]
NOTIC: [8] Undefined index: name D:\WWW\CPS\Runtime\Cache\Teacher\9b882f26fdb5b7b44a5ef9e4234a68a1.php 第 36 行.
NOTIC: [8] Undefined variable: login_url D:\WWW\CPS\Runtime\Cache\Teacher\9b882f26fdb5b7b44a5ef9e4234a68a1.php 第 39 行.
INFO: Run Behavior\ParseTemplate [ RunTime:0.076635s ]
INFO: [ view_parse ] --END-- [ RunTime:0.078310s ]
INFO: [ view_filter ] --START--
INFO: Run Behavior\WriteHtmlCache [ RunTime:0.004649s ]
INFO: [ view_filter ] --END-- [ RunTime:0.005426s ]
INFO: [ app_end ] --START--
INFO: Run Behavior\ShowPageTrace [ RunTime:0.009459s ]
INFO: [ app_end ] --END-- [ RunTime:0.009764s ]

[ 2016-11-07T22:03:41+08:00 ] ::1 /CPS/index.php/Teacher/Professor/my_replyGroup
INFO: [ app_begin ] --START--
INFO: Run Behavior\ReadHtmlCache [ RunTime:0.005075s ]
INFO: [ app_begin ] --END-- [ RunTime:0.007916s ]
INFO: [ view_parse ] --START--
NOTIC: [2] file_get_contents(D:/WWW/CPS/Teacher/View/Tab/tab_group.html): failed to open stream: No such file or directory D:\WWW\ThinkPHP\Library\Think\Template.class.php 第 696 行.
INFO: [ template_filter ] --START--
INFO: Run Behavior\ContentReplace [ RunTime:0.000706s ]
INFO: [ template_filter ] --END-- [ RunTime:0.001036s ]
NOTIC: [8] Undefined index: name D:\WWW\CPS\Runtime\Cache\Teacher\9b882f26fdb5b7b44a5ef9e4234a68a1.php 第 36 行.
NOTIC: [8] Undefined variable: login_url D:\WWW\CPS\Runtime\Cache\Teacher\9b882f26fdb5b7b44a5ef9e4234a68a1.php 第 39 行.
INFO: Run Behavior\ParseTemplate [ RunTime:0.091061s ]
INFO: [ view_parse ] --END-- [ RunTime:0.091394s ]
INFO: [ view_filter ] --START--
INFO: Run Behavior\WriteHtmlCache [ RunTime:0.003966s ]
INFO: [ view_filter ] --END-- [ RunTime:0.004297s ]
INFO: [ app_end ] --START--
INFO: Run Behavior\ShowPageTrace [ RunTime:0.008206s ]
INFO: [ app_end ] --END-- [ RunTime:0.008543s ]

[ 2016-11-07T22:07:13+08:00 ] ::1 /CPS/index.php/Teacher/Professor/my_replyGroup
INFO: [ app_begin ] --START--
INFO: Run Behavior\ReadHtmlCache [ RunTime:0.007563s ]
INFO: [ app_begin ] --END-- [ RunTime:0.011616s ]
INFO: [ view_parse ] --START--
NOTIC: [2] file_get_contents(D:/WWW/CPS/Teacher/View/Tab/tab_group.html): failed to open stream: No such file or directory D:\WWW\ThinkPHP\Library\Think\Template.class.php 第 696 行.
INFO: [ template_filter ] --START--
INFO: Run Behavior\ContentReplace [ RunTime:0.000170s ]
INFO: [ template_filter ] --END-- [ RunTime:0.000383s ]
NOTIC: [8] Undefined index: name D:\WWW\CPS\Runtime\Cache\Teacher\9b882f26fdb5b7b44a5ef9e4234a68a1.php 第 36 行.
NOTIC: [8] Undefined variable: login_url D:\WWW\CPS\Runtime\Cache\Teacher\9b882f26fdb5b7b44a5ef9e4234a68a1.php 第 39 行.
INFO: Run Behavior\ParseTemplate [ RunTime:0.165273s ]
INFO: [ view_parse ] --END-- [ RunTime:0.165495s ]
INFO: [ view_filter ] --START--
INFO: Run Behavior\WriteHtmlCache [ RunTime:0.004387s ]
INFO: [ view_filter ] --END-- [ RunTime:0.004574s ]
INFO: [ app_end ] --START--
INFO: Run Behavior\ShowPageTrace [ RunTime:0.005717s ]
INFO: [ app_end ] --END-- [ RunTime:0.005907s ]

[ 2016-11-07T22:08:20+08:00 ] ::1 /CPS/index.php/Teacher/Professor/allocate_task
INFO: [ app_begin ] --START--
INFO: Run Behavior\ReadHtmlCache [ RunTime:0.007605s ]
INFO: [ app_begin ] --END-- [ RunTime:0.011017s ]
INFO: [ view_parse ] --START--
NOTIC: [2] file_get_contents(D:/WWW/CPS/Teacher/View/Tab/tab_group.html): failed to open stream: No such file or directory D:\WWW\ThinkPHP\Library\Think\Template.class.php 第 696 行.
INFO: [ template_filter ] --START--
INFO: Run Behavior\ContentReplace [ RunTime:0.000170s ]
INFO: [ template_filter ] --END-- [ RunTime:0.000426s ]
NOTIC: [8] Undefined index: name D:\WWW\CPS\Runtime\Cache\Teacher\edbbe618eadb94d15d5736c92e37c4e1.php 第 36 行.
NOTIC: [8] Undefined variable: login_url D:\WWW\CPS\Runtime\Cache\Teacher\edbbe618eadb94d15d5736c92e37c4e1.php 第 39 行.
NOTIC: [8] Undefined variable: apply_project_url D:\WWW\CPS\Runtime\Cache\Teacher\edbbe618eadb94d15d5736c92e37c4e1.php 第 50 行.
NOTIC: [8] Undefined variable: course_name D:\WWW\CPS\Runtime\Cache\Teacher\edbbe618eadb94d15d5736c92e37c4e1.php 第 52 行.
NOTIC: [8] Undefined variable: project_name D:\WWW\CPS\Runtime\Cache\Teacher\edbbe618eadb94d15d5736c92e37c4e1.php 第 54 行.
NOTIC: [8] Undefined variable: project_id D:\WWW\CPS\Runtime\Cache\Teacher\edbbe618eadb94d15d5736c92e37c4e1.php 第 56 行.
NOTIC: [8] Undefined variable: apply_id D:\WWW\CPS\Runtime\Cache\Teacher\edbbe618eadb94d15d5736c92e37c4e1.php 第 57 行.
NOTIC: [8] Undefined variable: apply_group_id D:\WWW\CPS\Runtime\Cache\Teacher\edbbe618eadb94d15d5736c92e37c4e1.php 第 61 行.
INFO: Run Behavior\ParseTemplate [ RunTime:0.114107s ]
INFO: [ view_parse ] --END-- [ RunTime:0.114343s ]
INFO: [ view_filter ] --START--
INFO: Run Behavior\WriteHtmlCache [ RunTime:0.002583s ]
INFO: [ view_filter ] --END-- [ RunTime:0.002851s ]
INFO: [ app_end ] --START--
INFO: Run Behavior\ShowPageTrace [ RunTime:0.004531s ]
INFO: [ app_end ] --END-- [ RunTime:0.004836s ]

[ 2016-11-07T22:08:43+08:00 ] ::1 /CPS/index.php/Teacher/Professor/allocate_task
INFO: [ app_begin ] --START--
INFO: Run Behavior\ReadHtmlCache [ RunTime:0.004435s ]
INFO: [ app_begin ] --END-- [ RunTime:0.007638s ]
INFO: [ view_parse ] --START--
NOTIC: [2] file_get_contents(D:/WWW/CPS/Teacher/View/Tab/tab_group.html): failed to open stream: No such file or directory D:\WWW\ThinkPHP\Library\Think\Template.class.php 第 696 行.
INFO: [ template_filter ] --START--
INFO: Run Behavior\ContentReplace [ RunTime:0.000144s ]
INFO: [ template_filter ] --END-- [ RunTime:0.000332s ]
NOTIC: [8] Undefined index: name D:\WWW\CPS\Runtime\Cache\Teacher\edbbe618eadb94d15d5736c92e37c4e1.php 第 36 行.
NOTIC: [8] Undefined variable: login_url D:\WWW\CPS\Runtime\Cache\Teacher\edbbe618eadb94d15d5736c92e37c4e1.php 第 39 行.
NOTIC: [8] Undefined variable: apply_project_url D:\WWW\CPS\Runtime\Cache\Teacher\edbbe618eadb94d15d5736c92e37c4e1.php 第 50 行.
NOTIC: [8] Undefined variable: course_name D:\WWW\CPS\Runtime\Cache\Teacher\edbbe618eadb94d15d5736c92e37c4e1.php 第 52 行.
NOTIC: [8] Undefined variable: project_name D:\WWW\CPS\Runtime\Cache\Teacher\edbbe618eadb94d15d5736c92e37c4e1.php 第 54 行.
NOTIC: [8] Undefined variable: project_id D:\WWW\CPS\Runtime\Cache\Teacher\edbbe618eadb94d15d5736c92e37c4e1.php 第 56 行.
NOTIC: [8] Undefined variable: apply_id D:\WWW\CPS\Runtime\Cache\Teacher\edbbe618eadb94d15d5736c92e37c4e1.php 第 57 行.
NOTIC: [8] Undefined variable: apply_group_id D:\WWW\CPS\Runtime\Cache\Teacher\edbbe618eadb94d15d5736c92e37c4e1.php 第 61 行.
INFO: Run Behavior\ParseTemplate [ RunTime:0.042771s ]
INFO: [ view_parse ] --END-- [ RunTime:0.043173s ]
INFO: [ view_filter ] --START--
INFO: Run Behavior\WriteHtmlCache [ RunTime:0.004349s ]
INFO: [ view_filter ] --END-- [ RunTime:0.004638s ]
INFO: [ app_end ] --START--
INFO: Run Behavior\ShowPageTrace [ RunTime:0.004634s ]
INFO: [ app_end ] --END-- [ RunTime:0.004897s ]

[ 2016-11-07T22:10:53+08:00 ] ::1 /CPS/index.php/Teacher/Professor/allocate_task
INFO: [ app_begin ] --START--
INFO: Run Behavior\ReadHtmlCache [ RunTime:0.005475s ]
INFO: [ app_begin ] --END-- [ RunTime:0.008545s ]
INFO: [ view_parse ] --START--
NOTIC: [2] file_get_contents(D:/WWW/CPS/Teacher/View/Tab/tab_group.html): failed to open stream: No such file or directory D:\WWW\ThinkPHP\Library\Think\Template.class.php 第 696 行.
INFO: [ template_filter ] --START--
INFO: Run Behavior\ContentReplace [ RunTime:0.000222s ]
INFO: [ template_filter ] --END-- [ RunTime:0.000499s ]
NOTIC: [8] Undefined index: name D:\WWW\CPS\Runtime\Cache\Teacher\edbbe618eadb94d15d5736c92e37c4e1.php 第 36 行.
NOTIC: [8] Undefined variable: login_url D:\WWW\CPS\Runtime\Cache\Teacher\edbbe618eadb94d15d5736c92e37c4e1.php 第 39 行.
NOTIC: [8] Undefined variable: apply_project_url D:\WWW\CPS\Runtime\Cache\Teacher\edbbe618eadb94d15d5736c92e37c4e1.php 第 50 行.
INFO: Run Behavior\ParseTemplate [ RunTime:0.052535s ]
INFO: [ view_parse ] --END-- [ RunTime:0.052879s ]
INFO: [ view_filter ] --START--
INFO: Run Behavior\WriteHtmlCache [ RunTime:0.004810s ]
INFO: [ view_filter ] --END-- [ RunTime:0.005292s ]
INFO: [ app_end ] --START--
INFO: Run Behavior\ShowPageTrace [ RunTime:0.006794s ]
INFO: [ app_end ] --END-- [ RunTime:0.007086s ]

[ 2016-11-07T22:14:15+08:00 ] ::1 /CPS/index.php/Teacher/Professor/allocate_task
INFO: [ app_begin ] --START--
INFO: Run Behavior\ReadHtmlCache [ RunTime:0.006209s ]
INFO: [ app_begin ] --END-- [ RunTime:0.012254s ]
INFO: [ view_parse ] --START--
NOTIC: [2] file_get_contents(D:/WWW/CPS/Teacher/View/Tab/tab_group.html): failed to open stream: No such file or directory D:\WWW\ThinkPHP\Library\Think\Template.class.php 第 696 行.
INFO: [ template_filter ] --START--
INFO: Run Behavior\ContentReplace [ RunTime:0.000546s ]
INFO: [ template_filter ] --END-- [ RunTime:0.001409s ]
NOTIC: [8] Undefined index: name D:\WWW\CPS\Runtime\Cache\Teacher\edbbe618eadb94d15d5736c92e37c4e1.php 第 36 行.
NOTIC: [8] Undefined variable: login_url D:\WWW\CPS\Runtime\Cache\Teacher\edbbe618eadb94d15d5736c92e37c4e1.php 第 39 行.
NOTIC: [8] Undefined variable: apply_project_url D:\WWW\CPS\Runtime\Cache\Teacher\edbbe618eadb94d15d5736c92e37c4e1.php 第 50 行.
INFO: Run Behavior\ParseTemplate [ RunTime:0.069910s ]
INFO: [ view_parse ] --END-- [ RunTime:0.070205s ]
INFO: [ view_filter ] --START--
INFO: Run Behavior\WriteHtmlCache [ RunTime:0.006749s ]
INFO: [ view_filter ] --END-- [ RunTime:0.007032s ]
INFO: [ app_end ] --START--
INFO: Run Behavior\ShowPageTrace [ RunTime:0.008516s ]
INFO: [ app_end ] --END-- [ RunTime:0.008794s ]

[ 2016-11-07T22:14:43+08:00 ] ::1 /CPS/index.php/Teacher/Professor/allocate_task
INFO: [ app_begin ] --START--
INFO: Run Behavior\ReadHtmlCache [ RunTime:0.009241s ]
INFO: [ app_begin ] --END-- [ RunTime:0.012936s ]
INFO: [ view_parse ] --START--
NOTIC: [2] file_get_contents(D:/WWW/CPS/Teacher/View/Tab/tab_group.html): failed to open stream: No such file or directory D:\WWW\ThinkPHP\Library\Think\Template.class.php 第 696 行.
INFO: [ template_filter ] --START--
INFO: Run Behavior\ContentReplace [ RunTime:0.000214s ]
INFO: [ template_filter ] --END-- [ RunTime:0.000552s ]
NOTIC: [8] Undefined index: name D:\WWW\CPS\Runtime\Cache\Teacher\edbbe618eadb94d15d5736c92e37c4e1.php 第 36 行.
NOTIC: [8] Undefined variable: login_url D:\WWW\CPS\Runtime\Cache\Teacher\edbbe618eadb94d15d5736c92e37c4e1.php 第 39 行.
NOTIC: [8] Undefined variable: apply_project_url D:\WWW\CPS\Runtime\Cache\Teacher\edbbe618eadb94d15d5736c92e37c4e1.php 第 50 行.
INFO: Run Behavior\ParseTemplate [ RunTime:0.108180s ]
INFO: [ view_parse ] --END-- [ RunTime:0.108530s ]
INFO: [ view_filter ] --START--
INFO: Run Behavior\WriteHtmlCache [ RunTime:0.005291s ]
INFO: [ view_filter ] --END-- [ RunTime:0.005598s ]
INFO: [ app_end ] --START--
INFO: Run Behavior\ShowPageTrace [ RunTime:0.008562s ]
INFO: [ app_end ] --END-- [ RunTime:0.008868s ]

[ 2016-11-07T22:14:57+08:00 ] ::1 /CPS/index.php/Teacher/Professor/allocate_task
INFO: [ app_begin ] --START--
INFO: Run Behavior\ReadHtmlCache [ RunTime:0.004473s ]
INFO: [ app_begin ] --END-- [ RunTime:0.007146s ]
INFO: [ view_parse ] --START--
NOTIC: [2] file_get_contents(D:/WWW/CPS/Teacher/View/Tab/tab_group.html): failed to open stream: No such file or directory D:\WWW\ThinkPHP\Library\Think\Template.class.php 第 696 行.
INFO: [ template_filter ] --START--
INFO: Run Behavior\ContentReplace [ RunTime:0.000125s ]
INFO: [ template_filter ] --END-- [ RunTime:0.000356s ]
NOTIC: [8] Undefined index: name D:\WWW\CPS\Runtime\Cache\Teacher\edbbe618eadb94d15d5736c92e37c4e1.php 第 36 行.
NOTIC: [8] Undefined variable: login_url D:\WWW\CPS\Runtime\Cache\Teacher\edbbe618eadb94d15d5736c92e37c4e1.php 第 39 行.
NOTIC: [8] Undefined variable: apply_project_url D:\WWW\CPS\Runtime\Cache\Teacher\edbbe618eadb94d15d5736c92e37c4e1.php 第 50 行.
INFO: Run Behavior\ParseTemplate [ RunTime:0.038676s ]
INFO: [ view_parse ] --END-- [ RunTime:0.038883s ]
INFO: [ view_filter ] --START--
INFO: Run Behavior\WriteHtmlCache [ RunTime:0.002474s ]
INFO: [ view_filter ] --END-- [ RunTime:0.002716s ]
INFO: [ app_end ] --START--
INFO: Run Behavior\ShowPageTrace [ RunTime:0.005942s ]
INFO: [ app_end ] --END-- [ RunTime:0.006456s ]

[ 2016-11-07T22:16:10+08:00 ] ::1 /CPS/index.php/Teacher/Professor/my_replyGroup
INFO: [ app_begin ] --START--
INFO: Run Behavior\ReadHtmlCache [ RunTime:0.017473s ]
INFO: [ app_begin ] --END-- [ RunTime:0.027284s ]
INFO: [ view_parse ] --START--
NOTIC: [2] file_get_contents(D:/WWW/CPS/Teacher/View/Tab/tab_group.html): failed to open stream: No such file or directory D:\WWW\ThinkPHP\Library\Think\Template.class.php 第 696 行.
INFO: [ template_filter ] --START--
INFO: Run Behavior\ContentReplace [ RunTime:0.000226s ]
INFO: [ template_filter ] --END-- [ RunTime:0.000510s ]
NOTIC: [8] Undefined index: name D:\WWW\CPS\Runtime\Cache\Teacher\9b882f26fdb5b7b44a5ef9e4234a68a1.php 第 36 行.
NOTIC: [8] Undefined variable: login_url D:\WWW\CPS\Runtime\Cache\Teacher\9b882f26fdb5b7b44a5ef9e4234a68a1.php 第 39 行.
NOTIC: [8] Undefined variable: teamMember_url D:\WWW\CPS\Runtime\Cache\Teacher\9b882f26fdb5b7b44a5ef9e4234a68a1.php 第 95 行.
NOTIC: [8] Undefined variable: v D:\WWW\CPS\Runtime\Cache\Teacher\9b882f26fdb5b7b44a5ef9e4234a68a1.php 第 98 行.
INFO: Run Behavior\ParseTemplate [ RunTime:0.121075s ]
INFO: [ view_parse ] --END-- [ RunTime:0.121394s ]
INFO: [ view_filter ] --START--
INFO: Run Behavior\WriteHtmlCache [ RunTime:0.009280s ]
INFO: [ view_filter ] --END-- [ RunTime:0.010131s ]
INFO: [ app_end ] --START--
INFO: Run Behavior\ShowPageTrace [ RunTime:0.008390s ]
INFO: [ app_end ] --END-- [ RunTime:0.008769s ]

[ 2016-11-07T22:16:22+08:00 ] ::1 /CPS/index.php/Teacher/Professor/my_replyGroup
INFO: [ app_begin ] --START--
INFO: Run Behavior\ReadHtmlCache [ RunTime:0.019603s ]
INFO: [ app_begin ] --END-- [ RunTime:0.027160s ]
INFO: [ view_parse ] --START--
NOTIC: [2] file_get_contents(D:/WWW/CPS/Teacher/View/Tab/tab_group.html): failed to open stream: No such file or directory D:\WWW\ThinkPHP\Library\Think\Template.class.php 第 696 行.
INFO: [ template_filter ] --START--
INFO: Run Behavior\ContentReplace [ RunTime:0.000153s ]
INFO: [ template_filter ] --END-- [ RunTime:0.000372s ]
NOTIC: [8] Undefined index: name D:\WWW\CPS\Runtime\Cache\Teacher\9b882f26fdb5b7b44a5ef9e4234a68a1.php 第 36 行.
NOTIC: [8] Undefined variable: login_url D:\WWW\CPS\Runtime\Cache\Teacher\9b882f26fdb5b7b44a5ef9e4234a68a1.php 第 39 行.
NOTIC: [8] Undefined variable: teamMember_url D:\WWW\CPS\Runtime\Cache\Teacher\9b882f26fdb5b7b44a5ef9e4234a68a1.php 第 95 行.
NOTIC: [8] Undefined variable: v D:\WWW\CPS\Runtime\Cache\Teacher\9b882f26fdb5b7b44a5ef9e4234a68a1.php 第 98 行.
INFO: Run Behavior\ParseTemplate [ RunTime:0.047120s ]
INFO: [ view_parse ] --END-- [ RunTime:0.047358s ]
INFO: [ view_filter ] --START--
INFO: Run Behavior\WriteHtmlCache [ RunTime:0.002419s ]
INFO: [ view_filter ] --END-- [ RunTime:0.002795s ]
INFO: [ app_end ] --START--
INFO: Run Behavior\ShowPageTrace [ RunTime:0.003729s ]
INFO: [ app_end ] --END-- [ RunTime:0.004075s ]

[ 2016-11-07T22:17:04+08:00 ] ::1 /CPS/index.php/Teacher/Professor/my_replyGroup
INFO: [ app_begin ] --START--
INFO: Run Behavior\ReadHtmlCache [ RunTime:0.006151s ]
INFO: [ app_begin ] --END-- [ RunTime:0.012426s ]
INFO: [ view_parse ] --START--
NOTIC: [2] file_get_contents(D:/WWW/CPS/Teacher/View/Tab/tab_group.html): failed to open stream: No such file or directory D:\WWW\ThinkPHP\Library\Think\Template.class.php 第 696 行.
INFO: [ template_filter ] --START--
INFO: Run Behavior\ContentReplace [ RunTime:0.001206s ]
INFO: [ template_filter ] --END-- [ RunTime:0.001799s ]
NOTIC: [8] Undefined index: name D:\WWW\CPS\Runtime\Cache\Teacher\9b882f26fdb5b7b44a5ef9e4234a68a1.php 第 36 行.
NOTIC: [8] Undefined variable: login_url D:\WWW\CPS\Runtime\Cache\Teacher\9b882f26fdb5b7b44a5ef9e4234a68a1.php 第 39 行.
INFO: Run Behavior\ParseTemplate [ RunTime:0.077122s ]
INFO: [ view_parse ] --END-- [ RunTime:0.077682s ]
INFO: [ view_filter ] --START--
INFO: Run Behavior\WriteHtmlCache [ RunTime:0.002259s ]
INFO: [ view_filter ] --END-- [ RunTime:0.004523s ]
INFO: [ app_end ] --START--
INFO: Run Behavior\ShowPageTrace [ RunTime:0.011277s ]
INFO: [ app_end ] --END-- [ RunTime:0.011935s ]

[ 2016-11-07T22:18:10+08:00 ] ::1 /CPS/index.php/Teacher/Professor/my_replyGroup
INFO: [ app_begin ] --START--
INFO: Run Behavior\ReadHtmlCache [ RunTime:0.006613s ]
INFO: [ app_begin ] --END-- [ RunTime:0.011277s ]
INFO: [ view_parse ] --START--
NOTIC: [2] file_get_contents(D:/WWW/CPS/Teacher/View/Tab/tab_group.html): failed to open stream: No such file or directory D:\WWW\ThinkPHP\Library\Think\Template.class.php 第 696 行.
INFO: [ template_filter ] --START--
INFO: Run Behavior\ContentReplace [ RunTime:0.000238s ]
INFO: [ template_filter ] --END-- [ RunTime:0.000539s ]
NOTIC: [8] Undefined index: name D:\WWW\CPS\Runtime\Cache\Teacher\9b882f26fdb5b7b44a5ef9e4234a68a1.php 第 36 行.
NOTIC: [8] Undefined variable: login_url D:\WWW\CPS\Runtime\Cache\Teacher\9b882f26fdb5b7b44a5ef9e4234a68a1.php 第 39 行.
INFO: Run Behavior\ParseTemplate [ RunTime:0.081716s ]
INFO: [ view_parse ] --END-- [ RunTime:0.082018s ]
INFO: [ view_filter ] --START--
INFO: Run Behavior\WriteHtmlCache [ RunTime:0.007119s ]
INFO: [ view_filter ] --END-- [ RunTime:0.007540s ]
INFO: [ app_end ] --START--
INFO: Run Behavior\ShowPageTrace [ RunTime:0.009553s ]
INFO: [ app_end ] --END-- [ RunTime:0.009924s ]

[ 2016-11-07T22:18:28+08:00 ] ::1 /CPS/index.php/Teacher/Professor/my_replyGroup
INFO: [ app_begin ] --START--
INFO: Run Behavior\ReadHtmlCache [ RunTime:0.008694s ]
INFO: [ app_begin ] --END-- [ RunTime:0.015875s ]
INFO: [ view_parse ] --START--
NOTIC: [2] file_get_contents(D:/WWW/CPS/Teacher/View/Tab/tab_group.html): failed to open stream: No such file or directory D:\WWW\ThinkPHP\Library\Think\Template.class.php 第 696 行.
INFO: [ template_filter ] --START--
INFO: Run Behavior\ContentReplace [ RunTime:0.000266s ]
INFO: [ template_filter ] --END-- [ RunTime:0.000586s ]
NOTIC: [8] Undefined index: name D:\WWW\CPS\Runtime\Cache\Teacher\9b882f26fdb5b7b44a5ef9e4234a68a1.php 第 36 行.
NOTIC: [8] Undefined variable: login_url D:\WWW\CPS\Runtime\Cache\Teacher\9b882f26fdb5b7b44a5ef9e4234a68a1.php 第 39 行.
INFO: Run Behavior\ParseTemplate [ RunTime:0.067075s ]
INFO: [ view_parse ] --END-- [ RunTime:0.067558s ]
INFO: [ view_filter ] --START--
INFO: Run Behavior\WriteHtmlCache [ RunTime:0.005066s ]
INFO: [ view_filter ] --END-- [ RunTime:0.005504s ]
INFO: [ app_end ] --START--
INFO: Run Behavior\ShowPageTrace [ RunTime:0.007408s ]
INFO: [ app_end ] --END-- [ RunTime:0.007727s ]

[ 2016-11-07T22:18:41+08:00 ] ::1 /CPS/index.php/Teacher/Professor/my_replyGroup
INFO: [ app_begin ] --START--
INFO: Run Behavior\ReadHtmlCache [ RunTime:0.004188s ]
INFO: [ app_begin ] --END-- [ RunTime:0.007082s ]
INFO: [ view_parse ] --START--
NOTIC: [2] file_get_contents(D:/WWW/CPS/Teacher/View/Tab/tab_group.html): failed to open stream: No such file or directory D:\WWW\ThinkPHP\Library\Think\Template.class.php 第 696 行.
INFO: [ template_filter ] --START--
INFO: Run Behavior\ContentReplace [ RunTime:0.000204s ]
INFO: [ template_filter ] --END-- [ RunTime:0.000419s ]
NOTIC: [8] Undefined index: name D:\WWW\CPS\Runtime\Cache\Teacher\9b882f26fdb5b7b44a5ef9e4234a68a1.php 第 36 行.
NOTIC: [8] Undefined variable: login_url D:\WWW\CPS\Runtime\Cache\Teacher\9b882f26fdb5b7b44a5ef9e4234a68a1.php 第 39 行.
INFO: Run Behavior\ParseTemplate [ RunTime:0.035756s ]
INFO: [ view_parse ] --END-- [ RunTime:0.036017s ]
INFO: [ view_filter ] --START--
INFO: Run Behavior\WriteHtmlCache [ RunTime:0.001966s ]
INFO: [ view_filter ] --END-- [ RunTime:0.002210s ]
INFO: [ app_end ] --START--
INFO: Run Behavior\ShowPageTrace [ RunTime:0.006760s ]
INFO: [ app_end ] --END-- [ RunTime:0.007003s ]

[ 2016-11-07T22:18:58+08:00 ] ::1 /CPS/index.php/Teacher/Professor/my_replyGroup
INFO: [ app_begin ] --START--
INFO: Run Behavior\ReadHtmlCache [ RunTime:0.005093s ]
INFO: [ app_begin ] --END-- [ RunTime:0.007939s ]
INFO: [ view_parse ] --START--
NOTIC: [2] file_get_contents(D:/WWW/CPS/Teacher/View/Tab/tab_group.html): failed to open stream: No such file or directory D:\WWW\ThinkPHP\Library\Think\Template.class.php 第 696 行.
INFO: [ template_filter ] --START--
INFO: Run Behavior\ContentReplace [ RunTime:0.001125s ]
INFO: [ template_filter ] --END-- [ RunTime:0.003174s ]
NOTIC: [8] Undefined index: name D:\WWW\CPS\Runtime\Cache\Teacher\9b882f26fdb5b7b44a5ef9e4234a68a1.php 第 36 行.
NOTIC: [8] Undefined variable: login_url D:\WWW\CPS\Runtime\Cache\Teacher\9b882f26fdb5b7b44a5ef9e4234a68a1.php 第 39 行.
INFO: Run Behavior\ParseTemplate [ RunTime:0.049482s ]
INFO: [ view_parse ] --END-- [ RunTime:0.049816s ]
INFO: [ view_filter ] --START--
INFO: Run Behavior\WriteHtmlCache [ RunTime:0.002497s ]
INFO: [ view_filter ] --END-- [ RunTime:0.002699s ]
INFO: [ app_end ] --START--
INFO: Run Behavior\ShowPageTrace [ RunTime:0.009351s ]
INFO: [ app_end ] --END-- [ RunTime:0.009801s ]

[ 2016-11-07T22:19:16+08:00 ] ::1 /CPS/index.php/Teacher/Professor/my_replyGroup
INFO: [ app_begin ] --START--
INFO: Run Behavior\ReadHtmlCache [ RunTime:0.003644s ]
INFO: [ app_begin ] --END-- [ RunTime:0.008145s ]
INFO: [ view_parse ] --START--
NOTIC: [2] file_get_contents(D:/WWW/CPS/Teacher/View/Tab/tab_group.html): failed to open stream: No such file or directory D:\WWW\ThinkPHP\Library\Think\Template.class.php 第 696 行.
INFO: [ template_filter ] --START--
INFO: Run Behavior\ContentReplace [ RunTime:0.000130s ]
INFO: [ template_filter ] --END-- [ RunTime:0.000301s ]
NOTIC: [8] Undefined index: name D:\WWW\CPS\Runtime\Cache\Teacher\9b882f26fdb5b7b44a5ef9e4234a68a1.php 第 36 行.
NOTIC: [8] Undefined variable: login_url D:\WWW\CPS\Runtime\Cache\Teacher\9b882f26fdb5b7b44a5ef9e4234a68a1.php 第 39 行.
INFO: Run Behavior\ParseTemplate [ RunTime:0.035614s ]
INFO: [ view_parse ] --END-- [ RunTime:0.035834s ]
INFO: [ view_filter ] --START--
INFO: Run Behavior\WriteHtmlCache [ RunTime:0.002170s ]
INFO: [ view_filter ] --END-- [ RunTime:0.002344s ]
INFO: [ app_end ] --START--
INFO: Run Behavior\ShowPageTrace [ RunTime:0.002614s ]
INFO: [ app_end ] --END-- [ RunTime:0.002803s ]

[ 2016-11-07T22:19:27+08:00 ] ::1 /CPS/index.php/Teacher/Professor/my_replyGroup
INFO: [ app_begin ] --START--
INFO: Run Behavior\ReadHtmlCache [ RunTime:0.004833s ]
INFO: [ app_begin ] --END-- [ RunTime:0.009318s ]
INFO: [ view_parse ] --START--
NOTIC: [2] file_get_contents(D:/WWW/CPS/Teacher/View/Tab/tab_group.html): failed to open stream: No such file or directory D:\WWW\ThinkPHP\Library\Think\Template.class.php 第 696 行.
INFO: [ template_filter ] --START--
INFO: Run Behavior\ContentReplace [ RunTime:0.000253s ]
INFO: [ template_filter ] --END-- [ RunTime:0.000566s ]
NOTIC: [8] Undefined index: name D:\WWW\CPS\Runtime\Cache\Teacher\9b882f26fdb5b7b44a5ef9e4234a68a1.php 第 36 行.
NOTIC: [8] Undefined variable: login_url D:\WWW\CPS\Runtime\Cache\Teacher\9b882f26fdb5b7b44a5ef9e4234a68a1.php 第 39 行.
INFO: Run Behavior\ParseTemplate [ RunTime:0.057864s ]
INFO: [ view_parse ] --END-- [ RunTime:0.058157s ]
INFO: [ view_filter ] --START--
INFO: Run Behavior\WriteHtmlCache [ RunTime:0.003222s ]
INFO: [ view_filter ] --END-- [ RunTime:0.003523s ]
INFO: [ app_end ] --START--
INFO: Run Behavior\ShowPageTrace [ RunTime:0.005126s ]
INFO: [ app_end ] --END-- [ RunTime:0.005473s ]

[ 2016-11-07T22:19:38+08:00 ] ::1 /CPS/index.php/Teacher/Professor/my_replyGroup
INFO: [ app_begin ] --START--
INFO: Run Behavior\ReadHtmlCache [ RunTime:0.003233s ]
INFO: [ app_begin ] --END-- [ RunTime:0.006584s ]
INFO: [ view_parse ] --START--
NOTIC: [2] file_get_contents(D:/WWW/CPS/Teacher/View/Tab/tab_group.html): failed to open stream: No such file or directory D:\WWW\ThinkPHP\Library\Think\Template.class.php 第 696 行.
INFO: [ template_filter ] --START--
INFO: Run Behavior\ContentReplace [ RunTime:0.000244s ]
INFO: [ template_filter ] --END-- [ RunTime:0.000541s ]
NOTIC: [8] Undefined index: name D:\WWW\CPS\Runtime\Cache\Teacher\9b882f26fdb5b7b44a5ef9e4234a68a1.php 第 36 行.
NOTIC: [8] Undefined variable: login_url D:\WWW\CPS\Runtime\Cache\Teacher\9b882f26fdb5b7b44a5ef9e4234a68a1.php 第 39 行.
INFO: Run Behavior\ParseTemplate [ RunTime:0.054142s ]
INFO: [ view_parse ] --END-- [ RunTime:0.054492s ]
INFO: [ view_filter ] --START--
INFO: Run Behavior\WriteHtmlCache [ RunTime:0.008624s ]
INFO: [ view_filter ] --END-- [ RunTime:0.011675s ]
INFO: [ app_end ] --START--
INFO: Run Behavior\ShowPageTrace [ RunTime:0.037323s ]
INFO: [ app_end ] --END-- [ RunTime:0.037697s ]

[ 2016-11-07T22:19:47+08:00 ] ::1 /CPS/index.php/Teacher/Professor/my_replyGroup
INFO: [ app_begin ] --START--
INFO: Run Behavior\ReadHtmlCache [ RunTime:0.006758s ]
INFO: [ app_begin ] --END-- [ RunTime:0.010927s ]
INFO: [ view_parse ] --START--
NOTIC: [2] file_get_contents(D:/WWW/CPS/Teacher/View/Tab/tab_group.html): failed to open stream: No such file or directory D:\WWW\ThinkPHP\Library\Think\Template.class.php 第 696 行.
INFO: [ template_filter ] --START--
INFO: Run Behavior\ContentReplace [ RunTime:0.000716s ]
INFO: [ template_filter ] --END-- [ RunTime:0.001152s ]
NOTIC: [8] Undefined index: name D:\WWW\CPS\Runtime\Cache\Teacher\9b882f26fdb5b7b44a5ef9e4234a68a1.php 第 36 行.
NOTIC: [8] Undefined variable: login_url D:\WWW\CPS\Runtime\Cache\Teacher\9b882f26fdb5b7b44a5ef9e4234a68a1.php 第 39 行.
INFO: Run Behavior\ParseTemplate [ RunTime:0.174835s ]
INFO: [ view_parse ] --END-- [ RunTime:0.175211s ]
INFO: [ view_filter ] --START--
INFO: Run Behavior\WriteHtmlCache [ RunTime:0.004414s ]
INFO: [ view_filter ] --END-- [ RunTime:0.004732s ]
INFO: [ app_end ] --START--
INFO: Run Behavior\ShowPageTrace [ RunTime:0.023506s ]
INFO: [ app_end ] --END-- [ RunTime:0.090156s ]

[ 2016-11-07T22:19:57+08:00 ] ::1 /CPS/index.php/Teacher/Professor/my_replyGroup
INFO: [ app_begin ] --START--
INFO: Run Behavior\ReadHtmlCache [ RunTime:0.004206s ]
INFO: [ app_begin ] --END-- [ RunTime:0.007266s ]
INFO: [ view_parse ] --START--
NOTIC: [2] file_get_contents(D:/WWW/CPS/Teacher/View/Tab/tab_group.html): failed to open stream: No such file or directory D:\WWW\ThinkPHP\Library\Think\Template.class.php 第 696 行.
INFO: [ template_filter ] --START--
INFO: Run Behavior\ContentReplace [ RunTime:0.000212s ]
INFO: [ template_filter ] --END-- [ RunTime:0.000529s ]
NOTIC: [8] Undefined index: name D:\WWW\CPS\Runtime\Cache\Teacher\9b882f26fdb5b7b44a5ef9e4234a68a1.php 第 36 行.
NOTIC: [8] Undefined variable: login_url D:\WWW\CPS\Runtime\Cache\Teacher\9b882f26fdb5b7b44a5ef9e4234a68a1.php 第 39 行.
INFO: Run Behavior\ParseTemplate [ RunTime:0.038639s ]
INFO: [ view_parse ] --END-- [ RunTime:0.038830s ]
INFO: [ view_filter ] --START--
INFO: Run Behavior\WriteHtmlCache [ RunTime:0.001564s ]
INFO: [ view_filter ] --END-- [ RunTime:0.001728s ]
INFO: [ app_end ] --START--
INFO: Run Behavior\ShowPageTrace [ RunTime:0.005297s ]
INFO: [ app_end ] --END-- [ RunTime:0.005528s ]

[ 2016-11-07T22:20:05+08:00 ] ::1 /CPS/index.php/Teacher/Professor/my_replyGroup
INFO: [ app_begin ] --START--
INFO: Run Behavior\ReadHtmlCache [ RunTime:0.004097s ]
INFO: [ app_begin ] --END-- [ RunTime:0.008265s ]
INFO: [ view_parse ] --START--
NOTIC: [2] file_get_contents(D:/WWW/CPS/Teacher/View/Tab/tab_group.html): failed to open stream: No such file or directory D:\WWW\ThinkPHP\Library\Think\Template.class.php 第 696 行.
INFO: [ template_filter ] --START--
INFO: Run Behavior\ContentReplace [ RunTime:0.000241s ]
INFO: [ template_filter ] --END-- [ RunTime:0.000533s ]
NOTIC: [8] Undefined index: name D:\WWW\CPS\Runtime\Cache\Teacher\9b882f26fdb5b7b44a5ef9e4234a68a1.php 第 36 行.
NOTIC: [8] Undefined variable: login_url D:\WWW\CPS\Runtime\Cache\Teacher\9b882f26fdb5b7b44a5ef9e4234a68a1.php 第 39 行.
INFO: Run Behavior\ParseTemplate [ RunTime:0.046889s ]
INFO: [ view_parse ] --END-- [ RunTime:0.047151s ]
INFO: [ view_filter ] --START--
INFO: Run Behavior\WriteHtmlCache [ RunTime:0.001834s ]
INFO: [ view_filter ] --END-- [ RunTime:0.001993s ]
INFO: [ app_end ] --START--
INFO: Run Behavior\ShowPageTrace [ RunTime:0.002779s ]
INFO: [ app_end ] --END-- [ RunTime:0.002956s ]

[ 2016-11-07T22:20:13+08:00 ] ::1 /CPS/index.php/Teacher/Professor/my_replyGroup
INFO: [ app_begin ] --START--
INFO: Run Behavior\ReadHtmlCache [ RunTime:0.003996s ]
INFO: [ app_begin ] --END-- [ RunTime:0.008362s ]
INFO: [ view_parse ] --START--
NOTIC: [2] file_get_contents(D:/WWW/CPS/Teacher/View/Tab/tab_group.html): failed to open stream: No such file or directory D:\WWW\ThinkPHP\Library\Think\Template.class.php 第 696 行.
INFO: [ template_filter ] --START--
INFO: Run Behavior\ContentReplace [ RunTime:0.000578s ]
INFO: [ template_filter ] --END-- [ RunTime:0.000898s ]
NOTIC: [8] Undefined index: name D:\WWW\CPS\Runtime\Cache\Teacher\9b882f26fdb5b7b44a5ef9e4234a68a1.php 第 36 行.
NOTIC: [8] Undefined variable: login_url D:\WWW\CPS\Runtime\Cache\Teacher\9b882f26fdb5b7b44a5ef9e4234a68a1.php 第 39 行.
INFO: Run Behavior\ParseTemplate [ RunTime:0.062647s ]
INFO: [ view_parse ] --END-- [ RunTime:0.062920s ]
INFO: [ view_filter ] --START--
INFO: Run Behavior\WriteHtmlCache [ RunTime:0.003282s ]
INFO: [ view_filter ] --END-- [ RunTime:0.003962s ]
INFO: [ app_end ] --START--
INFO: Run Behavior\ShowPageTrace [ RunTime:0.004720s ]
INFO: [ app_end ] --END-- [ RunTime:0.005082s ]

[ 2016-11-07T22:20:22+08:00 ] ::1 /CPS/index.php/Teacher/Professor/my_replyGroup
INFO: [ app_begin ] --START--
INFO: Run Behavior\ReadHtmlCache [ RunTime:0.005862s ]
INFO: [ app_begin ] --END-- [ RunTime:0.009250s ]
INFO: [ view_parse ] --START--
NOTIC: [2] file_get_contents(D:/WWW/CPS/Teacher/View/Tab/tab_group.html): failed to open stream: No such file or directory D:\WWW\ThinkPHP\Library\Think\Template.class.php 第 696 行.
INFO: [ template_filter ] --START--
INFO: Run Behavior\ContentReplace [ RunTime:0.000459s ]
INFO: [ template_filter ] --END-- [ RunTime:0.000954s ]
NOTIC: [8] Undefined index: name D:\WWW\CPS\Runtime\Cache\Teacher\9b882f26fdb5b7b44a5ef9e4234a68a1.php 第 36 行.
NOTIC: [8] Undefined variable: login_url D:\WWW\CPS\Runtime\Cache\Teacher\9b882f26fdb5b7b44a5ef9e4234a68a1.php 第 39 行.
INFO: Run Behavior\ParseTemplate [ RunTime:0.052844s ]
INFO: [ view_parse ] --END-- [ RunTime:0.053171s ]
INFO: [ view_filter ] --START--
INFO: Run Behavior\WriteHtmlCache [ RunTime:0.003544s ]
INFO: [ view_filter ] --END-- [ RunTime:0.003853s ]
INFO: [ app_end ] --START--
INFO: Run Behavior\ShowPageTrace [ RunTime:0.007067s ]
INFO: [ app_end ] --END-- [ RunTime:0.007422s ]

[ 2016-11-07T22:20:30+08:00 ] ::1 /CPS/index.php/Teacher/Professor/my_replyGroup
INFO: [ app_begin ] --START--
INFO: Run Behavior\ReadHtmlCache [ RunTime:0.008923s ]
INFO: [ app_begin ] --END-- [ RunTime:0.017162s ]
INFO: [ view_parse ] --START--
NOTIC: [2] file_get_contents(D:/WWW/CPS/Teacher/View/Tab/tab_group.html): failed to open stream: No such file or directory D:\WWW\ThinkPHP\Library\Think\Template.class.php 第 696 行.
INFO: [ template_filter ] --START--
INFO: Run Behavior\ContentReplace [ RunTime:0.000286s ]
INFO: [ template_filter ] --END-- [ RunTime:0.000668s ]
NOTIC: [8] Undefined index: name D:\WWW\CPS\Runtime\Cache\Teacher\9b882f26fdb5b7b44a5ef9e4234a68a1.php 第 36 行.
NOTIC: [8] Undefined variable: login_url D:\WWW\CPS\Runtime\Cache\Teacher\9b882f26fdb5b7b44a5ef9e4234a68a1.php 第 39 行.
INFO: Run Behavior\ParseTemplate [ RunTime:0.094663s ]
INFO: [ view_parse ] --END-- [ RunTime:0.095054s ]
INFO: [ view_filter ] --START--
INFO: Run Behavior\WriteHtmlCache [ RunTime:0.002861s ]
INFO: [ view_filter ] --END-- [ RunTime:0.003169s ]
INFO: [ app_end ] --START--
INFO: Run Behavior\ShowPageTrace [ RunTime:0.012354s ]
INFO: [ app_end ] --END-- [ RunTime:0.012814s ]

[ 2016-11-07T22:21:18+08:00 ] ::1 /CPS/index.php/Teacher/Professor/my_replyGroup
INFO: [ app_begin ] --START--
INFO: Run Behavior\ReadHtmlCache [ RunTime:0.007770s ]
INFO: [ app_begin ] --END-- [ RunTime:0.022343s ]
INFO: [ view_parse ] --START--
NOTIC: [2] file_get_contents(D:/WWW/CPS/Teacher/View/Tab/tab_group.html): failed to open stream: No such file or directory D:\WWW\ThinkPHP\Library\Think\Template.class.php 第 696 行.
INFO: [ template_filter ] --START--
INFO: Run Behavior\ContentReplace [ RunTime:0.000268s ]
INFO: [ template_filter ] --END-- [ RunTime:0.000631s ]
NOTIC: [8] Undefined index: name D:\WWW\CPS\Runtime\Cache\Teacher\9b882f26fdb5b7b44a5ef9e4234a68a1.php 第 36 行.
NOTIC: [8] Undefined variable: login_url D:\WWW\CPS\Runtime\Cache\Teacher\9b882f26fdb5b7b44a5ef9e4234a68a1.php 第 39 行.
INFO: Run Behavior\ParseTemplate [ RunTime:0.065956s ]
INFO: [ view_parse ] --END-- [ RunTime:0.066264s ]
INFO: [ view_filter ] --START--
INFO: Run Behavior\WriteHtmlCache [ RunTime:0.003348s ]
INFO: [ view_filter ] --END-- [ RunTime:0.003644s ]
INFO: [ app_end ] --START--
INFO: Run Behavior\ShowPageTrace [ RunTime:0.006132s ]
INFO: [ app_end ] --END-- [ RunTime:0.006439s ]

[ 2016-11-07T22:24:30+08:00 ] ::1 /CPS/index.php/Teacher/Professor/replyMember_task
INFO: [ app_begin ] --START--
INFO: Run Behavior\ReadHtmlCache [ RunTime:0.012334s ]
INFO: [ app_begin ] --END-- [ RunTime:0.028880s ]
INFO: [ view_parse ] --START--
NOTIC: [2] file_get_contents(D:/WWW/CPS/Teacher/View/Tab/tab_group.html): failed to open stream: No such file or directory D:\WWW\ThinkPHP\Library\Think\Template.class.php 第 696 行.
INFO: [ template_filter ] --START--
INFO: Run Behavior\ContentReplace [ RunTime:0.000148s ]
INFO: [ template_filter ] --END-- [ RunTime:0.000382s ]
NOTIC: [8] Undefined index: name D:\WWW\CPS\Runtime\Cache\Teacher\533cf1c645c6b122d474e7a8543c156f.php 第 36 行.
NOTIC: [8] Undefined variable: login_url D:\WWW\CPS\Runtime\Cache\Teacher\533cf1c645c6b122d474e7a8543c156f.php 第 39 行.
INFO: Run Behavior\ParseTemplate [ RunTime:0.139480s ]
INFO: [ view_parse ] --END-- [ RunTime:0.139759s ]
INFO: [ view_filter ] --START--
INFO: Run Behavior\WriteHtmlCache [ RunTime:0.003396s ]
INFO: [ view_filter ] --END-- [ RunTime:0.003734s ]
INFO: [ app_end ] --START--
INFO: Run Behavior\ShowPageTrace [ RunTime:0.004730s ]
INFO: [ app_end ] --END-- [ RunTime:0.005115s ]

[ 2016-11-07T22:24:46+08:00 ] ::1 /CPS/index.php/Teacher/Professor/replyMember_task
INFO: [ app_begin ] --START--
INFO: Run Behavior\ReadHtmlCache [ RunTime:0.012215s ]
INFO: [ app_begin ] --END-- [ RunTime:0.017316s ]
INFO: [ view_parse ] --START--
NOTIC: [2] file_get_contents(D:/WWW/CPS/Teacher/View/Tab/tab_group.html): failed to open stream: No such file or directory D:\WWW\ThinkPHP\Library\Think\Template.class.php 第 696 行.
INFO: [ template_filter ] --START--
INFO: Run Behavior\ContentReplace [ RunTime:0.000234s ]
INFO: [ template_filter ] --END-- [ RunTime:0.013298s ]
NOTIC: [8] Undefined index: name D:\WWW\CPS\Runtime\Cache\Teacher\533cf1c645c6b122d474e7a8543c156f.php 第 36 行.
NOTIC: [8] Undefined variable: login_url D:\WWW\CPS\Runtime\Cache\Teacher\533cf1c645c6b122d474e7a8543c156f.php 第 39 行.
INFO: Run Behavior\ParseTemplate [ RunTime:0.180277s ]
INFO: [ view_parse ] --END-- [ RunTime:0.181670s ]
INFO: [ view_filter ] --START--
INFO: Run Behavior\WriteHtmlCache [ RunTime:0.010723s ]
INFO: [ view_filter ] --END-- [ RunTime:0.011437s ]
INFO: [ app_end ] --START--
INFO: Run Behavior\ShowPageTrace [ RunTime:0.011468s ]
INFO: [ app_end ] --END-- [ RunTime:0.011801s ]

[ 2016-11-07T22:25:00+08:00 ] ::1 /CPS/index.php/Teacher/Professor/replyMember_task
INFO: [ app_begin ] --START--
INFO: Run Behavior\ReadHtmlCache [ RunTime:0.005051s ]
INFO: [ app_begin ] --END-- [ RunTime:0.009370s ]
INFO: [ view_parse ] --START--
NOTIC: [2] file_get_contents(D:/WWW/CPS/Teacher/View/Tab/tab_group.html): failed to open stream: No such file or directory D:\WWW\ThinkPHP\Library\Think\Template.class.php 第 696 行.
INFO: [ template_filter ] --START--
INFO: Run Behavior\ContentReplace [ RunTime:0.000835s ]
INFO: [ template_filter ] --END-- [ RunTime:0.001281s ]
NOTIC: [8] Undefined index: name D:\WWW\CPS\Runtime\Cache\Teacher\533cf1c645c6b122d474e7a8543c156f.php 第 36 行.
NOTIC: [8] Undefined variable: login_url D:\WWW\CPS\Runtime\Cache\Teacher\533cf1c645c6b122d474e7a8543c156f.php 第 39 行.
INFO: Run Behavior\ParseTemplate [ RunTime:0.066367s ]
INFO: [ view_parse ] --END-- [ RunTime:0.066688s ]
INFO: [ view_filter ] --START--
INFO: Run Behavior\WriteHtmlCache [ RunTime:0.005086s ]
INFO: [ view_filter ] --END-- [ RunTime:0.005806s ]
INFO: [ app_end ] --START--
INFO: Run Behavior\ShowPageTrace [ RunTime:0.005423s ]
INFO: [ app_end ] --END-- [ RunTime:0.005731s ]

[ 2016-11-07T22:25:03+08:00 ] ::1 /CPS/index.php/Teacher/Professor/replyMember_task
INFO: [ app_begin ] --START--
INFO: Run Behavior\ReadHtmlCache [ RunTime:0.004008s ]
INFO: [ app_begin ] --END-- [ RunTime:0.010011s ]
INFO: [ view_parse ] --START--
NOTIC: [2] file_get_contents(D:/WWW/CPS/Teacher/View/Tab/tab_group.html): failed to open stream: No such file or directory D:\WWW\ThinkPHP\Library\Think\Template.class.php 第 696 行.
INFO: [ template_filter ] --START--
INFO: Run Behavior\ContentReplace [ RunTime:0.000177s ]
INFO: [ template_filter ] --END-- [ RunTime:0.000436s ]
NOTIC: [8] Undefined index: name D:\WWW\CPS\Runtime\Cache\Teacher\533cf1c645c6b122d474e7a8543c156f.php 第 36 行.
NOTIC: [8] Undefined variable: login_url D:\WWW\CPS\Runtime\Cache\Teacher\533cf1c645c6b122d474e7a8543c156f.php 第 39 行.
INFO: Run Behavior\ParseTemplate [ RunTime:0.041526s ]
INFO: [ view_parse ] --END-- [ RunTime:0.041750s ]
INFO: [ view_filter ] --START--
INFO: Run Behavior\WriteHtmlCache [ RunTime:0.001889s ]
INFO: [ view_filter ] --END-- [ RunTime:0.002132s ]
INFO: [ app_end ] --START--
INFO: Run Behavior\ShowPageTrace [ RunTime:0.004817s ]
INFO: [ app_end ] --END-- [ RunTime:0.005094s ]

[ 2016-11-07T22:25:13+08:00 ] ::1 /CPS/index.php/Teacher/Professor/replyMember_task
INFO: [ app_begin ] --START--
INFO: Run Behavior\ReadHtmlCache [ RunTime:0.005348s ]
INFO: [ app_begin ] --END-- [ RunTime:0.008804s ]
INFO: [ view_parse ] --START--
NOTIC: [2] file_get_contents(D:/WWW/CPS/Teacher/View/Tab/tab_group.html): failed to open stream: No such file or directory D:\WWW\ThinkPHP\Library\Think\Template.class.php 第 696 行.
INFO: [ template_filter ] --START--
INFO: Run Behavior\ContentReplace [ RunTime:0.000188s ]
INFO: [ template_filter ] --END-- [ RunTime:0.000626s ]
NOTIC: [8] Undefined index: name D:\WWW\CPS\Runtime\Cache\Teacher\533cf1c645c6b122d474e7a8543c156f.php 第 36 行.
NOTIC: [8] Undefined variable: login_url D:\WWW\CPS\Runtime\Cache\Teacher\533cf1c645c6b122d474e7a8543c156f.php 第 39 行.
INFO: Run Behavior\ParseTemplate [ RunTime:0.051020s ]
INFO: [ view_parse ] --END-- [ RunTime:0.051313s ]
INFO: [ view_filter ] --START--
INFO: Run Behavior\WriteHtmlCache [ RunTime:0.002283s ]
INFO: [ view_filter ] --END-- [ RunTime:0.002532s ]
INFO: [ app_end ] --START--
INFO: Run Behavior\ShowPageTrace [ RunTime:0.005302s ]
INFO: [ app_end ] --END-- [ RunTime:0.005619s ]

[ 2016-11-07T22:26:20+08:00 ] ::1 /CPS/index.php/Teacher/Professor/replyMember_task
INFO: [ app_begin ] --START--
INFO: Run Behavior\ReadHtmlCache [ RunTime:0.005589s ]
INFO: [ app_begin ] --END-- [ RunTime:0.009489s ]
INFO: [ view_parse ] --START--
NOTIC: [2] file_get_contents(D:/WWW/CPS/Teacher/View/Tab/tab_group.html): failed to open stream: No such file or directory D:\WWW\ThinkPHP\Library\Think\Template.class.php 第 696 行.
INFO: [ template_filter ] --START--
INFO: Run Behavior\ContentReplace [ RunTime:0.000146s ]
INFO: [ template_filter ] --END-- [ RunTime:0.000400s ]
NOTIC: [8] Undefined index: name D:\WWW\CPS\Runtime\Cache\Teacher\533cf1c645c6b122d474e7a8543c156f.php 第 36 行.
NOTIC: [8] Undefined variable: login_url D:\WWW\CPS\Runtime\Cache\Teacher\533cf1c645c6b122d474e7a8543c156f.php 第 39 行.
INFO: Run Behavior\ParseTemplate [ RunTime:0.059135s ]
INFO: [ view_parse ] --END-- [ RunTime:0.059441s ]
INFO: [ view_filter ] --START--
INFO: Run Behavior\WriteHtmlCache [ RunTime:0.002661s ]
INFO: [ view_filter ] --END-- [ RunTime:0.002936s ]
INFO: [ app_end ] --START--
INFO: Run Behavior\ShowPageTrace [ RunTime:0.003776s ]
INFO: [ app_end ] --END-- [ RunTime:0.004097s ]

[ 2016-11-07T22:26:24+08:00 ] ::1 /CPS/index.php/Teacher/Professor/my_replyGroup
INFO: [ app_begin ] --START--
INFO: Run Behavior\ReadHtmlCache [ RunTime:0.007380s ]
INFO: [ app_begin ] --END-- [ RunTime:0.011472s ]
INFO: [ view_parse ] --START--
NOTIC: [2] file_get_contents(D:/WWW/CPS/Teacher/View/Tab/tab_group.html): failed to open stream: No such file or directory D:\WWW\ThinkPHP\Library\Think\Template.class.php 第 696 行.
INFO: [ template_filter ] --START--
INFO: Run Behavior\ContentReplace [ RunTime:0.001228s ]
INFO: [ template_filter ] --END-- [ RunTime:0.001942s ]
NOTIC: [8] Undefined index: name D:\WWW\CPS\Runtime\Cache\Teacher\9b882f26fdb5b7b44a5ef9e4234a68a1.php 第 36 行.
NOTIC: [8] Undefined variable: login_url D:\WWW\CPS\Runtime\Cache\Teacher\9b882f26fdb5b7b44a5ef9e4234a68a1.php 第 39 行.
INFO: Run Behavior\ParseTemplate [ RunTime:0.073355s ]
INFO: [ view_parse ] --END-- [ RunTime:0.073825s ]
INFO: [ view_filter ] --START--
INFO: Run Behavior\WriteHtmlCache [ RunTime:0.003302s ]
INFO: [ view_filter ] --END-- [ RunTime:0.003667s ]
INFO: [ app_end ] --START--
INFO: Run Behavior\ShowPageTrace [ RunTime:0.006003s ]
INFO: [ app_end ] --END-- [ RunTime:0.006292s ]

[ 2016-11-07T22:26:25+08:00 ] ::1 /CPS/index.php/Teacher/Professor/replyMember_task
INFO: [ app_begin ] --START--
INFO: Run Behavior\ReadHtmlCache [ RunTime:0.002653s ]
INFO: [ app_begin ] --END-- [ RunTime:0.004552s ]
INFO: [ view_parse ] --START--
NOTIC: [2] file_get_contents(D:/WWW/CPS/Teacher/View/Tab/tab_group.html): failed to open stream: No such file or directory D:\WWW\ThinkPHP\Library\Think\Template.class.php 第 696 行.
INFO: [ template_filter ] --START--
INFO: Run Behavior\ContentReplace [ RunTime:0.000111s ]
INFO: [ template_filter ] --END-- [ RunTime:0.000282s ]
NOTIC: [8] Undefined index: name D:\WWW\CPS\Runtime\Cache\Teacher\533cf1c645c6b122d474e7a8543c156f.php 第 36 行.
NOTIC: [8] Undefined variable: login_url D:\WWW\CPS\Runtime\Cache\Teacher\533cf1c645c6b122d474e7a8543c156f.php 第 39 行.
INFO: Run Behavior\ParseTemplate [ RunTime:0.026028s ]
INFO: [ view_parse ] --END-- [ RunTime:0.026185s ]
INFO: [ view_filter ] --START--
INFO: Run Behavior\WriteHtmlCache [ RunTime:0.001471s ]
INFO: [ view_filter ] --END-- [ RunTime:0.001632s ]
INFO: [ app_end ] --START--
INFO: Run Behavior\ShowPageTrace [ RunTime:0.002442s ]
INFO: [ app_end ] --END-- [ RunTime:0.002606s ]

[ 2016-11-07T22:28:09+08:00 ] ::1 /CPS/index.php/Teachers/Professor/my_replyGroup
INFO: [ app_begin ] --START--
INFO: Run Behavior\ReadHtmlCache [ RunTime:0.004350s ]
INFO: [ app_begin ] --END-- [ RunTime:0.006760s ]
ERR: 无法加载控制器:Professor

[ 2016-11-07T22:28:12+08:00 ] ::1 /CPS/index.php/Teachers/Professor/my_replyGroup
INFO: [ app_begin ] --START--
INFO: Run Behavior\ReadHtmlCache [ RunTime:0.004050s ]
INFO: [ app_begin ] --END-- [ RunTime:0.006795s ]
ERR: 无法加载控制器:Professor

[ 2016-11-07T22:28:28+08:00 ] ::1 /CPS/index.php/Teachers/Professor/my_replyGroup
INFO: [ app_begin ] --START--
INFO: Run Behavior\ReadHtmlCache [ RunTime:0.008476s ]
INFO: [ app_begin ] --END-- [ RunTime:0.012157s ]
INFO: [ view_parse ] --START--
NOTIC: [2] file_get_contents(D:/WWW/CPS/Teachers/View/Tab/tab_group.html): failed to open stream: No such file or directory D:\WWW\ThinkPHP\Library\Think\Template.class.php 第 696 行.
INFO: [ template_filter ] --START--
INFO: Run Behavior\ContentReplace [ RunTime:0.000597s ]
INFO: [ template_filter ] --END-- [ RunTime:0.001134s ]
NOTIC: [8] Undefined index: name D:\WWW\CPS\Runtime\Cache\Teachers\8dbe218d0bac388639e6f86d77226fd3.php 第 36 行.
NOTIC: [8] Undefined variable: login_url D:\WWW\CPS\Runtime\Cache\Teachers\8dbe218d0bac388639e6f86d77226fd3.php 第 39 行.
INFO: Run Behavior\ParseTemplate [ RunTime:0.352460s ]
INFO: [ view_parse ] --END-- [ RunTime:0.352812s ]
INFO: [ view_filter ] --START--
INFO: Run Behavior\WriteHtmlCache [ RunTime:0.004556s ]
INFO: [ view_filter ] --END-- [ RunTime:0.011301s ]
INFO: [ app_end ] --START--
INFO: Run Behavior\ShowPageTrace [ RunTime:0.026319s ]
INFO: [ app_end ] --END-- [ RunTime:0.026845s ]

[ 2016-11-07T22:28:31+08:00 ] ::1 /CPS/index.php/Teachers/Professor/my_replyGroup
INFO: [ app_begin ] --START--
INFO: Run Behavior\ReadHtmlCache [ RunTime:0.002688s ]
INFO: [ app_begin ] --END-- [ RunTime:0.004832s ]
INFO: [ view_parse ] --START--
NOTIC: [2] file_get_contents(D:/WWW/CPS/Teachers/View/Tab/tab_group.html): failed to open stream: No such file or directory D:\WWW\ThinkPHP\Library\Think\Template.class.php 第 696 行.
INFO: [ template_filter ] --START--
INFO: Run Behavior\ContentReplace [ RunTime:0.000169s ]
INFO: [ template_filter ] --END-- [ RunTime:0.000361s ]
NOTIC: [8] Undefined index: name D:\WWW\CPS\Runtime\Cache\Teachers\8dbe218d0bac388639e6f86d77226fd3.php 第 36 行.
NOTIC: [8] Undefined variable: login_url D:\WWW\CPS\Runtime\Cache\Teachers\8dbe218d0bac388639e6f86d77226fd3.php 第 39 行.
INFO: Run Behavior\ParseTemplate [ RunTime:0.045766s ]
INFO: [ view_parse ] --END-- [ RunTime:0.045978s ]
INFO: [ view_filter ] --START--
INFO: Run Behavior\WriteHtmlCache [ RunTime:0.001669s ]
INFO: [ view_filter ] --END-- [ RunTime:0.001846s ]
INFO: [ app_end ] --START--
INFO: Run Behavior\ShowPageTrace [ RunTime:0.003454s ]
INFO: [ app_end ] --END-- [ RunTime:0.003644s ]

[ 2016-11-07T22:29:11+08:00 ] ::1 /CPS/index.php/Teacher/Professor/my_replyGroup
INFO: [ app_begin ] --START--
INFO: Run Behavior\ReadHtmlCache [ RunTime:0.006913s ]
INFO: [ app_begin ] --END-- [ RunTime:0.010493s ]
INFO: [ view_parse ] --START--
NOTIC: [2] file_get_contents(D:/WWW/CPS/Teacher/View/Tab/tab_group.html): failed to open stream: No such file or directory D:\WWW\ThinkPHP\Library\Think\Template.class.php 第 696 行.
INFO: [ template_filter ] --START--
INFO: Run Behavior\ContentReplace [ RunTime:0.000143s ]
INFO: [ template_filter ] --END-- [ RunTime:0.000345s ]
NOTIC: [8] Undefined index: name D:\WWW\CPS\Runtime\Cache\Teacher\9b882f26fdb5b7b44a5ef9e4234a68a1.php 第 36 行.
NOTIC: [8] Undefined variable: login_url D:\WWW\CPS\Runtime\Cache\Teacher\9b882f26fdb5b7b44a5ef9e4234a68a1.php 第 39 行.
INFO: Run Behavior\ParseTemplate [ RunTime:0.044035s ]
INFO: [ view_parse ] --END-- [ RunTime:0.044806s ]
INFO: [ view_filter ] --START--
INFO: Run Behavior\WriteHtmlCache [ RunTime:0.003090s ]
INFO: [ view_filter ] --END-- [ RunTime:0.003313s ]
INFO: [ app_end ] --START--
INFO: Run Behavior\ShowPageTrace [ RunTime:0.004942s ]
INFO: [ app_end ] --END-- [ RunTime:0.005188s ]

[ 2016-11-07T22:29:13+08:00 ] ::1 /CPS/index.php/Teacher/Professor/my_replyGroup
INFO: [ app_begin ] --START--
INFO: Run Behavior\ReadHtmlCache [ RunTime:0.006053s ]
INFO: [ app_begin ] --END-- [ RunTime:0.009293s ]
INFO: [ view_parse ] --START--
NOTIC: [2] file_get_contents(D:/WWW/CPS/Teacher/View/Tab/tab_group.html): failed to open stream: No such file or directory D:\WWW\ThinkPHP\Library\Think\Template.class.php 第 696 行.
INFO: [ template_filter ] --START--
INFO: Run Behavior\ContentReplace [ RunTime:0.000303s ]
INFO: [ template_filter ] --END-- [ RunTime:0.000864s ]
NOTIC: [8] Undefined index: name D:\WWW\CPS\Runtime\Cache\Teacher\9b882f26fdb5b7b44a5ef9e4234a68a1.php 第 36 行.
NOTIC: [8] Undefined variable: login_url D:\WWW\CPS\Runtime\Cache\Teacher\9b882f26fdb5b7b44a5ef9e4234a68a1.php 第 39 行.
INFO: Run Behavior\ParseTemplate [ RunTime:0.066251s ]
INFO: [ view_parse ] --END-- [ RunTime:0.066564s ]
INFO: [ view_filter ] --START--
INFO: Run Behavior\WriteHtmlCache [ RunTime:0.003952s ]
INFO: [ view_filter ] --END-- [ RunTime:0.004271s ]
INFO: [ app_end ] --START--
INFO: Run Behavior\ShowPageTrace [ RunTime:0.007251s ]
INFO: [ app_end ] --END-- [ RunTime:0.007574s ]

[ 2016-11-07T22:30:24+08:00 ] ::1 /CPS/index.php/Teacher/Professor/my_replyGroup
INFO: [ app_begin ] --START--
INFO: Run Behavior\ReadHtmlCache [ RunTime:0.004184s ]
INFO: [ app_begin ] --END-- [ RunTime:0.007026s ]
INFO: [ view_parse ] --START--
NOTIC: [2] file_get_contents(D:/WWW/CPS/Teacher/View/Tab/tab_group.html): failed to open stream: No such file or directory D:\WWW\ThinkPHP\Library\Think\Template.class.php 第 696 行.
INFO: [ template_filter ] --START--
INFO: Run Behavior\ContentReplace [ RunTime:0.000206s ]
INFO: [ template_filter ] --END-- [ RunTime:0.000434s ]
NOTIC: [8] Undefined index: name D:\WWW\CPS\Runtime\Cache\Teacher\9b882f26fdb5b7b44a5ef9e4234a68a1.php 第 36 行.
NOTIC: [8] Undefined variable: login_url D:\WWW\CPS\Runtime\Cache\Teacher\9b882f26fdb5b7b44a5ef9e4234a68a1.php 第 39 行.
INFO: Run Behavior\ParseTemplate [ RunTime:0.047667s ]
INFO: [ view_parse ] --END-- [ RunTime:0.047935s ]
INFO: [ view_filter ] --START--
INFO: Run Behavior\WriteHtmlCache [ RunTime:0.003614s ]
INFO: [ view_filter ] --END-- [ RunTime:0.003877s ]
INFO: [ app_end ] --START--
INFO: Run Behavior\ShowPageTrace [ RunTime:0.008356s ]
INFO: [ app_end ] --END-- [ RunTime:0.008733s ]

[ 2016-11-07T22:37:48+08:00 ] ::1 /CPS/index.php/Teacher/Professor/my_replyGroup
INFO: [ app_begin ] --START--
INFO: Run Behavior\ReadHtmlCache [ RunTime:0.003049s ]
INFO: [ app_begin ] --END-- [ RunTime:0.004891s ]
INFO: [ view_parse ] --START--
NOTIC: [2] file_get_contents(D:/WWW/CPS/Teacher/View/Tab/tab_group.html): failed to open stream: No such file or directory D:\WWW\ThinkPHP\Library\Think\Template.class.php 第 696 行.
INFO: [ template_filter ] --START--
INFO: Run Behavior\ContentReplace [ RunTime:0.000137s ]
INFO: [ template_filter ] --END-- [ RunTime:0.000303s ]
NOTIC: [8] Undefined index: name D:\WWW\CPS\Runtime\Cache\Teacher\9b882f26fdb5b7b44a5ef9e4234a68a1.php 第 36 行.
NOTIC: [8] Undefined variable: login_url D:\WWW\CPS\Runtime\Cache\Teacher\9b882f26fdb5b7b44a5ef9e4234a68a1.php 第 39 行.
INFO: Run Behavior\ParseTemplate [ RunTime:0.032980s ]
INFO: [ view_parse ] --END-- [ RunTime:0.033143s ]
INFO: [ view_filter ] --START--
INFO: Run Behavior\WriteHtmlCache [ RunTime:0.001746s ]
INFO: [ view_filter ] --END-- [ RunTime:0.001877s ]
INFO: [ app_end ] --START--
INFO: Run Behavior\ShowPageTrace [ RunTime:0.002655s ]
INFO: [ app_end ] --END-- [ RunTime:0.002829s ]

