[ 2016-11-22T09:20:54+08:00 ] ::1 /CPS/index.php/Home/Login/login
INFO: [ app_begin ] --START--
INFO: Run Behavior\ReadHtmlCache [ RunTime:0.001671s ]
INFO: [ app_begin ] --END-- [ RunTime:0.004216s ]
INFO: [ view_parse ] --START--
INFO: [ template_filter ] --START--
INFO: Run Behavior\ContentReplace [ RunTime:0.000036s ]
INFO: [ template_filter ] --END-- [ RunTime:0.000092s ]
INFO: Run Behavior\ParseTemplate [ RunTime:0.032033s ]
INFO: [ view_parse ] --END-- [ RunTime:0.032177s ]
INFO: [ view_filter ] --START--
INFO: Run Behavior\WriteHtmlCache [ RunTime:0.001327s ]
INFO: [ view_filter ] --END-- [ RunTime:0.001406s ]
INFO: [ app_end ] --START--
INFO: Run Behavior\ShowPageTrace [ RunTime:0.001391s ]
INFO: [ app_end ] --END-- [ RunTime:0.001471s ]

[ 2016-11-22T09:20:54+08:00 ] ::1 /CPS/index.php/Home/Index/verify_c
INFO: [ app_begin ] --START--
INFO: Run Behavior\ReadHtmlCache [ RunTime:0.001320s ]
INFO: [ app_begin ] --END-- [ RunTime:0.002159s ]
INFO: [ app_end ] --START--
INFO: Run Behavior\ShowPageTrace [ RunTime:0.001230s ]
INFO: [ app_end ] --END-- [ RunTime:0.001345s ]

[ 2016-11-22T09:20:58+08:00 ] ::1 /CPS/index.php/Home/Index/verify_c?0.07874218211311446
INFO: [ app_begin ] --START--
INFO: Run Behavior\ReadHtmlCache [ RunTime:0.001127s ]
INFO: [ app_begin ] --END-- [ RunTime:0.001905s ]
INFO: [ app_end ] --START--
INFO: Run Behavior\ShowPageTrace [ RunTime:0.000980s ]
INFO: [ app_end ] --END-- [ RunTime:0.001079s ]

[ 2016-11-22T09:20:59+08:00 ] ::1 /CPS/index.php/Home/Index/verify_c?0.07874218211311446?0.8139553744456904
INFO: [ app_begin ] --START--
INFO: Run Behavior\ReadHtmlCache [ RunTime:0.000657s ]
INFO: [ app_begin ] --END-- [ RunTime:0.001184s ]
INFO: [ app_end ] --START--
INFO: Run Behavior\ShowPageTrace [ RunTime:0.001022s ]
INFO: [ app_end ] --END-- [ RunTime:0.001123s ]

[ 2016-11-22T09:21:03+08:00 ] ::1 /CPS/index.php/Home/Login/login
INFO: [ app_begin ] --START--
INFO: Run Behavior\ReadHtmlCache [ RunTime:0.000784s ]
INFO: [ app_begin ] --END-- [ RunTime:0.001218s ]
SQL: SHOW COLUMNS FROM `student` [ RunTime:0.006331s ]
SQL: SELECT * FROM `student` WHERE ( `student_id` = '2014220202003' )  [ RunTime:0.015022s ]
INFO: [ view_parse ] --START--
INFO: [ template_filter ] --START--
INFO: Run Behavior\ContentReplace [ RunTime:0.000095s ]
INFO: [ template_filter ] --END-- [ RunTime:0.000262s ]
INFO: Run Behavior\ParseTemplate [ RunTime:0.049277s ]
INFO: [ view_parse ] --END-- [ RunTime:0.049409s ]
INFO: [ view_filter ] --START--
INFO: Run Behavior\WriteHtmlCache [ RunTime:0.001286s ]
INFO: [ view_filter ] --END-- [ RunTime:0.001409s ]
SQL: SELECT * FROM `student` WHERE ( `student_id` = '2014220202003' )  [ RunTime:0.000619s ]

[ 2016-11-22T09:21:03+08:00 ] ::1 /CPS/index.php/Student/Stu/course_info/student_id/2014220202003
INFO: [ app_begin ] --START--
INFO: Run Behavior\ReadHtmlCache [ RunTime:0.002090s ]
INFO: [ app_begin ] --END-- [ RunTime:0.003353s ]
SQL: SHOW COLUMNS FROM `course` [ RunTime:0.006639s ]
SQL: SELECT * FROM `course`  [ RunTime:0.001160s ]
INFO: [ view_parse ] --START--
INFO: [ template_filter ] --START--
INFO: Run Behavior\ContentReplace [ RunTime:0.000119s ]
INFO: [ template_filter ] --END-- [ RunTime:0.000294s ]
INFO: Run Behavior\ParseTemplate [ RunTime:0.084823s ]
INFO: [ view_parse ] --END-- [ RunTime:0.085023s ]
INFO: [ view_filter ] --START--
INFO: Run Behavior\WriteHtmlCache [ RunTime:0.000968s ]
INFO: [ view_filter ] --END-- [ RunTime:0.001087s ]
INFO: [ app_end ] --START--
INFO: Run Behavior\ShowPageTrace [ RunTime:0.001754s ]
INFO: [ app_end ] --END-- [ RunTime:0.001876s ]

[ 2016-11-22T09:21:06+08:00 ] ::1 /CPS/index.php/Student/Stu/myproject
INFO: [ app_begin ] --START--
INFO: Run Behavior\ReadHtmlCache [ RunTime:0.002092s ]
INFO: [ app_begin ] --END-- [ RunTime:0.003589s ]
SQL: SHOW COLUMNS FROM `course` [ RunTime:0.006208s ]
SQL: SHOW COLUMNS FROM `course` [ RunTime:0.003711s ]
SQL: SELECT A.course_name,A.course_id,B.project_name,B.project_id,B.teacher_id,D.group_id,D.group_project_status FROM course A,project B,student_group_member C,student_group D WHERE ( A.course_id=B.course_id and B.project_id=D.project_id and C.group_id=D.group_id and C.student_id = '2014220202003' )  [ RunTime:0.009220s ]
SQL: SHOW COLUMNS FROM `student_group_member` [ RunTime:0.005825s ]
SQL: SHOW COLUMNS FROM `student` [ RunTime:0.004364s ]
SQL: SELECT A.student_id,A.student_name FROM student as A,student_group as B,student_group_member as C WHERE ( A.student_id=C.student_id and B.group_id=C.group_id and C.is_available=1 and C.group_id = '4' )  [ RunTime:0.006659s ]
NOTIC: [8] Undefined variable: groupMember D:\WWW\CPS\Student\Controller\StuController.class.php 第 42 行.
INFO: [ view_parse ] --START--
INFO: [ template_filter ] --START--
INFO: Run Behavior\ContentReplace [ RunTime:0.000149s ]
INFO: [ template_filter ] --END-- [ RunTime:0.000354s ]
INFO: Run Behavior\ParseTemplate [ RunTime:0.087401s ]
INFO: [ view_parse ] --END-- [ RunTime:0.087643s ]
INFO: [ view_filter ] --START--
INFO: Run Behavior\WriteHtmlCache [ RunTime:0.003769s ]
INFO: [ view_filter ] --END-- [ RunTime:0.004004s ]
INFO: [ app_end ] --START--
INFO: Run Behavior\ShowPageTrace [ RunTime:0.002880s ]
INFO: [ app_end ] --END-- [ RunTime:0.003107s ]

[ 2016-11-22T09:21:09+08:00 ] ::1 /CPS/index.php/Home/Login/login
INFO: [ app_begin ] --START--
INFO: Run Behavior\ReadHtmlCache [ RunTime:0.001305s ]
INFO: [ app_begin ] --END-- [ RunTime:0.002287s ]
INFO: [ view_parse ] --START--
INFO: [ template_filter ] --START--
INFO: Run Behavior\ContentReplace [ RunTime:0.000069s ]
INFO: [ template_filter ] --END-- [ RunTime:0.000180s ]
INFO: Run Behavior\ParseTemplate [ RunTime:0.018979s ]
INFO: [ view_parse ] --END-- [ RunTime:0.019131s ]
INFO: [ view_filter ] --START--
INFO: Run Behavior\WriteHtmlCache [ RunTime:0.001020s ]
INFO: [ view_filter ] --END-- [ RunTime:0.001127s ]
INFO: [ app_end ] --START--
INFO: Run Behavior\ShowPageTrace [ RunTime:0.001370s ]
INFO: [ app_end ] --END-- [ RunTime:0.001464s ]

[ 2016-11-22T09:21:09+08:00 ] ::1 /CPS/index.php/Home/Index/verify_c
INFO: [ app_begin ] --START--
INFO: Run Behavior\ReadHtmlCache [ RunTime:0.002224s ]
INFO: [ app_begin ] --END-- [ RunTime:0.003854s ]
INFO: [ app_end ] --START--
INFO: Run Behavior\ShowPageTrace [ RunTime:0.004441s ]
INFO: [ app_end ] --END-- [ RunTime:0.006491s ]

[ 2016-11-22T09:21:16+08:00 ] ::1 /CPS/index.php/Home/Login/login
INFO: [ app_begin ] --START--
INFO: Run Behavior\ReadHtmlCache [ RunTime:0.001277s ]
INFO: [ app_begin ] --END-- [ RunTime:0.002241s ]
SQL: SHOW COLUMNS FROM `student` [ RunTime:0.003937s ]
SQL: SELECT * FROM `student` WHERE ( `student_id` = '2014220202006' )  [ RunTime:0.001789s ]
INFO: [ view_parse ] --START--
INFO: [ template_filter ] --START--
INFO: Run Behavior\ContentReplace [ RunTime:0.000099s ]
INFO: [ template_filter ] --END-- [ RunTime:0.000276s ]
INFO: Run Behavior\ParseTemplate [ RunTime:0.019646s ]
INFO: [ view_parse ] --END-- [ RunTime:0.019820s ]
INFO: [ view_filter ] --START--
INFO: Run Behavior\WriteHtmlCache [ RunTime:0.001015s ]
INFO: [ view_filter ] --END-- [ RunTime:0.001160s ]

[ 2016-11-22T09:21:18+08:00 ] ::1 /CPS/index.php/Home/Login/login
INFO: [ app_begin ] --START--
INFO: Run Behavior\ReadHtmlCache [ RunTime:0.001458s ]
INFO: [ app_begin ] --END-- [ RunTime:0.002517s ]
INFO: [ view_parse ] --START--
INFO: [ template_filter ] --START--
INFO: Run Behavior\ContentReplace [ RunTime:0.000069s ]
INFO: [ template_filter ] --END-- [ RunTime:0.000187s ]
INFO: Run Behavior\ParseTemplate [ RunTime:0.015710s ]
INFO: [ view_parse ] --END-- [ RunTime:0.015861s ]
INFO: [ view_filter ] --START--
INFO: Run Behavior\WriteHtmlCache [ RunTime:0.000990s ]
INFO: [ view_filter ] --END-- [ RunTime:0.001133s ]
INFO: [ app_end ] --START--
INFO: Run Behavior\ShowPageTrace [ RunTime:0.001998s ]
INFO: [ app_end ] --END-- [ RunTime:0.002145s ]

[ 2016-11-22T09:21:19+08:00 ] ::1 /CPS/index.php/Home/Index/verify_c?0.011682192585575013
INFO: [ app_begin ] --START--
INFO: Run Behavior\ReadHtmlCache [ RunTime:0.001447s ]
INFO: [ app_begin ] --END-- [ RunTime:0.002559s ]
INFO: [ app_end ] --START--
INFO: Run Behavior\ShowPageTrace [ RunTime:0.001728s ]
INFO: [ app_end ] --END-- [ RunTime:0.001891s ]

[ 2016-11-22T09:21:22+08:00 ] ::1 /CPS/index.php/Home/Login/login
INFO: [ app_begin ] --START--
INFO: Run Behavior\ReadHtmlCache [ RunTime:0.001277s ]
INFO: [ app_begin ] --END-- [ RunTime:0.002251s ]
SQL: SHOW COLUMNS FROM `student` [ RunTime:0.004577s ]
SQL: SELECT * FROM `student` WHERE ( `student_id` = '2014220202006' )  [ RunTime:0.001607s ]
INFO: [ view_parse ] --START--
INFO: [ template_filter ] --START--
INFO: Run Behavior\ContentReplace [ RunTime:0.000070s ]
INFO: [ template_filter ] --END-- [ RunTime:0.000218s ]
INFO: Run Behavior\ParseTemplate [ RunTime:0.015480s ]
INFO: [ view_parse ] --END-- [ RunTime:0.015612s ]
INFO: [ view_filter ] --START--
INFO: Run Behavior\WriteHtmlCache [ RunTime:0.000642s ]
INFO: [ view_filter ] --END-- [ RunTime:0.000906s ]
SQL: SELECT * FROM `student` WHERE ( `student_id` = '2014220202006' )  [ RunTime:0.000548s ]

[ 2016-11-22T09:21:23+08:00 ] ::1 /CPS/index.php/Student/Stu/course_info/student_id/2014220202006
INFO: [ app_begin ] --START--
INFO: Run Behavior\ReadHtmlCache [ RunTime:0.001886s ]
INFO: [ app_begin ] --END-- [ RunTime:0.003285s ]
SQL: SHOW COLUMNS FROM `course` [ RunTime:0.006699s ]
SQL: SELECT * FROM `course`  [ RunTime:0.000923s ]
INFO: [ view_parse ] --START--
INFO: [ template_filter ] --START--
INFO: Run Behavior\ContentReplace [ RunTime:0.000120s ]
INFO: [ template_filter ] --END-- [ RunTime:0.000286s ]
INFO: Run Behavior\ParseTemplate [ RunTime:0.023279s ]
INFO: [ view_parse ] --END-- [ RunTime:0.023478s ]
INFO: [ view_filter ] --START--
INFO: Run Behavior\WriteHtmlCache [ RunTime:0.000763s ]
INFO: [ view_filter ] --END-- [ RunTime:0.000854s ]
INFO: [ app_end ] --START--
INFO: Run Behavior\ShowPageTrace [ RunTime:0.001275s ]
INFO: [ app_end ] --END-- [ RunTime:0.001367s ]

[ 2016-11-22T09:21:24+08:00 ] ::1 /CPS/index.php/Student/Stu/myproject
INFO: [ app_begin ] --START--
INFO: Run Behavior\ReadHtmlCache [ RunTime:0.001412s ]
INFO: [ app_begin ] --END-- [ RunTime:0.002547s ]
SQL: SHOW COLUMNS FROM `course` [ RunTime:0.006437s ]
SQL: SHOW COLUMNS FROM `course` [ RunTime:0.002991s ]
SQL: SELECT A.course_name,A.course_id,B.project_name,B.project_id,B.teacher_id,D.group_id,D.group_project_status FROM course A,project B,student_group_member C,student_group D WHERE ( A.course_id=B.course_id and B.project_id=D.project_id and C.group_id=D.group_id and C.student_id = '2014220202006' )  [ RunTime:0.002084s ]
SQL: SHOW COLUMNS FROM `student_group_member` [ RunTime:0.003318s ]
SQL: SHOW COLUMNS FROM `student` [ RunTime:0.003019s ]
SQL: SELECT A.student_id,A.student_name FROM student as A,student_group as B,student_group_member as C WHERE ( A.student_id=C.student_id and B.group_id=C.group_id and C.is_available=1 and C.group_id = '4' )  [ RunTime:0.001116s ]
NOTIC: [8] Undefined variable: groupMember D:\WWW\CPS\Student\Controller\StuController.class.php 第 42 行.
INFO: [ view_parse ] --START--
INFO: [ template_filter ] --START--
INFO: Run Behavior\ContentReplace [ RunTime:0.000135s ]
INFO: [ template_filter ] --END-- [ RunTime:0.000313s ]
INFO: Run Behavior\ParseTemplate [ RunTime:0.025873s ]
INFO: [ view_parse ] --END-- [ RunTime:0.026013s ]
INFO: [ view_filter ] --START--
INFO: Run Behavior\WriteHtmlCache [ RunTime:0.000869s ]
INFO: [ view_filter ] --END-- [ RunTime:0.000975s ]
INFO: [ app_end ] --START--
INFO: Run Behavior\ShowPageTrace [ RunTime:0.001416s ]
INFO: [ app_end ] --END-- [ RunTime:0.001550s ]

[ 2016-11-22T09:23:18+08:00 ] ::1 /CPS/index.php/Home/Login/login
INFO: [ app_begin ] --START--
INFO: Run Behavior\ReadHtmlCache [ RunTime:0.003972s ]
INFO: [ app_begin ] --END-- [ RunTime:0.006031s ]
INFO: [ view_parse ] --START--
INFO: [ template_filter ] --START--
INFO: Run Behavior\ContentReplace [ RunTime:0.000146s ]
INFO: [ template_filter ] --END-- [ RunTime:0.000300s ]
INFO: Run Behavior\ParseTemplate [ RunTime:0.026649s ]
INFO: [ view_parse ] --END-- [ RunTime:0.026852s ]
INFO: [ view_filter ] --START--
INFO: Run Behavior\WriteHtmlCache [ RunTime:0.006082s ]
INFO: [ view_filter ] --END-- [ RunTime:0.008481s ]
INFO: [ app_end ] --START--
INFO: Run Behavior\ShowPageTrace [ RunTime:0.005179s ]
INFO: [ app_end ] --END-- [ RunTime:0.005416s ]

[ 2016-11-22T09:23:19+08:00 ] ::1 /CPS/index.php/Home/Index/verify_c
INFO: [ app_begin ] --START--
INFO: Run Behavior\ReadHtmlCache [ RunTime:0.005828s ]
INFO: [ app_begin ] --END-- [ RunTime:0.007975s ]
INFO: [ app_end ] --START--
INFO: Run Behavior\ShowPageTrace [ RunTime:0.007731s ]
INFO: [ app_end ] --END-- [ RunTime:0.008067s ]

[ 2016-11-22T09:23:26+08:00 ] ::1 /CPS/index.php/Home/Login/login
INFO: [ app_begin ] --START--
INFO: Run Behavior\ReadHtmlCache [ RunTime:0.002022s ]
INFO: [ app_begin ] --END-- [ RunTime:0.003508s ]
SQL: SHOW COLUMNS FROM `student` [ RunTime:0.004736s ]
SQL: SELECT * FROM `student` WHERE ( `student_id` = '2014220202009' )  [ RunTime:0.001700s ]
INFO: [ view_parse ] --START--
INFO: [ template_filter ] --START--
INFO: Run Behavior\ContentReplace [ RunTime:0.000099s ]
INFO: [ template_filter ] --END-- [ RunTime:0.000297s ]
INFO: Run Behavior\ParseTemplate [ RunTime:0.018180s ]
INFO: [ view_parse ] --END-- [ RunTime:0.018369s ]
INFO: [ view_filter ] --START--
INFO: Run Behavior\WriteHtmlCache [ RunTime:0.001199s ]
INFO: [ view_filter ] --END-- [ RunTime:0.001346s ]
SQL: SELECT * FROM `student` WHERE ( `student_id` = '2014220202009' )  [ RunTime:0.000686s ]

[ 2016-11-22T09:23:26+08:00 ] ::1 /CPS/index.php/Student/Stu/course_info/student_id/2014220202009
INFO: [ app_begin ] --START--
INFO: Run Behavior\ReadHtmlCache [ RunTime:0.001958s ]
INFO: [ app_begin ] --END-- [ RunTime:0.003331s ]
SQL: SHOW COLUMNS FROM `course` [ RunTime:0.005219s ]
SQL: SELECT * FROM `course`  [ RunTime:0.000841s ]
INFO: [ view_parse ] --START--
INFO: [ template_filter ] --START--
INFO: Run Behavior\ContentReplace [ RunTime:0.000122s ]
INFO: [ template_filter ] --END-- [ RunTime:0.000289s ]
INFO: Run Behavior\ParseTemplate [ RunTime:0.023711s ]
INFO: [ view_parse ] --END-- [ RunTime:0.023871s ]
INFO: [ view_filter ] --START--
INFO: Run Behavior\WriteHtmlCache [ RunTime:0.000966s ]
INFO: [ view_filter ] --END-- [ RunTime:0.001108s ]
INFO: [ app_end ] --START--
INFO: Run Behavior\ShowPageTrace [ RunTime:0.001939s ]
INFO: [ app_end ] --END-- [ RunTime:0.002081s ]

[ 2016-11-22T09:23:29+08:00 ] ::1 /CPS/index.php/Student/Stu/myproject
INFO: [ app_begin ] --START--
INFO: Run Behavior\ReadHtmlCache [ RunTime:0.002887s ]
INFO: [ app_begin ] --END-- [ RunTime:0.004916s ]
SQL: SHOW COLUMNS FROM `course` [ RunTime:0.007839s ]
SQL: SHOW COLUMNS FROM `course` [ RunTime:0.005419s ]
SQL: SELECT A.course_name,A.course_id,B.project_name,B.project_id,B.teacher_id,D.group_id,D.group_project_status FROM course A,project B,student_group_member C,student_group D WHERE ( A.course_id=B.course_id and B.project_id=D.project_id and C.group_id=D.group_id and C.student_id = '2014220202009' )  [ RunTime:0.003240s ]
SQL: SHOW COLUMNS FROM `student_group_member` [ RunTime:0.006215s ]
SQL: SHOW COLUMNS FROM `student` [ RunTime:0.005695s ]
SQL: SELECT A.student_id,A.student_name FROM student as A,student_group as B,student_group_member as C WHERE ( A.student_id=C.student_id and B.group_id=C.group_id and C.is_available=1 and C.group_id = '3' )  [ RunTime:0.001626s ]
NOTIC: [8] Undefined variable: groupMember D:\WWW\CPS\Student\Controller\StuController.class.php 第 42 行.
INFO: [ view_parse ] --START--
INFO: [ template_filter ] --START--
INFO: Run Behavior\ContentReplace [ RunTime:0.000185s ]
INFO: [ template_filter ] --END-- [ RunTime:0.000447s ]
NOTIC: [8] Undefined variable: button_disabled D:\WWW\CPS\Runtime\Cache\Student\10b09b81c9f0b1dc3713583acbe94799.php 第 91 行.
INFO: Run Behavior\ParseTemplate [ RunTime:0.050751s ]
INFO: [ view_parse ] --END-- [ RunTime:0.051004s ]
INFO: [ view_filter ] --START--
INFO: Run Behavior\WriteHtmlCache [ RunTime:0.001697s ]
INFO: [ view_filter ] --END-- [ RunTime:0.001985s ]
INFO: [ app_end ] --START--
INFO: Run Behavior\ShowPageTrace [ RunTime:0.004943s ]
INFO: [ app_end ] --END-- [ RunTime:0.005204s ]

[ 2016-11-22T09:24:13+08:00 ] ::1 /CPS/index.php/Student/Stu/project_report/project_id/3
INFO: [ app_begin ] --START--
INFO: Run Behavior\ReadHtmlCache [ RunTime:0.003210s ]
INFO: [ app_begin ] --END-- [ RunTime:0.005567s ]
SQL: SHOW COLUMNS FROM `course` [ RunTime:0.008371s ]
SQL: SHOW COLUMNS FROM `course` [ RunTime:0.006936s ]
SQL: SELECT A.course_name,A.course_id,B.project_name,B.project_id,B.teacher_id,D.group_id,D.group_project_status,B.main_project,B.middle_expected_result,B.final_expected_result,B.project_comment_info,D.group_middle_report_score,D.group_final_report_score FROM course as A,project as B,student_group_member as C,student_group as D WHERE ( A.course_id=B.course_id and D.project_id=B.project_id and C.group_id=D.group_id and B.project_id='3' and C.student_id = '2014220202009' )  [ RunTime:0.009931s ]
SQL: SHOW COLUMNS FROM `student_group_member` [ RunTime:0.006292s ]
SQL: SHOW COLUMNS FROM `student` [ RunTime:0.006811s ]
SQL: SELECT A.student_id,A.student_name FROM student as A,student_group as B,student_group_member as C WHERE ( A.student_id=C.student_id and B.group_id=C.group_id and C.is_available=1 and C.group_id = '3' )  [ RunTime:0.001419s ]
INFO: [ view_parse ] --START--
INFO: [ template_filter ] --START--
INFO: Run Behavior\ContentReplace [ RunTime:0.000293s ]
INFO: [ template_filter ] --END-- [ RunTime:0.000571s ]
INFO: Run Behavior\ParseTemplate [ RunTime:0.146004s ]
INFO: [ view_parse ] --END-- [ RunTime:0.146327s ]
INFO: [ view_filter ] --START--
INFO: Run Behavior\WriteHtmlCache [ RunTime:0.001901s ]
INFO: [ view_filter ] --END-- [ RunTime:0.002159s ]
INFO: [ app_end ] --START--
INFO: Run Behavior\ShowPageTrace [ RunTime:0.003953s ]
INFO: [ app_end ] --END-- [ RunTime:0.004206s ]

[ 2016-11-22T09:26:05+08:00 ] ::1 /CPS/index.php/Student/Stu/team_manage
INFO: [ app_begin ] --START--
INFO: Run Behavior\ReadHtmlCache [ RunTime:0.006524s ]
INFO: [ app_begin ] --END-- [ RunTime:0.009170s ]
SQL: SHOW COLUMNS FROM `student_group` [ RunTime:0.010549s ]
SQL: SELECT * FROM `student_group` ORDER BY group_id desc LIMIT 1   [ RunTime:0.004272s ]
SQL: SHOW COLUMNS FROM `student_group_member` [ RunTime:0.007517s ]
SQL: SELECT D.group_project_status,D.group_id,D.group_manage,C.is_groupLeader FROM student_group_member as C,student_group as D WHERE ( C.group_id=D.group_id and C.student_id = '2014220202009' )  [ RunTime:0.004031s ]
SQL: SHOW COLUMNS FROM `student_group_member` [ RunTime:0.008170s ]
SQL: SHOW COLUMNS FROM `student` [ RunTime:0.006383s ]
SQL: SELECT A.student_id,A.student_name FROM student as A,student_group as B,student_group_member as C WHERE ( A.student_id=C.student_id and B.group_id=C.group_id and C.is_available=1 and C.student_message_status=2 and C.group_id = '3' )  [ RunTime:0.002248s ]
NOTIC: [8] Undefined variable: groupMember D:\WWW\CPS\Student\Controller\StuController.class.php 第 220 行.
SQL: SHOW COLUMNS FROM `student` [ RunTime:0.006610s ]
SQL: SELECT A.student_id FROM student as A,student_group as B,student_group_member as C WHERE ( A.student_id=C.student_id and B.group_id=C.group_id and C.is_available=1 and C.is_groupLeader=1 and C.group_id = '3' )  [ RunTime:0.001561s ]
NOTIC: [8] Undefined variable: I D:\WWW\CPS\Student\Controller\StuController.class.php 第 239 行.
INFO: [ view_parse ] --START--
INFO: [ template_filter ] --START--
INFO: Run Behavior\ContentReplace [ RunTime:0.000245s ]
INFO: [ template_filter ] --END-- [ RunTime:0.000553s ]
NOTIC: [8] Undefined variable: button_disabled D:\WWW\CPS\Runtime\Cache\Student\941846ef91974a4cc58f927c8a8d644c.php 第 79 行.
INFO: Run Behavior\ParseTemplate [ RunTime:0.367421s ]
INFO: [ view_parse ] --END-- [ RunTime:0.368809s ]
INFO: [ view_filter ] --START--
INFO: Run Behavior\WriteHtmlCache [ RunTime:0.003156s ]
INFO: [ view_filter ] --END-- [ RunTime:0.003456s ]
INFO: [ app_end ] --START--
INFO: Run Behavior\ShowPageTrace [ RunTime:0.008492s ]
INFO: [ app_end ] --END-- [ RunTime:0.008794s ]

[ 2016-11-22T09:26:07+08:00 ] ::1 /CPS/index.php/Student/Stu/teamMember/group_id/3
INFO: [ app_begin ] --START--
INFO: Run Behavior\ReadHtmlCache [ RunTime:0.003623s ]
INFO: [ app_begin ] --END-- [ RunTime:0.005968s ]
SQL: SHOW COLUMNS FROM `student_group` [ RunTime:0.007924s ]
SQL: SELECT `group_project_status`,`group_id`,`group_manage` FROM `student_group` WHERE ( group_id = '3' )  [ RunTime:0.002712s ]
SQL: SHOW COLUMNS FROM `student_group_member` [ RunTime:0.005875s ]
SQL: SHOW COLUMNS FROM `student` [ RunTime:0.005977s ]
SQL: SELECT A.student_id,A.student_name FROM student as A,student_group as B,student_group_member as C WHERE ( A.student_id=C.student_id and B.group_id=C.group_id and C.is_available=1 and C.student_message_status=2 and C.group_id = '3' )  [ RunTime:0.005153s ]
NOTIC: [8] Undefined variable: groupMember D:\WWW\CPS\Student\Controller\StuController.class.php 第 254 行.
SQL: SHOW COLUMNS FROM `student_group_member` [ RunTime:0.006301s ]
NOTIC: [8] Undefined index: studentId D:\WWW\CPS\Student\Controller\StuController.class.php 第 287 行.
NOTIC: [8] Undefined index: get_group_id D:\WWW\CPS\Student\Controller\StuController.class.php 第 288 行.
SQL: INSERT INTO `student_group_member` (`student_id`,`group_id`,`student_message`,`student_message_status`,`reply_group_id`,`stu_contribute_score`,`invite_status`,`is_available`,`is_groupLeader`) VALUES (null,null,'2014220202009',1,1,'',1,1,0) [ RunTime:0.000860s ]
ERR: 1048:Column 'student_id' cannot be null
 [ SQL语句 ] : INSERT INTO `student_group_member` (`student_id`,`group_id`,`student_message`,`student_message_status`,`reply_group_id`,`stu_contribute_score`,`invite_status`,`is_available`,`is_groupLeader`) VALUES (null,null,'2014220202009',1,1,'',1,1,0)
INFO: [ view_parse ] --START--
INFO: [ template_filter ] --START--
INFO: Run Behavior\ContentReplace [ RunTime:0.000242s ]
INFO: [ template_filter ] --END-- [ RunTime:0.000502s ]
INFO: Run Behavior\ParseTemplate [ RunTime:0.138313s ]
INFO: [ view_parse ] --END-- [ RunTime:0.138582s ]
INFO: [ view_filter ] --START--
INFO: Run Behavior\WriteHtmlCache [ RunTime:0.001563s ]
INFO: [ view_filter ] --END-- [ RunTime:0.001790s ]
INFO: [ app_end ] --START--
INFO: Run Behavior\ShowPageTrace [ RunTime:0.003151s ]
INFO: [ app_end ] --END-- [ RunTime:0.003387s ]

[ 2016-11-22T09:33:51+08:00 ] ::1 /CPS/index.php/Teacher/Professor/my_project
INFO: [ app_begin ] --START--
INFO: Run Behavior\ReadHtmlCache [ RunTime:0.002943s ]
INFO: [ app_begin ] --END-- [ RunTime:0.007347s ]
INFO: [ view_parse ] --START--
INFO: [ template_filter ] --START--
INFO: Run Behavior\ContentReplace [ RunTime:0.000120s ]
INFO: [ template_filter ] --END-- [ RunTime:0.000291s ]
NOTIC: [8] Undefined variable: login_url D:\WWW\CPS\Runtime\Cache\Teacher\e4500d0226475ded7b551d5ebc5650f1.php 第 39 行.
INFO: Run Behavior\ParseTemplate [ RunTime:0.160694s ]
INFO: [ view_parse ] --END-- [ RunTime:0.160889s ]
INFO: [ view_filter ] --START--
INFO: Run Behavior\WriteHtmlCache [ RunTime:0.005742s ]
INFO: [ view_filter ] --END-- [ RunTime:0.005904s ]
INFO: [ app_end ] --START--
INFO: Run Behavior\ShowPageTrace [ RunTime:0.003412s ]
INFO: [ app_end ] --END-- [ RunTime:0.003588s ]

[ 2016-11-22T09:33:53+08:00 ] ::1 /CPS/index.php/Teacher/Professor/course_info
INFO: [ app_begin ] --START--
INFO: Run Behavior\ReadHtmlCache [ RunTime:0.003611s ]
INFO: [ app_begin ] --END-- [ RunTime:0.005850s ]
SQL: SHOW COLUMNS FROM `course` [ RunTime:0.006674s ]
SQL: SELECT * FROM `course`  [ RunTime:0.001208s ]
INFO: [ view_parse ] --START--
INFO: [ template_filter ] --START--
INFO: Run Behavior\ContentReplace [ RunTime:0.000186s ]
INFO: [ template_filter ] --END-- [ RunTime:0.000407s ]
INFO: Run Behavior\ParseTemplate [ RunTime:0.042201s ]
INFO: [ view_parse ] --END-- [ RunTime:0.042475s ]
INFO: [ view_filter ] --START--
INFO: Run Behavior\WriteHtmlCache [ RunTime:0.002087s ]
INFO: [ view_filter ] --END-- [ RunTime:0.002278s ]
INFO: [ app_end ] --START--
INFO: Run Behavior\ShowPageTrace [ RunTime:0.003126s ]
INFO: [ app_end ] --END-- [ RunTime:0.003325s ]

[ 2016-11-22T09:33:56+08:00 ] ::1 /CPS/index.php/Teacher/Professor/apply_subject/course_name/%E7%BB%BC%E5%90%88%E8%AF%BE%E7%A8%8B%E8%AE%BE%E8%AE%A11
INFO: [ app_begin ] --START--
INFO: Run Behavior\ReadHtmlCache [ RunTime:0.002436s ]
INFO: [ app_begin ] --END-- [ RunTime:0.004168s ]
SQL: SHOW COLUMNS FROM `course` [ RunTime:0.005279s ]
SQL: SELECT `course_id` FROM `course` WHERE ( course_name = '综合课程设计1' )  [ RunTime:0.000948s ]
INFO: [ view_parse ] --START--
INFO: [ template_filter ] --START--
INFO: Run Behavior\ContentReplace [ RunTime:0.000170s ]
INFO: [ template_filter ] --END-- [ RunTime:0.000380s ]
INFO: Run Behavior\ParseTemplate [ RunTime:0.118375s ]
INFO: [ view_parse ] --END-- [ RunTime:0.118653s ]
INFO: [ view_filter ] --START--
INFO: Run Behavior\WriteHtmlCache [ RunTime:0.001812s ]
INFO: [ view_filter ] --END-- [ RunTime:0.002052s ]
INFO: [ app_end ] --START--
INFO: Run Behavior\ShowPageTrace [ RunTime:0.003094s ]
INFO: [ app_end ] --END-- [ RunTime:0.003324s ]

[ 2016-11-22T09:33:58+08:00 ] ::1 /CPS/index.php/Teacher/Professor/course_info
INFO: [ app_begin ] --START--
INFO: Run Behavior\ReadHtmlCache [ RunTime:0.003113s ]
INFO: [ app_begin ] --END-- [ RunTime:0.005048s ]
SQL: SHOW COLUMNS FROM `course` [ RunTime:0.004677s ]
SQL: SELECT * FROM `course`  [ RunTime:0.000993s ]
INFO: [ view_parse ] --START--
INFO: [ template_filter ] --START--
INFO: Run Behavior\ContentReplace [ RunTime:0.000155s ]
INFO: [ template_filter ] --END-- [ RunTime:0.000365s ]
INFO: Run Behavior\ParseTemplate [ RunTime:0.035019s ]
INFO: [ view_parse ] --END-- [ RunTime:0.035248s ]
INFO: [ view_filter ] --START--
INFO: Run Behavior\WriteHtmlCache [ RunTime:0.001764s ]
INFO: [ view_filter ] --END-- [ RunTime:0.001969s ]
INFO: [ app_end ] --START--
INFO: Run Behavior\ShowPageTrace [ RunTime:0.005100s ]
INFO: [ app_end ] --END-- [ RunTime:0.005310s ]

[ 2016-11-22T09:34:43+08:00 ] ::1 /CPS/index.php/Teacher/Professor/apply_subject/course_name/%E7%BB%BC%E5%90%88%E8%AF%BE%E7%A8%8B%E8%AE%BE%E8%AE%A11
INFO: [ app_begin ] --START--
INFO: Run Behavior\ReadHtmlCache [ RunTime:0.005300s ]
INFO: [ app_begin ] --END-- [ RunTime:0.007440s ]
SQL: SHOW COLUMNS FROM `course` [ RunTime:0.004336s ]
SQL: SELECT `course_id` FROM `course` WHERE ( course_name = '综合课程设计1' )  [ RunTime:0.000716s ]
INFO: [ view_parse ] --START--
INFO: [ template_filter ] --START--
INFO: Run Behavior\ContentReplace [ RunTime:0.000128s ]
INFO: [ template_filter ] --END-- [ RunTime:0.000307s ]
INFO: Run Behavior\ParseTemplate [ RunTime:0.032924s ]
INFO: [ view_parse ] --END-- [ RunTime:0.033359s ]
INFO: [ view_filter ] --START--
INFO: Run Behavior\WriteHtmlCache [ RunTime:0.002285s ]
INFO: [ view_filter ] --END-- [ RunTime:0.002499s ]
INFO: [ app_end ] --START--
INFO: Run Behavior\ShowPageTrace [ RunTime:0.003481s ]
INFO: [ app_end ] --END-- [ RunTime:0.003680s ]

