[ 2016-12-11T22:55:47+08:00 ] ::1 /CPS/index.php/Manager/Manage/manage_info
INFO: [ app_begin ] --START--
INFO: Run Behavior\ReadHtmlCache [ RunTime:0.048528s ]
INFO: [ app_begin ] --END-- [ RunTime:0.091618s ]
NOTIC: [2] mysql_connect():  D:\WWW\ThinkPHP\Library\Think\Db\Driver\Mysql.class.php Á¨¨ 52 Ë°å.
ERR: ”…”⁄ƒø±Íº∆À„ª˙ª˝º´æ‹æ¯£¨Œﬁ∑®¡¨Ω”°£


[ 2016-12-11T22:56:01+08:00 ] ::1 /CPS/index.php/Manager/Manage/manage_info
INFO: [ app_begin ] --START--
INFO: Run Behavior\ReadHtmlCache [ RunTime:0.002600s ]
INFO: [ app_begin ] --END-- [ RunTime:0.004344s ]
NOTIC: [2] mysql_connect():  D:\WWW\ThinkPHP\Library\Think\Db\Driver\Mysql.class.php Á¨¨ 52 Ë°å.
ERR: ”…”⁄ƒø±Íº∆À„ª˙ª˝º´æ‹æ¯£¨Œﬁ∑®¡¨Ω”°£


[ 2016-12-11T22:56:04+08:00 ] ::1 /CPS/index.php/Manager/Manage/manage_info
INFO: [ app_begin ] --START--
INFO: Run Behavior\ReadHtmlCache [ RunTime:0.005222s ]
INFO: [ app_begin ] --END-- [ RunTime:0.008086s ]
NOTIC: [2] mysql_connect():  D:\WWW\ThinkPHP\Library\Think\Db\Driver\Mysql.class.php Á¨¨ 52 Ë°å.
ERR: ”…”⁄ƒø±Íº∆À„ª˙ª˝º´æ‹æ¯£¨Œﬁ∑®¡¨Ω”°£


[ 2016-12-11T22:56:32+08:00 ] ::1 /CPS/index.php/Manager/Manage/manage_info
INFO: [ app_begin ] --START--
INFO: Run Behavior\ReadHtmlCache [ RunTime:0.005090s ]
INFO: [ app_begin ] --END-- [ RunTime:0.008721s ]
SQL: SHOW COLUMNS FROM `course` [ RunTime:0.384074s ]
SQL: SELECT * FROM `course`  [ RunTime:0.001856s ]
INFO: [ view_parse ] --START--
INFO: [ template_filter ] --START--
INFO: Run Behavior\ContentReplace [ RunTime:0.000239s ]
INFO: [ template_filter ] --END-- [ RunTime:0.001101s ]
NOTIC: [8] Undefined index: name D:\WWW\CPS\Runtime\Cache\Manager\b2e21d1919f93d16faa134e79d8c3954.php Á¨¨ 36 Ë°å.
INFO: Run Behavior\ParseTemplate [ RunTime:0.680893s ]
INFO: [ view_parse ] --END-- [ RunTime:0.681272s ]
INFO: [ view_filter ] --START--
INFO: Run Behavior\WriteHtmlCache [ RunTime:0.069515s ]
INFO: [ view_filter ] --END-- [ RunTime:0.069798s ]
INFO: [ app_end ] --START--
INFO: Run Behavior\ShowPageTrace [ RunTime:0.055939s ]
INFO: [ app_end ] --END-- [ RunTime:0.056212s ]

[ 2016-12-11T22:56:37+08:00 ] ::1 /CPS/index.php/Manager/Manage/check_courseinfo/course_id/1
INFO: [ app_begin ] --START--
INFO: Run Behavior\ReadHtmlCache [ RunTime:0.002743s ]
INFO: [ app_begin ] --END-- [ RunTime:0.004322s ]
SQL: SHOW COLUMNS FROM `course` [ RunTime:0.090212s ]
SQL: SELECT * FROM `course` WHERE ( course_id = '1' )  [ RunTime:0.001378s ]
INFO: [ view_parse ] --START--
INFO: [ template_filter ] --START--
INFO: Run Behavior\ContentReplace [ RunTime:0.000167s ]
INFO: [ template_filter ] --END-- [ RunTime:0.000341s ]
NOTIC: [8] Undefined index: name D:\WWW\CPS\Runtime\Cache\Manager\223385eff9804fa573664cbb205a475e.php Á¨¨ 36 Ë°å.
INFO: Run Behavior\ParseTemplate [ RunTime:0.131665s ]
INFO: [ view_parse ] --END-- [ RunTime:0.131908s ]
INFO: [ view_filter ] --START--
INFO: Run Behavior\WriteHtmlCache [ RunTime:0.001641s ]
INFO: [ view_filter ] --END-- [ RunTime:0.001785s ]
INFO: [ app_end ] --START--
INFO: Run Behavior\ShowPageTrace [ RunTime:0.002819s ]
INFO: [ app_end ] --END-- [ RunTime:0.002998s ]

[ 2016-12-11T23:01:43+08:00 ] ::1 /CPS/index.php/Manager/Manage/check_courseinfo/course_id/1
INFO: [ app_begin ] --START--
INFO: Run Behavior\ReadHtmlCache [ RunTime:0.006367s ]
INFO: [ app_begin ] --END-- [ RunTime:0.014955s ]
SQL: SHOW COLUMNS FROM `course` [ RunTime:0.116165s ]
SQL: SELECT * FROM `course` WHERE ( course_id = '1' )  [ RunTime:0.001626s ]
INFO: [ view_parse ] --START--
INFO: [ template_filter ] --START--
INFO: Run Behavior\ContentReplace [ RunTime:0.000283s ]
INFO: [ template_filter ] --END-- [ RunTime:0.000647s ]
NOTIC: [8] Undefined index: name D:\WWW\CPS\Runtime\Cache\Manager\223385eff9804fa573664cbb205a475e.php Á¨¨ 36 Ë°å.
INFO: Run Behavior\ParseTemplate [ RunTime:0.130573s ]
INFO: [ view_parse ] --END-- [ RunTime:0.130931s ]
INFO: [ view_filter ] --START--
INFO: Run Behavior\WriteHtmlCache [ RunTime:0.004101s ]
INFO: [ view_filter ] --END-- [ RunTime:0.004533s ]
INFO: [ app_end ] --START--
INFO: Run Behavior\ShowPageTrace [ RunTime:0.010271s ]
INFO: [ app_end ] --END-- [ RunTime:0.010547s ]

[ 2016-12-11T23:04:50+08:00 ] ::1 /CPS/index.php/Manager/Manage/check_courseinfo/course_id/1
INFO: [ app_begin ] --START--
INFO: Run Behavior\ReadHtmlCache [ RunTime:0.005947s ]
INFO: [ app_begin ] --END-- [ RunTime:0.008883s ]
SQL: SHOW COLUMNS FROM `course` [ RunTime:0.133893s ]
SQL: SELECT * FROM `course` WHERE ( course_id = '1' )  [ RunTime:0.001383s ]
INFO: [ view_parse ] --START--
INFO: [ template_filter ] --START--
INFO: Run Behavior\ContentReplace [ RunTime:0.000657s ]
INFO: [ template_filter ] --END-- [ RunTime:0.001718s ]
NOTIC: [8] Undefined index: name D:\WWW\CPS\Runtime\Cache\Manager\223385eff9804fa573664cbb205a475e.php Á¨¨ 36 Ë°å.
INFO: Run Behavior\ParseTemplate [ RunTime:0.073078s ]
INFO: [ view_parse ] --END-- [ RunTime:0.073401s ]
INFO: [ view_filter ] --START--
INFO: Run Behavior\WriteHtmlCache [ RunTime:0.006187s ]
INFO: [ view_filter ] --END-- [ RunTime:0.006463s ]
INFO: [ app_end ] --START--
INFO: Run Behavior\ShowPageTrace [ RunTime:0.006415s ]
INFO: [ app_end ] --END-- [ RunTime:0.006717s ]

[ 2016-12-11T23:15:17+08:00 ] ::1 /CPS/index.php/Manager/Manage/check_courseinfo/course_id/1
INFO: [ app_begin ] --START--
INFO: Run Behavior\ReadHtmlCache [ RunTime:0.008661s ]
INFO: [ app_begin ] --END-- [ RunTime:0.012564s ]
SQL: SHOW COLUMNS FROM `course` [ RunTime:0.122748s ]
SQL: SELECT * FROM `course` WHERE ( course_id = '1' )  [ RunTime:0.001422s ]
INFO: [ view_parse ] --START--
INFO: [ template_filter ] --START--
INFO: Run Behavior\ContentReplace [ RunTime:0.000516s ]
INFO: [ template_filter ] --END-- [ RunTime:0.001083s ]
NOTIC: [8] Undefined index: name D:\WWW\CPS\Runtime\Cache\Manager\223385eff9804fa573664cbb205a475e.php Á¨¨ 36 Ë°å.
INFO: Run Behavior\ParseTemplate [ RunTime:0.072561s ]
INFO: [ view_parse ] --END-- [ RunTime:0.072911s ]
INFO: [ view_filter ] --START--
INFO: Run Behavior\WriteHtmlCache [ RunTime:0.006013s ]
INFO: [ view_filter ] --END-- [ RunTime:0.006523s ]
INFO: [ app_end ] --START--
INFO: Run Behavior\ShowPageTrace [ RunTime:0.005681s ]
INFO: [ app_end ] --END-- [ RunTime:0.006344s ]

[ 2016-12-11T23:15:22+08:00 ] ::1 /CPS/index.php/Uploads/Teacher_apply_file/test.docx
INFO: [ app_begin ] --START--
INFO: Run Behavior\ReadHtmlCache [ RunTime:0.005124s ]
INFO: [ app_begin ] --END-- [ RunTime:0.008208s ]
ERR: Êó†Ê≥ïÂä†ËΩΩÊéßÂà∂Âô®:Teacher_apply_file

[ 2016-12-11T23:15:49+08:00 ] ::1 /CPS/index.php/Uploads/Teacher_apply_file/test.docx
INFO: [ app_begin ] --START--
INFO: Run Behavior\ReadHtmlCache [ RunTime:0.013378s ]
INFO: [ app_begin ] --END-- [ RunTime:0.016842s ]
ERR: Êó†Ê≥ïÂä†ËΩΩÊéßÂà∂Âô®:Teacher_apply_file

[ 2016-12-11T23:15:50+08:00 ] ::1 /CPS/index.php/Uploads/Teacher_apply_file/test.docx
INFO: [ app_begin ] --START--
INFO: Run Behavior\ReadHtmlCache [ RunTime:0.005857s ]
INFO: [ app_begin ] --END-- [ RunTime:0.010288s ]
ERR: Êó†Ê≥ïÂä†ËΩΩÊéßÂà∂Âô®:Teacher_apply_file

[ 2016-12-11T23:16:00+08:00 ] ::1 /CPS/index.php/Manager/Manage/manage_info
INFO: [ app_begin ] --START--
INFO: Run Behavior\ReadHtmlCache [ RunTime:0.005268s ]
INFO: [ app_begin ] --END-- [ RunTime:0.008768s ]
SQL: SHOW COLUMNS FROM `course` [ RunTime:0.100393s ]
SQL: SELECT * FROM `course`  [ RunTime:0.001650s ]
INFO: [ view_parse ] --START--
INFO: [ template_filter ] --START--
INFO: Run Behavior\ContentReplace [ RunTime:0.000176s ]
INFO: [ template_filter ] --END-- [ RunTime:0.000447s ]
NOTIC: [8] Undefined index: name D:\WWW\CPS\Runtime\Cache\Manager\b2e21d1919f93d16faa134e79d8c3954.php Á¨¨ 36 Ë°å.
INFO: Run Behavior\ParseTemplate [ RunTime:0.062743s ]
INFO: [ view_parse ] --END-- [ RunTime:0.063145s ]
INFO: [ view_filter ] --START--
INFO: Run Behavior\WriteHtmlCache [ RunTime:0.008514s ]
INFO: [ view_filter ] --END-- [ RunTime:0.008919s ]
INFO: [ app_end ] --START--
INFO: Run Behavior\ShowPageTrace [ RunTime:0.009013s ]
INFO: [ app_end ] --END-- [ RunTime:0.009306s ]

[ 2016-12-11T23:16:03+08:00 ] ::1 /CPS/index.php/Manager/Manage/check_courseinfo/course_id/1
INFO: [ app_begin ] --START--
INFO: Run Behavior\ReadHtmlCache [ RunTime:0.010139s ]
INFO: [ app_begin ] --END-- [ RunTime:0.012554s ]
SQL: SHOW COLUMNS FROM `course` [ RunTime:0.172746s ]
SQL: SELECT * FROM `course` WHERE ( course_id = '1' )  [ RunTime:0.001532s ]
INFO: [ view_parse ] --START--
INFO: [ template_filter ] --START--
INFO: Run Behavior\ContentReplace [ RunTime:0.000243s ]
INFO: [ template_filter ] --END-- [ RunTime:0.000569s ]
NOTIC: [8] Undefined index: name D:\WWW\CPS\Runtime\Cache\Manager\223385eff9804fa573664cbb205a475e.php Á¨¨ 36 Ë°å.
INFO: Run Behavior\ParseTemplate [ RunTime:0.048952s ]
INFO: [ view_parse ] --END-- [ RunTime:0.049279s ]
INFO: [ view_filter ] --START--
INFO: Run Behavior\WriteHtmlCache [ RunTime:0.002023s ]
INFO: [ view_filter ] --END-- [ RunTime:0.002312s ]
INFO: [ app_end ] --START--
INFO: Run Behavior\ShowPageTrace [ RunTime:0.004482s ]
INFO: [ app_end ] --END-- [ RunTime:0.004783s ]

[ 2016-12-11T23:16:06+08:00 ] ::1 /CPS/index.php/Manager/Manage/check_courseinfo/Uploads/Teacher_apply_file/test.docx
INFO: [ app_begin ] --START--
INFO: Run Behavior\ReadHtmlCache [ RunTime:0.003178s ]
INFO: [ app_begin ] --END-- [ RunTime:0.005764s ]
SQL: SHOW COLUMNS FROM `course` [ RunTime:0.093847s ]
SQL: SELECT * FROM `course` WHERE ( course_id = '' )  [ RunTime:0.000979s ]
INFO: [ view_parse ] --START--
INFO: [ template_filter ] --START--
INFO: Run Behavior\ContentReplace [ RunTime:0.000216s ]
INFO: [ template_filter ] --END-- [ RunTime:0.000485s ]
NOTIC: [8] Undefined index: name D:\WWW\CPS\Runtime\Cache\Manager\223385eff9804fa573664cbb205a475e.php Á¨¨ 36 Ë°å.
INFO: Run Behavior\ParseTemplate [ RunTime:0.041104s ]
INFO: [ view_parse ] --END-- [ RunTime:0.041358s ]
INFO: [ view_filter ] --START--
INFO: Run Behavior\WriteHtmlCache [ RunTime:0.001697s ]
INFO: [ view_filter ] --END-- [ RunTime:0.001919s ]
INFO: [ app_end ] --START--
INFO: Run Behavior\ShowPageTrace [ RunTime:0.003273s ]
INFO: [ app_end ] --END-- [ RunTime:0.003575s ]

[ 2016-12-11T23:16:18+08:00 ] ::1 /CPS/index.php/Manager/Manage/check_courseinfo/course_id/1
INFO: [ app_begin ] --START--
INFO: Run Behavior\ReadHtmlCache [ RunTime:0.002767s ]
INFO: [ app_begin ] --END-- [ RunTime:0.007056s ]
SQL: SHOW COLUMNS FROM `course` [ RunTime:0.064008s ]
SQL: SELECT * FROM `course` WHERE ( course_id = '1' )  [ RunTime:0.000739s ]
INFO: [ view_parse ] --START--
INFO: [ template_filter ] --START--
INFO: Run Behavior\ContentReplace [ RunTime:0.000097s ]
INFO: [ template_filter ] --END-- [ RunTime:0.000223s ]
NOTIC: [8] Undefined index: name D:\WWW\CPS\Runtime\Cache\Manager\223385eff9804fa573664cbb205a475e.php Á¨¨ 36 Ë°å.
INFO: Run Behavior\ParseTemplate [ RunTime:0.025609s ]
INFO: [ view_parse ] --END-- [ RunTime:0.025785s ]
INFO: [ view_filter ] --START--
INFO: Run Behavior\WriteHtmlCache [ RunTime:0.000946s ]
INFO: [ view_filter ] --END-- [ RunTime:0.001104s ]
INFO: [ app_end ] --START--
INFO: Run Behavior\ShowPageTrace [ RunTime:0.001969s ]
INFO: [ app_end ] --END-- [ RunTime:0.002142s ]

[ 2016-12-11T23:16:21+08:00 ] ::1 /CPS/index.php/Manager/Manage/check_courseinfo/course_id/Uploads/Teacher_apply_file/test.docx
INFO: [ app_begin ] --START--
INFO: Run Behavior\ReadHtmlCache [ RunTime:0.008385s ]
INFO: [ app_begin ] --END-- [ RunTime:0.013188s ]
SQL: SHOW COLUMNS FROM `course` [ RunTime:0.223084s ]
SQL: SELECT * FROM `course` WHERE ( course_id = 'Uploads' )  [ RunTime:0.001178s ]
INFO: [ view_parse ] --START--
INFO: [ template_filter ] --START--
INFO: Run Behavior\ContentReplace [ RunTime:0.000261s ]
INFO: [ template_filter ] --END-- [ RunTime:0.000643s ]
NOTIC: [8] Undefined index: name D:\WWW\CPS\Runtime\Cache\Manager\223385eff9804fa573664cbb205a475e.php Á¨¨ 36 Ë°å.
INFO: Run Behavior\ParseTemplate [ RunTime:0.053905s ]
INFO: [ view_parse ] --END-- [ RunTime:0.054235s ]
INFO: [ view_filter ] --START--
INFO: Run Behavior\WriteHtmlCache [ RunTime:0.002327s ]
INFO: [ view_filter ] --END-- [ RunTime:0.003304s ]
INFO: [ app_end ] --START--
INFO: Run Behavior\ShowPageTrace [ RunTime:0.003938s ]
INFO: [ app_end ] --END-- [ RunTime:0.004258s ]

[ 2016-12-11T23:28:39+08:00 ] ::1 /CPS/index.php/Manager/Manage/check_courseinfo/course_id/1
INFO: [ app_begin ] --START--
INFO: Run Behavior\ReadHtmlCache [ RunTime:0.015469s ]
INFO: [ app_begin ] --END-- [ RunTime:0.024984s ]
SQL: SHOW COLUMNS FROM `course` [ RunTime:0.208191s ]
SQL: SELECT * FROM `course` WHERE ( course_id = '1' )  [ RunTime:0.001887s ]
INFO: [ view_parse ] --START--
INFO: [ template_filter ] --START--
INFO: Run Behavior\ContentReplace [ RunTime:0.000208s ]
INFO: [ template_filter ] --END-- [ RunTime:0.000516s ]
NOTIC: [8] Undefined index: name D:\WWW\CPS\Runtime\Cache\Manager\223385eff9804fa573664cbb205a475e.php Á¨¨ 36 Ë°å.
INFO: Run Behavior\ParseTemplate [ RunTime:0.072391s ]
INFO: [ view_parse ] --END-- [ RunTime:0.072712s ]
INFO: [ view_filter ] --START--
INFO: Run Behavior\WriteHtmlCache [ RunTime:0.002984s ]
INFO: [ view_filter ] --END-- [ RunTime:0.003442s ]
INFO: [ app_end ] --START--
INFO: Run Behavior\ShowPageTrace [ RunTime:0.005674s ]
INFO: [ app_end ] --END-- [ RunTime:0.006076s ]

[ 2016-12-11T23:28:41+08:00 ] ::1 /CPS/index.php/Manager/Manage/download_file
INFO: [ app_begin ] --START--
INFO: Run Behavior\ReadHtmlCache [ RunTime:0.003420s ]
INFO: [ app_begin ] --END-- [ RunTime:0.005820s ]
INFO: [ view_parse ] --START--
INFO: [ template_filter ] --START--
INFO: Run Behavior\ContentReplace [ RunTime:0.000174s ]
INFO: [ template_filter ] --END-- [ RunTime:0.000506s ]
INFO: Run Behavior\ParseTemplate [ RunTime:0.215617s ]
INFO: [ view_parse ] --END-- [ RunTime:0.216060s ]
INFO: [ view_filter ] --START--
INFO: Run Behavior\WriteHtmlCache [ RunTime:0.002290s ]
INFO: [ view_filter ] --END-- [ RunTime:0.002611s ]

[ 2016-12-11T23:28:55+08:00 ] ::1 /CPS/index.php/Manager/Manage/check_courseinfo/course_id/1
INFO: [ app_begin ] --START--
INFO: Run Behavior\ReadHtmlCache [ RunTime:0.011101s ]
INFO: [ app_begin ] --END-- [ RunTime:0.015146s ]
SQL: SHOW COLUMNS FROM `course` [ RunTime:0.240113s ]
SQL: SELECT * FROM `course` WHERE ( course_id = '1' )  [ RunTime:0.001185s ]
INFO: [ view_parse ] --START--
INFO: [ template_filter ] --START--
INFO: Run Behavior\ContentReplace [ RunTime:0.000244s ]
INFO: [ template_filter ] --END-- [ RunTime:0.000537s ]
NOTIC: [8] Undefined index: name D:\WWW\CPS\Runtime\Cache\Manager\223385eff9804fa573664cbb205a475e.php Á¨¨ 36 Ë°å.
INFO: Run Behavior\ParseTemplate [ RunTime:0.067308s ]
INFO: [ view_parse ] --END-- [ RunTime:0.067622s ]
INFO: [ view_filter ] --START--
INFO: Run Behavior\WriteHtmlCache [ RunTime:0.003097s ]
INFO: [ view_filter ] --END-- [ RunTime:0.003353s ]
INFO: [ app_end ] --START--
INFO: Run Behavior\ShowPageTrace [ RunTime:0.014695s ]
INFO: [ app_end ] --END-- [ RunTime:0.015067s ]

[ 2016-12-11T23:28:57+08:00 ] ::1 /CPS/index.php/Manager/Manage/download_file
INFO: [ app_begin ] --START--
INFO: Run Behavior\ReadHtmlCache [ RunTime:0.002319s ]
INFO: [ app_begin ] --END-- [ RunTime:0.003968s ]

[ 2016-12-11T23:33:10+08:00 ] ::1 /CPS/index.php/Manager/Manage/manage_info
INFO: [ app_begin ] --START--
INFO: Run Behavior\ReadHtmlCache [ RunTime:0.003064s ]
INFO: [ app_begin ] --END-- [ RunTime:0.005104s ]
SQL: SHOW COLUMNS FROM `course` [ RunTime:0.148829s ]
SQL: SELECT * FROM `course`  [ RunTime:0.001319s ]
INFO: [ view_parse ] --START--
INFO: [ template_filter ] --START--
INFO: Run Behavior\ContentReplace [ RunTime:0.000255s ]
INFO: [ template_filter ] --END-- [ RunTime:0.000601s ]
NOTIC: [8] Undefined index: name D:\WWW\CPS\Runtime\Cache\Manager\b2e21d1919f93d16faa134e79d8c3954.php Á¨¨ 36 Ë°å.
INFO: Run Behavior\ParseTemplate [ RunTime:0.065680s ]
INFO: [ view_parse ] --END-- [ RunTime:0.066055s ]
INFO: [ view_filter ] --START--
INFO: Run Behavior\WriteHtmlCache [ RunTime:0.003570s ]
INFO: [ view_filter ] --END-- [ RunTime:0.003929s ]
INFO: [ app_end ] --START--
INFO: Run Behavior\ShowPageTrace [ RunTime:0.005365s ]
INFO: [ app_end ] --END-- [ RunTime:0.005686s ]

[ 2016-12-11T23:33:13+08:00 ] ::1 /CPS/index.php/Manager/Manage/check_courseinfo/course_id/1
INFO: [ app_begin ] --START--
INFO: Run Behavior\ReadHtmlCache [ RunTime:0.003268s ]
INFO: [ app_begin ] --END-- [ RunTime:0.005551s ]
SQL: SHOW COLUMNS FROM `course` [ RunTime:0.119514s ]
SQL: SELECT * FROM `course` WHERE ( course_id = '1' )  [ RunTime:0.001339s ]
INFO: [ view_parse ] --START--
INFO: [ template_filter ] --START--
INFO: Run Behavior\ContentReplace [ RunTime:0.000190s ]
INFO: [ template_filter ] --END-- [ RunTime:0.000449s ]
NOTIC: [8] Undefined index: name D:\WWW\CPS\Runtime\Cache\Manager\223385eff9804fa573664cbb205a475e.php Á¨¨ 36 Ë°å.
INFO: Run Behavior\ParseTemplate [ RunTime:0.055010s ]
INFO: [ view_parse ] --END-- [ RunTime:0.055465s ]
INFO: [ view_filter ] --START--
INFO: Run Behavior\WriteHtmlCache [ RunTime:0.002006s ]
INFO: [ view_filter ] --END-- [ RunTime:0.002275s ]
INFO: [ app_end ] --START--
INFO: Run Behavior\ShowPageTrace [ RunTime:0.002965s ]
INFO: [ app_end ] --END-- [ RunTime:0.003254s ]

[ 2016-12-11T23:33:15+08:00 ] ::1 /CPS/index.php/Manager/Manage/down
INFO: [ app_begin ] --START--
INFO: Run Behavior\ReadHtmlCache [ RunTime:0.003581s ]
INFO: [ app_begin ] --END-- [ RunTime:0.005810s ]

[ 2016-12-11T23:33:19+08:00 ] ::1 /CPS/index.php/Manager/Manage/down
INFO: [ app_begin ] --START--
INFO: Run Behavior\ReadHtmlCache [ RunTime:0.005792s ]
INFO: [ app_begin ] --END-- [ RunTime:0.008708s ]

[ 2016-12-11T23:33:36+08:00 ] ::1 /CPS/index.php/Manager/Manage/check_courseinfo/course_id/1
INFO: [ app_begin ] --START--
INFO: Run Behavior\ReadHtmlCache [ RunTime:0.004882s ]
INFO: [ app_begin ] --END-- [ RunTime:0.008268s ]
SQL: SHOW COLUMNS FROM `course` [ RunTime:0.179006s ]
SQL: SELECT * FROM `course` WHERE ( course_id = '1' )  [ RunTime:0.001032s ]
INFO: [ view_parse ] --START--
INFO: [ template_filter ] --START--
INFO: Run Behavior\ContentReplace [ RunTime:0.000185s ]
INFO: [ template_filter ] --END-- [ RunTime:0.000374s ]
NOTIC: [8] Undefined index: name D:\WWW\CPS\Runtime\Cache\Manager\223385eff9804fa573664cbb205a475e.php Á¨¨ 36 Ë°å.
INFO: Run Behavior\ParseTemplate [ RunTime:0.046576s ]
INFO: [ view_parse ] --END-- [ RunTime:0.046911s ]
INFO: [ view_filter ] --START--
INFO: Run Behavior\WriteHtmlCache [ RunTime:0.002228s ]
INFO: [ view_filter ] --END-- [ RunTime:0.002451s ]
INFO: [ app_end ] --START--
INFO: Run Behavior\ShowPageTrace [ RunTime:0.004718s ]
INFO: [ app_end ] --END-- [ RunTime:0.005594s ]

[ 2016-12-11T23:33:38+08:00 ] ::1 /CPS/index.php/Manager/Manage/down
INFO: [ app_begin ] --START--
INFO: Run Behavior\ReadHtmlCache [ RunTime:0.002685s ]
INFO: [ app_begin ] --END-- [ RunTime:0.004534s ]
NOTIC: [2] filesize(): stat failed for /././Uploads/Teacher_apply_file/test.docx D:\WWW\CPS\Manager\Controller\ManageController.class.php Á¨¨ 265 Ë°å.
NOTIC: [2] filesize(): stat failed for /././Uploads/Teacher_apply_file/test.docx D:\WWW\CPS\Manager\Controller\ManageController.class.php Á¨¨ 270 Ë°å.
NOTIC: [2] fread(): Length parameter must be greater than 0 D:\WWW\CPS\Manager\Controller\ManageController.class.php Á¨¨ 270 Ë°å.

[ 2016-12-11T23:35:11+08:00 ] ::1 /CPS/index.php/Manager/Manage/check_courseinfo/course_id/1
INFO: [ app_begin ] --START--
INFO: Run Behavior\ReadHtmlCache [ RunTime:0.015252s ]
INFO: [ app_begin ] --END-- [ RunTime:0.020571s ]
SQL: SHOW COLUMNS FROM `course` [ RunTime:0.146965s ]
SQL: SELECT * FROM `course` WHERE ( course_id = '1' )  [ RunTime:0.001943s ]
INFO: [ view_parse ] --START--
INFO: [ template_filter ] --START--
INFO: Run Behavior\ContentReplace [ RunTime:0.000280s ]
INFO: [ template_filter ] --END-- [ RunTime:0.000663s ]
NOTIC: [8] Undefined index: name D:\WWW\CPS\Runtime\Cache\Manager\223385eff9804fa573664cbb205a475e.php Á¨¨ 36 Ë°å.
INFO: Run Behavior\ParseTemplate [ RunTime:0.113819s ]
INFO: [ view_parse ] --END-- [ RunTime:0.114192s ]
INFO: [ view_filter ] --START--
INFO: Run Behavior\WriteHtmlCache [ RunTime:0.003829s ]
INFO: [ view_filter ] --END-- [ RunTime:0.004141s ]
INFO: [ app_end ] --START--
INFO: Run Behavior\ShowPageTrace [ RunTime:0.007130s ]
INFO: [ app_end ] --END-- [ RunTime:0.007472s ]

[ 2016-12-11T23:35:13+08:00 ] ::1 /CPS/index.php/Manager/Manage/down
INFO: [ app_begin ] --START--
INFO: Run Behavior\ReadHtmlCache [ RunTime:0.002379s ]
INFO: [ app_begin ] --END-- [ RunTime:0.004684s ]
NOTIC: [2] filesize(): stat failed for /././Uploads/Teacher_apply_file/test.docx D:\WWW\CPS\Manager\Controller\ManageController.class.php Á¨¨ 265 Ë°å.
NOTIC: [2] filesize(): stat failed for /././Uploads/Teacher_apply_file/test.docx D:\WWW\CPS\Manager\Controller\ManageController.class.php Á¨¨ 270 Ë°å.
NOTIC: [2] fread(): Length parameter must be greater than 0 D:\WWW\CPS\Manager\Controller\ManageController.class.php Á¨¨ 270 Ë°å.

[ 2016-12-11T23:35:54+08:00 ] ::1 /CPS/index.php/Manager/Manage/check_courseinfo/course_id/1
INFO: [ app_begin ] --START--
INFO: Run Behavior\ReadHtmlCache [ RunTime:0.004207s ]
INFO: [ app_begin ] --END-- [ RunTime:0.010257s ]
SQL: SHOW COLUMNS FROM `course` [ RunTime:0.139682s ]
SQL: SELECT * FROM `course` WHERE ( course_id = '1' )  [ RunTime:0.001340s ]
INFO: [ view_parse ] --START--
INFO: [ template_filter ] --START--
INFO: Run Behavior\ContentReplace [ RunTime:0.000234s ]
INFO: [ template_filter ] --END-- [ RunTime:0.000523s ]
NOTIC: [8] Undefined index: name D:\WWW\CPS\Runtime\Cache\Manager\223385eff9804fa573664cbb205a475e.php Á¨¨ 36 Ë°å.
INFO: Run Behavior\ParseTemplate [ RunTime:0.049237s ]
INFO: [ view_parse ] --END-- [ RunTime:0.049519s ]
INFO: [ view_filter ] --START--
INFO: Run Behavior\WriteHtmlCache [ RunTime:0.001542s ]
INFO: [ view_filter ] --END-- [ RunTime:0.001777s ]
INFO: [ app_end ] --START--
INFO: Run Behavior\ShowPageTrace [ RunTime:0.002901s ]
INFO: [ app_end ] --END-- [ RunTime:0.003226s ]

[ 2016-12-11T23:35:55+08:00 ] ::1 /CPS/index.php/Manager/Manage/down
INFO: [ app_begin ] --START--
INFO: Run Behavior\ReadHtmlCache [ RunTime:0.003961s ]
INFO: [ app_begin ] --END-- [ RunTime:0.007198s ]
NOTIC: [2] filesize(): stat failed for /././Uploads/Teacher_apply_file/test.docx D:\WWW\CPS\Manager\Controller\ManageController.class.php Á¨¨ 265 Ë°å.
NOTIC: [2] filesize(): stat failed for /././Uploads/Teacher_apply_file/test.docx D:\WWW\CPS\Manager\Controller\ManageController.class.php Á¨¨ 270 Ë°å.
NOTIC: [2] fread(): Length parameter must be greater than 0 D:\WWW\CPS\Manager\Controller\ManageController.class.php Á¨¨ 270 Ë°å.

[ 2016-12-11T23:38:15+08:00 ] ::1 /CPS/index.php/Manager/Manage/check_courseinfo/course_id/1
INFO: [ app_begin ] --START--
INFO: Run Behavior\ReadHtmlCache [ RunTime:0.007133s ]
INFO: [ app_begin ] --END-- [ RunTime:0.013905s ]

[ 2016-12-11T23:38:47+08:00 ] ::1 /CPS/index.php/Manager/Manage/check_courseinfo/course_id/1
INFO: [ app_begin ] --START--
INFO: Run Behavior\ReadHtmlCache [ RunTime:0.004757s ]
INFO: [ app_begin ] --END-- [ RunTime:0.010002s ]
SQL: SHOW COLUMNS FROM `course` [ RunTime:0.099862s ]
SQL: SELECT * FROM `course` WHERE ( course_id = '1' )  [ RunTime:0.001194s ]
INFO: [ view_parse ] --START--
INFO: [ template_filter ] --START--
INFO: Run Behavior\ContentReplace [ RunTime:0.000216s ]
INFO: [ template_filter ] --END-- [ RunTime:0.000491s ]
NOTIC: [8] Undefined index: name D:\WWW\CPS\Runtime\Cache\Manager\223385eff9804fa573664cbb205a475e.php Á¨¨ 36 Ë°å.
INFO: Run Behavior\ParseTemplate [ RunTime:0.048468s ]
INFO: [ view_parse ] --END-- [ RunTime:0.048723s ]
INFO: [ view_filter ] --START--
INFO: Run Behavior\WriteHtmlCache [ RunTime:0.002265s ]
INFO: [ view_filter ] --END-- [ RunTime:0.002488s ]
INFO: [ app_end ] --START--
INFO: Run Behavior\ShowPageTrace [ RunTime:0.004747s ]
INFO: [ app_end ] --END-- [ RunTime:0.004998s ]

[ 2016-12-11T23:38:49+08:00 ] ::1 /CPS/index.php/Manager/Manage/download_file
INFO: [ app_begin ] --START--
INFO: Run Behavior\ReadHtmlCache [ RunTime:0.003237s ]
INFO: [ app_begin ] --END-- [ RunTime:0.006062s ]

[ 2016-12-11T23:41:45+08:00 ] ::1 /CPS/index.php/Manager/Manage/check_courseinfo/course_id/1
INFO: [ app_begin ] --START--
INFO: Run Behavior\ReadHtmlCache [ RunTime:0.008339s ]
INFO: [ app_begin ] --END-- [ RunTime:0.015104s ]
SQL: SHOW COLUMNS FROM `course` [ RunTime:0.105864s ]
SQL: SELECT * FROM `course` WHERE ( course_id = '1' )  [ RunTime:0.001480s ]
INFO: [ view_parse ] --START--
INFO: [ template_filter ] --START--
INFO: Run Behavior\ContentReplace [ RunTime:0.000262s ]
INFO: [ template_filter ] --END-- [ RunTime:0.000604s ]
NOTIC: [8] Undefined index: name D:\WWW\CPS\Runtime\Cache\Manager\223385eff9804fa573664cbb205a475e.php Á¨¨ 36 Ë°å.
INFO: Run Behavior\ParseTemplate [ RunTime:0.063179s ]
INFO: [ view_parse ] --END-- [ RunTime:0.063502s ]
INFO: [ view_filter ] --START--
INFO: Run Behavior\WriteHtmlCache [ RunTime:0.003512s ]
INFO: [ view_filter ] --END-- [ RunTime:0.003840s ]
INFO: [ app_end ] --START--
INFO: Run Behavior\ShowPageTrace [ RunTime:0.004225s ]
INFO: [ app_end ] --END-- [ RunTime:0.004531s ]

[ 2016-12-11T23:41:47+08:00 ] ::1 /CPS/index.php/Manager/Manage/download_file
INFO: [ app_begin ] --START--
INFO: Run Behavior\ReadHtmlCache [ RunTime:0.003340s ]
INFO: [ app_begin ] --END-- [ RunTime:0.005681s ]
ERR: ÈùûÊ≥ïÊìç‰Ωú:download_file

[ 2016-12-11T23:42:01+08:00 ] ::1 /CPS/index.php/Manager/Manage/check_courseinfo/course_id/1
INFO: [ app_begin ] --START--
INFO: Run Behavior\ReadHtmlCache [ RunTime:0.005945s ]
INFO: [ app_begin ] --END-- [ RunTime:0.012277s ]
SQL: SHOW COLUMNS FROM `course` [ RunTime:0.122377s ]
SQL: SELECT * FROM `course` WHERE ( course_id = '1' )  [ RunTime:0.001553s ]
INFO: [ view_parse ] --START--
INFO: [ template_filter ] --START--
INFO: Run Behavior\ContentReplace [ RunTime:0.000316s ]
INFO: [ template_filter ] --END-- [ RunTime:0.000707s ]
NOTIC: [8] Undefined index: name D:\WWW\CPS\Runtime\Cache\Manager\223385eff9804fa573664cbb205a475e.php Á¨¨ 36 Ë°å.
INFO: Run Behavior\ParseTemplate [ RunTime:0.068623s ]
INFO: [ view_parse ] --END-- [ RunTime:0.069004s ]
INFO: [ view_filter ] --START--
INFO: Run Behavior\WriteHtmlCache [ RunTime:0.002652s ]
INFO: [ view_filter ] --END-- [ RunTime:0.003518s ]
INFO: [ app_end ] --START--
INFO: Run Behavior\ShowPageTrace [ RunTime:0.005661s ]
INFO: [ app_end ] --END-- [ RunTime:0.005993s ]

[ 2016-12-11T23:42:02+08:00 ] ::1 /CPS/index.php/Manager/Manage/force_download
INFO: [ app_begin ] --START--
INFO: Run Behavior\ReadHtmlCache [ RunTime:0.005458s ]
INFO: [ app_begin ] --END-- [ RunTime:0.008789s ]
ERR: ÂèÇÊï∞ÈîôËØØÊàñËÄÖÊú™ÂÆö‰πâ:filename

[ 2016-12-11T23:42:17+08:00 ] ::1 /CPS/index.php/Manager/Manage/check_courseinfo/course_id/1
INFO: [ app_begin ] --START--
INFO: Run Behavior\ReadHtmlCache [ RunTime:0.004210s ]
INFO: [ app_begin ] --END-- [ RunTime:0.016107s ]
SQL: SHOW COLUMNS FROM `course` [ RunTime:0.118183s ]
SQL: SELECT * FROM `course` WHERE ( course_id = '1' )  [ RunTime:0.001247s ]
INFO: [ view_parse ] --START--
INFO: [ template_filter ] --START--
INFO: Run Behavior\ContentReplace [ RunTime:0.000295s ]
INFO: [ template_filter ] --END-- [ RunTime:0.000625s ]
NOTIC: [8] Undefined index: name D:\WWW\CPS\Runtime\Cache\Manager\223385eff9804fa573664cbb205a475e.php Á¨¨ 36 Ë°å.
INFO: Run Behavior\ParseTemplate [ RunTime:0.049594s ]
INFO: [ view_parse ] --END-- [ RunTime:0.049943s ]
INFO: [ view_filter ] --START--
INFO: Run Behavior\WriteHtmlCache [ RunTime:0.003444s ]
INFO: [ view_filter ] --END-- [ RunTime:0.003691s ]
INFO: [ app_end ] --START--
INFO: Run Behavior\ShowPageTrace [ RunTime:0.003315s ]
INFO: [ app_end ] --END-- [ RunTime:0.003562s ]

[ 2016-12-11T23:42:18+08:00 ] ::1 /CPS/index.php/Manager/Manage/force_download
INFO: [ app_begin ] --START--
INFO: Run Behavior\ReadHtmlCache [ RunTime:0.002941s ]
INFO: [ app_begin ] --END-- [ RunTime:0.005023s ]
INFO: [ app_end ] --START--
INFO: Run Behavior\ShowPageTrace [ RunTime:0.003461s ]
INFO: [ app_end ] --END-- [ RunTime:0.003772s ]

[ 2016-12-11T23:43:00+08:00 ] ::1 /CPS/index.php/Manager/Manage/check_courseinfo/course_id/1
INFO: [ app_begin ] --START--
INFO: Run Behavior\ReadHtmlCache [ RunTime:0.005470s ]
INFO: [ app_begin ] --END-- [ RunTime:0.010302s ]
SQL: SHOW COLUMNS FROM `course` [ RunTime:0.128848s ]
SQL: SELECT * FROM `course` WHERE ( course_id = '1' )  [ RunTime:0.001387s ]
INFO: [ view_parse ] --START--
INFO: [ template_filter ] --START--
INFO: Run Behavior\ContentReplace [ RunTime:0.000280s ]
INFO: [ template_filter ] --END-- [ RunTime:0.000722s ]
NOTIC: [8] Undefined index: name D:\WWW\CPS\Runtime\Cache\Manager\223385eff9804fa573664cbb205a475e.php Á¨¨ 36 Ë°å.
INFO: Run Behavior\ParseTemplate [ RunTime:0.068580s ]
INFO: [ view_parse ] --END-- [ RunTime:0.069009s ]
INFO: [ view_filter ] --START--
INFO: Run Behavior\WriteHtmlCache [ RunTime:0.003260s ]
INFO: [ view_filter ] --END-- [ RunTime:0.003661s ]
INFO: [ app_end ] --START--
INFO: Run Behavior\ShowPageTrace [ RunTime:0.006628s ]
INFO: [ app_end ] --END-- [ RunTime:0.006945s ]

[ 2016-12-11T23:43:02+08:00 ] ::1 /CPS/index.php/Manager/Manage/force_download/filename/'./Uploads/Teacher_apply_file/test.docx'
INFO: [ app_begin ] --START--
INFO: Run Behavior\ReadHtmlCache [ RunTime:0.003563s ]
INFO: [ app_begin ] --END-- [ RunTime:0.006284s ]
INFO: [ app_end ] --START--
INFO: Run Behavior\ShowPageTrace [ RunTime:0.003839s ]
INFO: [ app_end ] --END-- [ RunTime:0.004162s ]

[ 2016-12-11T23:43:25+08:00 ] ::1 /CPS/index.php/Manager/Manage/check_courseinfo/course_id/1
INFO: [ app_begin ] --START--
INFO: Run Behavior\ReadHtmlCache [ RunTime:0.005173s ]
INFO: [ app_begin ] --END-- [ RunTime:0.008964s ]
SQL: SHOW COLUMNS FROM `course` [ RunTime:0.125176s ]
SQL: SELECT * FROM `course` WHERE ( course_id = '1' )  [ RunTime:0.001808s ]
INFO: [ view_parse ] --START--
INFO: [ template_filter ] --START--
INFO: Run Behavior\ContentReplace [ RunTime:0.000286s ]
INFO: [ template_filter ] --END-- [ RunTime:0.000615s ]
NOTIC: [8] Undefined index: name D:\WWW\CPS\Runtime\Cache\Manager\223385eff9804fa573664cbb205a475e.php Á¨¨ 36 Ë°å.
INFO: Run Behavior\ParseTemplate [ RunTime:0.050699s ]
INFO: [ view_parse ] --END-- [ RunTime:0.051046s ]
INFO: [ view_filter ] --START--
INFO: Run Behavior\WriteHtmlCache [ RunTime:0.002212s ]
INFO: [ view_filter ] --END-- [ RunTime:0.002469s ]
INFO: [ app_end ] --START--
INFO: Run Behavior\ShowPageTrace [ RunTime:0.004986s ]
INFO: [ app_end ] --END-- [ RunTime:0.005313s ]

[ 2016-12-11T23:43:27+08:00 ] ::1 /CPS/index.php/Manager/Manage/force_download/$filename/'./Uploads/Teacher_apply_file/test.docx'
INFO: [ app_begin ] --START--
INFO: Run Behavior\ReadHtmlCache [ RunTime:0.007220s ]
INFO: [ app_begin ] --END-- [ RunTime:0.011046s ]
INFO: [ app_end ] --START--
INFO: Run Behavior\ShowPageTrace [ RunTime:0.004422s ]
INFO: [ app_end ] --END-- [ RunTime:0.004832s ]

[ 2016-12-11T23:45:17+08:00 ] ::1 /CPS/index.php/Manager/Manage/check_courseinfo/course_id/1
INFO: [ app_begin ] --START--
INFO: Run Behavior\ReadHtmlCache [ RunTime:0.007182s ]
INFO: [ app_begin ] --END-- [ RunTime:0.011279s ]
SQL: SHOW COLUMNS FROM `course` [ RunTime:0.099209s ]
SQL: SELECT * FROM `course` WHERE ( course_id = '1' )  [ RunTime:0.001414s ]
INFO: [ view_parse ] --START--
INFO: [ template_filter ] --START--
INFO: Run Behavior\ContentReplace [ RunTime:0.000230s ]
INFO: [ template_filter ] --END-- [ RunTime:0.000545s ]
NOTIC: [8] Undefined index: name D:\WWW\CPS\Runtime\Cache\Manager\223385eff9804fa573664cbb205a475e.php Á¨¨ 36 Ë°å.
INFO: Run Behavior\ParseTemplate [ RunTime:0.057142s ]
INFO: [ view_parse ] --END-- [ RunTime:0.057467s ]
INFO: [ view_filter ] --START--
INFO: Run Behavior\WriteHtmlCache [ RunTime:0.004601s ]
INFO: [ view_filter ] --END-- [ RunTime:0.004970s ]
INFO: [ app_end ] --START--
INFO: Run Behavior\ShowPageTrace [ RunTime:0.013672s ]
INFO: [ app_end ] --END-- [ RunTime:0.014067s ]

[ 2016-12-11T23:45:19+08:00 ] ::1 /CPS/index.php/Manager/Manage/force_download?filename=%27././Uploads/Teacher_apply_file/test.docx%27
INFO: [ app_begin ] --START--
INFO: Run Behavior\ReadHtmlCache [ RunTime:0.002475s ]
INFO: [ app_begin ] --END-- [ RunTime:0.004667s ]
NOTIC: [2] filesize(): stat failed for '././Uploads/Teacher_apply_file/test.docx' D:\WWW\CPS\Manager\Controller\ManageController.class.php Á¨¨ 288 Ë°å.
NOTIC: [2] readfile('././Uploads/Teacher_apply_file/test.docx'): failed to open stream: No such file or directory D:\WWW\CPS\Manager\Controller\ManageController.class.php Á¨¨ 290 Ë°å.
INFO: [ app_end ] --START--
INFO: Run Behavior\ShowPageTrace [ RunTime:0.003171s ]
INFO: [ app_end ] --END-- [ RunTime:0.003378s ]

[ 2016-12-11T23:45:59+08:00 ] ::1 /CPS/index.php/Manager/Manage/check_courseinfo/course_id/1
INFO: [ app_begin ] --START--
INFO: Run Behavior\ReadHtmlCache [ RunTime:0.005897s ]
INFO: [ app_begin ] --END-- [ RunTime:0.010107s ]
SQL: SHOW COLUMNS FROM `course` [ RunTime:0.117103s ]
SQL: SELECT * FROM `course` WHERE ( course_id = '1' )  [ RunTime:0.001484s ]
INFO: [ view_parse ] --START--
INFO: [ template_filter ] --START--
INFO: Run Behavior\ContentReplace [ RunTime:0.000194s ]
INFO: [ template_filter ] --END-- [ RunTime:0.000457s ]
NOTIC: [8] Undefined index: name D:\WWW\CPS\Runtime\Cache\Manager\223385eff9804fa573664cbb205a475e.php Á¨¨ 36 Ë°å.
INFO: Run Behavior\ParseTemplate [ RunTime:0.058348s ]
INFO: [ view_parse ] --END-- [ RunTime:0.058699s ]
INFO: [ view_filter ] --START--
INFO: Run Behavior\WriteHtmlCache [ RunTime:0.003697s ]
INFO: [ view_filter ] --END-- [ RunTime:0.004250s ]
INFO: [ app_end ] --START--
INFO: Run Behavior\ShowPageTrace [ RunTime:0.006915s ]
INFO: [ app_end ] --END-- [ RunTime:0.007281s ]

[ 2016-12-11T23:46:00+08:00 ] ::1 /CPS/index.php/Manager/Manage/force_download?filename=././Uploads/Teacher_apply_file/test.docx
INFO: [ app_begin ] --START--
INFO: Run Behavior\ReadHtmlCache [ RunTime:0.005451s ]
INFO: [ app_begin ] --END-- [ RunTime:0.007639s ]
INFO: [ app_end ] --START--
INFO: Run Behavior\ShowPageTrace [ RunTime:0.011430s ]
INFO: [ app_end ] --END-- [ RunTime:0.012133s ]

[ 2016-12-11T23:48:35+08:00 ] ::1 /CPS/index.php/Manager/Manage/check_courseinfo/course_id/1
INFO: [ app_begin ] --START--
INFO: Run Behavior\ReadHtmlCache [ RunTime:0.005809s ]
INFO: [ app_begin ] --END-- [ RunTime:0.008845s ]
SQL: SHOW COLUMNS FROM `course` [ RunTime:0.171150s ]
SQL: SELECT * FROM `course` WHERE ( course_id = '1' )  [ RunTime:0.001459s ]
INFO: [ view_parse ] --START--
INFO: [ template_filter ] --START--
INFO: Run Behavior\ContentReplace [ RunTime:0.000264s ]
INFO: [ template_filter ] --END-- [ RunTime:0.000620s ]
NOTIC: [8] Undefined index: name D:\WWW\CPS\Runtime\Cache\Manager\223385eff9804fa573664cbb205a475e.php Á¨¨ 36 Ë°å.
INFO: Run Behavior\ParseTemplate [ RunTime:0.064528s ]
INFO: [ view_parse ] --END-- [ RunTime:0.064949s ]
INFO: [ view_filter ] --START--
INFO: Run Behavior\WriteHtmlCache [ RunTime:0.003630s ]
INFO: [ view_filter ] --END-- [ RunTime:0.003996s ]
INFO: [ app_end ] --START--
INFO: Run Behavior\ShowPageTrace [ RunTime:0.004978s ]
INFO: [ app_end ] --END-- [ RunTime:0.005243s ]

[ 2016-12-11T23:48:37+08:00 ] ::1 /CPS/index.php/Manager/Manage/force_download?filename=././Uploads/Teacher_apply_file/test.docx
INFO: [ app_begin ] --START--
INFO: Run Behavior\ReadHtmlCache [ RunTime:0.004061s ]
INFO: [ app_begin ] --END-- [ RunTime:0.006403s ]
INFO: [ app_end ] --START--
INFO: Run Behavior\ShowPageTrace [ RunTime:0.009296s ]
INFO: [ app_end ] --END-- [ RunTime:0.009689s ]

[ 2016-12-11T23:49:02+08:00 ] ::1 /CPS/index.php/Manager/Manage/check_courseinfo/course_id/1
INFO: [ app_begin ] --START--
INFO: Run Behavior\ReadHtmlCache [ RunTime:0.007412s ]
INFO: [ app_begin ] --END-- [ RunTime:0.011721s ]
SQL: SHOW COLUMNS FROM `course` [ RunTime:0.127099s ]
SQL: SELECT * FROM `course` WHERE ( course_id = '1' )  [ RunTime:0.001587s ]
INFO: [ view_parse ] --START--
INFO: [ template_filter ] --START--
INFO: Run Behavior\ContentReplace [ RunTime:0.000398s ]
INFO: [ template_filter ] --END-- [ RunTime:0.000766s ]
NOTIC: [8] Undefined index: name D:\WWW\CPS\Runtime\Cache\Manager\223385eff9804fa573664cbb205a475e.php Á¨¨ 36 Ë°å.
INFO: Run Behavior\ParseTemplate [ RunTime:0.073250s ]
INFO: [ view_parse ] --END-- [ RunTime:0.073585s ]
INFO: [ view_filter ] --START--
INFO: Run Behavior\WriteHtmlCache [ RunTime:0.002586s ]
INFO: [ view_filter ] --END-- [ RunTime:0.002824s ]
INFO: [ app_end ] --START--
INFO: Run Behavior\ShowPageTrace [ RunTime:0.005416s ]
INFO: [ app_end ] --END-- [ RunTime:0.005760s ]

[ 2016-12-11T23:49:03+08:00 ] ::1 /CPS/index.php/Manager/Manage/force_download?filename=./Uploads/Teacher_apply_file/test.docx
INFO: [ app_begin ] --START--
INFO: Run Behavior\ReadHtmlCache [ RunTime:0.002874s ]
INFO: [ app_begin ] --END-- [ RunTime:0.005152s ]
INFO: [ app_end ] --START--
INFO: Run Behavior\ShowPageTrace [ RunTime:0.009838s ]
INFO: [ app_end ] --END-- [ RunTime:0.010169s ]

[ 2016-12-11T23:55:04+08:00 ] ::1 /CPS/index.php/Manager/Manage/manage_info
INFO: [ app_begin ] --START--
INFO: Run Behavior\ReadHtmlCache [ RunTime:0.012998s ]
INFO: [ app_begin ] --END-- [ RunTime:0.018084s ]
SQL: SHOW COLUMNS FROM `course` [ RunTime:0.115214s ]
SQL: SELECT * FROM `course`  [ RunTime:0.001332s ]
INFO: [ view_parse ] --START--
INFO: [ template_filter ] --START--
INFO: Run Behavior\ContentReplace [ RunTime:0.000212s ]
INFO: [ template_filter ] --END-- [ RunTime:0.000610s ]
NOTIC: [8] Undefined index: name D:\WWW\CPS\Runtime\Cache\Manager\b2e21d1919f93d16faa134e79d8c3954.php Á¨¨ 36 Ë°å.
INFO: Run Behavior\ParseTemplate [ RunTime:0.054076s ]
INFO: [ view_parse ] --END-- [ RunTime:0.054409s ]
INFO: [ view_filter ] --START--
INFO: Run Behavior\WriteHtmlCache [ RunTime:0.002899s ]
INFO: [ view_filter ] --END-- [ RunTime:0.003205s ]
INFO: [ app_end ] --START--
INFO: Run Behavior\ShowPageTrace [ RunTime:0.006181s ]
INFO: [ app_end ] --END-- [ RunTime:0.006646s ]

[ 2016-12-11T23:55:06+08:00 ] ::1 /CPS/index.php/Manager/Manage/check_courseinfo/course_id/1
INFO: [ app_begin ] --START--
INFO: Run Behavior\ReadHtmlCache [ RunTime:0.003620s ]
INFO: [ app_begin ] --END-- [ RunTime:0.006367s ]
SQL: SHOW COLUMNS FROM `course` [ RunTime:0.147886s ]
SQL: SELECT * FROM `course` WHERE ( course_id = '1' )  [ RunTime:0.001635s ]
INFO: [ view_parse ] --START--
INFO: [ template_filter ] --START--
INFO: Run Behavior\ContentReplace [ RunTime:0.000336s ]
INFO: [ template_filter ] --END-- [ RunTime:0.000837s ]
NOTIC: [8] Undefined index: name D:\WWW\CPS\Runtime\Cache\Manager\223385eff9804fa573664cbb205a475e.php Á¨¨ 36 Ë°å.
INFO: Run Behavior\ParseTemplate [ RunTime:0.062295s ]
INFO: [ view_parse ] --END-- [ RunTime:0.062654s ]
INFO: [ view_filter ] --START--
INFO: Run Behavior\WriteHtmlCache [ RunTime:0.002134s ]
INFO: [ view_filter ] --END-- [ RunTime:0.002522s ]
INFO: [ app_end ] --START--
INFO: Run Behavior\ShowPageTrace [ RunTime:0.003788s ]
INFO: [ app_end ] --END-- [ RunTime:0.004125s ]

[ 2016-12-11T23:55:08+08:00 ] ::1 /CPS/index.php/Manager/Manage/check_courseinfo/course_id/1
INFO: [ app_begin ] --START--
INFO: Run Behavior\ReadHtmlCache [ RunTime:0.005238s ]
INFO: [ app_begin ] --END-- [ RunTime:0.008379s ]
SQL: SHOW COLUMNS FROM `course` [ RunTime:0.202049s ]
SQL: SELECT * FROM `course` WHERE ( course_id = '1' )  [ RunTime:0.001354s ]
INFO: [ view_parse ] --START--
INFO: [ template_filter ] --START--
INFO: Run Behavior\ContentReplace [ RunTime:0.000355s ]
INFO: [ template_filter ] --END-- [ RunTime:0.000744s ]
NOTIC: [8] Undefined index: name D:\WWW\CPS\Runtime\Cache\Manager\223385eff9804fa573664cbb205a475e.php Á¨¨ 36 Ë°å.
INFO: Run Behavior\ParseTemplate [ RunTime:0.083118s ]
INFO: [ view_parse ] --END-- [ RunTime:0.083902s ]
INFO: [ view_filter ] --START--
INFO: Run Behavior\WriteHtmlCache [ RunTime:0.003515s ]
INFO: [ view_filter ] --END-- [ RunTime:0.003915s ]
INFO: [ app_end ] --START--
INFO: Run Behavior\ShowPageTrace [ RunTime:0.005451s ]
INFO: [ app_end ] --END-- [ RunTime:0.008301s ]

[ 2016-12-11T23:55:09+08:00 ] ::1 /CPS/index.php/Manager/Manage/force_download?filename=./Uploads/Teacher_apply_file/test.docx
INFO: [ app_begin ] --START--
INFO: Run Behavior\ReadHtmlCache [ RunTime:0.004606s ]
INFO: [ app_begin ] --END-- [ RunTime:0.007608s ]
INFO: [ app_end ] --START--
INFO: Run Behavior\ShowPageTrace [ RunTime:0.003514s ]
INFO: [ app_end ] --END-- [ RunTime:0.003842s ]

[ 2016-12-11T23:55:49+08:00 ] ::1 /CPS/index.php/Manager/Manage/check_courseinfo/course_id/1
INFO: [ app_begin ] --START--
INFO: Run Behavior\ReadHtmlCache [ RunTime:0.006417s ]
INFO: [ app_begin ] --END-- [ RunTime:0.011724s ]
SQL: SHOW COLUMNS FROM `course` [ RunTime:0.129866s ]
SQL: SELECT * FROM `course` WHERE ( course_id = '1' )  [ RunTime:0.003679s ]
INFO: [ view_parse ] --START--
INFO: [ template_filter ] --START--
INFO: Run Behavior\ContentReplace [ RunTime:0.000285s ]
INFO: [ template_filter ] --END-- [ RunTime:0.000677s ]
NOTIC: [8] Undefined index: name D:\WWW\CPS\Runtime\Cache\Manager\223385eff9804fa573664cbb205a475e.php Á¨¨ 36 Ë°å.
INFO: Run Behavior\ParseTemplate [ RunTime:0.052577s ]
INFO: [ view_parse ] --END-- [ RunTime:0.052899s ]
INFO: [ view_filter ] --START--
INFO: Run Behavior\WriteHtmlCache [ RunTime:0.002338s ]
INFO: [ view_filter ] --END-- [ RunTime:0.002657s ]
INFO: [ app_end ] --START--
INFO: Run Behavior\ShowPageTrace [ RunTime:0.004577s ]
INFO: [ app_end ] --END-- [ RunTime:0.004901s ]

[ 2016-12-11T23:55:50+08:00 ] ::1 /CPS/index.php/Manager/Manage/force_download?filename=./Uploads/Teacher_apply_file/test.docx
INFO: [ app_begin ] --START--
INFO: Run Behavior\ReadHtmlCache [ RunTime:0.002845s ]
INFO: [ app_begin ] --END-- [ RunTime:0.005181s ]
INFO: [ app_end ] --START--
INFO: Run Behavior\ShowPageTrace [ RunTime:0.004742s ]
INFO: [ app_end ] --END-- [ RunTime:0.005088s ]

[ 2016-12-11T23:56:05+08:00 ] ::1 /CPS/index.php/Manager/Manage/force_download?filename=./Uploads/Teacher_apply_file/test.docx
INFO: [ app_begin ] --START--
INFO: Run Behavior\ReadHtmlCache [ RunTime:0.002878s ]
INFO: [ app_begin ] --END-- [ RunTime:0.005303s ]
INFO: [ app_end ] --START--
INFO: Run Behavior\ShowPageTrace [ RunTime:0.002983s ]
INFO: [ app_end ] --END-- [ RunTime:0.003306s ]

