[ 2016-11-08T19:12:54+08:00 ] ::1 /CPS/index.php/Home/Login/login
INFO: [ app_begin ] --START--
INFO: Run Behavior\ReadHtmlCache [ RunTime:0.006272s ]
INFO: [ app_begin ] --END-- [ RunTime:0.013732s ]
INFO: [ view_parse ] --START--
INFO: [ template_filter ] --START--
INFO: Run Behavior\ContentReplace [ RunTime:0.000129s ]
INFO: [ template_filter ] --END-- [ RunTime:0.000281s ]
INFO: Run Behavior\ParseTemplate [ RunTime:0.035982s ]
INFO: [ view_parse ] --END-- [ RunTime:0.036348s ]
INFO: [ view_filter ] --START--
INFO: Run Behavior\WriteHtmlCache [ RunTime:0.003823s ]
INFO: [ view_filter ] --END-- [ RunTime:0.004013s ]
INFO: [ app_end ] --START--
INFO: Run Behavior\ShowPageTrace [ RunTime:0.004283s ]
INFO: [ app_end ] --END-- [ RunTime:0.004540s ]

[ 2016-11-08T19:12:55+08:00 ] ::1 /CPS/index.php/Home/Index/verify_c
INFO: [ app_begin ] --START--
INFO: Run Behavior\ReadHtmlCache [ RunTime:0.006538s ]
INFO: [ app_begin ] --END-- [ RunTime:0.010974s ]
INFO: [ app_end ] --START--
INFO: Run Behavior\ShowPageTrace [ RunTime:0.005388s ]
INFO: [ app_end ] --END-- [ RunTime:0.005733s ]

[ 2016-11-08T19:12:58+08:00 ] ::1 /CPS/index.php/Home/Index/verify_c?0.7293388850620923
INFO: [ app_begin ] --START--
INFO: Run Behavior\ReadHtmlCache [ RunTime:0.003423s ]
INFO: [ app_begin ] --END-- [ RunTime:0.005780s ]
INFO: [ app_end ] --START--
INFO: Run Behavior\ShowPageTrace [ RunTime:0.003442s ]
INFO: [ app_end ] --END-- [ RunTime:0.003684s ]

[ 2016-11-08T19:13:01+08:00 ] ::1 /CPS/index.php/Home/Login/login
INFO: [ app_begin ] --START--
INFO: Run Behavior\ReadHtmlCache [ RunTime:0.003491s ]
INFO: [ app_begin ] --END-- [ RunTime:0.005204s ]
SQL: SHOW COLUMNS FROM `student` [ RunTime:0.025971s ]
SQL: SELECT * FROM `student` WHERE ( `student_id` = '2014220202003' )  [ RunTime:0.044905s ]
INFO: [ view_parse ] --START--
INFO: [ template_filter ] --START--
INFO: Run Behavior\ContentReplace [ RunTime:0.000104s ]
INFO: [ template_filter ] --END-- [ RunTime:0.000288s ]
INFO: Run Behavior\ParseTemplate [ RunTime:0.087107s ]
INFO: [ view_parse ] --END-- [ RunTime:0.087332s ]
INFO: [ view_filter ] --START--
INFO: Run Behavior\WriteHtmlCache [ RunTime:0.002243s ]
INFO: [ view_filter ] --END-- [ RunTime:0.002386s ]
SQL: SELECT * FROM `student` WHERE ( `student_id` = '2014220202003' )  [ RunTime:0.000835s ]

[ 2016-11-08T19:13:02+08:00 ] ::1 /CPS/index.php/Student/Stu/course_info/student_id/2014220202003
INFO: [ app_begin ] --START--
INFO: Run Behavior\ReadHtmlCache [ RunTime:0.002752s ]
INFO: [ app_begin ] --END-- [ RunTime:0.004708s ]
SQL: SHOW COLUMNS FROM `course` [ RunTime:0.011091s ]
SQL: SELECT * FROM `course`  [ RunTime:0.001732s ]
INFO: [ view_parse ] --START--
INFO: [ template_filter ] --START--
INFO: Run Behavior\ContentReplace [ RunTime:0.000106s ]
INFO: [ template_filter ] --END-- [ RunTime:0.000252s ]
INFO: Run Behavior\ParseTemplate [ RunTime:0.063582s ]
INFO: [ view_parse ] --END-- [ RunTime:0.063779s ]
INFO: [ view_filter ] --START--
INFO: Run Behavior\WriteHtmlCache [ RunTime:0.001219s ]
INFO: [ view_filter ] --END-- [ RunTime:0.001333s ]
INFO: [ app_end ] --START--
INFO: Run Behavior\ShowPageTrace [ RunTime:0.002746s ]
INFO: [ app_end ] --END-- [ RunTime:0.002901s ]

[ 2016-11-08T19:13:06+08:00 ] ::1 /CPS/index.php/Student/Stu/myproject
INFO: [ app_begin ] --START--
INFO: Run Behavior\ReadHtmlCache [ RunTime:0.002010s ]
INFO: [ app_begin ] --END-- [ RunTime:0.003761s ]
SQL: SHOW COLUMNS FROM `course` [ RunTime:0.008262s ]
SQL: SHOW COLUMNS FROM `course` [ RunTime:0.005949s ]
SQL: SELECT A.course_name,A.course_id,B.project_name,B.project_id,B.teacher_id,D.group_id,D.group_project_status FROM course A,project B,student_group_member C,student_group D WHERE ( A.course_id=B.course_id and B.project_id=D.project_id and C.group_id=D.group_id and C.student_id = '2014220202003' )  [ RunTime:0.013505s ]
SQL: SHOW COLUMNS FROM `student_group_member` [ RunTime:0.006828s ]
SQL: SHOW COLUMNS FROM `student` [ RunTime:0.005212s ]
SQL: SELECT A.student_id,A.student_name FROM student as A,student_group as B,student_group_member as C WHERE ( A.student_id=C.student_id and B.group_id=C.group_id and C.is_available=1 and C.group_id = '4' )  [ RunTime:0.006460s ]
NOTIC: [8] Undefined variable: groupMember D:\WWW\CPS\Student\Controller\StuController.class.php 第 42 行.
INFO: [ view_parse ] --START--
INFO: [ template_filter ] --START--
INFO: Run Behavior\ContentReplace [ RunTime:0.000200s ]
INFO: [ template_filter ] --END-- [ RunTime:0.000573s ]
INFO: Run Behavior\ParseTemplate [ RunTime:0.054072s ]
INFO: [ view_parse ] --END-- [ RunTime:0.054364s ]
INFO: [ view_filter ] --START--
INFO: Run Behavior\WriteHtmlCache [ RunTime:0.002324s ]
INFO: [ view_filter ] --END-- [ RunTime:0.002565s ]
INFO: [ app_end ] --START--
INFO: Run Behavior\ShowPageTrace [ RunTime:0.002952s ]
INFO: [ app_end ] --END-- [ RunTime:0.003130s ]

[ 2016-11-08T19:13:08+08:00 ] ::1 /CPS/index.php/Student/Stu/course_info
INFO: [ app_begin ] --START--
INFO: Run Behavior\ReadHtmlCache [ RunTime:0.004933s ]
INFO: [ app_begin ] --END-- [ RunTime:0.009941s ]
SQL: SHOW COLUMNS FROM `course` [ RunTime:0.009907s ]
SQL: SELECT * FROM `course`  [ RunTime:0.001320s ]
INFO: [ view_parse ] --START--
INFO: [ template_filter ] --START--
INFO: Run Behavior\ContentReplace [ RunTime:0.000122s ]
INFO: [ template_filter ] --END-- [ RunTime:0.000290s ]
INFO: Run Behavior\ParseTemplate [ RunTime:0.037945s ]
INFO: [ view_parse ] --END-- [ RunTime:0.038169s ]
INFO: [ view_filter ] --START--
INFO: Run Behavior\WriteHtmlCache [ RunTime:0.001704s ]
INFO: [ view_filter ] --END-- [ RunTime:0.001858s ]
INFO: [ app_end ] --START--
INFO: Run Behavior\ShowPageTrace [ RunTime:0.003284s ]
INFO: [ app_end ] --END-- [ RunTime:0.003473s ]

[ 2016-11-08T19:13:10+08:00 ] ::1 /CPS/index.php/Student/Stu/project_info/course_id/1
INFO: [ app_begin ] --START--
INFO: Run Behavior\ReadHtmlCache [ RunTime:0.002698s ]
INFO: [ app_begin ] --END-- [ RunTime:0.005223s ]
SQL: SHOW COLUMNS FROM `course` [ RunTime:0.006709s ]
SQL: SHOW COLUMNS FROM `course` [ RunTime:0.003785s ]
SQL: SELECT A.course_name,A.course_id,B.project_name,B.project_id,B.teacher_id FROM course as A,project as B WHERE ( A.course_id=B.course_id and B.course_id= '1' )  [ RunTime:0.019976s ]
INFO: [ view_parse ] --START--
INFO: [ template_filter ] --START--
INFO: Run Behavior\ContentReplace [ RunTime:0.000097s ]
INFO: [ template_filter ] --END-- [ RunTime:0.000228s ]
NOTIC: [8] Undefined variable: login_url D:\WWW\CPS\Runtime\Cache\Student\d2c0707388f5c522ebfbfeba4b329a5f.php 第 39 行.
INFO: Run Behavior\ParseTemplate [ RunTime:0.029353s ]
INFO: [ view_parse ] --END-- [ RunTime:0.029578s ]
INFO: [ view_filter ] --START--
INFO: Run Behavior\WriteHtmlCache [ RunTime:0.001322s ]
INFO: [ view_filter ] --END-- [ RunTime:0.001449s ]
INFO: [ app_end ] --START--
INFO: Run Behavior\ShowPageTrace [ RunTime:0.003082s ]
INFO: [ app_end ] --END-- [ RunTime:0.003278s ]

[ 2016-11-08T19:13:12+08:00 ] ::1 /CPS/index.php/Student/Stu/apply_project/course_name/%E7%BB%BC%E5%90%88%E8%AF%BE%E7%A8%8B%E8%AE%BE%E8%AE%A11/project_name/%E4%B8%8D%E6%98%AF%E9%83%BD/project_id/1
INFO: [ app_begin ] --START--
INFO: Run Behavior\ReadHtmlCache [ RunTime:0.004193s ]
INFO: [ app_begin ] --END-- [ RunTime:0.006318s ]
SQL: SHOW COLUMNS FROM `student_group` [ RunTime:0.007224s ]
SQL: SHOW COLUMNS FROM `student_group` [ RunTime:0.003617s ]
SQL: SELECT A.group_id FROM student_group as A,student_group_member as B WHERE ( A.group_id=B.group_id and B.student_id = '2014220202003' and B.is_groupLeader = 1 and A.project_id = 0 )  [ RunTime:0.042465s ]
NOTIC: [2] Invalid argument supplied for foreach() D:\WWW\CPS\Student\Controller\StuController.class.php 第 58 行.
INFO: [ view_parse ] --START--
INFO: [ template_filter ] --START--
INFO: Run Behavior\ContentReplace [ RunTime:0.000138s ]
INFO: [ template_filter ] --END-- [ RunTime:0.000316s ]
NOTIC: [8] Undefined variable: login_url D:\WWW\CPS\Runtime\Cache\Student\ab55f08ed49bff6fde1a760481f78f56.php 第 39 行.
NOTIC: [8] Undefined variable: apply_id D:\WWW\CPS\Runtime\Cache\Student\ab55f08ed49bff6fde1a760481f78f56.php 第 65 行.
INFO: Run Behavior\ParseTemplate [ RunTime:0.037773s ]
INFO: [ view_parse ] --END-- [ RunTime:0.037931s ]
INFO: [ view_filter ] --START--
INFO: Run Behavior\WriteHtmlCache [ RunTime:0.001640s ]
INFO: [ view_filter ] --END-- [ RunTime:0.001797s ]
INFO: [ app_end ] --START--
INFO: Run Behavior\ShowPageTrace [ RunTime:0.002598s ]
INFO: [ app_end ] --END-- [ RunTime:0.002811s ]

