[ 2016-11-30T12:42:37+08:00 ] ::1 /CPS/index.php/Manager/Manage/manage_info
INFO: [ app_begin ] --START--
INFO: Run Behavior\ReadHtmlCache [ RunTime:0.003386s ]
INFO: [ app_begin ] --END-- [ RunTime:0.009506s ]
SQL: SHOW COLUMNS FROM `course` [ RunTime:0.005848s ]
SQL: SELECT * FROM `course`  [ RunTime:0.001020s ]
INFO: [ view_parse ] --START--
INFO: [ template_filter ] --START--
INFO: Run Behavior\ContentReplace [ RunTime:0.000122s ]
INFO: [ template_filter ] --END-- [ RunTime:0.000283s ]
NOTIC: [8] Undefined index: name D:\WWW\CPS\Runtime\Cache\Manager\b2e21d1919f93d16faa134e79d8c3954.php 第 36 行.
INFO: Run Behavior\ParseTemplate [ RunTime:0.047860s ]
INFO: [ view_parse ] --END-- [ RunTime:0.048032s ]
INFO: [ view_filter ] --START--
INFO: Run Behavior\WriteHtmlCache [ RunTime:0.002318s ]
INFO: [ view_filter ] --END-- [ RunTime:0.002467s ]
INFO: [ app_end ] --START--
INFO: Run Behavior\ShowPageTrace [ RunTime:0.004314s ]
INFO: [ app_end ] --END-- [ RunTime:0.004515s ]

[ 2016-11-30T12:42:47+08:00 ] ::1 /CPS/index.php/Manager/Manage/check_group/course_id/1
INFO: [ app_begin ] --START--
INFO: Run Behavior\ReadHtmlCache [ RunTime:0.002344s ]
INFO: [ app_begin ] --END-- [ RunTime:0.003679s ]
SQL: SHOW COLUMNS FROM `course` [ RunTime:0.002977s ]
SQL: SELECT * FROM `course` WHERE ( course_id = '1' )  [ RunTime:0.000688s ]
SQL: SHOW COLUMNS FROM `stu_group` [ RunTime:0.001032s ]
ERR: 1146:Table 'cps.stu_group' doesn't exist
 [ SQL语句 ] : SHOW COLUMNS FROM `stu_group`
SQL: SHOW COLUMNS FROM `course` [ RunTime:0.003348s ]
SQL: SELECT C.group_id,E.student_id FROM course as A,project as B,student_group as C,student_group_member as D,student as E WHERE ( A.course_id = B.course_id and B.project_id = C.project_id and A.course_id = 1 and C.group_id=D.group_id and D.is_groupLeader = 1 and D.student_id = E.student_id )  [ RunTime:0.001444s ]
SQL: SHOW COLUMNS FROM `reply` [ RunTime:0.003094s ]
SQL: SELECT `reply_group_id`,`group_leader_id` FROM `reply` WHERE ( course_id = '1' )  [ RunTime:0.000650s ]
SQL: SHOW COLUMNS FROM `reply_member` [ RunTime:0.002923s ]
SQL: SHOW COLUMNS FROM `reply_member` [ RunTime:0.003201s ]
SQL: SELECT B.teacher_id,B.teacher_name FROM reply_member as A,teacher as B WHERE ( A.teacher_id=B.teacher_id and A.reply_group_id = '1' )  [ RunTime:0.000749s ]
SQL: SHOW COLUMNS FROM `reply_member` [ RunTime:0.003614s ]
SQL: SELECT B.teacher_id,B.teacher_name FROM reply_member as A,teacher as B WHERE ( A.teacher_id=B.teacher_id and A.reply_group_id = '3' )  [ RunTime:0.000690s ]
SQL: SHOW COLUMNS FROM `reply_member` [ RunTime:0.002914s ]
SQL: SELECT B.teacher_id,B.teacher_name FROM reply_member as A,teacher as B WHERE ( A.teacher_id=B.teacher_id and A.reply_group_id = '4' )  [ RunTime:0.000975s ]
SQL: SHOW COLUMNS FROM `reply_member` [ RunTime:0.003000s ]
SQL: SELECT B.teacher_id,B.teacher_name FROM reply_member as A,teacher as B WHERE ( A.teacher_id=B.teacher_id and A.reply_group_id = '5' )  [ RunTime:0.000938s ]
INFO: [ view_parse ] --START--
INFO: [ template_filter ] --START--
INFO: Run Behavior\ContentReplace [ RunTime:0.000175s ]
INFO: [ template_filter ] --END-- [ RunTime:0.000308s ]
NOTIC: [8] Undefined index: name D:\WWW\CPS\Runtime\Cache\Manager\d48a7399261039020ea4a4c1a86985be.php 第 36 行.
INFO: Run Behavior\ParseTemplate [ RunTime:0.030706s ]
INFO: [ view_parse ] --END-- [ RunTime:0.030855s ]
INFO: [ view_filter ] --START--
INFO: Run Behavior\WriteHtmlCache [ RunTime:0.001817s ]
INFO: [ view_filter ] --END-- [ RunTime:0.001932s ]
INFO: [ app_end ] --START--
INFO: Run Behavior\ShowPageTrace [ RunTime:0.001999s ]
INFO: [ app_end ] --END-- [ RunTime:0.002156s ]

[ 2016-11-30T12:42:49+08:00 ] ::1 /CPS/index.php/Manager/Manage/edit_allocate_stugroup/course_id/1/reply_group_id/1
INFO: [ app_begin ] --START--
INFO: Run Behavior\ReadHtmlCache [ RunTime:0.001818s ]
INFO: [ app_begin ] --END-- [ RunTime:0.003193s ]
SQL: SHOW COLUMNS FROM `reply` [ RunTime:0.003790s ]
SQL: SELECT `reply_group_id`,`group_leader_id` FROM `reply` WHERE ( course_id = '1' and reply_group_id = '1' )  [ RunTime:0.000710s ]
SQL: SHOW COLUMNS FROM `reply_member` [ RunTime:0.003860s ]
SQL: SHOW COLUMNS FROM `reply_member` [ RunTime:0.003823s ]
SQL: SELECT B.teacher_id,B.teacher_name FROM reply_member as A,teacher as B WHERE ( A.teacher_id=B.teacher_id and A.reply_group_id = '1' )  [ RunTime:0.000864s ]
SQL: SHOW COLUMNS FROM `stu_group` [ RunTime:0.001069s ]
ERR: 1146:Table 'cps.stu_group' doesn't exist
 [ SQL语句 ] : SHOW COLUMNS FROM `stu_group`
SQL: SHOW COLUMNS FROM `course` [ RunTime:0.004136s ]
SQL: SELECT C.group_id,E.student_id FROM course as A,project as B,student_group as C,student_group_member as D,student as E WHERE ( A.course_id = B.course_id and B.project_id = C.project_id and A.course_id = 1 and C.group_id=D.group_id and D.is_groupLeader = 1 and D.student_id = E.student_id )  [ RunTime:0.001682s ]
INFO: [ view_parse ] --START--
INFO: [ template_filter ] --START--
INFO: Run Behavior\ContentReplace [ RunTime:0.000160s ]
INFO: [ template_filter ] --END-- [ RunTime:0.000327s ]
NOTIC: [8] Undefined index: name D:\WWW\CPS\Runtime\Cache\Manager\48f66af3247b84bb75a8f92cab48d225.php 第 36 行.
NOTIC: [8] Undefined variable: check_group_url D:\WWW\CPS\Runtime\Cache\Manager\48f66af3247b84bb75a8f92cab48d225.php 第 79 行.
INFO: Run Behavior\ParseTemplate [ RunTime:0.030245s ]
INFO: [ view_parse ] --END-- [ RunTime:0.030430s ]
INFO: [ view_filter ] --START--
INFO: Run Behavior\WriteHtmlCache [ RunTime:0.001102s ]
INFO: [ view_filter ] --END-- [ RunTime:0.001245s ]
INFO: [ app_end ] --START--
INFO: Run Behavior\ShowPageTrace [ RunTime:0.002134s ]
INFO: [ app_end ] --END-- [ RunTime:0.002319s ]

[ 2016-11-30T12:42:54+08:00 ] ::1 /CPS/index.php/Manager/Manage/edit_allocate_stugroup/course_id/1/reply_group_id/1
INFO: [ app_begin ] --START--
INFO: Run Behavior\ReadHtmlCache [ RunTime:0.002263s ]
INFO: [ app_begin ] --END-- [ RunTime:0.004909s ]
SQL: SHOW COLUMNS FROM `reply` [ RunTime:0.003932s ]
SQL: SELECT `reply_group_id`,`group_leader_id` FROM `reply` WHERE ( course_id = '' and reply_group_id = '' )  [ RunTime:0.000712s ]
NOTIC: [2] Invalid argument supplied for foreach() D:\WWW\CPS\Manager\Controller\ManageController.class.php 第 112 行.
SQL: SHOW COLUMNS FROM `stu_group` [ RunTime:0.001071s ]
ERR: 1146:Table 'cps.stu_group' doesn't exist
 [ SQL语句 ] : SHOW COLUMNS FROM `stu_group`
SQL: SHOW COLUMNS FROM `course` [ RunTime:0.004613s ]
SQL: SELECT C.group_id,E.student_id FROM course as A,project as B,student_group as C,student_group_member as D,student as E WHERE ( A.course_id = B.course_id and B.project_id = C.project_id and A.course_id =  and C.group_id=D.group_id and D.is_groupLeader = 1 and D.student_id = E.student_id )  [ RunTime:0.000592s ]
ERR: 1064:You have an error in your SQL syntax; check the manual that corresponds to your MySQL server version for the right syntax to use near 'and C.group_id=D.group_id and D.is_groupLeader = 1 and D.student_id = E.student_' at line 1
 [ SQL语句 ] : SELECT C.group_id,E.student_id FROM course as A,project as B,student_group as C,student_group_member as D,student as E WHERE ( A.course_id = B.course_id and B.project_id = C.project_id and A.course_id =  and C.group_id=D.group_id and D.is_groupLeader = 1 and D.student_id = E.student_id ) 
SQL: SHOW COLUMNS FROM `reply_stugroup` [ RunTime:0.005343s ]
SQL: INSERT INTO `reply_stugroup` (`reply_group_id`,`stu_groupId`) VALUES ('1','4') [ RunTime:0.000962s ]
INFO: [ view_parse ] --START--
INFO: [ template_filter ] --START--
INFO: Run Behavior\ContentReplace [ RunTime:0.000156s ]
INFO: [ template_filter ] --END-- [ RunTime:0.000331s ]
NOTIC: [8] Undefined index: name D:\WWW\CPS\Runtime\Cache\Manager\48f66af3247b84bb75a8f92cab48d225.php 第 36 行.
NOTIC: [8] Undefined variable: check_group_url D:\WWW\CPS\Runtime\Cache\Manager\48f66af3247b84bb75a8f92cab48d225.php 第 79 行.
INFO: Run Behavior\ParseTemplate [ RunTime:0.034580s ]
INFO: [ view_parse ] --END-- [ RunTime:0.034786s ]
INFO: [ view_filter ] --START--
INFO: Run Behavior\WriteHtmlCache [ RunTime:0.001396s ]
INFO: [ view_filter ] --END-- [ RunTime:0.001618s ]
INFO: [ app_end ] --START--
INFO: Run Behavior\ShowPageTrace [ RunTime:0.003146s ]
INFO: [ app_end ] --END-- [ RunTime:0.003335s ]

[ 2016-11-30T12:44:03+08:00 ] ::1 /CPS/index.php/Manager/Manage/edit_allocate_stugroup/course_id/1/reply_group_id/1
INFO: [ app_begin ] --START--
INFO: Run Behavior\ReadHtmlCache [ RunTime:0.002356s ]
INFO: [ app_begin ] --END-- [ RunTime:0.003643s ]
SQL: SHOW COLUMNS FROM `reply` [ RunTime:0.003994s ]
SQL: SELECT `reply_group_id`,`group_leader_id` FROM `reply` WHERE ( course_id = '1' and reply_group_id = '1' )  [ RunTime:0.000655s ]
SQL: SHOW COLUMNS FROM `reply_member` [ RunTime:0.003716s ]
SQL: SHOW COLUMNS FROM `reply_member` [ RunTime:0.003448s ]
SQL: SELECT B.teacher_id,B.teacher_name FROM reply_member as A,teacher as B WHERE ( A.teacher_id=B.teacher_id and A.reply_group_id = '1' )  [ RunTime:0.000994s ]
SQL: SHOW COLUMNS FROM `stu_group` [ RunTime:0.000942s ]
ERR: 1146:Table 'cps.stu_group' doesn't exist
 [ SQL语句 ] : SHOW COLUMNS FROM `stu_group`
SQL: SHOW COLUMNS FROM `course` [ RunTime:0.003893s ]
SQL: SELECT C.group_id,E.student_id FROM course as A,project as B,student_group as C,student_group_member as D,student as E WHERE ( A.course_id = B.course_id and B.project_id = C.project_id and A.course_id = 1 and C.group_id=D.group_id and D.is_groupLeader = 1 and D.student_id = E.student_id )  [ RunTime:0.002142s ]
INFO: [ view_parse ] --START--
INFO: [ template_filter ] --START--
INFO: Run Behavior\ContentReplace [ RunTime:0.000149s ]
INFO: [ template_filter ] --END-- [ RunTime:0.000330s ]
NOTIC: [8] Undefined index: name D:\WWW\CPS\Runtime\Cache\Manager\48f66af3247b84bb75a8f92cab48d225.php 第 36 行.
NOTIC: [8] Undefined variable: check_group_url D:\WWW\CPS\Runtime\Cache\Manager\48f66af3247b84bb75a8f92cab48d225.php 第 79 行.
INFO: Run Behavior\ParseTemplate [ RunTime:0.030527s ]
INFO: [ view_parse ] --END-- [ RunTime:0.030706s ]
INFO: [ view_filter ] --START--
INFO: Run Behavior\WriteHtmlCache [ RunTime:0.001016s ]
INFO: [ view_filter ] --END-- [ RunTime:0.001159s ]
INFO: [ app_end ] --START--
INFO: Run Behavior\ShowPageTrace [ RunTime:0.001988s ]
INFO: [ app_end ] --END-- [ RunTime:0.002139s ]

[ 2016-11-30T12:44:10+08:00 ] ::1 /CPS/index.php/Manager/Manage/manage_info
INFO: [ app_begin ] --START--
INFO: Run Behavior\ReadHtmlCache [ RunTime:0.001584s ]
INFO: [ app_begin ] --END-- [ RunTime:0.002610s ]
SQL: SHOW COLUMNS FROM `course` [ RunTime:0.003732s ]
SQL: SELECT * FROM `course`  [ RunTime:0.000556s ]
INFO: [ view_parse ] --START--
INFO: [ template_filter ] --START--
INFO: Run Behavior\ContentReplace [ RunTime:0.000081s ]
INFO: [ template_filter ] --END-- [ RunTime:0.000193s ]
NOTIC: [8] Undefined index: name D:\WWW\CPS\Runtime\Cache\Manager\b2e21d1919f93d16faa134e79d8c3954.php 第 36 行.
INFO: Run Behavior\ParseTemplate [ RunTime:0.019775s ]
INFO: [ view_parse ] --END-- [ RunTime:0.019907s ]
INFO: [ view_filter ] --START--
INFO: Run Behavior\WriteHtmlCache [ RunTime:0.000674s ]
INFO: [ view_filter ] --END-- [ RunTime:0.000762s ]
INFO: [ app_end ] --START--
INFO: Run Behavior\ShowPageTrace [ RunTime:0.001289s ]
INFO: [ app_end ] --END-- [ RunTime:0.001384s ]

[ 2016-11-30T12:44:19+08:00 ] ::1 /CPS/index.php/Manager/Manage/check_group/course_id/1
INFO: [ app_begin ] --START--
INFO: Run Behavior\ReadHtmlCache [ RunTime:0.003327s ]
INFO: [ app_begin ] --END-- [ RunTime:0.005449s ]
SQL: SHOW COLUMNS FROM `course` [ RunTime:0.004395s ]
SQL: SELECT * FROM `course` WHERE ( course_id = '1' )  [ RunTime:0.000753s ]
SQL: SHOW COLUMNS FROM `stu_group` [ RunTime:0.001032s ]
ERR: 1146:Table 'cps.stu_group' doesn't exist
 [ SQL语句 ] : SHOW COLUMNS FROM `stu_group`
SQL: SHOW COLUMNS FROM `course` [ RunTime:0.004226s ]
SQL: SELECT C.group_id,E.student_id FROM course as A,project as B,student_group as C,student_group_member as D,student as E WHERE ( A.course_id = B.course_id and B.project_id = C.project_id and A.course_id = 1 and C.group_id=D.group_id and D.is_groupLeader = 1 and D.student_id = E.student_id )  [ RunTime:0.002152s ]
SQL: SHOW COLUMNS FROM `reply` [ RunTime:0.004488s ]
SQL: SELECT `reply_group_id`,`group_leader_id` FROM `reply` WHERE ( course_id = '1' )  [ RunTime:0.000656s ]
SQL: SHOW COLUMNS FROM `reply_member` [ RunTime:0.004133s ]
SQL: SHOW COLUMNS FROM `reply_member` [ RunTime:0.004505s ]
SQL: SELECT B.teacher_id,B.teacher_name FROM reply_member as A,teacher as B WHERE ( A.teacher_id=B.teacher_id and A.reply_group_id = '1' )  [ RunTime:0.001230s ]
SQL: SHOW COLUMNS FROM `reply_member` [ RunTime:0.004541s ]
SQL: SELECT B.teacher_id,B.teacher_name FROM reply_member as A,teacher as B WHERE ( A.teacher_id=B.teacher_id and A.reply_group_id = '3' )  [ RunTime:0.000935s ]
SQL: SHOW COLUMNS FROM `reply_member` [ RunTime:0.004259s ]
SQL: SELECT B.teacher_id,B.teacher_name FROM reply_member as A,teacher as B WHERE ( A.teacher_id=B.teacher_id and A.reply_group_id = '4' )  [ RunTime:0.001175s ]
SQL: SHOW COLUMNS FROM `reply_member` [ RunTime:0.004599s ]
SQL: SELECT B.teacher_id,B.teacher_name FROM reply_member as A,teacher as B WHERE ( A.teacher_id=B.teacher_id and A.reply_group_id = '5' )  [ RunTime:0.000984s ]
INFO: [ view_parse ] --START--
INFO: [ template_filter ] --START--
INFO: Run Behavior\ContentReplace [ RunTime:0.000204s ]
INFO: [ template_filter ] --END-- [ RunTime:0.000421s ]
NOTIC: [8] Undefined index: name D:\WWW\CPS\Runtime\Cache\Manager\d48a7399261039020ea4a4c1a86985be.php 第 36 行.
INFO: Run Behavior\ParseTemplate [ RunTime:0.046334s ]
INFO: [ view_parse ] --END-- [ RunTime:0.046536s ]
INFO: [ view_filter ] --START--
INFO: Run Behavior\WriteHtmlCache [ RunTime:0.001587s ]
INFO: [ view_filter ] --END-- [ RunTime:0.001745s ]
INFO: [ app_end ] --START--
INFO: Run Behavior\ShowPageTrace [ RunTime:0.002846s ]
INFO: [ app_end ] --END-- [ RunTime:0.003022s ]

[ 2016-11-30T12:44:20+08:00 ] ::1 /CPS/index.php/Manager/Manage/edit_allocate_stugroup/course_id/1/reply_group_id/1
INFO: [ app_begin ] --START--
INFO: Run Behavior\ReadHtmlCache [ RunTime:0.002488s ]
INFO: [ app_begin ] --END-- [ RunTime:0.005083s ]
SQL: SHOW COLUMNS FROM `reply` [ RunTime:0.004588s ]
SQL: SELECT `reply_group_id`,`group_leader_id` FROM `reply` WHERE ( course_id = '1' and reply_group_id = '1' )  [ RunTime:0.000838s ]
SQL: SHOW COLUMNS FROM `reply_member` [ RunTime:0.004949s ]
SQL: SHOW COLUMNS FROM `reply_member` [ RunTime:0.004728s ]
SQL: SELECT B.teacher_id,B.teacher_name FROM reply_member as A,teacher as B WHERE ( A.teacher_id=B.teacher_id and A.reply_group_id = '1' )  [ RunTime:0.001127s ]
SQL: SHOW COLUMNS FROM `stu_group` [ RunTime:0.001312s ]
ERR: 1146:Table 'cps.stu_group' doesn't exist
 [ SQL语句 ] : SHOW COLUMNS FROM `stu_group`
SQL: SHOW COLUMNS FROM `course` [ RunTime:0.005181s ]
SQL: SELECT C.group_id,E.student_id FROM course as A,project as B,student_group as C,student_group_member as D,student as E WHERE ( A.course_id = B.course_id and B.project_id = C.project_id and A.course_id = 1 and C.group_id=D.group_id and D.is_groupLeader = 1 and D.student_id = E.student_id )  [ RunTime:0.002178s ]
INFO: [ view_parse ] --START--
INFO: [ template_filter ] --START--
INFO: Run Behavior\ContentReplace [ RunTime:0.000193s ]
INFO: [ template_filter ] --END-- [ RunTime:0.000404s ]
NOTIC: [8] Undefined index: name D:\WWW\CPS\Runtime\Cache\Manager\48f66af3247b84bb75a8f92cab48d225.php 第 36 行.
NOTIC: [8] Undefined variable: check_group_url D:\WWW\CPS\Runtime\Cache\Manager\48f66af3247b84bb75a8f92cab48d225.php 第 79 行.
INFO: Run Behavior\ParseTemplate [ RunTime:0.039122s ]
INFO: [ view_parse ] --END-- [ RunTime:0.039346s ]
INFO: [ view_filter ] --START--
INFO: Run Behavior\WriteHtmlCache [ RunTime:0.001423s ]
INFO: [ view_filter ] --END-- [ RunTime:0.001614s ]
INFO: [ app_end ] --START--
INFO: Run Behavior\ShowPageTrace [ RunTime:0.002631s ]
INFO: [ app_end ] --END-- [ RunTime:0.002854s ]

[ 2016-11-30T12:44:25+08:00 ] ::1 /CPS/index.php/Manager/Manage/edit_allocate_stugroup/course_id/1/reply_group_id/1
INFO: [ app_begin ] --START--
INFO: Run Behavior\ReadHtmlCache [ RunTime:0.002217s ]
INFO: [ app_begin ] --END-- [ RunTime:0.003603s ]
SQL: SHOW COLUMNS FROM `reply` [ RunTime:0.003233s ]
SQL: SELECT `reply_group_id`,`group_leader_id` FROM `reply` WHERE ( course_id = '' and reply_group_id = '' )  [ RunTime:0.000535s ]
NOTIC: [2] Invalid argument supplied for foreach() D:\WWW\CPS\Manager\Controller\ManageController.class.php 第 112 行.
SQL: SHOW COLUMNS FROM `stu_group` [ RunTime:0.000827s ]
ERR: 1146:Table 'cps.stu_group' doesn't exist
 [ SQL语句 ] : SHOW COLUMNS FROM `stu_group`
SQL: SHOW COLUMNS FROM `course` [ RunTime:0.004190s ]
SQL: SELECT C.group_id,E.student_id FROM course as A,project as B,student_group as C,student_group_member as D,student as E WHERE ( A.course_id = B.course_id and B.project_id = C.project_id and A.course_id =  and C.group_id=D.group_id and D.is_groupLeader = 1 and D.student_id = E.student_id )  [ RunTime:0.000406s ]
ERR: 1064:You have an error in your SQL syntax; check the manual that corresponds to your MySQL server version for the right syntax to use near 'and C.group_id=D.group_id and D.is_groupLeader = 1 and D.student_id = E.student_' at line 1
 [ SQL语句 ] : SELECT C.group_id,E.student_id FROM course as A,project as B,student_group as C,student_group_member as D,student as E WHERE ( A.course_id = B.course_id and B.project_id = C.project_id and A.course_id =  and C.group_id=D.group_id and D.is_groupLeader = 1 and D.student_id = E.student_id ) 
SQL: SHOW COLUMNS FROM `reply_stugroup` [ RunTime:0.003659s ]
SQL: INSERT INTO `reply_stugroup` (`reply_group_id`,`stu_groupId`) VALUES ('1','5') [ RunTime:0.000727s ]

[ 2016-11-30T12:44:25+08:00 ] ::1 /CPS/index.php/Manager/Manage/manage_info
INFO: [ app_begin ] --START--
INFO: Run Behavior\ReadHtmlCache [ RunTime:0.002557s ]
INFO: [ app_begin ] --END-- [ RunTime:0.005487s ]
SQL: SHOW COLUMNS FROM `course` [ RunTime:0.004181s ]
SQL: SELECT * FROM `course`  [ RunTime:0.000866s ]
INFO: [ view_parse ] --START--
INFO: [ template_filter ] --START--
INFO: Run Behavior\ContentReplace [ RunTime:0.000118s ]
INFO: [ template_filter ] --END-- [ RunTime:0.000271s ]
NOTIC: [8] Undefined index: name D:\WWW\CPS\Runtime\Cache\Manager\b2e21d1919f93d16faa134e79d8c3954.php 第 36 行.
INFO: Run Behavior\ParseTemplate [ RunTime:0.024261s ]
INFO: [ view_parse ] --END-- [ RunTime:0.024397s ]
INFO: [ view_filter ] --START--
INFO: Run Behavior\WriteHtmlCache [ RunTime:0.000979s ]
INFO: [ view_filter ] --END-- [ RunTime:0.001102s ]
INFO: [ app_end ] --START--
INFO: Run Behavior\ShowPageTrace [ RunTime:0.002065s ]
INFO: [ app_end ] --END-- [ RunTime:0.002247s ]

[ 2016-11-30T12:44:27+08:00 ] ::1 /CPS/index.php/Manager/Manage/check_group/course_id/1
INFO: [ app_begin ] --START--
INFO: Run Behavior\ReadHtmlCache [ RunTime:0.003437s ]
INFO: [ app_begin ] --END-- [ RunTime:0.005144s ]
SQL: SHOW COLUMNS FROM `course` [ RunTime:0.004346s ]
SQL: SELECT * FROM `course` WHERE ( course_id = '1' )  [ RunTime:0.000736s ]
SQL: SHOW COLUMNS FROM `stu_group` [ RunTime:0.001078s ]
ERR: 1146:Table 'cps.stu_group' doesn't exist
 [ SQL语句 ] : SHOW COLUMNS FROM `stu_group`
SQL: SHOW COLUMNS FROM `course` [ RunTime:0.004607s ]
SQL: SELECT C.group_id,E.student_id FROM course as A,project as B,student_group as C,student_group_member as D,student as E WHERE ( A.course_id = B.course_id and B.project_id = C.project_id and A.course_id = 1 and C.group_id=D.group_id and D.is_groupLeader = 1 and D.student_id = E.student_id )  [ RunTime:0.001980s ]
SQL: SHOW COLUMNS FROM `reply` [ RunTime:0.004510s ]
SQL: SELECT `reply_group_id`,`group_leader_id` FROM `reply` WHERE ( course_id = '1' )  [ RunTime:0.000777s ]
SQL: SHOW COLUMNS FROM `reply_member` [ RunTime:0.004299s ]
SQL: SHOW COLUMNS FROM `reply_member` [ RunTime:0.004207s ]
SQL: SELECT B.teacher_id,B.teacher_name FROM reply_member as A,teacher as B WHERE ( A.teacher_id=B.teacher_id and A.reply_group_id = '1' )  [ RunTime:0.000940s ]
SQL: SHOW COLUMNS FROM `reply_member` [ RunTime:0.004352s ]
SQL: SELECT B.teacher_id,B.teacher_name FROM reply_member as A,teacher as B WHERE ( A.teacher_id=B.teacher_id and A.reply_group_id = '3' )  [ RunTime:0.000978s ]
SQL: SHOW COLUMNS FROM `reply_member` [ RunTime:0.004746s ]
SQL: SELECT B.teacher_id,B.teacher_name FROM reply_member as A,teacher as B WHERE ( A.teacher_id=B.teacher_id and A.reply_group_id = '4' )  [ RunTime:0.000973s ]
SQL: SHOW COLUMNS FROM `reply_member` [ RunTime:0.004469s ]
SQL: SELECT B.teacher_id,B.teacher_name FROM reply_member as A,teacher as B WHERE ( A.teacher_id=B.teacher_id and A.reply_group_id = '5' )  [ RunTime:0.001035s ]
INFO: [ view_parse ] --START--
INFO: [ template_filter ] --START--
INFO: Run Behavior\ContentReplace [ RunTime:0.000170s ]
INFO: [ template_filter ] --END-- [ RunTime:0.000358s ]
NOTIC: [8] Undefined index: name D:\WWW\CPS\Runtime\Cache\Manager\d48a7399261039020ea4a4c1a86985be.php 第 36 行.
INFO: Run Behavior\ParseTemplate [ RunTime:0.037120s ]
INFO: [ view_parse ] --END-- [ RunTime:0.037321s ]
INFO: [ view_filter ] --START--
INFO: Run Behavior\WriteHtmlCache [ RunTime:0.001294s ]
INFO: [ view_filter ] --END-- [ RunTime:0.001500s ]
INFO: [ app_end ] --START--
INFO: Run Behavior\ShowPageTrace [ RunTime:0.002540s ]
INFO: [ app_end ] --END-- [ RunTime:0.002746s ]

[ 2016-11-30T12:44:29+08:00 ] ::1 /CPS/index.php/Manager/Manage/edit_allocate_stugroup/course_id/1/reply_group_id/1
INFO: [ app_begin ] --START--
INFO: Run Behavior\ReadHtmlCache [ RunTime:0.003636s ]
INFO: [ app_begin ] --END-- [ RunTime:0.006077s ]
SQL: SHOW COLUMNS FROM `reply` [ RunTime:0.004368s ]
SQL: SELECT `reply_group_id`,`group_leader_id` FROM `reply` WHERE ( course_id = '1' and reply_group_id = '1' )  [ RunTime:0.000729s ]
SQL: SHOW COLUMNS FROM `reply_member` [ RunTime:0.004109s ]
SQL: SHOW COLUMNS FROM `reply_member` [ RunTime:0.004420s ]
SQL: SELECT B.teacher_id,B.teacher_name FROM reply_member as A,teacher as B WHERE ( A.teacher_id=B.teacher_id and A.reply_group_id = '1' )  [ RunTime:0.001022s ]
SQL: SHOW COLUMNS FROM `stu_group` [ RunTime:0.001209s ]
ERR: 1146:Table 'cps.stu_group' doesn't exist
 [ SQL语句 ] : SHOW COLUMNS FROM `stu_group`
SQL: SHOW COLUMNS FROM `course` [ RunTime:0.004964s ]
SQL: SELECT C.group_id,E.student_id FROM course as A,project as B,student_group as C,student_group_member as D,student as E WHERE ( A.course_id = B.course_id and B.project_id = C.project_id and A.course_id = 1 and C.group_id=D.group_id and D.is_groupLeader = 1 and D.student_id = E.student_id )  [ RunTime:0.002014s ]
INFO: [ view_parse ] --START--
INFO: [ template_filter ] --START--
INFO: Run Behavior\ContentReplace [ RunTime:0.000190s ]
INFO: [ template_filter ] --END-- [ RunTime:0.000428s ]
NOTIC: [8] Undefined index: name D:\WWW\CPS\Runtime\Cache\Manager\48f66af3247b84bb75a8f92cab48d225.php 第 36 行.
NOTIC: [8] Undefined variable: check_group_url D:\WWW\CPS\Runtime\Cache\Manager\48f66af3247b84bb75a8f92cab48d225.php 第 79 行.
INFO: Run Behavior\ParseTemplate [ RunTime:0.035000s ]
INFO: [ view_parse ] --END-- [ RunTime:0.035185s ]
INFO: [ view_filter ] --START--
INFO: Run Behavior\WriteHtmlCache [ RunTime:0.001482s ]
INFO: [ view_filter ] --END-- [ RunTime:0.001660s ]
INFO: [ app_end ] --START--
INFO: Run Behavior\ShowPageTrace [ RunTime:0.002934s ]
INFO: [ app_end ] --END-- [ RunTime:0.003146s ]

[ 2016-11-30T12:52:09+08:00 ] ::1 /CPS/index.php/Manager/Manage/check_group/course_id/1
INFO: [ app_begin ] --START--
INFO: Run Behavior\ReadHtmlCache [ RunTime:0.003758s ]
INFO: [ app_begin ] --END-- [ RunTime:0.006253s ]

[ 2016-11-30T12:52:17+08:00 ] ::1 /CPS/index.php/Manager/Manage/check_group/course_id/1
INFO: [ app_begin ] --START--
INFO: Run Behavior\ReadHtmlCache [ RunTime:0.004932s ]
INFO: [ app_begin ] --END-- [ RunTime:0.008125s ]
SQL: SHOW COLUMNS FROM `course` [ RunTime:0.007078s ]
SQL: SELECT * FROM `course` WHERE ( course_id = '1' )  [ RunTime:0.001380s ]
SQL: SHOW COLUMNS FROM `stu_group` [ RunTime:0.001503s ]
ERR: 1146:Table 'cps.stu_group' doesn't exist
 [ SQL语句 ] : SHOW COLUMNS FROM `stu_group`
SQL: SHOW COLUMNS FROM `course` [ RunTime:0.006602s ]
SQL: SELECT C.group_id,E.student_id FROM course as A,project as B,student_group as C,student_group_member as D,student as E WHERE ( A.course_id = B.course_id and B.project_id = C.project_id and A.course_id = 1 and C.group_id=D.group_id and D.is_groupLeader = 1 and D.student_id = E.student_id )  [ RunTime:0.004408s ]
SQL: SHOW COLUMNS FROM `reply` [ RunTime:0.004443s ]
SQL: SELECT `reply_group_id`,`group_leader_id` FROM `reply` WHERE ( course_id = '1' )  [ RunTime:0.000828s ]
SQL: SHOW COLUMNS FROM `reply_member` [ RunTime:0.006453s ]
SQL: SHOW COLUMNS FROM `reply_member` [ RunTime:0.004885s ]
SQL: SELECT B.teacher_id,B.teacher_name FROM reply_member as A,teacher as B WHERE ( A.teacher_id=B.teacher_id and A.reply_group_id = '1' )  [ RunTime:0.001276s ]
SQL: SHOW COLUMNS FROM `reply_member` [ RunTime:0.006427s ]
SQL: SELECT B.teacher_id,B.teacher_name FROM reply_member as A,teacher as B WHERE ( A.teacher_id=B.teacher_id and A.reply_group_id = '3' )  [ RunTime:0.001460s ]
SQL: SHOW COLUMNS FROM `reply_member` [ RunTime:0.005604s ]
SQL: SELECT B.teacher_id,B.teacher_name FROM reply_member as A,teacher as B WHERE ( A.teacher_id=B.teacher_id and A.reply_group_id = '4' )  [ RunTime:0.001145s ]
SQL: SHOW COLUMNS FROM `reply_member` [ RunTime:0.006587s ]
SQL: SELECT B.teacher_id,B.teacher_name FROM reply_member as A,teacher as B WHERE ( A.teacher_id=B.teacher_id and A.reply_group_id = '5' )  [ RunTime:0.001352s ]
INFO: [ view_parse ] --START--
INFO: [ template_filter ] --START--
INFO: Run Behavior\ContentReplace [ RunTime:0.000225s ]
INFO: [ template_filter ] --END-- [ RunTime:0.000512s ]
NOTIC: [8] Undefined index: name D:\WWW\CPS\Runtime\Cache\Manager\d48a7399261039020ea4a4c1a86985be.php 第 36 行.
INFO: Run Behavior\ParseTemplate [ RunTime:0.055218s ]
INFO: [ view_parse ] --END-- [ RunTime:0.055489s ]
INFO: [ view_filter ] --START--
INFO: Run Behavior\WriteHtmlCache [ RunTime:0.002780s ]
INFO: [ view_filter ] --END-- [ RunTime:0.003033s ]
INFO: [ app_end ] --START--
INFO: Run Behavior\ShowPageTrace [ RunTime:0.004764s ]
INFO: [ app_end ] --END-- [ RunTime:0.005038s ]

[ 2016-11-30T12:52:19+08:00 ] ::1 /CPS/index.php/Manager/Manage/edit_allocate_stugroup/course_id/1/reply_group_id/1
INFO: [ app_begin ] --START--
INFO: Run Behavior\ReadHtmlCache [ RunTime:0.002823s ]
INFO: [ app_begin ] --END-- [ RunTime:0.005207s ]
SQL: SHOW COLUMNS FROM `reply` [ RunTime:0.005268s ]
SQL: SELECT `reply_group_id`,`group_leader_id` FROM `reply` WHERE ( course_id = '1' and reply_group_id = '1' )  [ RunTime:0.001108s ]
SQL: SHOW COLUMNS FROM `reply_member` [ RunTime:0.004289s ]
SQL: SHOW COLUMNS FROM `reply_member` [ RunTime:0.004562s ]
SQL: SELECT B.teacher_id,B.teacher_name FROM reply_member as A,teacher as B WHERE ( A.teacher_id=B.teacher_id and A.reply_group_id = '1' )  [ RunTime:0.001103s ]
SQL: SHOW COLUMNS FROM `stu_group` [ RunTime:0.001349s ]
ERR: 1146:Table 'cps.stu_group' doesn't exist
 [ SQL语句 ] : SHOW COLUMNS FROM `stu_group`
SQL: SHOW COLUMNS FROM `course` [ RunTime:0.005203s ]
SQL: SELECT C.group_id,E.student_id FROM course as A,project as B,student_group as C,student_group_member as D,student as E WHERE ( A.course_id = B.course_id and B.project_id = C.project_id and A.course_id = 1 and C.is_replyAllocated = 0 and C.group_id=D.group_id and D.is_groupLeader = 1 and D.student_id = E.student_id )  [ RunTime:0.003044s ]
INFO: [ view_parse ] --START--
INFO: [ template_filter ] --START--
INFO: Run Behavior\ContentReplace [ RunTime:0.000342s ]
INFO: [ template_filter ] --END-- [ RunTime:0.000839s ]
NOTIC: [8] Undefined index: name D:\WWW\CPS\Runtime\Cache\Manager\48f66af3247b84bb75a8f92cab48d225.php 第 36 行.
NOTIC: [8] Undefined variable: check_group_url D:\WWW\CPS\Runtime\Cache\Manager\48f66af3247b84bb75a8f92cab48d225.php 第 79 行.
INFO: Run Behavior\ParseTemplate [ RunTime:0.043390s ]
INFO: [ view_parse ] --END-- [ RunTime:0.043612s ]
INFO: [ view_filter ] --START--
INFO: Run Behavior\WriteHtmlCache [ RunTime:0.001353s ]
INFO: [ view_filter ] --END-- [ RunTime:0.001565s ]
INFO: [ app_end ] --START--
INFO: Run Behavior\ShowPageTrace [ RunTime:0.003032s ]
INFO: [ app_end ] --END-- [ RunTime:0.003237s ]

[ 2016-11-30T12:52:22+08:00 ] ::1 /CPS/index.php/Manager/Manage/edit_allocate_stugroup/course_id/1/reply_group_id/1
INFO: [ app_begin ] --START--
INFO: Run Behavior\ReadHtmlCache [ RunTime:0.004311s ]
INFO: [ app_begin ] --END-- [ RunTime:0.006077s ]
SQL: SHOW COLUMNS FROM `reply` [ RunTime:0.004418s ]
SQL: SELECT `reply_group_id`,`group_leader_id` FROM `reply` WHERE ( course_id = '' and reply_group_id = '' )  [ RunTime:0.000677s ]
NOTIC: [2] Invalid argument supplied for foreach() D:\WWW\CPS\Manager\Controller\ManageController.class.php 第 112 行.
SQL: SHOW COLUMNS FROM `stu_group` [ RunTime:0.001284s ]
ERR: 1146:Table 'cps.stu_group' doesn't exist
 [ SQL语句 ] : SHOW COLUMNS FROM `stu_group`
SQL: SHOW COLUMNS FROM `course` [ RunTime:0.004618s ]
SQL: SELECT C.group_id,E.student_id FROM course as A,project as B,student_group as C,student_group_member as D,student as E WHERE ( A.course_id = B.course_id and B.project_id = C.project_id and A.course_id =  and C.is_replyAllocated = 0 and C.group_id=D.group_id and D.is_groupLeader = 1 and D.student_id = E.student_id )  [ RunTime:0.000522s ]
ERR: 1064:You have an error in your SQL syntax; check the manual that corresponds to your MySQL server version for the right syntax to use near 'and C.is_replyAllocated = 0 and C.group_id=D.group_id and D.is_groupLeader = 1 a' at line 1
 [ SQL语句 ] : SELECT C.group_id,E.student_id FROM course as A,project as B,student_group as C,student_group_member as D,student as E WHERE ( A.course_id = B.course_id and B.project_id = C.project_id and A.course_id =  and C.is_replyAllocated = 0 and C.group_id=D.group_id and D.is_groupLeader = 1 and D.student_id = E.student_id ) 
SQL: SHOW COLUMNS FROM `reply_stugroup` [ RunTime:0.004366s ]
SQL: INSERT INTO `reply_stugroup` (`reply_group_id`,`stu_groupId`) VALUES ('1','1') [ RunTime:0.000807s ]

[ 2016-11-30T12:52:22+08:00 ] ::1 /CPS/index.php/Manager/Manage/manage_info
INFO: [ app_begin ] --START--
INFO: Run Behavior\ReadHtmlCache [ RunTime:0.001817s ]
INFO: [ app_begin ] --END-- [ RunTime:0.003192s ]
SQL: SHOW COLUMNS FROM `course` [ RunTime:0.005252s ]
SQL: SELECT * FROM `course`  [ RunTime:0.000765s ]
INFO: [ view_parse ] --START--
INFO: [ template_filter ] --START--
INFO: Run Behavior\ContentReplace [ RunTime:0.000163s ]
INFO: [ template_filter ] --END-- [ RunTime:0.000367s ]
NOTIC: [8] Undefined index: name D:\WWW\CPS\Runtime\Cache\Manager\b2e21d1919f93d16faa134e79d8c3954.php 第 36 行.
INFO: Run Behavior\ParseTemplate [ RunTime:0.028913s ]
INFO: [ view_parse ] --END-- [ RunTime:0.029085s ]
INFO: [ view_filter ] --START--
INFO: Run Behavior\WriteHtmlCache [ RunTime:0.000768s ]
INFO: [ view_filter ] --END-- [ RunTime:0.000931s ]
INFO: [ app_end ] --START--
INFO: Run Behavior\ShowPageTrace [ RunTime:0.001762s ]
INFO: [ app_end ] --END-- [ RunTime:0.001903s ]

[ 2016-11-30T12:52:23+08:00 ] ::1 /CPS/index.php/Manager/Manage/check_group/course_id/1
INFO: [ app_begin ] --START--
INFO: Run Behavior\ReadHtmlCache [ RunTime:0.003252s ]
INFO: [ app_begin ] --END-- [ RunTime:0.004801s ]
SQL: SHOW COLUMNS FROM `course` [ RunTime:0.004652s ]
SQL: SELECT * FROM `course` WHERE ( course_id = '1' )  [ RunTime:0.001511s ]
SQL: SHOW COLUMNS FROM `stu_group` [ RunTime:0.001569s ]
ERR: 1146:Table 'cps.stu_group' doesn't exist
 [ SQL语句 ] : SHOW COLUMNS FROM `stu_group`
SQL: SHOW COLUMNS FROM `course` [ RunTime:0.005847s ]
SQL: SELECT C.group_id,E.student_id FROM course as A,project as B,student_group as C,student_group_member as D,student as E WHERE ( A.course_id = B.course_id and B.project_id = C.project_id and A.course_id = 1 and C.group_id=D.group_id and D.is_groupLeader = 1 and D.student_id = E.student_id )  [ RunTime:0.003945s ]
SQL: SHOW COLUMNS FROM `reply` [ RunTime:0.005774s ]
SQL: SELECT `reply_group_id`,`group_leader_id` FROM `reply` WHERE ( course_id = '1' )  [ RunTime:0.000941s ]
SQL: SHOW COLUMNS FROM `reply_member` [ RunTime:0.005864s ]
SQL: SHOW COLUMNS FROM `reply_member` [ RunTime:0.006363s ]
SQL: SELECT B.teacher_id,B.teacher_name FROM reply_member as A,teacher as B WHERE ( A.teacher_id=B.teacher_id and A.reply_group_id = '1' )  [ RunTime:0.001154s ]
SQL: SHOW COLUMNS FROM `reply_member` [ RunTime:0.005247s ]
SQL: SELECT B.teacher_id,B.teacher_name FROM reply_member as A,teacher as B WHERE ( A.teacher_id=B.teacher_id and A.reply_group_id = '3' )  [ RunTime:0.001176s ]
SQL: SHOW COLUMNS FROM `reply_member` [ RunTime:0.004996s ]
SQL: SELECT B.teacher_id,B.teacher_name FROM reply_member as A,teacher as B WHERE ( A.teacher_id=B.teacher_id and A.reply_group_id = '4' )  [ RunTime:0.001380s ]
SQL: SHOW COLUMNS FROM `reply_member` [ RunTime:0.004977s ]
SQL: SELECT B.teacher_id,B.teacher_name FROM reply_member as A,teacher as B WHERE ( A.teacher_id=B.teacher_id and A.reply_group_id = '5' )  [ RunTime:0.001191s ]
INFO: [ view_parse ] --START--
INFO: [ template_filter ] --START--
INFO: Run Behavior\ContentReplace [ RunTime:0.000251s ]
INFO: [ template_filter ] --END-- [ RunTime:0.000560s ]
NOTIC: [8] Undefined index: name D:\WWW\CPS\Runtime\Cache\Manager\d48a7399261039020ea4a4c1a86985be.php 第 36 行.
INFO: Run Behavior\ParseTemplate [ RunTime:0.047458s ]
INFO: [ view_parse ] --END-- [ RunTime:0.047773s ]
INFO: [ view_filter ] --START--
INFO: Run Behavior\WriteHtmlCache [ RunTime:0.002629s ]
INFO: [ view_filter ] --END-- [ RunTime:0.003010s ]
INFO: [ app_end ] --START--
INFO: Run Behavior\ShowPageTrace [ RunTime:0.003542s ]
INFO: [ app_end ] --END-- [ RunTime:0.003828s ]

[ 2016-11-30T12:52:25+08:00 ] ::1 /CPS/index.php/Manager/Manage/edit_allocate_stugroup/course_id/1/reply_group_id/1
INFO: [ app_begin ] --START--
INFO: Run Behavior\ReadHtmlCache [ RunTime:0.002992s ]
INFO: [ app_begin ] --END-- [ RunTime:0.005969s ]
SQL: SHOW COLUMNS FROM `reply` [ RunTime:0.005459s ]
SQL: SELECT `reply_group_id`,`group_leader_id` FROM `reply` WHERE ( course_id = '1' and reply_group_id = '1' )  [ RunTime:0.000874s ]
SQL: SHOW COLUMNS FROM `reply_member` [ RunTime:0.005286s ]
SQL: SHOW COLUMNS FROM `reply_member` [ RunTime:0.004478s ]
SQL: SELECT B.teacher_id,B.teacher_name FROM reply_member as A,teacher as B WHERE ( A.teacher_id=B.teacher_id and A.reply_group_id = '1' )  [ RunTime:0.001359s ]
SQL: SHOW COLUMNS FROM `stu_group` [ RunTime:0.001460s ]
ERR: 1146:Table 'cps.stu_group' doesn't exist
 [ SQL语句 ] : SHOW COLUMNS FROM `stu_group`
SQL: SHOW COLUMNS FROM `course` [ RunTime:0.006963s ]
SQL: SELECT C.group_id,E.student_id FROM course as A,project as B,student_group as C,student_group_member as D,student as E WHERE ( A.course_id = B.course_id and B.project_id = C.project_id and A.course_id = 1 and C.is_replyAllocated = 0 and C.group_id=D.group_id and D.is_groupLeader = 1 and D.student_id = E.student_id )  [ RunTime:0.004893s ]
INFO: [ view_parse ] --START--
INFO: [ template_filter ] --START--
INFO: Run Behavior\ContentReplace [ RunTime:0.000229s ]
INFO: [ template_filter ] --END-- [ RunTime:0.000777s ]
NOTIC: [8] Undefined index: name D:\WWW\CPS\Runtime\Cache\Manager\48f66af3247b84bb75a8f92cab48d225.php 第 36 行.
NOTIC: [8] Undefined variable: check_group_url D:\WWW\CPS\Runtime\Cache\Manager\48f66af3247b84bb75a8f92cab48d225.php 第 79 行.
INFO: Run Behavior\ParseTemplate [ RunTime:0.057539s ]
INFO: [ view_parse ] --END-- [ RunTime:0.057872s ]
INFO: [ view_filter ] --START--
INFO: Run Behavior\WriteHtmlCache [ RunTime:0.002327s ]
INFO: [ view_filter ] --END-- [ RunTime:0.002628s ]
INFO: [ app_end ] --START--
INFO: Run Behavior\ShowPageTrace [ RunTime:0.004123s ]
INFO: [ app_end ] --END-- [ RunTime:0.004415s ]

[ 2016-11-30T12:54:49+08:00 ] ::1 /CPS/index.php/Manager/Manage/edit_allocate_stugroup/course_id/1/reply_group_id/1
INFO: [ app_begin ] --START--
INFO: Run Behavior\ReadHtmlCache [ RunTime:0.004942s ]
INFO: [ app_begin ] --END-- [ RunTime:0.008202s ]

[ 2016-11-30T12:55:45+08:00 ] ::1 /CPS/index.php/Manager/Manage/edit_allocate_stugroup/course_id/1/reply_group_id/1
INFO: [ app_begin ] --START--
INFO: Run Behavior\ReadHtmlCache [ RunTime:0.003406s ]
INFO: [ app_begin ] --END-- [ RunTime:0.005547s ]
SQL: SHOW COLUMNS FROM `reply` [ RunTime:0.006739s ]
SQL: SELECT `reply_group_id`,`group_leader_id` FROM `reply` WHERE ( course_id = '1' and reply_group_id = '1' )  [ RunTime:0.001132s ]
SQL: SHOW COLUMNS FROM `reply_member` [ RunTime:0.006314s ]
SQL: SHOW COLUMNS FROM `reply_member` [ RunTime:0.006280s ]
SQL: SELECT B.teacher_id,B.teacher_name FROM reply_member as A,teacher as B WHERE ( A.teacher_id=B.teacher_id and A.reply_group_id = '1' )  [ RunTime:0.001355s ]
SQL: SHOW COLUMNS FROM `stu_group` [ RunTime:0.001628s ]
ERR: 1146:Table 'cps.stu_group' doesn't exist
 [ SQL语句 ] : SHOW COLUMNS FROM `stu_group`
SQL: SHOW COLUMNS FROM `course` [ RunTime:0.006617s ]
SQL: SELECT C.group_id,E.student_id FROM course as A,project as B,student_group as C,student_group_member as D,student as E WHERE ( A.course_id = B.course_id and B.project_id = C.project_id and A.course_id = 1 and C.is_replyAllocated = 0 and C.group_id=D.group_id and D.is_groupLeader = 1 and D.student_id = E.student_id )  [ RunTime:0.004847s ]
INFO: [ view_parse ] --START--
INFO: [ template_filter ] --START--
INFO: Run Behavior\ContentReplace [ RunTime:0.000237s ]
INFO: [ template_filter ] --END-- [ RunTime:0.000567s ]
NOTIC: [8] Undefined index: name D:\WWW\CPS\Runtime\Cache\Manager\48f66af3247b84bb75a8f92cab48d225.php 第 36 行.
NOTIC: [8] Undefined variable: check_group_url D:\WWW\CPS\Runtime\Cache\Manager\48f66af3247b84bb75a8f92cab48d225.php 第 79 行.
INFO: Run Behavior\ParseTemplate [ RunTime:0.057419s ]
INFO: [ view_parse ] --END-- [ RunTime:0.057650s ]
INFO: [ view_filter ] --START--
INFO: Run Behavior\WriteHtmlCache [ RunTime:0.002562s ]
INFO: [ view_filter ] --END-- [ RunTime:0.002741s ]
INFO: [ app_end ] --START--
INFO: Run Behavior\ShowPageTrace [ RunTime:0.004811s ]
INFO: [ app_end ] --END-- [ RunTime:0.005079s ]

[ 2016-11-30T12:55:54+08:00 ] ::1 /CPS/index.php/Manager/Manage/edit_allocate_stugroup/course_id/1/reply_group_id/1
INFO: [ app_begin ] --START--
INFO: Run Behavior\ReadHtmlCache [ RunTime:0.008184s ]
INFO: [ app_begin ] --END-- [ RunTime:0.011674s ]
SQL: SHOW COLUMNS FROM `reply` [ RunTime:0.006059s ]
SQL: SELECT `reply_group_id`,`group_leader_id` FROM `reply` WHERE ( course_id = '1' and reply_group_id = '1' )  [ RunTime:0.001114s ]
SQL: SHOW COLUMNS FROM `reply_member` [ RunTime:0.005565s ]
SQL: SHOW COLUMNS FROM `reply_member` [ RunTime:0.006533s ]
SQL: SELECT B.teacher_id,B.teacher_name FROM reply_member as A,teacher as B WHERE ( A.teacher_id=B.teacher_id and A.reply_group_id = '1' )  [ RunTime:0.001541s ]
SQL: SHOW COLUMNS FROM `stu_group` [ RunTime:0.001632s ]
ERR: 1146:Table 'cps.stu_group' doesn't exist
 [ SQL语句 ] : SHOW COLUMNS FROM `stu_group`
SQL: SHOW COLUMNS FROM `course` [ RunTime:0.006337s ]
SQL: SELECT C.group_id,E.student_id FROM course as A,project as B,student_group as C,student_group_member as D,student as E WHERE ( A.course_id = B.course_id and B.project_id = C.project_id and A.course_id = 1 and C.is_replyAllocated = 0 and C.group_id=D.group_id and D.is_groupLeader = 1 and D.student_id = E.student_id )  [ RunTime:0.002535s ]
INFO: [ view_parse ] --START--
INFO: [ template_filter ] --START--
INFO: Run Behavior\ContentReplace [ RunTime:0.000182s ]
INFO: [ template_filter ] --END-- [ RunTime:0.000476s ]
NOTIC: [8] Undefined index: name D:\WWW\CPS\Runtime\Cache\Manager\48f66af3247b84bb75a8f92cab48d225.php 第 36 行.
NOTIC: [8] Undefined variable: check_group_url D:\WWW\CPS\Runtime\Cache\Manager\48f66af3247b84bb75a8f92cab48d225.php 第 79 行.
INFO: Run Behavior\ParseTemplate [ RunTime:0.055322s ]
INFO: [ view_parse ] --END-- [ RunTime:0.055547s ]
INFO: [ view_filter ] --START--
INFO: Run Behavior\WriteHtmlCache [ RunTime:0.001719s ]
INFO: [ view_filter ] --END-- [ RunTime:0.001905s ]
INFO: [ app_end ] --START--
INFO: Run Behavior\ShowPageTrace [ RunTime:0.003344s ]
INFO: [ app_end ] --END-- [ RunTime:0.003590s ]

[ 2016-11-30T12:55:56+08:00 ] ::1 /CPS/index.php/Manager/Manage/edit_allocate_stugroup/course_id/1/reply_group_id/1
INFO: [ app_begin ] --START--
INFO: Run Behavior\ReadHtmlCache [ RunTime:0.003955s ]
INFO: [ app_begin ] --END-- [ RunTime:0.006720s ]
SQL: SHOW COLUMNS FROM `reply` [ RunTime:0.005600s ]
SQL: SELECT `reply_group_id`,`group_leader_id` FROM `reply` WHERE ( course_id = '' and reply_group_id = '' )  [ RunTime:0.001224s ]
NOTIC: [2] Invalid argument supplied for foreach() D:\WWW\CPS\Manager\Controller\ManageController.class.php 第 112 行.
SQL: SHOW COLUMNS FROM `stu_group` [ RunTime:0.002064s ]
ERR: 1146:Table 'cps.stu_group' doesn't exist
 [ SQL语句 ] : SHOW COLUMNS FROM `stu_group`
SQL: SHOW COLUMNS FROM `course` [ RunTime:0.007342s ]
SQL: SELECT C.group_id,E.student_id FROM course as A,project as B,student_group as C,student_group_member as D,student as E WHERE ( A.course_id = B.course_id and B.project_id = C.project_id and A.course_id =  and C.is_replyAllocated = 0 and C.group_id=D.group_id and D.is_groupLeader = 1 and D.student_id = E.student_id )  [ RunTime:0.000960s ]
ERR: 1064:You have an error in your SQL syntax; check the manual that corresponds to your MySQL server version for the right syntax to use near 'and C.is_replyAllocated = 0 and C.group_id=D.group_id and D.is_groupLeader = 1 a' at line 1
 [ SQL语句 ] : SELECT C.group_id,E.student_id FROM course as A,project as B,student_group as C,student_group_member as D,student as E WHERE ( A.course_id = B.course_id and B.project_id = C.project_id and A.course_id =  and C.is_replyAllocated = 0 and C.group_id=D.group_id and D.is_groupLeader = 1 and D.student_id = E.student_id ) 
SQL: SHOW COLUMNS FROM `reply_stugroup` [ RunTime:0.005534s ]
SQL: INSERT INTO `reply_stugroup` (`reply_group_id`,`stu_groupId`) VALUES ('1','1') [ RunTime:0.047328s ]
SQL: UPDATE `stu_group` SET `is_replyAllocated`=1 WHERE ( group_id = '1' ) [ RunTime:0.001785s ]
ERR: 1146:Table 'cps.stu_group' doesn't exist
 [ SQL语句 ] : UPDATE `stu_group` SET `is_replyAllocated`=1 WHERE ( group_id = '1' )

[ 2016-11-30T12:55:56+08:00 ] ::1 /CPS/index.php/Manager/Manage/manage_info
INFO: [ app_begin ] --START--
INFO: Run Behavior\ReadHtmlCache [ RunTime:0.004980s ]
INFO: [ app_begin ] --END-- [ RunTime:0.009851s ]
SQL: SHOW COLUMNS FROM `course` [ RunTime:0.007328s ]
SQL: SELECT * FROM `course`  [ RunTime:0.001233s ]
INFO: [ view_parse ] --START--
INFO: [ template_filter ] --START--
INFO: Run Behavior\ContentReplace [ RunTime:0.000245s ]
INFO: [ template_filter ] --END-- [ RunTime:0.000614s ]
NOTIC: [8] Undefined index: name D:\WWW\CPS\Runtime\Cache\Manager\b2e21d1919f93d16faa134e79d8c3954.php 第 36 行.
INFO: Run Behavior\ParseTemplate [ RunTime:0.048789s ]
INFO: [ view_parse ] --END-- [ RunTime:0.049093s ]
INFO: [ view_filter ] --START--
INFO: Run Behavior\WriteHtmlCache [ RunTime:0.002896s ]
INFO: [ view_filter ] --END-- [ RunTime:0.003258s ]
INFO: [ app_end ] --START--
INFO: Run Behavior\ShowPageTrace [ RunTime:0.010269s ]
INFO: [ app_end ] --END-- [ RunTime:0.010716s ]

[ 2016-11-30T12:55:59+08:00 ] ::1 /CPS/index.php/Manager/Manage/check_group/course_id/1
INFO: [ app_begin ] --START--
INFO: Run Behavior\ReadHtmlCache [ RunTime:0.006566s ]
INFO: [ app_begin ] --END-- [ RunTime:0.010808s ]
SQL: SHOW COLUMNS FROM `course` [ RunTime:0.006426s ]
SQL: SELECT * FROM `course` WHERE ( course_id = '1' )  [ RunTime:0.001876s ]
SQL: SHOW COLUMNS FROM `stu_group` [ RunTime:0.001853s ]
ERR: 1146:Table 'cps.stu_group' doesn't exist
 [ SQL语句 ] : SHOW COLUMNS FROM `stu_group`
SQL: SHOW COLUMNS FROM `course` [ RunTime:0.006350s ]
SQL: SELECT C.group_id,E.student_id FROM course as A,project as B,student_group as C,student_group_member as D,student as E WHERE ( A.course_id = B.course_id and B.project_id = C.project_id and A.course_id = 1 and C.group_id=D.group_id and D.is_groupLeader = 1 and D.student_id = E.student_id )  [ RunTime:0.005242s ]
SQL: SHOW COLUMNS FROM `reply` [ RunTime:0.005446s ]
SQL: SELECT `reply_group_id`,`group_leader_id` FROM `reply` WHERE ( course_id = '1' )  [ RunTime:0.001086s ]
SQL: SHOW COLUMNS FROM `reply_member` [ RunTime:0.008164s ]
SQL: SHOW COLUMNS FROM `reply_member` [ RunTime:0.006981s ]
SQL: SELECT B.teacher_id,B.teacher_name FROM reply_member as A,teacher as B WHERE ( A.teacher_id=B.teacher_id and A.reply_group_id = '1' )  [ RunTime:0.001576s ]
SQL: SHOW COLUMNS FROM `reply_member` [ RunTime:0.006516s ]
SQL: SELECT B.teacher_id,B.teacher_name FROM reply_member as A,teacher as B WHERE ( A.teacher_id=B.teacher_id and A.reply_group_id = '3' )  [ RunTime:0.001581s ]
SQL: SHOW COLUMNS FROM `reply_member` [ RunTime:0.007080s ]
SQL: SELECT B.teacher_id,B.teacher_name FROM reply_member as A,teacher as B WHERE ( A.teacher_id=B.teacher_id and A.reply_group_id = '4' )  [ RunTime:0.001736s ]
SQL: SHOW COLUMNS FROM `reply_member` [ RunTime:0.007097s ]
SQL: SELECT B.teacher_id,B.teacher_name FROM reply_member as A,teacher as B WHERE ( A.teacher_id=B.teacher_id and A.reply_group_id = '5' )  [ RunTime:0.001584s ]
INFO: [ view_parse ] --START--
INFO: [ template_filter ] --START--
INFO: Run Behavior\ContentReplace [ RunTime:0.000368s ]
INFO: [ template_filter ] --END-- [ RunTime:0.001000s ]
NOTIC: [8] Undefined index: name D:\WWW\CPS\Runtime\Cache\Manager\d48a7399261039020ea4a4c1a86985be.php 第 36 行.
INFO: Run Behavior\ParseTemplate [ RunTime:0.063993s ]
INFO: [ view_parse ] --END-- [ RunTime:0.064348s ]
INFO: [ view_filter ] --START--
INFO: Run Behavior\WriteHtmlCache [ RunTime:0.001942s ]
INFO: [ view_filter ] --END-- [ RunTime:0.002231s ]
INFO: [ app_end ] --START--
INFO: Run Behavior\ShowPageTrace [ RunTime:0.004088s ]
INFO: [ app_end ] --END-- [ RunTime:0.004388s ]

[ 2016-11-30T12:56:00+08:00 ] ::1 /CPS/index.php/Manager/Manage/edit_allocate_stugroup/course_id/1/reply_group_id/1
INFO: [ app_begin ] --START--
INFO: Run Behavior\ReadHtmlCache [ RunTime:0.003268s ]
INFO: [ app_begin ] --END-- [ RunTime:0.006985s ]
SQL: SHOW COLUMNS FROM `reply` [ RunTime:0.006907s ]
SQL: SELECT `reply_group_id`,`group_leader_id` FROM `reply` WHERE ( course_id = '1' and reply_group_id = '1' )  [ RunTime:0.001141s ]
SQL: SHOW COLUMNS FROM `reply_member` [ RunTime:0.005601s ]
SQL: SHOW COLUMNS FROM `reply_member` [ RunTime:0.005453s ]
SQL: SELECT B.teacher_id,B.teacher_name FROM reply_member as A,teacher as B WHERE ( A.teacher_id=B.teacher_id and A.reply_group_id = '1' )  [ RunTime:0.001578s ]
SQL: SHOW COLUMNS FROM `stu_group` [ RunTime:0.001652s ]
ERR: 1146:Table 'cps.stu_group' doesn't exist
 [ SQL语句 ] : SHOW COLUMNS FROM `stu_group`
SQL: SHOW COLUMNS FROM `course` [ RunTime:0.007103s ]
SQL: SELECT C.group_id,E.student_id FROM course as A,project as B,student_group as C,student_group_member as D,student as E WHERE ( A.course_id = B.course_id and B.project_id = C.project_id and A.course_id = 1 and C.is_replyAllocated = 0 and C.group_id=D.group_id and D.is_groupLeader = 1 and D.student_id = E.student_id )  [ RunTime:0.004713s ]
INFO: [ view_parse ] --START--
INFO: [ template_filter ] --START--
INFO: Run Behavior\ContentReplace [ RunTime:0.000181s ]
INFO: [ template_filter ] --END-- [ RunTime:0.000427s ]
NOTIC: [8] Undefined index: name D:\WWW\CPS\Runtime\Cache\Manager\48f66af3247b84bb75a8f92cab48d225.php 第 36 行.
NOTIC: [8] Undefined variable: check_group_url D:\WWW\CPS\Runtime\Cache\Manager\48f66af3247b84bb75a8f92cab48d225.php 第 79 行.
INFO: Run Behavior\ParseTemplate [ RunTime:0.045010s ]
INFO: [ view_parse ] --END-- [ RunTime:0.045281s ]
INFO: [ view_filter ] --START--
INFO: Run Behavior\WriteHtmlCache [ RunTime:0.001446s ]
INFO: [ view_filter ] --END-- [ RunTime:0.001628s ]
INFO: [ app_end ] --START--
INFO: Run Behavior\ShowPageTrace [ RunTime:0.004340s ]
INFO: [ app_end ] --END-- [ RunTime:0.004610s ]

[ 2016-11-30T12:56:31+08:00 ] ::1 /CPS/index.php/Manager/Manage/edit_allocate_stugroup/course_id/1/reply_group_id/1
INFO: [ app_begin ] --START--
INFO: Run Behavior\ReadHtmlCache [ RunTime:0.005645s ]
INFO: [ app_begin ] --END-- [ RunTime:0.008679s ]
SQL: SHOW COLUMNS FROM `reply` [ RunTime:0.008155s ]
SQL: SELECT `reply_group_id`,`group_leader_id` FROM `reply` WHERE ( course_id = '1' and reply_group_id = '1' )  [ RunTime:0.001452s ]
SQL: SHOW COLUMNS FROM `reply_member` [ RunTime:0.007494s ]
SQL: SHOW COLUMNS FROM `reply_member` [ RunTime:0.007963s ]
SQL: SELECT B.teacher_id,B.teacher_name FROM reply_member as A,teacher as B WHERE ( A.teacher_id=B.teacher_id and A.reply_group_id = '1' )  [ RunTime:0.001454s ]
SQL: SHOW COLUMNS FROM `stu_group` [ RunTime:0.001936s ]
ERR: 1146:Table 'cps.stu_group' doesn't exist
 [ SQL语句 ] : SHOW COLUMNS FROM `stu_group`
SQL: SHOW COLUMNS FROM `course` [ RunTime:0.010985s ]
SQL: SELECT C.group_id,E.student_id FROM course as A,project as B,student_group as C,student_group_member as D,student as E WHERE ( A.course_id = B.course_id and B.project_id = C.project_id and A.course_id = 1 and C.is_replyAllocated = 0 and C.group_id=D.group_id and D.is_groupLeader = 1 and D.student_id = E.student_id )  [ RunTime:0.006019s ]
INFO: [ view_parse ] --START--
INFO: [ template_filter ] --START--
INFO: Run Behavior\ContentReplace [ RunTime:0.000184s ]
INFO: [ template_filter ] --END-- [ RunTime:0.000415s ]
NOTIC: [8] Undefined index: name D:\WWW\CPS\Runtime\Cache\Manager\48f66af3247b84bb75a8f92cab48d225.php 第 36 行.
NOTIC: [8] Undefined variable: check_group_url D:\WWW\CPS\Runtime\Cache\Manager\48f66af3247b84bb75a8f92cab48d225.php 第 79 行.
INFO: Run Behavior\ParseTemplate [ RunTime:0.066640s ]
INFO: [ view_parse ] --END-- [ RunTime:0.066963s ]
INFO: [ view_filter ] --START--
INFO: Run Behavior\WriteHtmlCache [ RunTime:0.001790s ]
INFO: [ view_filter ] --END-- [ RunTime:0.002024s ]
INFO: [ app_end ] --START--
INFO: Run Behavior\ShowPageTrace [ RunTime:0.006031s ]
INFO: [ app_end ] --END-- [ RunTime:0.006654s ]

[ 2016-11-30T12:56:33+08:00 ] ::1 /CPS/index.php/Manager/Manage/edit_allocate_stugroup/course_id/1/reply_group_id/1
INFO: [ app_begin ] --START--
INFO: Run Behavior\ReadHtmlCache [ RunTime:0.003952s ]
INFO: [ app_begin ] --END-- [ RunTime:0.008270s ]
SQL: SHOW COLUMNS FROM `reply` [ RunTime:0.007340s ]
SQL: SELECT `reply_group_id`,`group_leader_id` FROM `reply` WHERE ( course_id = '' and reply_group_id = '' )  [ RunTime:0.001243s ]
NOTIC: [2] Invalid argument supplied for foreach() D:\WWW\CPS\Manager\Controller\ManageController.class.php 第 112 行.
SQL: SHOW COLUMNS FROM `stu_group` [ RunTime:0.002019s ]
ERR: 1146:Table 'cps.stu_group' doesn't exist
 [ SQL语句 ] : SHOW COLUMNS FROM `stu_group`
SQL: SHOW COLUMNS FROM `course` [ RunTime:0.006000s ]
SQL: SELECT C.group_id,E.student_id FROM course as A,project as B,student_group as C,student_group_member as D,student as E WHERE ( A.course_id = B.course_id and B.project_id = C.project_id and A.course_id =  and C.is_replyAllocated = 0 and C.group_id=D.group_id and D.is_groupLeader = 1 and D.student_id = E.student_id )  [ RunTime:0.000793s ]
ERR: 1064:You have an error in your SQL syntax; check the manual that corresponds to your MySQL server version for the right syntax to use near 'and C.is_replyAllocated = 0 and C.group_id=D.group_id and D.is_groupLeader = 1 a' at line 1
 [ SQL语句 ] : SELECT C.group_id,E.student_id FROM course as A,project as B,student_group as C,student_group_member as D,student as E WHERE ( A.course_id = B.course_id and B.project_id = C.project_id and A.course_id =  and C.is_replyAllocated = 0 and C.group_id=D.group_id and D.is_groupLeader = 1 and D.student_id = E.student_id ) 
SQL: SHOW COLUMNS FROM `reply_stugroup` [ RunTime:0.006822s ]
SQL: INSERT INTO `reply_stugroup` (`reply_group_id`,`stu_groupId`) VALUES ('1','1') [ RunTime:0.003774s ]
SQL: UPDATE `stu_group` SET `is_replyAllocated`=1 WHERE ( group_id = '1' ) [ RunTime:0.001746s ]
ERR: 1146:Table 'cps.stu_group' doesn't exist
 [ SQL语句 ] : UPDATE `stu_group` SET `is_replyAllocated`=1 WHERE ( group_id = '1' )
INFO: [ view_parse ] --START--
INFO: [ template_filter ] --START--
INFO: Run Behavior\ContentReplace [ RunTime:0.000294s ]
INFO: [ template_filter ] --END-- [ RunTime:0.000644s ]
NOTIC: [8] Undefined index: name D:\WWW\CPS\Runtime\Cache\Manager\48f66af3247b84bb75a8f92cab48d225.php 第 36 行.
NOTIC: [8] Undefined variable: check_group_url D:\WWW\CPS\Runtime\Cache\Manager\48f66af3247b84bb75a8f92cab48d225.php 第 79 行.
INFO: Run Behavior\ParseTemplate [ RunTime:0.057701s ]
INFO: [ view_parse ] --END-- [ RunTime:0.057933s ]
INFO: [ view_filter ] --START--
INFO: Run Behavior\WriteHtmlCache [ RunTime:0.001647s ]
INFO: [ view_filter ] --END-- [ RunTime:0.001915s ]
INFO: [ app_end ] --START--
INFO: Run Behavior\ShowPageTrace [ RunTime:0.007888s ]
INFO: [ app_end ] --END-- [ RunTime:0.013953s ]

[ 2016-11-30T12:57:30+08:00 ] ::1 /CPS/index.php/Manager/Manage/edit_allocate_stugroup/course_id/1/reply_group_id/1
INFO: [ app_begin ] --START--
INFO: Run Behavior\ReadHtmlCache [ RunTime:0.006418s ]
INFO: [ app_begin ] --END-- [ RunTime:0.011700s ]
SQL: SHOW COLUMNS FROM `reply` [ RunTime:0.013184s ]
SQL: SELECT `reply_group_id`,`group_leader_id` FROM `reply` WHERE ( course_id = '1' and reply_group_id = '1' )  [ RunTime:0.001668s ]
SQL: SHOW COLUMNS FROM `reply_member` [ RunTime:0.008725s ]
SQL: SHOW COLUMNS FROM `reply_member` [ RunTime:0.007916s ]
SQL: SELECT B.teacher_id,B.teacher_name FROM reply_member as A,teacher as B WHERE ( A.teacher_id=B.teacher_id and A.reply_group_id = '1' )  [ RunTime:0.001971s ]
SQL: SHOW COLUMNS FROM `stu_group` [ RunTime:0.003063s ]
ERR: 1146:Table 'cps.stu_group' doesn't exist
 [ SQL语句 ] : SHOW COLUMNS FROM `stu_group`
SQL: SHOW COLUMNS FROM `course` [ RunTime:0.008656s ]
SQL: SELECT C.group_id,E.student_id FROM course as A,project as B,student_group as C,student_group_member as D,student as E WHERE ( A.course_id = B.course_id and B.project_id = C.project_id and A.course_id = 1 and C.is_replyAllocated = 0 and C.group_id=D.group_id and D.is_groupLeader = 1 and D.student_id = E.student_id )  [ RunTime:0.005999s ]
INFO: [ view_parse ] --START--
INFO: [ template_filter ] --START--
INFO: Run Behavior\ContentReplace [ RunTime:0.000201s ]
INFO: [ template_filter ] --END-- [ RunTime:0.000504s ]
NOTIC: [8] Undefined index: name D:\WWW\CPS\Runtime\Cache\Manager\48f66af3247b84bb75a8f92cab48d225.php 第 36 行.
NOTIC: [8] Undefined variable: check_group_url D:\WWW\CPS\Runtime\Cache\Manager\48f66af3247b84bb75a8f92cab48d225.php 第 79 行.
INFO: Run Behavior\ParseTemplate [ RunTime:0.066809s ]
INFO: [ view_parse ] --END-- [ RunTime:0.067142s ]
INFO: [ view_filter ] --START--
INFO: Run Behavior\WriteHtmlCache [ RunTime:0.001565s ]
INFO: [ view_filter ] --END-- [ RunTime:0.001773s ]
INFO: [ app_end ] --START--
INFO: Run Behavior\ShowPageTrace [ RunTime:0.002634s ]
INFO: [ app_end ] --END-- [ RunTime:0.002891s ]

[ 2016-11-30T12:57:31+08:00 ] ::1 /CPS/index.php/Manager/Manage/edit_allocate_stugroup/course_id/1/reply_group_id/1
INFO: [ app_begin ] --START--
INFO: Run Behavior\ReadHtmlCache [ RunTime:0.004362s ]
INFO: [ app_begin ] --END-- [ RunTime:0.009446s ]
SQL: SHOW COLUMNS FROM `reply` [ RunTime:0.004700s ]
SQL: SELECT `reply_group_id`,`group_leader_id` FROM `reply` WHERE ( course_id = '1' and reply_group_id = '1' )  [ RunTime:0.001058s ]
SQL: SHOW COLUMNS FROM `reply_member` [ RunTime:0.005719s ]
SQL: SHOW COLUMNS FROM `reply_member` [ RunTime:0.004769s ]
SQL: SELECT B.teacher_id,B.teacher_name FROM reply_member as A,teacher as B WHERE ( A.teacher_id=B.teacher_id and A.reply_group_id = '1' )  [ RunTime:0.001182s ]
SQL: SHOW COLUMNS FROM `stu_group` [ RunTime:0.001318s ]
ERR: 1146:Table 'cps.stu_group' doesn't exist
 [ SQL语句 ] : SHOW COLUMNS FROM `stu_group`
SQL: SHOW COLUMNS FROM `course` [ RunTime:0.006780s ]
SQL: SELECT C.group_id,E.student_id FROM course as A,project as B,student_group as C,student_group_member as D,student as E WHERE ( A.course_id = B.course_id and B.project_id = C.project_id and A.course_id = 1 and C.is_replyAllocated = 0 and C.group_id=D.group_id and D.is_groupLeader = 1 and D.student_id = E.student_id )  [ RunTime:0.004253s ]
INFO: [ view_parse ] --START--
INFO: [ template_filter ] --START--
INFO: Run Behavior\ContentReplace [ RunTime:0.000155s ]
INFO: [ template_filter ] --END-- [ RunTime:0.000373s ]
NOTIC: [8] Undefined index: name D:\WWW\CPS\Runtime\Cache\Manager\48f66af3247b84bb75a8f92cab48d225.php 第 36 行.
NOTIC: [8] Undefined variable: check_group_url D:\WWW\CPS\Runtime\Cache\Manager\48f66af3247b84bb75a8f92cab48d225.php 第 79 行.
INFO: Run Behavior\ParseTemplate [ RunTime:0.037929s ]
INFO: [ view_parse ] --END-- [ RunTime:0.038164s ]
INFO: [ view_filter ] --START--
INFO: Run Behavior\WriteHtmlCache [ RunTime:0.001782s ]
INFO: [ view_filter ] --END-- [ RunTime:0.002224s ]
INFO: [ app_end ] --START--
INFO: Run Behavior\ShowPageTrace [ RunTime:0.003513s ]
INFO: [ app_end ] --END-- [ RunTime:0.003795s ]

[ 2016-11-30T12:57:33+08:00 ] ::1 /CPS/index.php/Manager/Manage/edit_allocate_stugroup/course_id/1/reply_group_id/1
INFO: [ app_begin ] --START--
INFO: Run Behavior\ReadHtmlCache [ RunTime:0.002876s ]
INFO: [ app_begin ] --END-- [ RunTime:0.004906s ]
SQL: SHOW COLUMNS FROM `reply` [ RunTime:0.006063s ]
SQL: SELECT `reply_group_id`,`group_leader_id` FROM `reply` WHERE ( course_id = '' and reply_group_id = '' )  [ RunTime:0.001141s ]
NOTIC: [2] Invalid argument supplied for foreach() D:\WWW\CPS\Manager\Controller\ManageController.class.php 第 112 行.
SQL: SHOW COLUMNS FROM `stu_group` [ RunTime:0.001298s ]
ERR: 1146:Table 'cps.stu_group' doesn't exist
 [ SQL语句 ] : SHOW COLUMNS FROM `stu_group`
SQL: SHOW COLUMNS FROM `course` [ RunTime:0.005566s ]
SQL: SELECT C.group_id,E.student_id FROM course as A,project as B,student_group as C,student_group_member as D,student as E WHERE ( A.course_id = B.course_id and B.project_id = C.project_id and A.course_id =  and C.is_replyAllocated = 0 and C.group_id=D.group_id and D.is_groupLeader = 1 and D.student_id = E.student_id )  [ RunTime:0.000611s ]
ERR: 1064:You have an error in your SQL syntax; check the manual that corresponds to your MySQL server version for the right syntax to use near 'and C.is_replyAllocated = 0 and C.group_id=D.group_id and D.is_groupLeader = 1 a' at line 1
 [ SQL语句 ] : SELECT C.group_id,E.student_id FROM course as A,project as B,student_group as C,student_group_member as D,student as E WHERE ( A.course_id = B.course_id and B.project_id = C.project_id and A.course_id =  and C.is_replyAllocated = 0 and C.group_id=D.group_id and D.is_groupLeader = 1 and D.student_id = E.student_id ) 
SQL: SHOW COLUMNS FROM `reply_stugroup` [ RunTime:0.004944s ]
SQL: INSERT INTO `reply_stugroup` (`reply_group_id`,`stu_groupId`) VALUES ('1','1') [ RunTime:0.003027s ]
SQL: SHOW COLUMNS FROM `student_group` [ RunTime:0.005193s ]
SQL: UPDATE `student_group` SET `is_replyAllocated`=1 WHERE ( group_id = '1' ) [ RunTime:0.001866s ]
INFO: [ view_parse ] --START--
INFO: [ template_filter ] --START--
INFO: Run Behavior\ContentReplace [ RunTime:0.000154s ]
INFO: [ template_filter ] --END-- [ RunTime:0.000352s ]
NOTIC: [8] Undefined index: name D:\WWW\CPS\Runtime\Cache\Manager\48f66af3247b84bb75a8f92cab48d225.php 第 36 行.
NOTIC: [8] Undefined variable: check_group_url D:\WWW\CPS\Runtime\Cache\Manager\48f66af3247b84bb75a8f92cab48d225.php 第 79 行.
INFO: Run Behavior\ParseTemplate [ RunTime:0.041933s ]
INFO: [ view_parse ] --END-- [ RunTime:0.042198s ]
INFO: [ view_filter ] --START--
INFO: Run Behavior\WriteHtmlCache [ RunTime:0.001960s ]
INFO: [ view_filter ] --END-- [ RunTime:0.002187s ]
INFO: [ app_end ] --START--
INFO: Run Behavior\ShowPageTrace [ RunTime:0.003324s ]
INFO: [ app_end ] --END-- [ RunTime:0.003526s ]

[ 2016-11-30T12:57:43+08:00 ] ::1 /CPS/index.php/Manager/Manage/edit_allocate_stugroup/course_id/1/reply_group_id/1
INFO: [ app_begin ] --START--
INFO: Run Behavior\ReadHtmlCache [ RunTime:0.007672s ]
INFO: [ app_begin ] --END-- [ RunTime:0.012042s ]
SQL: SHOW COLUMNS FROM `reply` [ RunTime:0.008779s ]
SQL: SELECT `reply_group_id`,`group_leader_id` FROM `reply` WHERE ( course_id = '1' and reply_group_id = '1' )  [ RunTime:0.001292s ]
SQL: SHOW COLUMNS FROM `reply_member` [ RunTime:0.005853s ]
SQL: SHOW COLUMNS FROM `reply_member` [ RunTime:0.007899s ]
SQL: SELECT B.teacher_id,B.teacher_name FROM reply_member as A,teacher as B WHERE ( A.teacher_id=B.teacher_id and A.reply_group_id = '1' )  [ RunTime:0.002222s ]
SQL: SHOW COLUMNS FROM `stu_group` [ RunTime:0.002048s ]
ERR: 1146:Table 'cps.stu_group' doesn't exist
 [ SQL语句 ] : SHOW COLUMNS FROM `stu_group`
SQL: SHOW COLUMNS FROM `course` [ RunTime:0.008118s ]
SQL: SELECT C.group_id,E.student_id FROM course as A,project as B,student_group as C,student_group_member as D,student as E WHERE ( A.course_id = B.course_id and B.project_id = C.project_id and A.course_id = 1 and C.is_replyAllocated = 0 and C.group_id=D.group_id and D.is_groupLeader = 1 and D.student_id = E.student_id )  [ RunTime:0.002378s ]
INFO: [ view_parse ] --START--
INFO: [ template_filter ] --START--
INFO: Run Behavior\ContentReplace [ RunTime:0.000337s ]
INFO: [ template_filter ] --END-- [ RunTime:0.000681s ]
NOTIC: [8] Undefined index: name D:\WWW\CPS\Runtime\Cache\Manager\48f66af3247b84bb75a8f92cab48d225.php 第 36 行.
NOTIC: [8] Undefined variable: check_group_url D:\WWW\CPS\Runtime\Cache\Manager\48f66af3247b84bb75a8f92cab48d225.php 第 79 行.
INFO: Run Behavior\ParseTemplate [ RunTime:0.152250s ]
INFO: [ view_parse ] --END-- [ RunTime:0.152462s ]
INFO: [ view_filter ] --START--
INFO: Run Behavior\WriteHtmlCache [ RunTime:0.002595s ]
INFO: [ view_filter ] --END-- [ RunTime:0.002856s ]
INFO: [ app_end ] --START--
INFO: Run Behavior\ShowPageTrace [ RunTime:0.006908s ]
INFO: [ app_end ] --END-- [ RunTime:0.007223s ]

[ 2016-11-30T12:57:46+08:00 ] ::1 /CPS/index.php/Manager/Manage/edit_allocate_stugroup/course_id/1/reply_group_id/1
INFO: [ app_begin ] --START--
INFO: Run Behavior\ReadHtmlCache [ RunTime:0.004883s ]
INFO: [ app_begin ] --END-- [ RunTime:0.010361s ]
SQL: SHOW COLUMNS FROM `reply` [ RunTime:0.005970s ]
SQL: SELECT `reply_group_id`,`group_leader_id` FROM `reply` WHERE ( course_id = '1' and reply_group_id = '1' )  [ RunTime:0.001228s ]
SQL: SHOW COLUMNS FROM `reply_member` [ RunTime:0.006736s ]
SQL: SHOW COLUMNS FROM `reply_member` [ RunTime:0.005898s ]
SQL: SELECT B.teacher_id,B.teacher_name FROM reply_member as A,teacher as B WHERE ( A.teacher_id=B.teacher_id and A.reply_group_id = '1' )  [ RunTime:0.001441s ]
SQL: SHOW COLUMNS FROM `stu_group` [ RunTime:0.002370s ]
ERR: 1146:Table 'cps.stu_group' doesn't exist
 [ SQL语句 ] : SHOW COLUMNS FROM `stu_group`
SQL: SHOW COLUMNS FROM `course` [ RunTime:0.006796s ]
SQL: SELECT C.group_id,E.student_id FROM course as A,project as B,student_group as C,student_group_member as D,student as E WHERE ( A.course_id = B.course_id and B.project_id = C.project_id and A.course_id = 1 and C.is_replyAllocated = 0 and C.group_id=D.group_id and D.is_groupLeader = 1 and D.student_id = E.student_id )  [ RunTime:0.054266s ]
INFO: [ view_parse ] --START--
INFO: [ template_filter ] --START--
INFO: Run Behavior\ContentReplace [ RunTime:0.000263s ]
INFO: [ template_filter ] --END-- [ RunTime:0.000581s ]
NOTIC: [8] Undefined index: name D:\WWW\CPS\Runtime\Cache\Manager\48f66af3247b84bb75a8f92cab48d225.php 第 36 行.
NOTIC: [8] Undefined variable: check_group_url D:\WWW\CPS\Runtime\Cache\Manager\48f66af3247b84bb75a8f92cab48d225.php 第 79 行.
INFO: Run Behavior\ParseTemplate [ RunTime:0.066442s ]
INFO: [ view_parse ] --END-- [ RunTime:0.066766s ]
INFO: [ view_filter ] --START--
INFO: Run Behavior\WriteHtmlCache [ RunTime:0.004499s ]
INFO: [ view_filter ] --END-- [ RunTime:0.005095s ]
INFO: [ app_end ] --START--
INFO: Run Behavior\ShowPageTrace [ RunTime:0.006161s ]
INFO: [ app_end ] --END-- [ RunTime:0.006574s ]

[ 2016-11-30T13:00:33+08:00 ] ::1 /CPS/index.php/Manager/Manage/manage_info
INFO: [ app_begin ] --START--
INFO: Run Behavior\ReadHtmlCache [ RunTime:0.008464s ]
INFO: [ app_begin ] --END-- [ RunTime:0.011937s ]
SQL: SHOW COLUMNS FROM `course` [ RunTime:0.009852s ]
SQL: SELECT * FROM `course`  [ RunTime:0.001494s ]
INFO: [ view_parse ] --START--
INFO: [ template_filter ] --START--
INFO: Run Behavior\ContentReplace [ RunTime:0.000276s ]
INFO: [ template_filter ] --END-- [ RunTime:0.000617s ]
NOTIC: [8] Undefined index: name D:\WWW\CPS\Runtime\Cache\Manager\b2e21d1919f93d16faa134e79d8c3954.php 第 36 行.
INFO: Run Behavior\ParseTemplate [ RunTime:0.090770s ]
INFO: [ view_parse ] --END-- [ RunTime:0.091213s ]
INFO: [ view_filter ] --START--
INFO: Run Behavior\WriteHtmlCache [ RunTime:0.002741s ]
INFO: [ view_filter ] --END-- [ RunTime:0.003106s ]
INFO: [ app_end ] --START--
INFO: Run Behavior\ShowPageTrace [ RunTime:0.004960s ]
INFO: [ app_end ] --END-- [ RunTime:0.005259s ]

[ 2016-11-30T13:00:35+08:00 ] ::1 /CPS/index.php/Manager/Manage/check_file/course_id/1
INFO: [ app_begin ] --START--
INFO: Run Behavior\ReadHtmlCache [ RunTime:0.010471s ]
INFO: [ app_begin ] --END-- [ RunTime:0.045037s ]
SQL: SHOW COLUMNS FROM `course` [ RunTime:0.008346s ]
SQL: SELECT * FROM `course` WHERE ( course_id = '1' )  [ RunTime:0.001563s ]
INFO: [ view_parse ] --START--
INFO: [ template_filter ] --START--
INFO: Run Behavior\ContentReplace [ RunTime:0.000249s ]
INFO: [ template_filter ] --END-- [ RunTime:0.000582s ]
NOTIC: [8] Undefined index: name D:\WWW\CPS\Runtime\Cache\Manager\ec48b39c88eee250d5b26412a70a10b1.php 第 36 行.
INFO: Run Behavior\ParseTemplate [ RunTime:0.071169s ]
INFO: [ view_parse ] --END-- [ RunTime:0.071714s ]
INFO: [ view_filter ] --START--
INFO: Run Behavior\WriteHtmlCache [ RunTime:0.011509s ]
INFO: [ view_filter ] --END-- [ RunTime:0.011827s ]
INFO: [ app_end ] --START--
INFO: Run Behavior\ShowPageTrace [ RunTime:0.007477s ]
INFO: [ app_end ] --END-- [ RunTime:0.008376s ]

[ 2016-11-30T13:03:41+08:00 ] ::1 /CPS/index.php/Manager/Manage/manage_info
INFO: [ app_begin ] --START--
INFO: Run Behavior\ReadHtmlCache [ RunTime:0.004513s ]
INFO: [ app_begin ] --END-- [ RunTime:0.006753s ]
SQL: SHOW COLUMNS FROM `course` [ RunTime:0.006817s ]
SQL: SELECT * FROM `course`  [ RunTime:0.001133s ]
INFO: [ view_parse ] --START--
INFO: [ template_filter ] --START--
INFO: Run Behavior\ContentReplace [ RunTime:0.000140s ]
INFO: [ template_filter ] --END-- [ RunTime:0.000426s ]
NOTIC: [8] Undefined index: name D:\WWW\CPS\Runtime\Cache\Manager\b2e21d1919f93d16faa134e79d8c3954.php 第 36 行.
INFO: Run Behavior\ParseTemplate [ RunTime:0.044742s ]
INFO: [ view_parse ] --END-- [ RunTime:0.045023s ]
INFO: [ view_filter ] --START--
INFO: Run Behavior\WriteHtmlCache [ RunTime:0.002987s ]
INFO: [ view_filter ] --END-- [ RunTime:0.003242s ]
INFO: [ app_end ] --START--
INFO: Run Behavior\ShowPageTrace [ RunTime:0.004506s ]
INFO: [ app_end ] --END-- [ RunTime:0.004796s ]

[ 2016-11-30T13:04:03+08:00 ] ::1 /CPS/index.php/Manager/Manage/check_courseinfo/course_id/1
INFO: [ app_begin ] --START--
INFO: Run Behavior\ReadHtmlCache [ RunTime:0.003630s ]
INFO: [ app_begin ] --END-- [ RunTime:0.006009s ]
SQL: SHOW COLUMNS FROM `course` [ RunTime:0.006328s ]
SQL: SELECT * FROM `course` WHERE ( course_id = '1' )  [ RunTime:0.001203s ]
INFO: [ view_parse ] --START--
INFO: [ template_filter ] --START--
INFO: Run Behavior\ContentReplace [ RunTime:0.000292s ]
INFO: [ template_filter ] --END-- [ RunTime:0.000568s ]
NOTIC: [8] Undefined index: name D:\WWW\CPS\Runtime\Cache\Manager\223385eff9804fa573664cbb205a475e.php 第 36 行.
INFO: Run Behavior\ParseTemplate [ RunTime:0.045525s ]
INFO: [ view_parse ] --END-- [ RunTime:0.045776s ]
INFO: [ view_filter ] --START--
INFO: Run Behavior\WriteHtmlCache [ RunTime:0.001706s ]
INFO: [ view_filter ] --END-- [ RunTime:0.002013s ]
INFO: [ app_end ] --START--
INFO: Run Behavior\ShowPageTrace [ RunTime:0.003373s ]
INFO: [ app_end ] --END-- [ RunTime:0.003602s ]

[ 2016-11-30T13:04:05+08:00 ] ::1 /CPS/index.php/Manager/Manage/edit_courseInfo/course_name/%E7%BB%BC%E5%90%88%E8%AF%BE%E7%A8%8B%E8%AE%BE%E8%AE%A11/course_detail_info/%E5%8F%91%E6%B0%B4%E7%94%B5%E8%B4%B9
INFO: [ app_begin ] --START--
INFO: Run Behavior\ReadHtmlCache [ RunTime:0.003121s ]
INFO: [ app_begin ] --END-- [ RunTime:0.005932s ]
INFO: [ view_parse ] --START--
INFO: [ template_filter ] --START--
INFO: Run Behavior\ContentReplace [ RunTime:0.000333s ]
INFO: [ template_filter ] --END-- [ RunTime:0.000592s ]
NOTIC: [8] Undefined index: name D:\WWW\CPS\Runtime\Cache\Manager\75a0746bc292949d1f57cf8514c0bdcf.php 第 36 行.
NOTIC: [8] Undefined variable: login_url D:\WWW\CPS\Runtime\Cache\Manager\75a0746bc292949d1f57cf8514c0bdcf.php 第 39 行.
INFO: Run Behavior\ParseTemplate [ RunTime:0.045807s ]
INFO: [ view_parse ] --END-- [ RunTime:0.046125s ]
INFO: [ view_filter ] --START--
INFO: Run Behavior\WriteHtmlCache [ RunTime:0.001415s ]
INFO: [ view_filter ] --END-- [ RunTime:0.001571s ]
INFO: [ app_end ] --START--
INFO: Run Behavior\ShowPageTrace [ RunTime:0.003521s ]
INFO: [ app_end ] --END-- [ RunTime:0.003767s ]

[ 2016-11-30T13:04:08+08:00 ] ::1 /CPS/index.php/Manager/Manage/manage_info
INFO: [ app_begin ] --START--
INFO: Run Behavior\ReadHtmlCache [ RunTime:0.002911s ]
INFO: [ app_begin ] --END-- [ RunTime:0.004643s ]
SQL: SHOW COLUMNS FROM `course` [ RunTime:0.007315s ]
SQL: SELECT * FROM `course`  [ RunTime:0.000993s ]
INFO: [ view_parse ] --START--
INFO: [ template_filter ] --START--
INFO: Run Behavior\ContentReplace [ RunTime:0.000165s ]
INFO: [ template_filter ] --END-- [ RunTime:0.000377s ]
NOTIC: [8] Undefined index: name D:\WWW\CPS\Runtime\Cache\Manager\b2e21d1919f93d16faa134e79d8c3954.php 第 36 行.
INFO: Run Behavior\ParseTemplate [ RunTime:0.041256s ]
INFO: [ view_parse ] --END-- [ RunTime:0.041551s ]
INFO: [ view_filter ] --START--
INFO: Run Behavior\WriteHtmlCache [ RunTime:0.002136s ]
INFO: [ view_filter ] --END-- [ RunTime:0.002335s ]
INFO: [ app_end ] --START--
INFO: Run Behavior\ShowPageTrace [ RunTime:0.004014s ]
INFO: [ app_end ] --END-- [ RunTime:0.004227s ]

