[ 2016-11-01T23:10:38+08:00 ] ::1 /CPS/index.php/Home/Login/login
INFO: [ app_begin ] --START--
INFO: Run Behavior\ReadHtmlCache [ RunTime:0.002828s ]
INFO: [ app_begin ] --END-- [ RunTime:0.006540s ]
INFO: [ view_parse ] --START--
INFO: [ template_filter ] --START--
INFO: Run Behavior\ContentReplace [ RunTime:0.000182s ]
INFO: [ template_filter ] --END-- [ RunTime:0.000513s ]
INFO: Run Behavior\ParseTemplate [ RunTime:0.037974s ]
INFO: [ view_parse ] --END-- [ RunTime:0.038597s ]
INFO: [ view_filter ] --START--
INFO: Run Behavior\WriteHtmlCache [ RunTime:0.002474s ]
INFO: [ view_filter ] --END-- [ RunTime:0.002780s ]
INFO: [ app_end ] --START--
INFO: Run Behavior\ShowPageTrace [ RunTime:0.005351s ]
INFO: [ app_end ] --END-- [ RunTime:0.005693s ]

[ 2016-11-01T23:10:38+08:00 ] ::1 /CPS/index.php/Home/Index/verify_c
INFO: [ app_begin ] --START--
INFO: Run Behavior\ReadHtmlCache [ RunTime:0.003924s ]
INFO: [ app_begin ] --END-- [ RunTime:0.006817s ]
INFO: [ app_end ] --START--
INFO: Run Behavior\ShowPageTrace [ RunTime:0.002587s ]
INFO: [ app_end ] --END-- [ RunTime:0.002920s ]

[ 2016-11-01T23:10:50+08:00 ] ::1 /CPS/index.php/Home/Index/verify_c?0.09454114892213128
INFO: [ app_begin ] --START--
INFO: Run Behavior\ReadHtmlCache [ RunTime:0.002451s ]
INFO: [ app_begin ] --END-- [ RunTime:0.004358s ]
INFO: [ app_end ] --START--
INFO: Run Behavior\ShowPageTrace [ RunTime:0.002303s ]
INFO: [ app_end ] --END-- [ RunTime:0.002535s ]

[ 2016-11-01T23:10:51+08:00 ] ::1 /CPS/index.php/Home/Index/verify_c?0.09454114892213128?0.9409252076309469
INFO: [ app_begin ] --START--
INFO: Run Behavior\ReadHtmlCache [ RunTime:0.001609s ]
INFO: [ app_begin ] --END-- [ RunTime:0.002936s ]
INFO: [ app_end ] --START--
INFO: Run Behavior\ShowPageTrace [ RunTime:0.001486s ]
INFO: [ app_end ] --END-- [ RunTime:0.001667s ]

[ 2016-11-01T23:10:53+08:00 ] ::1 /CPS/index.php/Home/Index/verify_c?0.09454114892213128?0.9409252076309469?0.840834736969911
INFO: [ app_begin ] --START--
INFO: Run Behavior\ReadHtmlCache [ RunTime:0.001483s ]
INFO: [ app_begin ] --END-- [ RunTime:0.002795s ]
INFO: [ app_end ] --START--
INFO: Run Behavior\ShowPageTrace [ RunTime:0.001407s ]
INFO: [ app_end ] --END-- [ RunTime:0.001580s ]

[ 2016-11-01T23:10:57+08:00 ] ::1 /CPS/index.php/Home/Login/login
INFO: [ app_begin ] --START--
INFO: Run Behavior\ReadHtmlCache [ RunTime:0.001602s ]
INFO: [ app_begin ] --END-- [ RunTime:0.002990s ]
SQL: SHOW COLUMNS FROM `student` [ RunTime:0.096779s ]
SQL: SELECT * FROM `student` WHERE ( `student_id` = '201422020202003' )  [ RunTime:0.000629s ]
NOTIC: [2] Invalid argument supplied for foreach() D:\WWW\CPS\Home\Controller\LoginController.class.php 第 31 行.
INFO: [ app_end ] --START--
INFO: Run Behavior\ShowPageTrace [ RunTime:0.002224s ]
INFO: [ app_end ] --END-- [ RunTime:0.002477s ]

[ 2016-11-01T23:11:04+08:00 ] ::1 /CPS/index.php/Home/Login/login
INFO: [ app_begin ] --START--
INFO: Run Behavior\ReadHtmlCache [ RunTime:0.002873s ]
INFO: [ app_begin ] --END-- [ RunTime:0.006532s ]
SQL: SHOW COLUMNS FROM `student` [ RunTime:0.097215s ]
SQL: SELECT * FROM `student` WHERE ( `student_id` = '201422020202003' )  [ RunTime:0.000684s ]
INFO: [ view_parse ] --START--
INFO: [ template_filter ] --START--
INFO: Run Behavior\ContentReplace [ RunTime:0.000142s ]
INFO: [ template_filter ] --END-- [ RunTime:0.000427s ]
INFO: Run Behavior\ParseTemplate [ RunTime:0.037823s ]
INFO: [ view_parse ] --END-- [ RunTime:0.038107s ]
INFO: [ view_filter ] --START--
INFO: Run Behavior\WriteHtmlCache [ RunTime:0.002106s ]
INFO: [ view_filter ] --END-- [ RunTime:0.002350s ]

[ 2016-11-01T23:11:06+08:00 ] ::1 /CPS/index.php/Home/Login/login
INFO: [ app_begin ] --START--
INFO: Run Behavior\ReadHtmlCache [ RunTime:0.002679s ]
INFO: [ app_begin ] --END-- [ RunTime:0.005129s ]
INFO: [ view_parse ] --START--
INFO: [ template_filter ] --START--
INFO: Run Behavior\ContentReplace [ RunTime:0.000161s ]
INFO: [ template_filter ] --END-- [ RunTime:0.000445s ]
INFO: Run Behavior\ParseTemplate [ RunTime:0.028348s ]
INFO: [ view_parse ] --END-- [ RunTime:0.028638s ]
INFO: [ view_filter ] --START--
INFO: Run Behavior\WriteHtmlCache [ RunTime:0.001389s ]
INFO: [ view_filter ] --END-- [ RunTime:0.001581s ]
INFO: [ app_end ] --START--
INFO: Run Behavior\ShowPageTrace [ RunTime:0.002177s ]
INFO: [ app_end ] --END-- [ RunTime:0.002392s ]

[ 2016-11-01T23:11:16+08:00 ] ::1 /CPS/index.php/Home/Index/verify_c?0.2444017153746274
INFO: [ app_begin ] --START--
INFO: Run Behavior\ReadHtmlCache [ RunTime:0.003127s ]
INFO: [ app_begin ] --END-- [ RunTime:0.005237s ]
INFO: [ app_end ] --START--
INFO: Run Behavior\ShowPageTrace [ RunTime:0.003345s ]
INFO: [ app_end ] --END-- [ RunTime:0.003655s ]

[ 2016-11-01T23:11:16+08:00 ] ::1 /CPS/index.php/Home/Index/verify_c?0.2444017153746274?0.8012639851777446
INFO: [ app_begin ] --START--
INFO: Run Behavior\ReadHtmlCache [ RunTime:0.001407s ]
INFO: [ app_begin ] --END-- [ RunTime:0.002734s ]
INFO: [ app_end ] --START--
INFO: Run Behavior\ShowPageTrace [ RunTime:0.001438s ]
INFO: [ app_end ] --END-- [ RunTime:0.001614s ]

[ 2016-11-01T23:11:18+08:00 ] ::1 /CPS/index.php/Home/Index/verify_c?0.2444017153746274?0.8012639851777446?0.8992075811443492
INFO: [ app_begin ] --START--
INFO: Run Behavior\ReadHtmlCache [ RunTime:0.001323s ]
INFO: [ app_begin ] --END-- [ RunTime:0.002454s ]
INFO: [ app_end ] --START--
INFO: Run Behavior\ShowPageTrace [ RunTime:0.001471s ]
INFO: [ app_end ] --END-- [ RunTime:0.001651s ]

[ 2016-11-01T23:11:19+08:00 ] ::1 /CPS/index.php/Home/Index/verify_c?0.2444017153746274?0.8012639851777446?0.8992075811443492?0.7423664820708471
INFO: [ app_begin ] --START--
INFO: Run Behavior\ReadHtmlCache [ RunTime:0.001314s ]
INFO: [ app_begin ] --END-- [ RunTime:0.002548s ]
INFO: [ app_end ] --START--
INFO: Run Behavior\ShowPageTrace [ RunTime:0.001364s ]
INFO: [ app_end ] --END-- [ RunTime:0.001531s ]

[ 2016-11-01T23:11:23+08:00 ] ::1 /CPS/index.php/Home/Login/login
INFO: [ app_begin ] --START--
INFO: Run Behavior\ReadHtmlCache [ RunTime:0.001422s ]
INFO: [ app_begin ] --END-- [ RunTime:0.002682s ]
SQL: SHOW COLUMNS FROM `student` [ RunTime:0.065347s ]
SQL: SELECT * FROM `student` WHERE ( `student_id` = '201422020202003' )  [ RunTime:0.000588s ]
INFO: [ view_parse ] --START--
INFO: [ template_filter ] --START--
INFO: Run Behavior\ContentReplace [ RunTime:0.000100s ]
INFO: [ template_filter ] --END-- [ RunTime:0.000288s ]
INFO: Run Behavior\ParseTemplate [ RunTime:0.020910s ]
INFO: [ view_parse ] --END-- [ RunTime:0.021147s ]
INFO: [ view_filter ] --START--
INFO: Run Behavior\WriteHtmlCache [ RunTime:0.001444s ]
INFO: [ view_filter ] --END-- [ RunTime:0.001601s ]

[ 2016-11-01T23:11:25+08:00 ] ::1 /CPS/index.php/Home/Login/login
INFO: [ app_begin ] --START--
INFO: Run Behavior\ReadHtmlCache [ RunTime:0.003805s ]
INFO: [ app_begin ] --END-- [ RunTime:0.006464s ]
INFO: [ view_parse ] --START--
INFO: [ template_filter ] --START--
INFO: Run Behavior\ContentReplace [ RunTime:0.000137s ]
INFO: [ template_filter ] --END-- [ RunTime:0.000372s ]
INFO: Run Behavior\ParseTemplate [ RunTime:0.022475s ]
INFO: [ view_parse ] --END-- [ RunTime:0.022895s ]
INFO: [ view_filter ] --START--
INFO: Run Behavior\WriteHtmlCache [ RunTime:0.001577s ]
INFO: [ view_filter ] --END-- [ RunTime:0.001887s ]
INFO: [ app_end ] --START--
INFO: Run Behavior\ShowPageTrace [ RunTime:0.002517s ]
INFO: [ app_end ] --END-- [ RunTime:0.002763s ]

[ 2016-11-01T23:11:33+08:00 ] ::1 /CPS/index.php/Home/Index/verify_c?0.38310076887367805
INFO: [ app_begin ] --START--
INFO: Run Behavior\ReadHtmlCache [ RunTime:0.002744s ]
INFO: [ app_begin ] --END-- [ RunTime:0.004533s ]
INFO: [ app_end ] --START--
INFO: Run Behavior\ShowPageTrace [ RunTime:0.002631s ]
INFO: [ app_end ] --END-- [ RunTime:0.003044s ]

[ 2016-11-01T23:11:39+08:00 ] ::1 /CPS/index.php/Home/Login/login
INFO: [ app_begin ] --START--
INFO: Run Behavior\ReadHtmlCache [ RunTime:0.001400s ]
INFO: [ app_begin ] --END-- [ RunTime:0.002619s ]
SQL: SHOW COLUMNS FROM `student` [ RunTime:0.065097s ]
SQL: SELECT * FROM `student` WHERE ( `student_id` = '201422020202003' )  [ RunTime:0.000481s ]
NOTIC: [2] Invalid argument supplied for foreach() D:\WWW\CPS\Home\Controller\LoginController.class.php 第 31 行.
INFO: [ app_end ] --START--
INFO: Run Behavior\ShowPageTrace [ RunTime:0.001958s ]
INFO: [ app_end ] --END-- [ RunTime:0.002143s ]

[ 2016-11-01T23:11:52+08:00 ] ::1 /CPS/index.php/Home/Login/login
INFO: [ app_begin ] --START--
INFO: Run Behavior\ReadHtmlCache [ RunTime:0.004975s ]
INFO: [ app_begin ] --END-- [ RunTime:0.009919s ]
SQL: SHOW COLUMNS FROM `student` [ RunTime:0.097826s ]
SQL: SELECT * FROM `student` WHERE ( `student_id` = '201422020202003' )  [ RunTime:0.000800s ]
INFO: [ view_parse ] --START--
INFO: [ template_filter ] --START--
INFO: Run Behavior\ContentReplace [ RunTime:0.000146s ]
INFO: [ template_filter ] --END-- [ RunTime:0.000427s ]
INFO: Run Behavior\ParseTemplate [ RunTime:0.028555s ]
INFO: [ view_parse ] --END-- [ RunTime:0.028925s ]
INFO: [ view_filter ] --START--
INFO: Run Behavior\WriteHtmlCache [ RunTime:0.001543s ]
INFO: [ view_filter ] --END-- [ RunTime:0.001765s ]

[ 2016-11-01T23:11:53+08:00 ] ::1 /CPS/index.php/Home/Login/login
INFO: [ app_begin ] --START--
INFO: Run Behavior\ReadHtmlCache [ RunTime:0.004306s ]
INFO: [ app_begin ] --END-- [ RunTime:0.006982s ]
INFO: [ view_parse ] --START--
INFO: [ template_filter ] --START--
INFO: Run Behavior\ContentReplace [ RunTime:0.000563s ]
INFO: [ template_filter ] --END-- [ RunTime:0.001055s ]
INFO: Run Behavior\ParseTemplate [ RunTime:0.029462s ]
INFO: [ view_parse ] --END-- [ RunTime:0.029838s ]
INFO: [ view_filter ] --START--
INFO: Run Behavior\WriteHtmlCache [ RunTime:0.002029s ]
INFO: [ view_filter ] --END-- [ RunTime:0.002330s ]
INFO: [ app_end ] --START--
INFO: Run Behavior\ShowPageTrace [ RunTime:0.002934s ]
INFO: [ app_end ] --END-- [ RunTime:0.003237s ]

[ 2016-11-01T23:12:09+08:00 ] ::1 /CPS/index.php/Home/Index/verify_c?0.3328246215507531
INFO: [ app_begin ] --START--
INFO: Run Behavior\ReadHtmlCache [ RunTime:0.003158s ]
INFO: [ app_begin ] --END-- [ RunTime:0.005334s ]
INFO: [ app_end ] --START--
INFO: Run Behavior\ShowPageTrace [ RunTime:0.002158s ]
INFO: [ app_end ] --END-- [ RunTime:0.002370s ]

[ 2016-11-01T23:12:15+08:00 ] ::1 /CPS/index.php/Home/Login/login
INFO: [ app_begin ] --START--
INFO: Run Behavior\ReadHtmlCache [ RunTime:0.001729s ]
INFO: [ app_begin ] --END-- [ RunTime:0.003128s ]
SQL: SHOW COLUMNS FROM `student` [ RunTime:0.073479s ]
SQL: SELECT * FROM `student` WHERE ( `student_id` = '2014220202003' )  [ RunTime:0.000995s ]
INFO: [ view_parse ] --START--
INFO: [ template_filter ] --START--
INFO: Run Behavior\ContentReplace [ RunTime:0.000111s ]
INFO: [ template_filter ] --END-- [ RunTime:0.000325s ]
INFO: Run Behavior\ParseTemplate [ RunTime:0.026448s ]
INFO: [ view_parse ] --END-- [ RunTime:0.026715s ]
INFO: [ view_filter ] --START--
INFO: Run Behavior\WriteHtmlCache [ RunTime:0.001581s ]
INFO: [ view_filter ] --END-- [ RunTime:0.001758s ]
SQL: SELECT * FROM `student` WHERE ( `student_id` = '2014220202003' )  [ RunTime:0.000771s ]

[ 2016-11-01T23:12:17+08:00 ] ::1 /CPS/index.php/Student/Stu/course_info/student_id/2014220202003
INFO: [ app_begin ] --START--
INFO: Run Behavior\ReadHtmlCache [ RunTime:0.001996s ]
INFO: [ app_begin ] --END-- [ RunTime:0.003986s ]
SQL: SHOW COLUMNS FROM `course` [ RunTime:0.096201s ]
SQL: SELECT * FROM `course`  [ RunTime:0.001532s ]
INFO: [ view_parse ] --START--
INFO: [ template_filter ] --START--
INFO: Run Behavior\ContentReplace [ RunTime:0.000172s ]
INFO: [ template_filter ] --END-- [ RunTime:0.000428s ]
INFO: Run Behavior\ParseTemplate [ RunTime:0.039364s ]
INFO: [ view_parse ] --END-- [ RunTime:0.039715s ]
INFO: [ view_filter ] --START--
INFO: Run Behavior\WriteHtmlCache [ RunTime:0.001456s ]
INFO: [ view_filter ] --END-- [ RunTime:0.001664s ]
INFO: [ app_end ] --START--
INFO: Run Behavior\ShowPageTrace [ RunTime:0.002368s ]
INFO: [ app_end ] --END-- [ RunTime:0.002581s ]

[ 2016-11-01T23:12:22+08:00 ] ::1 /CPS/index.php/Student/Stu/team_manage
INFO: [ app_begin ] --START--
INFO: Run Behavior\ReadHtmlCache [ RunTime:0.001843s ]
INFO: [ app_begin ] --END-- [ RunTime:0.003328s ]
SQL: SHOW COLUMNS FROM `student_group` [ RunTime:0.089501s ]
SQL: SELECT * FROM `student_group` ORDER BY group_id desc LIMIT 1   [ RunTime:0.004352s ]
SQL: SHOW COLUMNS FROM `student_group_member` [ RunTime:0.080446s ]
SQL: SELECT D.group_project_status,D.group_id,D.group_manage,C.is_groupLeader FROM student_group_member as C,student_group as D WHERE ( C.group_id=D.group_id and C.student_id = '2014220202003' )  [ RunTime:0.001031s ]
SQL: SHOW COLUMNS FROM `student_group_member` [ RunTime:0.079443s ]
SQL: SHOW COLUMNS FROM `student` [ RunTime:0.081229s ]
SQL: SELECT A.student_id,A.student_name FROM student as A,student_group as B,student_group_member as C WHERE ( A.student_id=C.student_id and B.group_id=C.group_id and C.is_available=1 and C.student_message_status=2 and C.group_id = '4' )  [ RunTime:0.001005s ]
NOTIC: [8] Undefined variable: groupMember D:\WWW\CPS\Student\Controller\StuController.class.php 第 220 行.
SQL: SHOW COLUMNS FROM `student` [ RunTime:0.078754s ]
SQL: SELECT A.student_id FROM student as A,student_group as B,student_group_member as C WHERE ( A.student_id=C.student_id and B.group_id=C.group_id and C.is_available=1 and C.is_groupLeader=1 and C.group_id = '4' )  [ RunTime:0.001179s ]
NOTIC: [8] Undefined variable: I D:\WWW\CPS\Student\Controller\StuController.class.php 第 239 行.
INFO: [ view_parse ] --START--
INFO: [ template_filter ] --START--
INFO: Run Behavior\ContentReplace [ RunTime:0.000173s ]
INFO: [ template_filter ] --END-- [ RunTime:0.000408s ]
NOTIC: [8] Undefined variable: button_disabled D:\WWW\CPS\Runtime\Cache\Student\941846ef91974a4cc58f927c8a8d644c.php 第 79 行.
INFO: Run Behavior\ParseTemplate [ RunTime:0.038092s ]
INFO: [ view_parse ] --END-- [ RunTime:0.038377s ]
INFO: [ view_filter ] --START--
INFO: Run Behavior\WriteHtmlCache [ RunTime:0.001299s ]
INFO: [ view_filter ] --END-- [ RunTime:0.001490s ]
INFO: [ app_end ] --START--
INFO: Run Behavior\ShowPageTrace [ RunTime:0.002174s ]
INFO: [ app_end ] --END-- [ RunTime:0.002389s ]

[ 2016-11-01T23:12:25+08:00 ] ::1 /CPS/index.php/Student/Stu/myteam
INFO: [ app_begin ] --START--
INFO: Run Behavior\ReadHtmlCache [ RunTime:0.002657s ]
INFO: [ app_begin ] --END-- [ RunTime:0.004441s ]
SQL: SHOW COLUMNS FROM `student_group_member` [ RunTime:0.111043s ]
SQL: SHOW COLUMNS FROM `student_group_member` [ RunTime:0.124984s ]
SQL: SELECT A.student_message,A.student_message_status,B.project_id,B.group_id FROM student_group_member as A,student_group as B WHERE ( A.group_id=B.group_id and A.student_id = '2014220202003' )  [ RunTime:0.001186s ]
SQL: SHOW COLUMNS FROM `student_group` [ RunTime:0.102506s ]
SQL: SHOW COLUMNS FROM `student_group_member` [ RunTime:0.110259s ]
SQL: SELECT distinct E.student_id,E.student_name FROM student_group_member as C,student_group as D,student as E WHERE ( C.group_id=D.group_id and C.student_id=E.student_id and C.student_id = '' )  [ RunTime:0.001782s ]
SQL: SELECT `project_id` FROM `student_group` WHERE ( group_id = '4' )  [ RunTime:0.000955s ]
SQL: SHOW COLUMNS FROM `course` [ RunTime:0.114869s ]
SQL: SELECT A.course_name,B.project_name,C.group_id FROM course as A,project as B,student_group as C WHERE ( A.course_id=B.course_id and B.project_id=C.project_id and C.group_id = '4' )  [ RunTime:0.001055s ]
NOTIC: [8] Undefined variable: teamInviter D:\WWW\CPS\Student\Controller\StuController.class.php 第 119 行.
NOTIC: [8] Undefined variable: course_project D:\WWW\CPS\Student\Controller\StuController.class.php 第 121 行.
SQL: UPDATE `student_group_member` SET `student_message_status`=0 WHERE ( student_id = '2014220202003' and group_id = '' ) [ RunTime:0.000782s ]
INFO: [ view_parse ] --START--
INFO: [ template_filter ] --START--
INFO: Run Behavior\ContentReplace [ RunTime:0.000201s ]
INFO: [ template_filter ] --END-- [ RunTime:0.000477s ]
NOTIC: [8] Undefined variable: login_url D:\WWW\CPS\Runtime\Cache\Student\d677a36aadc6c1b14b6ad5156efc54f4.php 第 39 行.
INFO: Run Behavior\ParseTemplate [ RunTime:0.055578s ]
INFO: [ view_parse ] --END-- [ RunTime:0.055978s ]
INFO: [ view_filter ] --START--
INFO: Run Behavior\WriteHtmlCache [ RunTime:0.003107s ]
INFO: [ view_filter ] --END-- [ RunTime:0.003502s ]
INFO: [ app_end ] --START--
INFO: Run Behavior\ShowPageTrace [ RunTime:0.003138s ]
INFO: [ app_end ] --END-- [ RunTime:0.003496s ]

[ 2016-11-01T23:12:27+08:00 ] ::1 /CPS/index.php/Student/Stu/myproject
INFO: [ app_begin ] --START--
INFO: Run Behavior\ReadHtmlCache [ RunTime:0.002535s ]
INFO: [ app_begin ] --END-- [ RunTime:0.004598s ]
SQL: SHOW COLUMNS FROM `course` [ RunTime:0.095134s ]
SQL: SHOW COLUMNS FROM `course` [ RunTime:0.110071s ]
SQL: SELECT A.course_name,A.course_id,B.project_name,B.project_id,B.teacher_id,D.group_id,D.group_project_status FROM course A,project B,student_group_member C,student_group D WHERE ( A.course_id=B.course_id and B.project_id=D.project_id and C.group_id=D.group_id and C.student_id = '2014220202003' )  [ RunTime:0.001333s ]
NOTIC: [2] Invalid argument supplied for foreach() D:\WWW\CPS\Student\Controller\StuController.class.php 第 22 行.
NOTIC: [8] Undefined variable: groupMember D:\WWW\CPS\Student\Controller\StuController.class.php 第 42 行.
INFO: [ view_parse ] --START--
INFO: [ template_filter ] --START--
INFO: Run Behavior\ContentReplace [ RunTime:0.000192s ]
INFO: [ template_filter ] --END-- [ RunTime:0.000458s ]
INFO: Run Behavior\ParseTemplate [ RunTime:0.040180s ]
INFO: [ view_parse ] --END-- [ RunTime:0.040516s ]
INFO: [ view_filter ] --START--
INFO: Run Behavior\WriteHtmlCache [ RunTime:0.001609s ]
INFO: [ view_filter ] --END-- [ RunTime:0.001864s ]
INFO: [ app_end ] --START--
INFO: Run Behavior\ShowPageTrace [ RunTime:0.002454s ]
INFO: [ app_end ] --END-- [ RunTime:0.002699s ]

[ 2016-11-01T23:12:30+08:00 ] ::1 /CPS/index.php/Student/Stu/course_info
INFO: [ app_begin ] --START--
INFO: Run Behavior\ReadHtmlCache [ RunTime:0.002309s ]
INFO: [ app_begin ] --END-- [ RunTime:0.004174s ]
SQL: SHOW COLUMNS FROM `course` [ RunTime:0.082682s ]
SQL: SELECT * FROM `course`  [ RunTime:0.001046s ]
INFO: [ view_parse ] --START--
INFO: [ template_filter ] --START--
INFO: Run Behavior\ContentReplace [ RunTime:0.000149s ]
INFO: [ template_filter ] --END-- [ RunTime:0.000378s ]
INFO: Run Behavior\ParseTemplate [ RunTime:0.031293s ]
INFO: [ view_parse ] --END-- [ RunTime:0.031607s ]
INFO: [ view_filter ] --START--
INFO: Run Behavior\WriteHtmlCache [ RunTime:0.001336s ]
INFO: [ view_filter ] --END-- [ RunTime:0.001534s ]
INFO: [ app_end ] --START--
INFO: Run Behavior\ShowPageTrace [ RunTime:0.001961s ]
INFO: [ app_end ] --END-- [ RunTime:0.002161s ]

[ 2016-11-01T23:12:58+08:00 ] ::1 /CPS/index.php/Home/Login/login
INFO: [ app_begin ] --START--
INFO: Run Behavior\ReadHtmlCache [ RunTime:0.001997s ]
INFO: [ app_begin ] --END-- [ RunTime:0.003722s ]
INFO: [ view_parse ] --START--
INFO: [ template_filter ] --START--
INFO: Run Behavior\ContentReplace [ RunTime:0.000138s ]
INFO: [ template_filter ] --END-- [ RunTime:0.000373s ]
INFO: Run Behavior\ParseTemplate [ RunTime:0.020517s ]
INFO: [ view_parse ] --END-- [ RunTime:0.020777s ]
INFO: [ view_filter ] --START--
INFO: Run Behavior\WriteHtmlCache [ RunTime:0.001343s ]
INFO: [ view_filter ] --END-- [ RunTime:0.001542s ]
INFO: [ app_end ] --START--
INFO: Run Behavior\ShowPageTrace [ RunTime:0.002713s ]
INFO: [ app_end ] --END-- [ RunTime:0.002972s ]

[ 2016-11-01T23:12:58+08:00 ] ::1 /CPS/index.php/Home/Index/verify_c
INFO: [ app_begin ] --START--
INFO: Run Behavior\ReadHtmlCache [ RunTime:0.007136s ]
INFO: [ app_begin ] --END-- [ RunTime:0.012700s ]
INFO: [ app_end ] --START--
INFO: Run Behavior\ShowPageTrace [ RunTime:0.004650s ]
INFO: [ app_end ] --END-- [ RunTime:0.004961s ]

[ 2016-11-01T23:13:06+08:00 ] ::1 /CPS/index.php/Home/Login/login
INFO: [ app_begin ] --START--
INFO: Run Behavior\ReadHtmlCache [ RunTime:0.001694s ]
INFO: [ app_begin ] --END-- [ RunTime:0.003257s ]
SQL: SHOW COLUMNS FROM `student` [ RunTime:0.074511s ]
SQL: SELECT * FROM `student` WHERE ( `student_id` = '2014220202006' )  [ RunTime:0.000689s ]
INFO: [ view_parse ] --START--
INFO: [ template_filter ] --START--
INFO: Run Behavior\ContentReplace [ RunTime:0.000146s ]
INFO: [ template_filter ] --END-- [ RunTime:0.000372s ]
INFO: Run Behavior\ParseTemplate [ RunTime:0.024077s ]
INFO: [ view_parse ] --END-- [ RunTime:0.024309s ]
INFO: [ view_filter ] --START--
INFO: Run Behavior\WriteHtmlCache [ RunTime:0.001598s ]
INFO: [ view_filter ] --END-- [ RunTime:0.001786s ]
SQL: SELECT * FROM `student` WHERE ( `student_id` = '2014220202006' )  [ RunTime:0.000723s ]

[ 2016-11-01T23:13:08+08:00 ] ::1 /CPS/index.php/Student/Stu/course_info/student_id/2014220202006
INFO: [ app_begin ] --START--
INFO: Run Behavior\ReadHtmlCache [ RunTime:0.002893s ]
INFO: [ app_begin ] --END-- [ RunTime:0.004873s ]
SQL: SHOW COLUMNS FROM `course` [ RunTime:0.109645s ]
SQL: SELECT * FROM `course`  [ RunTime:0.001026s ]
INFO: [ view_parse ] --START--
INFO: [ template_filter ] --START--
INFO: Run Behavior\ContentReplace [ RunTime:0.000175s ]
INFO: [ template_filter ] --END-- [ RunTime:0.000451s ]
INFO: Run Behavior\ParseTemplate [ RunTime:0.039065s ]
INFO: [ view_parse ] --END-- [ RunTime:0.039488s ]
INFO: [ view_filter ] --START--
INFO: Run Behavior\WriteHtmlCache [ RunTime:0.001494s ]
INFO: [ view_filter ] --END-- [ RunTime:0.001713s ]
INFO: [ app_end ] --START--
INFO: Run Behavior\ShowPageTrace [ RunTime:0.002168s ]
INFO: [ app_end ] --END-- [ RunTime:0.002382s ]

[ 2016-11-01T23:13:13+08:00 ] ::1 /CPS/index.php/Student/Stu/myteam
INFO: [ app_begin ] --START--
INFO: Run Behavior\ReadHtmlCache [ RunTime:0.001801s ]
INFO: [ app_begin ] --END-- [ RunTime:0.003367s ]
SQL: SHOW COLUMNS FROM `student_group_member` [ RunTime:0.085623s ]
SQL: SHOW COLUMNS FROM `student_group_member` [ RunTime:0.083633s ]
SQL: SELECT A.student_message,A.student_message_status,B.project_id,B.group_id FROM student_group_member as A,student_group as B WHERE ( A.group_id=B.group_id and A.student_id = '2014220202006' )  [ RunTime:0.001064s ]
SQL: SHOW COLUMNS FROM `student_group` [ RunTime:0.086689s ]
SQL: SHOW COLUMNS FROM `student_group_member` [ RunTime:0.082641s ]
SQL: SELECT distinct E.student_id,E.student_name FROM student_group_member as C,student_group as D,student as E WHERE ( C.group_id=D.group_id and C.student_id=E.student_id and C.student_id = '2014220202003' )  [ RunTime:0.001710s ]
SQL: SELECT `project_id` FROM `student_group` WHERE ( group_id = '4' )  [ RunTime:0.000830s ]
SQL: SHOW COLUMNS FROM `course` [ RunTime:0.083513s ]
SQL: SELECT A.course_name,B.project_name,C.group_id FROM course as A,project as B,student_group as C WHERE ( A.course_id=B.course_id and B.project_id=C.project_id and C.group_id = '4' )  [ RunTime:0.001093s ]
NOTIC: [8] Undefined variable: teamInviter D:\WWW\CPS\Student\Controller\StuController.class.php 第 119 行.
NOTIC: [8] Undefined variable: course_project D:\WWW\CPS\Student\Controller\StuController.class.php 第 121 行.
SQL: UPDATE `student_group_member` SET `student_message_status`=0 WHERE ( student_id = '2014220202006' and group_id = '' ) [ RunTime:0.000643s ]
INFO: [ view_parse ] --START--
INFO: [ template_filter ] --START--
INFO: Run Behavior\ContentReplace [ RunTime:0.000174s ]
INFO: [ template_filter ] --END-- [ RunTime:0.000403s ]
NOTIC: [8] Undefined variable: login_url D:\WWW\CPS\Runtime\Cache\Student\d677a36aadc6c1b14b6ad5156efc54f4.php 第 39 行.
INFO: Run Behavior\ParseTemplate [ RunTime:0.040725s ]
INFO: [ view_parse ] --END-- [ RunTime:0.040965s ]
INFO: [ view_filter ] --START--
INFO: Run Behavior\WriteHtmlCache [ RunTime:0.001735s ]
INFO: [ view_filter ] --END-- [ RunTime:0.001986s ]
INFO: [ app_end ] --START--
INFO: Run Behavior\ShowPageTrace [ RunTime:0.002183s ]
INFO: [ app_end ] --END-- [ RunTime:0.002390s ]

[ 2016-11-01T23:13:16+08:00 ] ::1 /CPS/index.php/Student/Stu/myteam/invite_status/2/group_id/4
INFO: [ app_begin ] --START--
INFO: Run Behavior\ReadHtmlCache [ RunTime:0.002321s ]
INFO: [ app_begin ] --END-- [ RunTime:0.004418s ]
SQL: SHOW COLUMNS FROM `student_group_member` [ RunTime:0.093779s ]
SQL: SHOW COLUMNS FROM `student_group_member` [ RunTime:0.117440s ]
SQL: SELECT A.student_message,A.student_message_status,B.project_id,B.group_id FROM student_group_member as A,student_group as B WHERE ( A.group_id=B.group_id and A.student_id = '2014220202006' )  [ RunTime:0.001056s ]
SQL: SHOW COLUMNS FROM `student_group` [ RunTime:0.108563s ]
SQL: SHOW COLUMNS FROM `student_group_member` [ RunTime:0.116344s ]
SQL: SELECT distinct E.student_id,E.student_name FROM student_group_member as C,student_group as D,student as E WHERE ( C.group_id=D.group_id and C.student_id=E.student_id and C.student_id = '2014220202003' )  [ RunTime:0.001616s ]
SQL: SELECT `project_id` FROM `student_group` WHERE ( group_id = '4' )  [ RunTime:0.000765s ]
SQL: SHOW COLUMNS FROM `course` [ RunTime:0.113373s ]
SQL: SELECT A.course_name,B.project_name,C.group_id FROM course as A,project as B,student_group as C WHERE ( A.course_id=B.course_id and B.project_id=C.project_id and C.group_id = '4' )  [ RunTime:0.001130s ]
NOTIC: [8] Undefined variable: teamInviter D:\WWW\CPS\Student\Controller\StuController.class.php 第 119 行.
NOTIC: [8] Undefined variable: course_project D:\WWW\CPS\Student\Controller\StuController.class.php 第 121 行.
SQL: UPDATE `student_group_member` SET `student_message_status`=2 WHERE ( student_id = '2014220202006' and group_id = '4' ) [ RunTime:0.000954s ]

[ 2016-11-01T23:13:17+08:00 ] ::1 /CPS/index.php/Student/Stu/course_info
INFO: [ app_begin ] --START--
INFO: Run Behavior\ReadHtmlCache [ RunTime:0.002337s ]
INFO: [ app_begin ] --END-- [ RunTime:0.004520s ]
SQL: SHOW COLUMNS FROM `course` [ RunTime:0.110878s ]
SQL: SELECT * FROM `course`  [ RunTime:0.001185s ]
INFO: [ view_parse ] --START--
INFO: [ template_filter ] --START--
INFO: Run Behavior\ContentReplace [ RunTime:0.000189s ]
INFO: [ template_filter ] --END-- [ RunTime:0.000455s ]
INFO: Run Behavior\ParseTemplate [ RunTime:0.033549s ]
INFO: [ view_parse ] --END-- [ RunTime:0.033838s ]
INFO: [ view_filter ] --START--
INFO: Run Behavior\WriteHtmlCache [ RunTime:0.001614s ]
INFO: [ view_filter ] --END-- [ RunTime:0.001903s ]
INFO: [ app_end ] --START--
INFO: Run Behavior\ShowPageTrace [ RunTime:0.002822s ]
INFO: [ app_end ] --END-- [ RunTime:0.003202s ]

[ 2016-11-01T23:13:20+08:00 ] ::1 /CPS/index.php/Student/Stu/myteam
INFO: [ app_begin ] --START--
INFO: Run Behavior\ReadHtmlCache [ RunTime:0.001996s ]
INFO: [ app_begin ] --END-- [ RunTime:0.003679s ]
SQL: SHOW COLUMNS FROM `student_group_member` [ RunTime:0.086634s ]
SQL: SHOW COLUMNS FROM `student_group_member` [ RunTime:0.080048s ]
SQL: SELECT A.student_message,A.student_message_status,B.project_id,B.group_id FROM student_group_member as A,student_group as B WHERE ( A.group_id=B.group_id and A.student_id = '2014220202006' )  [ RunTime:0.000908s ]
SQL: SHOW COLUMNS FROM `student_group` [ RunTime:0.086208s ]
SQL: SHOW COLUMNS FROM `student_group_member` [ RunTime:0.091054s ]
SQL: SELECT distinct E.student_id,E.student_name FROM student_group_member as C,student_group as D,student as E WHERE ( C.group_id=D.group_id and C.student_id=E.student_id and C.student_id = '2014220202003' )  [ RunTime:0.001774s ]
SQL: SELECT `project_id` FROM `student_group` WHERE ( group_id = '4' )  [ RunTime:0.000840s ]
SQL: SHOW COLUMNS FROM `course` [ RunTime:0.110477s ]
SQL: SELECT A.course_name,B.project_name,C.group_id FROM course as A,project as B,student_group as C WHERE ( A.course_id=B.course_id and B.project_id=C.project_id and C.group_id = '4' )  [ RunTime:0.001093s ]
NOTIC: [8] Undefined variable: teamInviter D:\WWW\CPS\Student\Controller\StuController.class.php 第 119 行.
NOTIC: [8] Undefined variable: course_project D:\WWW\CPS\Student\Controller\StuController.class.php 第 121 行.
SQL: UPDATE `student_group_member` SET `student_message_status`=0 WHERE ( student_id = '2014220202006' and group_id = '' ) [ RunTime:0.000879s ]
INFO: [ view_parse ] --START--
INFO: [ template_filter ] --START--
INFO: Run Behavior\ContentReplace [ RunTime:0.000214s ]
INFO: [ template_filter ] --END-- [ RunTime:0.000483s ]
NOTIC: [8] Undefined variable: login_url D:\WWW\CPS\Runtime\Cache\Student\d677a36aadc6c1b14b6ad5156efc54f4.php 第 39 行.
INFO: Run Behavior\ParseTemplate [ RunTime:0.045200s ]
INFO: [ view_parse ] --END-- [ RunTime:0.045617s ]
INFO: [ view_filter ] --START--
INFO: Run Behavior\WriteHtmlCache [ RunTime:0.001612s ]
INFO: [ view_filter ] --END-- [ RunTime:0.001839s ]
INFO: [ app_end ] --START--
INFO: Run Behavior\ShowPageTrace [ RunTime:0.002341s ]
INFO: [ app_end ] --END-- [ RunTime:0.002630s ]

[ 2016-11-01T23:13:23+08:00 ] ::1 /CPS/index.php/Student/Stu/team_manage
INFO: [ app_begin ] --START--
INFO: Run Behavior\ReadHtmlCache [ RunTime:0.002297s ]
INFO: [ app_begin ] --END-- [ RunTime:0.004576s ]
SQL: SHOW COLUMNS FROM `student_group` [ RunTime:0.081262s ]
SQL: SELECT * FROM `student_group` ORDER BY group_id desc LIMIT 1   [ RunTime:0.000884s ]
SQL: SHOW COLUMNS FROM `student_group_member` [ RunTime:0.116353s ]
SQL: SELECT D.group_project_status,D.group_id,D.group_manage,C.is_groupLeader FROM student_group_member as C,student_group as D WHERE ( C.group_id=D.group_id and C.student_id = '2014220202006' )  [ RunTime:0.001270s ]
SQL: SHOW COLUMNS FROM `student_group_member` [ RunTime:0.100067s ]
SQL: SHOW COLUMNS FROM `student` [ RunTime:0.094353s ]
SQL: SELECT A.student_id,A.student_name FROM student as A,student_group as B,student_group_member as C WHERE ( A.student_id=C.student_id and B.group_id=C.group_id and C.is_available=1 and C.student_message_status=2 and C.group_id = '4' )  [ RunTime:0.001319s ]
NOTIC: [8] Undefined variable: groupMember D:\WWW\CPS\Student\Controller\StuController.class.php 第 220 行.
SQL: SHOW COLUMNS FROM `student` [ RunTime:0.092273s ]
SQL: SELECT A.student_id FROM student as A,student_group as B,student_group_member as C WHERE ( A.student_id=C.student_id and B.group_id=C.group_id and C.is_available=1 and C.is_groupLeader=1 and C.group_id = '4' )  [ RunTime:0.001333s ]
NOTIC: [8] Undefined variable: I D:\WWW\CPS\Student\Controller\StuController.class.php 第 239 行.
INFO: [ view_parse ] --START--
INFO: [ template_filter ] --START--
INFO: Run Behavior\ContentReplace [ RunTime:0.000172s ]
INFO: [ template_filter ] --END-- [ RunTime:0.000400s ]
INFO: Run Behavior\ParseTemplate [ RunTime:0.041131s ]
INFO: [ view_parse ] --END-- [ RunTime:0.041453s ]
INFO: [ view_filter ] --START--
INFO: Run Behavior\WriteHtmlCache [ RunTime:0.001308s ]
INFO: [ view_filter ] --END-- [ RunTime:0.001504s ]
INFO: [ app_end ] --START--
INFO: Run Behavior\ShowPageTrace [ RunTime:0.002390s ]
INFO: [ app_end ] --END-- [ RunTime:0.002659s ]

[ 2016-11-01T23:13:30+08:00 ] ::1 /CPS/index.php/Home/Login/login
INFO: [ app_begin ] --START--
INFO: Run Behavior\ReadHtmlCache [ RunTime:0.001841s ]
INFO: [ app_begin ] --END-- [ RunTime:0.003489s ]
INFO: [ view_parse ] --START--
INFO: [ template_filter ] --START--
INFO: Run Behavior\ContentReplace [ RunTime:0.000296s ]
INFO: [ template_filter ] --END-- [ RunTime:0.000602s ]
INFO: Run Behavior\ParseTemplate [ RunTime:0.020726s ]
INFO: [ view_parse ] --END-- [ RunTime:0.021011s ]
INFO: [ view_filter ] --START--
INFO: Run Behavior\WriteHtmlCache [ RunTime:0.001269s ]
INFO: [ view_filter ] --END-- [ RunTime:0.001443s ]
INFO: [ app_end ] --START--
INFO: Run Behavior\ShowPageTrace [ RunTime:0.001887s ]
INFO: [ app_end ] --END-- [ RunTime:0.002070s ]

[ 2016-11-01T23:13:30+08:00 ] ::1 /CPS/index.php/Home/Index/verify_c
INFO: [ app_begin ] --START--
INFO: Run Behavior\ReadHtmlCache [ RunTime:0.003061s ]
INFO: [ app_begin ] --END-- [ RunTime:0.006887s ]
INFO: [ app_end ] --START--
INFO: Run Behavior\ShowPageTrace [ RunTime:0.002897s ]
INFO: [ app_end ] --END-- [ RunTime:0.003298s ]

[ 2016-11-01T23:13:35+08:00 ] ::1 /CPS/index.php/Home/Index/verify_c?0.9174163902913288
INFO: [ app_begin ] --START--
INFO: Run Behavior\ReadHtmlCache [ RunTime:0.002046s ]
INFO: [ app_begin ] --END-- [ RunTime:0.004160s ]
INFO: [ app_end ] --START--
INFO: Run Behavior\ShowPageTrace [ RunTime:0.002196s ]
INFO: [ app_end ] --END-- [ RunTime:0.002461s ]

[ 2016-11-01T23:13:39+08:00 ] ::1 /CPS/index.php/Home/Login/login
INFO: [ app_begin ] --START--
INFO: Run Behavior\ReadHtmlCache [ RunTime:0.001572s ]
INFO: [ app_begin ] --END-- [ RunTime:0.002949s ]
SQL: SHOW COLUMNS FROM `student` [ RunTime:0.076067s ]
SQL: SELECT * FROM `student` WHERE ( `student_id` = '2014220202003' )  [ RunTime:0.000602s ]
INFO: [ view_parse ] --START--
INFO: [ template_filter ] --START--
INFO: Run Behavior\ContentReplace [ RunTime:0.000112s ]
INFO: [ template_filter ] --END-- [ RunTime:0.000327s ]
INFO: Run Behavior\ParseTemplate [ RunTime:0.022261s ]
INFO: [ view_parse ] --END-- [ RunTime:0.022517s ]
INFO: [ view_filter ] --START--
INFO: Run Behavior\WriteHtmlCache [ RunTime:0.001182s ]
INFO: [ view_filter ] --END-- [ RunTime:0.001373s ]
SQL: SELECT * FROM `student` WHERE ( `student_id` = '2014220202003' )  [ RunTime:0.000745s ]

[ 2016-11-01T23:13:40+08:00 ] ::1 /CPS/index.php/Student/Stu/course_info/student_id/2014220202003
INFO: [ app_begin ] --START--
INFO: Run Behavior\ReadHtmlCache [ RunTime:0.001698s ]
INFO: [ app_begin ] --END-- [ RunTime:0.003303s ]
SQL: SHOW COLUMNS FROM `course` [ RunTime:0.092663s ]
SQL: SELECT * FROM `course`  [ RunTime:0.000769s ]
INFO: [ view_parse ] --START--
INFO: [ template_filter ] --START--
INFO: Run Behavior\ContentReplace [ RunTime:0.000198s ]
INFO: [ template_filter ] --END-- [ RunTime:0.000435s ]
INFO: Run Behavior\ParseTemplate [ RunTime:0.033567s ]
INFO: [ view_parse ] --END-- [ RunTime:0.033819s ]
INFO: [ view_filter ] --START--
INFO: Run Behavior\WriteHtmlCache [ RunTime:0.001570s ]
INFO: [ view_filter ] --END-- [ RunTime:0.001833s ]
INFO: [ app_end ] --START--
INFO: Run Behavior\ShowPageTrace [ RunTime:0.002292s ]
INFO: [ app_end ] --END-- [ RunTime:0.002520s ]

[ 2016-11-01T23:13:43+08:00 ] ::1 /CPS/index.php/Student/Stu/team_manage
INFO: [ app_begin ] --START--
INFO: Run Behavior\ReadHtmlCache [ RunTime:0.002383s ]
INFO: [ app_begin ] --END-- [ RunTime:0.004336s ]
SQL: SHOW COLUMNS FROM `student_group` [ RunTime:0.097380s ]
SQL: SELECT * FROM `student_group` ORDER BY group_id desc LIMIT 1   [ RunTime:0.000921s ]
SQL: SHOW COLUMNS FROM `student_group_member` [ RunTime:0.110351s ]
SQL: SELECT D.group_project_status,D.group_id,D.group_manage,C.is_groupLeader FROM student_group_member as C,student_group as D WHERE ( C.group_id=D.group_id and C.student_id = '2014220202003' )  [ RunTime:0.001224s ]
SQL: SHOW COLUMNS FROM `student_group_member` [ RunTime:0.113285s ]
SQL: SHOW COLUMNS FROM `student` [ RunTime:0.107491s ]
SQL: SELECT A.student_id,A.student_name FROM student as A,student_group as B,student_group_member as C WHERE ( A.student_id=C.student_id and B.group_id=C.group_id and C.is_available=1 and C.student_message_status=2 and C.group_id = '4' )  [ RunTime:0.002038s ]
NOTIC: [8] Undefined variable: groupMember D:\WWW\CPS\Student\Controller\StuController.class.php 第 220 行.
SQL: SHOW COLUMNS FROM `student` [ RunTime:0.088441s ]
SQL: SELECT A.student_id FROM student as A,student_group as B,student_group_member as C WHERE ( A.student_id=C.student_id and B.group_id=C.group_id and C.is_available=1 and C.is_groupLeader=1 and C.group_id = '4' )  [ RunTime:0.001220s ]
NOTIC: [8] Undefined variable: I D:\WWW\CPS\Student\Controller\StuController.class.php 第 239 行.
INFO: [ view_parse ] --START--
INFO: [ template_filter ] --START--
INFO: Run Behavior\ContentReplace [ RunTime:0.000287s ]
INFO: [ template_filter ] --END-- [ RunTime:0.001335s ]
NOTIC: [8] Undefined variable: button_disabled D:\WWW\CPS\Runtime\Cache\Student\941846ef91974a4cc58f927c8a8d644c.php 第 79 行.
INFO: Run Behavior\ParseTemplate [ RunTime:0.043270s ]
INFO: [ view_parse ] --END-- [ RunTime:0.043543s ]
INFO: [ view_filter ] --START--
INFO: Run Behavior\WriteHtmlCache [ RunTime:0.001841s ]
INFO: [ view_filter ] --END-- [ RunTime:0.002040s ]
INFO: [ app_end ] --START--
INFO: Run Behavior\ShowPageTrace [ RunTime:0.002589s ]
INFO: [ app_end ] --END-- [ RunTime:0.002822s ]

[ 2016-11-01T23:13:46+08:00 ] ::1 /CPS/index.php/Student/Stu/teamMember/group_id/4
INFO: [ app_begin ] --START--
INFO: Run Behavior\ReadHtmlCache [ RunTime:0.002168s ]
INFO: [ app_begin ] --END-- [ RunTime:0.003973s ]
SQL: SHOW COLUMNS FROM `student_group` [ RunTime:0.093732s ]
SQL: SELECT `group_project_status`,`group_id`,`group_manage` FROM `student_group` WHERE ( group_id = '4' )  [ RunTime:0.001032s ]
SQL: SHOW COLUMNS FROM `student_group_member` [ RunTime:0.109249s ]
SQL: SHOW COLUMNS FROM `student` [ RunTime:0.094006s ]
SQL: SELECT A.student_id,A.student_name FROM student as A,student_group as B,student_group_member as C WHERE ( A.student_id=C.student_id and B.group_id=C.group_id and C.is_available=1 and C.student_message_status=2 and C.group_id = '4' )  [ RunTime:0.001402s ]
NOTIC: [8] Undefined variable: groupMember D:\WWW\CPS\Student\Controller\StuController.class.php 第 254 行.
SQL: SHOW COLUMNS FROM `student_group_member` [ RunTime:0.098641s ]
NOTIC: [8] Undefined index: studentId D:\WWW\CPS\Student\Controller\StuController.class.php 第 287 行.
NOTIC: [8] Undefined index: get_group_id D:\WWW\CPS\Student\Controller\StuController.class.php 第 288 行.
SQL: INSERT INTO `student_group_member` (`student_id`,`group_id`,`student_message`,`student_message_status`,`reply_group_id`,`stu_contribute_score`,`invite_status`,`is_available`,`is_groupLeader`) VALUES (null,null,'2014220202003',1,1,'',1,1,0) [ RunTime:0.000667s ]
ERR: 1048:Column 'student_id' cannot be null
 [ SQL语句 ] : INSERT INTO `student_group_member` (`student_id`,`group_id`,`student_message`,`student_message_status`,`reply_group_id`,`stu_contribute_score`,`invite_status`,`is_available`,`is_groupLeader`) VALUES (null,null,'2014220202003',1,1,'',1,1,0)
INFO: [ view_parse ] --START--
INFO: [ template_filter ] --START--
INFO: Run Behavior\ContentReplace [ RunTime:0.000191s ]
INFO: [ template_filter ] --END-- [ RunTime:0.000436s ]
INFO: Run Behavior\ParseTemplate [ RunTime:0.040673s ]
INFO: [ view_parse ] --END-- [ RunTime:0.040997s ]
INFO: [ view_filter ] --START--
INFO: Run Behavior\WriteHtmlCache [ RunTime:0.001378s ]
INFO: [ view_filter ] --END-- [ RunTime:0.001585s ]
INFO: [ app_end ] --START--
INFO: Run Behavior\ShowPageTrace [ RunTime:0.002222s ]
INFO: [ app_end ] --END-- [ RunTime:0.002492s ]

[ 2016-11-01T23:14:13+08:00 ] ::1 /CPS/index.php/Student/Stu/course_info
INFO: [ app_begin ] --START--
INFO: Run Behavior\ReadHtmlCache [ RunTime:0.001859s ]
INFO: [ app_begin ] --END-- [ RunTime:0.003514s ]
SQL: SHOW COLUMNS FROM `course` [ RunTime:0.078799s ]
SQL: SELECT * FROM `course`  [ RunTime:0.000773s ]
INFO: [ view_parse ] --START--
INFO: [ template_filter ] --START--
INFO: Run Behavior\ContentReplace [ RunTime:0.000134s ]
INFO: [ template_filter ] --END-- [ RunTime:0.000336s ]
INFO: Run Behavior\ParseTemplate [ RunTime:0.025723s ]
INFO: [ view_parse ] --END-- [ RunTime:0.026112s ]
INFO: [ view_filter ] --START--
INFO: Run Behavior\WriteHtmlCache [ RunTime:0.001181s ]
INFO: [ view_filter ] --END-- [ RunTime:0.001357s ]
INFO: [ app_end ] --START--
INFO: Run Behavior\ShowPageTrace [ RunTime:0.001918s ]
INFO: [ app_end ] --END-- [ RunTime:0.002101s ]

[ 2016-11-01T23:14:14+08:00 ] ::1 /CPS/index.php/Home/Login/login
INFO: [ app_begin ] --START--
INFO: Run Behavior\ReadHtmlCache [ RunTime:0.002301s ]
INFO: [ app_begin ] --END-- [ RunTime:0.005298s ]
INFO: [ view_parse ] --START--
INFO: [ template_filter ] --START--
INFO: Run Behavior\ContentReplace [ RunTime:0.000122s ]
INFO: [ template_filter ] --END-- [ RunTime:0.000325s ]
INFO: Run Behavior\ParseTemplate [ RunTime:0.018212s ]
INFO: [ view_parse ] --END-- [ RunTime:0.018492s ]
INFO: [ view_filter ] --START--
INFO: Run Behavior\WriteHtmlCache [ RunTime:0.001177s ]
INFO: [ view_filter ] --END-- [ RunTime:0.001337s ]
INFO: [ app_end ] --START--
INFO: Run Behavior\ShowPageTrace [ RunTime:0.001887s ]
INFO: [ app_end ] --END-- [ RunTime:0.002060s ]

[ 2016-11-01T23:14:14+08:00 ] ::1 /CPS/index.php/Home/Index/verify_c
INFO: [ app_begin ] --START--
INFO: Run Behavior\ReadHtmlCache [ RunTime:0.006246s ]
INFO: [ app_begin ] --END-- [ RunTime:0.011051s ]
INFO: [ app_end ] --START--
INFO: Run Behavior\ShowPageTrace [ RunTime:0.003154s ]
INFO: [ app_end ] --END-- [ RunTime:0.003521s ]

