[ 2016-10-12T15:34:06+08:00 ] ::1 /CPS/index.php/Manager/Manage/manage_info
INFO: [ app_init ] --START--
INFO: Run Behavior\BuildLiteBehavior [ RunTime:0.000036s ]
INFO: [ app_init ] --END-- [ RunTime:0.022743s ]
INFO: [ app_begin ] --START--
INFO: Run Behavior\ReadHtmlCacheBehavior [ RunTime:0.001830s ]
INFO: [ app_begin ] --END-- [ RunTime:0.001981s ]
INFO: [ view_parse ] --START--
INFO: [ template_filter ] --START--
INFO: Run Behavior\ContentReplaceBehavior [ RunTime:0.000687s ]
INFO: [ template_filter ] --END-- [ RunTime:0.000767s ]
NOTIC: [8] Undefined index: name G:\MyGIT\CPS\Runtime\Cache\Manager\1d0f9561805f6437cd1f5cb6fa5f64a6.php 第 35 行.
NOTIC: [8] Undefined variable: login_url G:\MyGIT\CPS\Runtime\Cache\Manager\1d0f9561805f6437cd1f5cb6fa5f64a6.php 第 38 行.
NOTIC: [8] Undefined variable: info G:\MyGIT\CPS\Runtime\Cache\Manager\1d0f9561805f6437cd1f5cb6fa5f64a6.php 第 66 行.
INFO: Run Behavior\ParseTemplateBehavior [ RunTime:0.215263s ]
INFO: [ view_parse ] --END-- [ RunTime:0.215387s ]
INFO: [ view_filter ] --START--
INFO: Run Behavior\WriteHtmlCacheBehavior [ RunTime:0.027443s ]
INFO: [ view_filter ] --END-- [ RunTime:0.027526s ]
INFO: [ app_end ] --START--
INFO: Run Behavior\ShowPageTraceBehavior [ RunTime:0.001133s ]
INFO: [ app_end ] --END-- [ RunTime:0.001210s ]

[ 2016-10-12T15:41:03+08:00 ] ::1 /CPS/index.php/Manager/Manage/manage_info
INFO: [ app_init ] --START--
INFO: Run Behavior\BuildLiteBehavior [ RunTime:0.000013s ]
INFO: [ app_init ] --END-- [ RunTime:0.000403s ]
INFO: [ app_begin ] --START--
INFO: Run Behavior\ReadHtmlCacheBehavior [ RunTime:0.000566s ]
INFO: [ app_begin ] --END-- [ RunTime:0.000619s ]
INFO: [ view_parse ] --START--
INFO: [ template_filter ] --START--
INFO: Run Behavior\ContentReplaceBehavior [ RunTime:0.000045s ]
INFO: [ template_filter ] --END-- [ RunTime:0.000083s ]
NOTIC: [8] Undefined index: name G:\MyGIT\CPS\Runtime\Cache\Manager\1d0f9561805f6437cd1f5cb6fa5f64a6.php 第 35 行.
NOTIC: [8] Undefined variable: login_url G:\MyGIT\CPS\Runtime\Cache\Manager\1d0f9561805f6437cd1f5cb6fa5f64a6.php 第 38 行.
NOTIC: [8] Undefined variable: info G:\MyGIT\CPS\Runtime\Cache\Manager\1d0f9561805f6437cd1f5cb6fa5f64a6.php 第 66 行.
INFO: Run Behavior\ParseTemplateBehavior [ RunTime:0.013898s ]
INFO: [ view_parse ] --END-- [ RunTime:0.013934s ]
INFO: [ view_filter ] --START--
INFO: Run Behavior\WriteHtmlCacheBehavior [ RunTime:0.000204s ]
INFO: [ view_filter ] --END-- [ RunTime:0.000226s ]
INFO: [ app_end ] --START--
INFO: Run Behavior\ShowPageTraceBehavior [ RunTime:0.000325s ]
INFO: [ app_end ] --END-- [ RunTime:0.000349s ]

[ 2016-10-12T15:41:08+08:00 ] ::1 /CPS/index.php/Manager/Manage/manage_info
INFO: [ app_init ] --START--
INFO: Run Behavior\BuildLiteBehavior [ RunTime:0.000019s ]
INFO: [ app_init ] --END-- [ RunTime:0.000526s ]
INFO: [ app_begin ] --START--
INFO: Run Behavior\ReadHtmlCacheBehavior [ RunTime:0.000645s ]
INFO: [ app_begin ] --END-- [ RunTime:0.000718s ]
INFO: [ view_parse ] --START--
INFO: [ template_filter ] --START--
INFO: Run Behavior\ContentReplaceBehavior [ RunTime:0.000071s ]
INFO: [ template_filter ] --END-- [ RunTime:0.000139s ]
NOTIC: [8] Undefined index: name G:\MyGIT\CPS\Runtime\Cache\Manager\1d0f9561805f6437cd1f5cb6fa5f64a6.php 第 35 行.
NOTIC: [8] Undefined variable: login_url G:\MyGIT\CPS\Runtime\Cache\Manager\1d0f9561805f6437cd1f5cb6fa5f64a6.php 第 38 行.
NOTIC: [8] Undefined variable: info G:\MyGIT\CPS\Runtime\Cache\Manager\1d0f9561805f6437cd1f5cb6fa5f64a6.php 第 66 行.
INFO: Run Behavior\ParseTemplateBehavior [ RunTime:0.010268s ]
INFO: [ view_parse ] --END-- [ RunTime:0.010334s ]
INFO: [ view_filter ] --START--
INFO: Run Behavior\WriteHtmlCacheBehavior [ RunTime:0.000362s ]
INFO: [ view_filter ] --END-- [ RunTime:0.000417s ]
INFO: [ app_end ] --START--
INFO: Run Behavior\ShowPageTraceBehavior [ RunTime:0.000666s ]
INFO: [ app_end ] --END-- [ RunTime:0.000727s ]

[ 2016-10-12T15:42:02+08:00 ] ::1 /CPS/index.php/Manager/Manage/manage_info
INFO: [ app_init ] --START--
INFO: Run Behavior\BuildLiteBehavior [ RunTime:0.000009s ]
INFO: [ app_init ] --END-- [ RunTime:0.000216s ]
INFO: [ app_begin ] --START--
INFO: Run Behavior\ReadHtmlCacheBehavior [ RunTime:0.000260s ]
INFO: [ app_begin ] --END-- [ RunTime:0.000290s ]
INFO: [ view_parse ] --START--
INFO: [ template_filter ] --START--
INFO: Run Behavior\ContentReplaceBehavior [ RunTime:0.000033s ]
INFO: [ template_filter ] --END-- [ RunTime:0.000067s ]
NOTIC: [8] Undefined index: name G:\MyGIT\CPS\Runtime\Cache\Manager\1d0f9561805f6437cd1f5cb6fa5f64a6.php 第 35 行.
NOTIC: [8] Undefined variable: login_url G:\MyGIT\CPS\Runtime\Cache\Manager\1d0f9561805f6437cd1f5cb6fa5f64a6.php 第 38 行.
NOTIC: [8] Undefined variable: info G:\MyGIT\CPS\Runtime\Cache\Manager\1d0f9561805f6437cd1f5cb6fa5f64a6.php 第 66 行.
INFO: Run Behavior\ParseTemplateBehavior [ RunTime:0.004461s ]
INFO: [ view_parse ] --END-- [ RunTime:0.004488s ]
INFO: [ view_filter ] --START--
INFO: Run Behavior\WriteHtmlCacheBehavior [ RunTime:0.000156s ]
INFO: [ view_filter ] --END-- [ RunTime:0.000179s ]
INFO: [ app_end ] --START--
INFO: Run Behavior\ShowPageTraceBehavior [ RunTime:0.000282s ]
INFO: [ app_end ] --END-- [ RunTime:0.000306s ]

[ 2016-10-12T15:50:51+08:00 ] ::1 /CPS/index.php/Manager/Manage/manage_info
INFO: [ app_init ] --START--
INFO: Run Behavior\BuildLiteBehavior [ RunTime:0.000008s ]
INFO: [ app_init ] --END-- [ RunTime:0.000264s ]
INFO: [ app_begin ] --START--
INFO: Run Behavior\ReadHtmlCacheBehavior [ RunTime:0.000339s ]
INFO: [ app_begin ] --END-- [ RunTime:0.000370s ]
INFO: [ view_parse ] --START--
INFO: [ template_filter ] --START--
INFO: Run Behavior\ContentReplaceBehavior [ RunTime:0.000048s ]
INFO: [ template_filter ] --END-- [ RunTime:0.000081s ]
NOTIC: [8] Undefined index: name G:\MyGIT\CPS\Runtime\Cache\Manager\1d0f9561805f6437cd1f5cb6fa5f64a6.php 第 35 行.
NOTIC: [8] Undefined variable: login_url G:\MyGIT\CPS\Runtime\Cache\Manager\1d0f9561805f6437cd1f5cb6fa5f64a6.php 第 38 行.
NOTIC: [8] Undefined variable: info G:\MyGIT\CPS\Runtime\Cache\Manager\1d0f9561805f6437cd1f5cb6fa5f64a6.php 第 67 行.
INFO: Run Behavior\ParseTemplateBehavior [ RunTime:0.010622s ]
INFO: [ view_parse ] --END-- [ RunTime:0.010648s ]
INFO: [ view_filter ] --START--
INFO: Run Behavior\WriteHtmlCacheBehavior [ RunTime:0.000185s ]
INFO: [ view_filter ] --END-- [ RunTime:0.000208s ]
INFO: [ app_end ] --START--
INFO: Run Behavior\ShowPageTraceBehavior [ RunTime:0.000325s ]
INFO: [ app_end ] --END-- [ RunTime:0.000347s ]

[ 2016-10-12T15:51:28+08:00 ] ::1 /CPS/index.php/Manager/Manage/manage_info
INFO: [ app_init ] --START--
INFO: Run Behavior\BuildLiteBehavior [ RunTime:0.000007s ]
INFO: [ app_init ] --END-- [ RunTime:0.000209s ]
INFO: [ app_begin ] --START--
INFO: Run Behavior\ReadHtmlCacheBehavior [ RunTime:0.000253s ]
INFO: [ app_begin ] --END-- [ RunTime:0.000283s ]
INFO: [ view_parse ] --START--
INFO: [ template_filter ] --START--
INFO: Run Behavior\ContentReplaceBehavior [ RunTime:0.000034s ]
INFO: [ template_filter ] --END-- [ RunTime:0.000063s ]
NOTIC: [8] Undefined index: name G:\MyGIT\CPS\Runtime\Cache\Manager\1d0f9561805f6437cd1f5cb6fa5f64a6.php 第 35 行.
NOTIC: [8] Undefined variable: login_url G:\MyGIT\CPS\Runtime\Cache\Manager\1d0f9561805f6437cd1f5cb6fa5f64a6.php 第 38 行.
NOTIC: [8] Undefined variable: info G:\MyGIT\CPS\Runtime\Cache\Manager\1d0f9561805f6437cd1f5cb6fa5f64a6.php 第 67 行.
INFO: Run Behavior\ParseTemplateBehavior [ RunTime:0.004231s ]
INFO: [ view_parse ] --END-- [ RunTime:0.004257s ]
INFO: [ view_filter ] --START--
INFO: Run Behavior\WriteHtmlCacheBehavior [ RunTime:0.000132s ]
INFO: [ view_filter ] --END-- [ RunTime:0.000153s ]
INFO: [ app_end ] --START--
INFO: Run Behavior\ShowPageTraceBehavior [ RunTime:0.000266s ]
INFO: [ app_end ] --END-- [ RunTime:0.000290s ]

[ 2016-10-12T15:52:19+08:00 ] ::1 /CPS/index.php/Manager/Manage/manage_info
INFO: [ app_init ] --START--
INFO: Run Behavior\BuildLiteBehavior [ RunTime:0.000011s ]
INFO: [ app_init ] --END-- [ RunTime:0.000274s ]
INFO: [ app_begin ] --START--
INFO: Run Behavior\ReadHtmlCacheBehavior [ RunTime:0.000341s ]
INFO: [ app_begin ] --END-- [ RunTime:0.000381s ]
INFO: [ view_parse ] --START--
INFO: [ template_filter ] --START--
INFO: Run Behavior\ContentReplaceBehavior [ RunTime:0.000045s ]
INFO: [ template_filter ] --END-- [ RunTime:0.000081s ]
NOTIC: [8] Undefined index: name G:\MyGIT\CPS\Runtime\Cache\Manager\1d0f9561805f6437cd1f5cb6fa5f64a6.php 第 35 行.
NOTIC: [8] Undefined variable: login_url G:\MyGIT\CPS\Runtime\Cache\Manager\1d0f9561805f6437cd1f5cb6fa5f64a6.php 第 38 行.
NOTIC: [8] Undefined variable: info G:\MyGIT\CPS\Runtime\Cache\Manager\1d0f9561805f6437cd1f5cb6fa5f64a6.php 第 67 行.
INFO: Run Behavior\ParseTemplateBehavior [ RunTime:0.005569s ]
INFO: [ view_parse ] --END-- [ RunTime:0.005603s ]
INFO: [ view_filter ] --START--
INFO: Run Behavior\WriteHtmlCacheBehavior [ RunTime:0.000181s ]
INFO: [ view_filter ] --END-- [ RunTime:0.000209s ]
INFO: [ app_end ] --START--
INFO: Run Behavior\ShowPageTraceBehavior [ RunTime:0.000336s ]
INFO: [ app_end ] --END-- [ RunTime:0.000371s ]

[ 2016-10-12T15:52:42+08:00 ] ::1 /CPS/index.php/Manager/Manage/manage_info
INFO: [ app_init ] --START--
INFO: Run Behavior\BuildLiteBehavior [ RunTime:0.000010s ]
INFO: [ app_init ] --END-- [ RunTime:0.000235s ]
INFO: [ app_begin ] --START--
INFO: Run Behavior\ReadHtmlCacheBehavior [ RunTime:0.000269s ]
INFO: [ app_begin ] --END-- [ RunTime:0.000301s ]
INFO: [ view_parse ] --START--
INFO: [ template_filter ] --START--
INFO: Run Behavior\ContentReplaceBehavior [ RunTime:0.000033s ]
INFO: [ template_filter ] --END-- [ RunTime:0.000068s ]
NOTIC: [8] Undefined index: name G:\MyGIT\CPS\Runtime\Cache\Manager\1d0f9561805f6437cd1f5cb6fa5f64a6.php 第 35 行.
NOTIC: [8] Undefined variable: login_url G:\MyGIT\CPS\Runtime\Cache\Manager\1d0f9561805f6437cd1f5cb6fa5f64a6.php 第 38 行.
NOTIC: [8] Undefined variable: info G:\MyGIT\CPS\Runtime\Cache\Manager\1d0f9561805f6437cd1f5cb6fa5f64a6.php 第 67 行.
INFO: Run Behavior\ParseTemplateBehavior [ RunTime:0.004545s ]
INFO: [ view_parse ] --END-- [ RunTime:0.004578s ]
INFO: [ view_filter ] --START--
INFO: Run Behavior\WriteHtmlCacheBehavior [ RunTime:0.000147s ]
INFO: [ view_filter ] --END-- [ RunTime:0.000170s ]
INFO: [ app_end ] --START--
INFO: Run Behavior\ShowPageTraceBehavior [ RunTime:0.000279s ]
INFO: [ app_end ] --END-- [ RunTime:0.000303s ]

[ 2016-10-12T15:56:15+08:00 ] ::1 /CPS/index.php/Manager/Manage/manage_info
INFO: [ app_init ] --START--
INFO: Run Behavior\BuildLiteBehavior [ RunTime:0.000012s ]
INFO: [ app_init ] --END-- [ RunTime:0.000326s ]
INFO: [ app_begin ] --START--
INFO: Run Behavior\ReadHtmlCacheBehavior [ RunTime:0.000388s ]
INFO: [ app_begin ] --END-- [ RunTime:0.000429s ]
INFO: [ view_parse ] --START--
INFO: [ template_filter ] --START--
INFO: Run Behavior\ContentReplaceBehavior [ RunTime:0.000040s ]
INFO: [ template_filter ] --END-- [ RunTime:0.000080s ]
NOTIC: [8] Undefined index: name G:\MyGIT\CPS\Runtime\Cache\Manager\1d0f9561805f6437cd1f5cb6fa5f64a6.php 第 35 行.
NOTIC: [8] Undefined variable: login_url G:\MyGIT\CPS\Runtime\Cache\Manager\1d0f9561805f6437cd1f5cb6fa5f64a6.php 第 38 行.
NOTIC: [8] Undefined variable: info G:\MyGIT\CPS\Runtime\Cache\Manager\1d0f9561805f6437cd1f5cb6fa5f64a6.php 第 67 行.
INFO: Run Behavior\ParseTemplateBehavior [ RunTime:0.006399s ]
INFO: [ view_parse ] --END-- [ RunTime:0.006437s ]
INFO: [ view_filter ] --START--
INFO: Run Behavior\WriteHtmlCacheBehavior [ RunTime:0.000264s ]
INFO: [ view_filter ] --END-- [ RunTime:0.000298s ]
INFO: [ app_end ] --START--
INFO: Run Behavior\ShowPageTraceBehavior [ RunTime:0.000416s ]
INFO: [ app_end ] --END-- [ RunTime:0.000450s ]

[ 2016-10-12T15:56:21+08:00 ] ::1 /CPS/index.php/Manager/Manage/manage_info
INFO: [ app_init ] --START--
INFO: Run Behavior\BuildLiteBehavior [ RunTime:0.000019s ]
INFO: [ app_init ] --END-- [ RunTime:0.000380s ]
INFO: [ app_begin ] --START--
INFO: Run Behavior\ReadHtmlCacheBehavior [ RunTime:0.000485s ]
INFO: [ app_begin ] --END-- [ RunTime:0.000543s ]
INFO: [ view_parse ] --START--
INFO: [ template_filter ] --START--
INFO: Run Behavior\ContentReplaceBehavior [ RunTime:0.000057s ]
INFO: [ template_filter ] --END-- [ RunTime:0.000109s ]
NOTIC: [8] Undefined index: name G:\MyGIT\CPS\Runtime\Cache\Manager\1d0f9561805f6437cd1f5cb6fa5f64a6.php 第 35 行.
NOTIC: [8] Undefined variable: login_url G:\MyGIT\CPS\Runtime\Cache\Manager\1d0f9561805f6437cd1f5cb6fa5f64a6.php 第 38 行.
NOTIC: [8] Undefined variable: info G:\MyGIT\CPS\Runtime\Cache\Manager\1d0f9561805f6437cd1f5cb6fa5f64a6.php 第 67 行.
INFO: Run Behavior\ParseTemplateBehavior [ RunTime:0.007705s ]
INFO: [ view_parse ] --END-- [ RunTime:0.007752s ]
INFO: [ view_filter ] --START--
INFO: Run Behavior\WriteHtmlCacheBehavior [ RunTime:0.000241s ]
INFO: [ view_filter ] --END-- [ RunTime:0.000280s ]
INFO: [ app_end ] --START--
INFO: Run Behavior\ShowPageTraceBehavior [ RunTime:0.000473s ]
INFO: [ app_end ] --END-- [ RunTime:0.000515s ]

[ 2016-10-12T15:56:30+08:00 ] ::1 /CPS/index.php/Manager/Manage/manage_info
INFO: [ app_init ] --START--
INFO: Run Behavior\BuildLiteBehavior [ RunTime:0.000017s ]
INFO: [ app_init ] --END-- [ RunTime:0.000485s ]
INFO: [ app_begin ] --START--
INFO: Run Behavior\ReadHtmlCacheBehavior [ RunTime:0.000587s ]
INFO: [ app_begin ] --END-- [ RunTime:0.000654s ]
INFO: [ view_parse ] --START--
INFO: [ template_filter ] --START--
INFO: Run Behavior\ContentReplaceBehavior [ RunTime:0.000068s ]
INFO: [ template_filter ] --END-- [ RunTime:0.000137s ]
NOTIC: [8] Undefined index: name G:\MyGIT\CPS\Runtime\Cache\Manager\1d0f9561805f6437cd1f5cb6fa5f64a6.php 第 35 行.
NOTIC: [8] Undefined variable: login_url G:\MyGIT\CPS\Runtime\Cache\Manager\1d0f9561805f6437cd1f5cb6fa5f64a6.php 第 38 行.
NOTIC: [8] Undefined variable: info G:\MyGIT\CPS\Runtime\Cache\Manager\1d0f9561805f6437cd1f5cb6fa5f64a6.php 第 67 行.
INFO: Run Behavior\ParseTemplateBehavior [ RunTime:0.010048s ]
INFO: [ view_parse ] --END-- [ RunTime:0.010114s ]
INFO: [ view_filter ] --START--
INFO: Run Behavior\WriteHtmlCacheBehavior [ RunTime:0.000305s ]
INFO: [ view_filter ] --END-- [ RunTime:0.000356s ]
INFO: [ app_end ] --START--
INFO: Run Behavior\ShowPageTraceBehavior [ RunTime:0.000611s ]
INFO: [ app_end ] --END-- [ RunTime:0.000664s ]

[ 2016-10-12T15:56:30+08:00 ] ::1 /CPS/index.php/Manager/Manage/manage_info
INFO: [ app_init ] --START--
INFO: Run Behavior\BuildLiteBehavior [ RunTime:0.000009s ]
INFO: [ app_init ] --END-- [ RunTime:0.000226s ]
INFO: [ app_begin ] --START--
INFO: Run Behavior\ReadHtmlCacheBehavior [ RunTime:0.000268s ]
INFO: [ app_begin ] --END-- [ RunTime:0.000299s ]
INFO: [ view_parse ] --START--
INFO: [ template_filter ] --START--
INFO: Run Behavior\ContentReplaceBehavior [ RunTime:0.000033s ]
INFO: [ template_filter ] --END-- [ RunTime:0.000068s ]
NOTIC: [8] Undefined index: name G:\MyGIT\CPS\Runtime\Cache\Manager\1d0f9561805f6437cd1f5cb6fa5f64a6.php 第 35 行.
NOTIC: [8] Undefined variable: login_url G:\MyGIT\CPS\Runtime\Cache\Manager\1d0f9561805f6437cd1f5cb6fa5f64a6.php 第 38 行.
NOTIC: [8] Undefined variable: info G:\MyGIT\CPS\Runtime\Cache\Manager\1d0f9561805f6437cd1f5cb6fa5f64a6.php 第 67 行.
INFO: Run Behavior\ParseTemplateBehavior [ RunTime:0.004588s ]
INFO: [ view_parse ] --END-- [ RunTime:0.004615s ]
INFO: [ view_filter ] --START--
INFO: Run Behavior\WriteHtmlCacheBehavior [ RunTime:0.000143s ]
INFO: [ view_filter ] --END-- [ RunTime:0.000164s ]
INFO: [ app_end ] --START--
INFO: Run Behavior\ShowPageTraceBehavior [ RunTime:0.000284s ]
INFO: [ app_end ] --END-- [ RunTime:0.000307s ]

[ 2016-10-12T15:56:31+08:00 ] ::1 /CPS/index.php/Manager/Manage/manage_info
INFO: [ app_init ] --START--
INFO: Run Behavior\BuildLiteBehavior [ RunTime:0.000008s ]
INFO: [ app_init ] --END-- [ RunTime:0.000215s ]
INFO: [ app_begin ] --START--
INFO: Run Behavior\ReadHtmlCacheBehavior [ RunTime:0.000261s ]
INFO: [ app_begin ] --END-- [ RunTime:0.000290s ]
INFO: [ view_parse ] --START--
INFO: [ template_filter ] --START--
INFO: Run Behavior\ContentReplaceBehavior [ RunTime:0.000030s ]
INFO: [ template_filter ] --END-- [ RunTime:0.000057s ]
NOTIC: [8] Undefined index: name G:\MyGIT\CPS\Runtime\Cache\Manager\1d0f9561805f6437cd1f5cb6fa5f64a6.php 第 35 行.
NOTIC: [8] Undefined variable: login_url G:\MyGIT\CPS\Runtime\Cache\Manager\1d0f9561805f6437cd1f5cb6fa5f64a6.php 第 38 行.
NOTIC: [8] Undefined variable: info G:\MyGIT\CPS\Runtime\Cache\Manager\1d0f9561805f6437cd1f5cb6fa5f64a6.php 第 67 行.
INFO: Run Behavior\ParseTemplateBehavior [ RunTime:0.004292s ]
INFO: [ view_parse ] --END-- [ RunTime:0.004319s ]
INFO: [ view_filter ] --START--
INFO: Run Behavior\WriteHtmlCacheBehavior [ RunTime:0.000130s ]
INFO: [ view_filter ] --END-- [ RunTime:0.000152s ]
INFO: [ app_end ] --START--
INFO: Run Behavior\ShowPageTraceBehavior [ RunTime:0.000260s ]
INFO: [ app_end ] --END-- [ RunTime:0.000283s ]

[ 2016-10-12T15:57:58+08:00 ] ::1 /CPS/index.php/Manager/Manage/manage_info
INFO: [ app_init ] --START--
INFO: Run Behavior\BuildLiteBehavior [ RunTime:0.000009s ]
INFO: [ app_init ] --END-- [ RunTime:0.000230s ]
INFO: [ app_begin ] --START--
INFO: Run Behavior\ReadHtmlCacheBehavior [ RunTime:0.000276s ]
INFO: [ app_begin ] --END-- [ RunTime:0.000305s ]
INFO: [ view_parse ] --START--
INFO: [ template_filter ] --START--
INFO: Run Behavior\ContentReplaceBehavior [ RunTime:0.000053s ]
INFO: [ template_filter ] --END-- [ RunTime:0.000110s ]
NOTIC: [8] Undefined index: name G:\MyGIT\CPS\Runtime\Cache\Manager\1d0f9561805f6437cd1f5cb6fa5f64a6.php 第 35 行.
NOTIC: [8] Undefined variable: login_url G:\MyGIT\CPS\Runtime\Cache\Manager\1d0f9561805f6437cd1f5cb6fa5f64a6.php 第 38 行.
NOTIC: [8] Undefined variable: info G:\MyGIT\CPS\Runtime\Cache\Manager\1d0f9561805f6437cd1f5cb6fa5f64a6.php 第 67 行.
INFO: Run Behavior\ParseTemplateBehavior [ RunTime:0.005974s ]
INFO: [ view_parse ] --END-- [ RunTime:0.006008s ]
INFO: [ view_filter ] --START--
INFO: Run Behavior\WriteHtmlCacheBehavior [ RunTime:0.000154s ]
INFO: [ view_filter ] --END-- [ RunTime:0.000177s ]
INFO: [ app_end ] --START--
INFO: Run Behavior\ShowPageTraceBehavior [ RunTime:0.000297s ]
INFO: [ app_end ] --END-- [ RunTime:0.000322s ]

[ 2016-10-12T15:58:03+08:00 ] ::1 /CPS/index.php/Manager/Manage/manage_info
INFO: [ app_init ] --START--
INFO: Run Behavior\BuildLiteBehavior [ RunTime:0.000017s ]
INFO: [ app_init ] --END-- [ RunTime:0.000486s ]
INFO: [ app_begin ] --START--
INFO: Run Behavior\ReadHtmlCacheBehavior [ RunTime:0.000716s ]
INFO: [ app_begin ] --END-- [ RunTime:0.000792s ]
INFO: [ view_parse ] --START--
INFO: [ template_filter ] --START--
INFO: Run Behavior\ContentReplaceBehavior [ RunTime:0.000066s ]
INFO: [ template_filter ] --END-- [ RunTime:0.000131s ]
NOTIC: [8] Undefined index: name G:\MyGIT\CPS\Runtime\Cache\Manager\1d0f9561805f6437cd1f5cb6fa5f64a6.php 第 35 行.
NOTIC: [8] Undefined variable: login_url G:\MyGIT\CPS\Runtime\Cache\Manager\1d0f9561805f6437cd1f5cb6fa5f64a6.php 第 38 行.
NOTIC: [8] Undefined variable: info G:\MyGIT\CPS\Runtime\Cache\Manager\1d0f9561805f6437cd1f5cb6fa5f64a6.php 第 67 行.
INFO: Run Behavior\ParseTemplateBehavior [ RunTime:0.009803s ]
INFO: [ view_parse ] --END-- [ RunTime:0.009866s ]
INFO: [ view_filter ] --START--
INFO: Run Behavior\WriteHtmlCacheBehavior [ RunTime:0.000275s ]
INFO: [ view_filter ] --END-- [ RunTime:0.000311s ]
INFO: [ app_end ] --START--
INFO: Run Behavior\ShowPageTraceBehavior [ RunTime:0.000347s ]
INFO: [ app_end ] --END-- [ RunTime:0.000378s ]

[ 2016-10-12T15:58:31+08:00 ] ::1 /CPS/index.php/Manager/Manage/manage_info
INFO: [ app_init ] --START--
INFO: Run Behavior\BuildLiteBehavior [ RunTime:0.000012s ]
INFO: [ app_init ] --END-- [ RunTime:0.000342s ]
INFO: [ app_begin ] --START--
INFO: Run Behavior\ReadHtmlCacheBehavior [ RunTime:0.000490s ]
INFO: [ app_begin ] --END-- [ RunTime:0.000546s ]
INFO: [ view_parse ] --START--
INFO: [ template_filter ] --START--
INFO: Run Behavior\ContentReplaceBehavior [ RunTime:0.000043s ]
INFO: [ template_filter ] --END-- [ RunTime:0.000088s ]
NOTIC: [8] Undefined index: name G:\MyGIT\CPS\Runtime\Cache\Manager\1d0f9561805f6437cd1f5cb6fa5f64a6.php 第 35 行.
NOTIC: [8] Undefined variable: login_url G:\MyGIT\CPS\Runtime\Cache\Manager\1d0f9561805f6437cd1f5cb6fa5f64a6.php 第 38 行.
NOTIC: [8] Undefined variable: info G:\MyGIT\CPS\Runtime\Cache\Manager\1d0f9561805f6437cd1f5cb6fa5f64a6.php 第 67 行.
INFO: Run Behavior\ParseTemplateBehavior [ RunTime:0.008962s ]
INFO: [ view_parse ] --END-- [ RunTime:0.009010s ]
INFO: [ view_filter ] --START--
INFO: Run Behavior\WriteHtmlCacheBehavior [ RunTime:0.000241s ]
INFO: [ view_filter ] --END-- [ RunTime:0.000271s ]
INFO: [ app_end ] --START--
INFO: Run Behavior\ShowPageTraceBehavior [ RunTime:0.000410s ]
INFO: [ app_end ] --END-- [ RunTime:0.000441s ]

[ 2016-10-12T16:00:35+08:00 ] ::1 /CPS/index.php/Manager/Manage/manage_info
INFO: [ app_init ] --START--
INFO: Run Behavior\BuildLiteBehavior [ RunTime:0.000031s ]
INFO: [ app_init ] --END-- [ RunTime:0.000849s ]
INFO: [ app_begin ] --START--
INFO: Run Behavior\ReadHtmlCacheBehavior [ RunTime:0.001045s ]
INFO: [ app_begin ] --END-- [ RunTime:0.001176s ]
INFO: [ view_parse ] --START--
INFO: [ template_filter ] --START--
INFO: Run Behavior\ContentReplaceBehavior [ RunTime:0.000051s ]
INFO: [ template_filter ] --END-- [ RunTime:0.000101s ]
NOTIC: [8] Undefined index: name G:\MyGIT\CPS\Runtime\Cache\Manager\1d0f9561805f6437cd1f5cb6fa5f64a6.php 第 35 行.
NOTIC: [8] Undefined variable: login_url G:\MyGIT\CPS\Runtime\Cache\Manager\1d0f9561805f6437cd1f5cb6fa5f64a6.php 第 38 行.
NOTIC: [8] Undefined variable: info G:\MyGIT\CPS\Runtime\Cache\Manager\1d0f9561805f6437cd1f5cb6fa5f64a6.php 第 67 行.
INFO: Run Behavior\ParseTemplateBehavior [ RunTime:0.010838s ]
INFO: [ view_parse ] --END-- [ RunTime:0.010912s ]
INFO: [ view_filter ] --START--
INFO: Run Behavior\WriteHtmlCacheBehavior [ RunTime:0.000210s ]
INFO: [ view_filter ] --END-- [ RunTime:0.000243s ]
INFO: [ app_end ] --START--
INFO: Run Behavior\ShowPageTraceBehavior [ RunTime:0.000413s ]
INFO: [ app_end ] --END-- [ RunTime:0.000449s ]

[ 2016-10-12T16:01:13+08:00 ] ::1 /CPS/index.php/Manager/Manage/manage_info
INFO: [ app_init ] --START--
INFO: Run Behavior\BuildLiteBehavior [ RunTime:0.000014s ]
INFO: [ app_init ] --END-- [ RunTime:0.000380s ]
INFO: [ app_begin ] --START--
INFO: Run Behavior\ReadHtmlCacheBehavior [ RunTime:0.000461s ]
INFO: [ app_begin ] --END-- [ RunTime:0.000513s ]
INFO: [ view_parse ] --START--
INFO: [ template_filter ] --START--
INFO: Run Behavior\ContentReplaceBehavior [ RunTime:0.000057s ]
INFO: [ template_filter ] --END-- [ RunTime:0.000110s ]
NOTIC: [8] Undefined index: name G:\MyGIT\CPS\Runtime\Cache\Manager\1d0f9561805f6437cd1f5cb6fa5f64a6.php 第 35 行.
NOTIC: [8] Undefined variable: login_url G:\MyGIT\CPS\Runtime\Cache\Manager\1d0f9561805f6437cd1f5cb6fa5f64a6.php 第 38 行.
NOTIC: [8] Undefined variable: info G:\MyGIT\CPS\Runtime\Cache\Manager\1d0f9561805f6437cd1f5cb6fa5f64a6.php 第 67 行.
INFO: Run Behavior\ParseTemplateBehavior [ RunTime:0.007653s ]
INFO: [ view_parse ] --END-- [ RunTime:0.007701s ]
INFO: [ view_filter ] --START--
INFO: Run Behavior\WriteHtmlCacheBehavior [ RunTime:0.000237s ]
INFO: [ view_filter ] --END-- [ RunTime:0.000277s ]
INFO: [ app_end ] --START--
INFO: Run Behavior\ShowPageTraceBehavior [ RunTime:0.000467s ]
INFO: [ app_end ] --END-- [ RunTime:0.000511s ]

[ 2016-10-12T16:02:05+08:00 ] ::1 /CPS/index.php/Manager/Manage/manage_info
INFO: [ app_init ] --START--
INFO: Run Behavior\BuildLiteBehavior [ RunTime:0.000019s ]
INFO: [ app_init ] --END-- [ RunTime:0.000513s ]
INFO: [ app_begin ] --START--
INFO: Run Behavior\ReadHtmlCacheBehavior [ RunTime:0.000629s ]
INFO: [ app_begin ] --END-- [ RunTime:0.000701s ]
INFO: [ view_parse ] --START--
INFO: [ template_filter ] --START--
INFO: Run Behavior\ContentReplaceBehavior [ RunTime:0.000044s ]
INFO: [ template_filter ] --END-- [ RunTime:0.000085s ]
NOTIC: [8] Undefined index: name G:\MyGIT\CPS\Runtime\Cache\Manager\1d0f9561805f6437cd1f5cb6fa5f64a6.php 第 35 行.
NOTIC: [8] Undefined variable: login_url G:\MyGIT\CPS\Runtime\Cache\Manager\1d0f9561805f6437cd1f5cb6fa5f64a6.php 第 38 行.
NOTIC: [8] Undefined variable: info G:\MyGIT\CPS\Runtime\Cache\Manager\1d0f9561805f6437cd1f5cb6fa5f64a6.php 第 67 行.
INFO: Run Behavior\ParseTemplateBehavior [ RunTime:0.007269s ]
INFO: [ view_parse ] --END-- [ RunTime:0.007318s ]
INFO: [ view_filter ] --START--
INFO: Run Behavior\WriteHtmlCacheBehavior [ RunTime:0.000170s ]
INFO: [ view_filter ] --END-- [ RunTime:0.000200s ]
INFO: [ app_end ] --START--
INFO: Run Behavior\ShowPageTraceBehavior [ RunTime:0.000338s ]
INFO: [ app_end ] --END-- [ RunTime:0.000369s ]

[ 2016-10-12T16:03:19+08:00 ] ::1 /CPS/index.php/Manager/Manage/manage_info
INFO: [ app_init ] --START--
INFO: Run Behavior\BuildLiteBehavior [ RunTime:0.000019s ]
INFO: [ app_init ] --END-- [ RunTime:0.000631s ]
INFO: [ app_begin ] --START--
INFO: Run Behavior\ReadHtmlCacheBehavior [ RunTime:0.000711s ]
INFO: [ app_begin ] --END-- [ RunTime:0.000784s ]
INFO: [ view_parse ] --START--
INFO: [ template_filter ] --START--
INFO: Run Behavior\ContentReplaceBehavior [ RunTime:0.000032s ]
INFO: [ template_filter ] --END-- [ RunTime:0.000059s ]
NOTIC: [8] Undefined index: name G:\MyGIT\CPS\Runtime\Cache\Manager\1d0f9561805f6437cd1f5cb6fa5f64a6.php 第 35 行.
NOTIC: [8] Undefined variable: login_url G:\MyGIT\CPS\Runtime\Cache\Manager\1d0f9561805f6437cd1f5cb6fa5f64a6.php 第 38 行.
NOTIC: [8] Undefined variable: info G:\MyGIT\CPS\Runtime\Cache\Manager\1d0f9561805f6437cd1f5cb6fa5f64a6.php 第 67 行.
INFO: Run Behavior\ParseTemplateBehavior [ RunTime:0.004860s ]
INFO: [ view_parse ] --END-- [ RunTime:0.004891s ]
INFO: [ view_filter ] --START--
INFO: Run Behavior\WriteHtmlCacheBehavior [ RunTime:0.000187s ]
INFO: [ view_filter ] --END-- [ RunTime:0.000210s ]
INFO: [ app_end ] --START--
INFO: Run Behavior\ShowPageTraceBehavior [ RunTime:0.000300s ]
INFO: [ app_end ] --END-- [ RunTime:0.000325s ]

[ 2016-10-12T16:03:43+08:00 ] ::1 /CPS/index.php/Manager/Manage/manage_info
INFO: [ app_init ] --START--
INFO: Run Behavior\BuildLiteBehavior [ RunTime:0.000010s ]
INFO: [ app_init ] --END-- [ RunTime:0.000242s ]
INFO: [ app_begin ] --START--
INFO: Run Behavior\ReadHtmlCacheBehavior [ RunTime:0.000380s ]
INFO: [ app_begin ] --END-- [ RunTime:0.000427s ]
INFO: [ view_parse ] --START--
INFO: [ template_filter ] --START--
INFO: Run Behavior\ContentReplaceBehavior [ RunTime:0.000039s ]
INFO: [ template_filter ] --END-- [ RunTime:0.000092s ]
NOTIC: [8] Undefined index: name G:\MyGIT\CPS\Runtime\Cache\Manager\1d0f9561805f6437cd1f5cb6fa5f64a6.php 第 35 行.
NOTIC: [8] Undefined variable: login_url G:\MyGIT\CPS\Runtime\Cache\Manager\1d0f9561805f6437cd1f5cb6fa5f64a6.php 第 38 行.
NOTIC: [8] Undefined variable: info G:\MyGIT\CPS\Runtime\Cache\Manager\1d0f9561805f6437cd1f5cb6fa5f64a6.php 第 67 行.
INFO: Run Behavior\ParseTemplateBehavior [ RunTime:0.006545s ]
INFO: [ view_parse ] --END-- [ RunTime:0.006623s ]
INFO: [ view_filter ] --START--
INFO: Run Behavior\WriteHtmlCacheBehavior [ RunTime:0.000324s ]
INFO: [ view_filter ] --END-- [ RunTime:0.000379s ]
INFO: [ app_end ] --START--
INFO: Run Behavior\ShowPageTraceBehavior [ RunTime:0.000498s ]
INFO: [ app_end ] --END-- [ RunTime:0.000545s ]

[ 2016-10-12T16:03:45+08:00 ] ::1 /CPS/index.php/Manager/Manage/manage_info
INFO: [ app_init ] --START--
INFO: Run Behavior\BuildLiteBehavior [ RunTime:0.000016s ]
INFO: [ app_init ] --END-- [ RunTime:0.000425s ]
INFO: [ app_begin ] --START--
INFO: Run Behavior\ReadHtmlCacheBehavior [ RunTime:0.000512s ]
INFO: [ app_begin ] --END-- [ RunTime:0.000570s ]
INFO: [ view_parse ] --START--
INFO: [ template_filter ] --START--
INFO: Run Behavior\ContentReplaceBehavior [ RunTime:0.000065s ]
INFO: [ template_filter ] --END-- [ RunTime:0.000131s ]
NOTIC: [8] Undefined index: name G:\MyGIT\CPS\Runtime\Cache\Manager\1d0f9561805f6437cd1f5cb6fa5f64a6.php 第 35 行.
NOTIC: [8] Undefined variable: login_url G:\MyGIT\CPS\Runtime\Cache\Manager\1d0f9561805f6437cd1f5cb6fa5f64a6.php 第 38 行.
NOTIC: [8] Undefined variable: info G:\MyGIT\CPS\Runtime\Cache\Manager\1d0f9561805f6437cd1f5cb6fa5f64a6.php 第 67 行.
INFO: Run Behavior\ParseTemplateBehavior [ RunTime:0.008505s ]
INFO: [ view_parse ] --END-- [ RunTime:0.008561s ]
INFO: [ view_filter ] --START--
INFO: Run Behavior\WriteHtmlCacheBehavior [ RunTime:0.000268s ]
INFO: [ view_filter ] --END-- [ RunTime:0.000312s ]
INFO: [ app_end ] --START--
INFO: Run Behavior\ShowPageTraceBehavior [ RunTime:0.000528s ]
INFO: [ app_end ] --END-- [ RunTime:0.000576s ]

[ 2016-10-12T16:04:06+08:00 ] ::1 /CPS/index.php/Manager/Manage/manage_info
INFO: [ app_init ] --START--
INFO: Run Behavior\BuildLiteBehavior [ RunTime:0.000015s ]
INFO: [ app_init ] --END-- [ RunTime:0.000640s ]
INFO: [ app_begin ] --START--
INFO: Run Behavior\ReadHtmlCacheBehavior [ RunTime:0.000460s ]
INFO: [ app_begin ] --END-- [ RunTime:0.000513s ]
INFO: [ view_parse ] --START--
INFO: [ template_filter ] --START--
INFO: Run Behavior\ContentReplaceBehavior [ RunTime:0.000058s ]
INFO: [ template_filter ] --END-- [ RunTime:0.000113s ]
NOTIC: [8] Undefined index: name G:\MyGIT\CPS\Runtime\Cache\Manager\1d0f9561805f6437cd1f5cb6fa5f64a6.php 第 35 行.
NOTIC: [8] Undefined variable: login_url G:\MyGIT\CPS\Runtime\Cache\Manager\1d0f9561805f6437cd1f5cb6fa5f64a6.php 第 38 行.
NOTIC: [8] Undefined variable: info G:\MyGIT\CPS\Runtime\Cache\Manager\1d0f9561805f6437cd1f5cb6fa5f64a6.php 第 67 行.
INFO: Run Behavior\ParseTemplateBehavior [ RunTime:0.007793s ]
INFO: [ view_parse ] --END-- [ RunTime:0.007841s ]
INFO: [ view_filter ] --START--
INFO: Run Behavior\WriteHtmlCacheBehavior [ RunTime:0.000235s ]
INFO: [ view_filter ] --END-- [ RunTime:0.000273s ]
INFO: [ app_end ] --START--
INFO: Run Behavior\ShowPageTraceBehavior [ RunTime:0.000461s ]
INFO: [ app_end ] --END-- [ RunTime:0.000504s ]

[ 2016-10-12T16:04:44+08:00 ] ::1 /CPS/index.php/Manager/Manage/manage_info
INFO: [ app_init ] --START--
INFO: Run Behavior\BuildLiteBehavior [ RunTime:0.000018s ]
INFO: [ app_init ] --END-- [ RunTime:0.000502s ]
INFO: [ app_begin ] --START--
INFO: Run Behavior\ReadHtmlCacheBehavior [ RunTime:0.000590s ]
INFO: [ app_begin ] --END-- [ RunTime:0.000663s ]
INFO: [ view_parse ] --START--
INFO: [ template_filter ] --START--
INFO: Run Behavior\ContentReplaceBehavior [ RunTime:0.000130s ]
INFO: [ template_filter ] --END-- [ RunTime:0.000197s ]
NOTIC: [8] Undefined index: name G:\MyGIT\CPS\Runtime\Cache\Manager\1d0f9561805f6437cd1f5cb6fa5f64a6.php 第 35 行.
NOTIC: [8] Undefined variable: login_url G:\MyGIT\CPS\Runtime\Cache\Manager\1d0f9561805f6437cd1f5cb6fa5f64a6.php 第 38 行.
NOTIC: [8] Undefined variable: info G:\MyGIT\CPS\Runtime\Cache\Manager\1d0f9561805f6437cd1f5cb6fa5f64a6.php 第 67 行.
INFO: Run Behavior\ParseTemplateBehavior [ RunTime:0.009921s ]
INFO: [ view_parse ] --END-- [ RunTime:0.009988s ]
INFO: [ view_filter ] --START--
INFO: Run Behavior\WriteHtmlCacheBehavior [ RunTime:0.000309s ]
INFO: [ view_filter ] --END-- [ RunTime:0.000359s ]
INFO: [ app_end ] --START--
INFO: Run Behavior\ShowPageTraceBehavior [ RunTime:0.000597s ]
INFO: [ app_end ] --END-- [ RunTime:0.000651s ]

[ 2016-10-12T16:06:00+08:00 ] ::1 /CPS/index.php/Manager/Manage/manage_info
INFO: [ app_init ] --START--
INFO: Run Behavior\BuildLiteBehavior [ RunTime:0.000018s ]
INFO: [ app_init ] --END-- [ RunTime:0.000558s ]
INFO: [ app_begin ] --START--
INFO: Run Behavior\ReadHtmlCacheBehavior [ RunTime:0.000664s ]
INFO: [ app_begin ] --END-- [ RunTime:0.000736s ]
INFO: [ view_parse ] --START--
INFO: [ template_filter ] --START--
INFO: Run Behavior\ContentReplaceBehavior [ RunTime:0.000074s ]
INFO: [ template_filter ] --END-- [ RunTime:0.000141s ]
NOTIC: [8] Undefined index: name G:\MyGIT\CPS\Runtime\Cache\Manager\1d0f9561805f6437cd1f5cb6fa5f64a6.php 第 35 行.
NOTIC: [8] Undefined variable: login_url G:\MyGIT\CPS\Runtime\Cache\Manager\1d0f9561805f6437cd1f5cb6fa5f64a6.php 第 38 行.
NOTIC: [8] Undefined variable: info G:\MyGIT\CPS\Runtime\Cache\Manager\1d0f9561805f6437cd1f5cb6fa5f64a6.php 第 67 行.
INFO: Run Behavior\ParseTemplateBehavior [ RunTime:0.010726s ]
INFO: [ view_parse ] --END-- [ RunTime:0.010785s ]
INFO: [ view_filter ] --START--
INFO: Run Behavior\WriteHtmlCacheBehavior [ RunTime:0.000218s ]
INFO: [ view_filter ] --END-- [ RunTime:0.000246s ]
INFO: [ app_end ] --START--
INFO: Run Behavior\ShowPageTraceBehavior [ RunTime:0.000363s ]
INFO: [ app_end ] --END-- [ RunTime:0.000392s ]

[ 2016-10-12T16:06:55+08:00 ] ::1 /CPS/index.php/Manager/Manage/manage_info
INFO: [ app_init ] --START--
INFO: Run Behavior\BuildLiteBehavior [ RunTime:0.000009s ]
INFO: [ app_init ] --END-- [ RunTime:0.000262s ]
INFO: [ app_begin ] --START--
INFO: Run Behavior\ReadHtmlCacheBehavior [ RunTime:0.000427s ]
INFO: [ app_begin ] --END-- [ RunTime:0.000467s ]
INFO: [ view_parse ] --START--
INFO: [ template_filter ] --START--
INFO: Run Behavior\ContentReplaceBehavior [ RunTime:0.000043s ]
INFO: [ template_filter ] --END-- [ RunTime:0.000080s ]
NOTIC: [8] Undefined index: name G:\MyGIT\CPS\Runtime\Cache\Manager\1d0f9561805f6437cd1f5cb6fa5f64a6.php 第 35 行.
NOTIC: [8] Undefined variable: login_url G:\MyGIT\CPS\Runtime\Cache\Manager\1d0f9561805f6437cd1f5cb6fa5f64a6.php 第 38 行.
NOTIC: [8] Undefined variable: info G:\MyGIT\CPS\Runtime\Cache\Manager\1d0f9561805f6437cd1f5cb6fa5f64a6.php 第 67 行.
INFO: Run Behavior\ParseTemplateBehavior [ RunTime:0.011025s ]
INFO: [ view_parse ] --END-- [ RunTime:0.011056s ]
INFO: [ view_filter ] --START--
INFO: Run Behavior\WriteHtmlCacheBehavior [ RunTime:0.000182s ]
INFO: [ view_filter ] --END-- [ RunTime:0.000204s ]
INFO: [ app_end ] --START--
INFO: Run Behavior\ShowPageTraceBehavior [ RunTime:0.000309s ]
INFO: [ app_end ] --END-- [ RunTime:0.000335s ]

[ 2016-10-12T16:07:01+08:00 ] ::1 /CPS/index.php/Manager/Manage/manage_info
INFO: [ app_init ] --START--
INFO: Run Behavior\BuildLiteBehavior [ RunTime:0.000015s ]
INFO: [ app_init ] --END-- [ RunTime:0.000432s ]
INFO: [ app_begin ] --START--
INFO: Run Behavior\ReadHtmlCacheBehavior [ RunTime:0.000515s ]
INFO: [ app_begin ] --END-- [ RunTime:0.000575s ]
INFO: [ view_parse ] --START--
INFO: [ template_filter ] --START--
INFO: Run Behavior\ContentReplaceBehavior [ RunTime:0.000062s ]
INFO: [ template_filter ] --END-- [ RunTime:0.000119s ]
NOTIC: [8] Undefined index: name G:\MyGIT\CPS\Runtime\Cache\Manager\1d0f9561805f6437cd1f5cb6fa5f64a6.php 第 35 行.
NOTIC: [8] Undefined variable: login_url G:\MyGIT\CPS\Runtime\Cache\Manager\1d0f9561805f6437cd1f5cb6fa5f64a6.php 第 38 行.
NOTIC: [8] Undefined variable: info G:\MyGIT\CPS\Runtime\Cache\Manager\1d0f9561805f6437cd1f5cb6fa5f64a6.php 第 67 行.
INFO: Run Behavior\ParseTemplateBehavior [ RunTime:0.008662s ]
INFO: [ view_parse ] --END-- [ RunTime:0.008715s ]
INFO: [ view_filter ] --START--
INFO: Run Behavior\WriteHtmlCacheBehavior [ RunTime:0.000265s ]
INFO: [ view_filter ] --END-- [ RunTime:0.000309s ]
INFO: [ app_end ] --START--
INFO: Run Behavior\ShowPageTraceBehavior [ RunTime:0.000523s ]
INFO: [ app_end ] --END-- [ RunTime:0.000571s ]

[ 2016-10-12T16:07:26+08:00 ] ::1 /CPS/index.php/Manager/Manage/manage_info
INFO: [ app_init ] --START--
INFO: Run Behavior\BuildLiteBehavior [ RunTime:0.000010s ]
INFO: [ app_init ] --END-- [ RunTime:0.000240s ]
INFO: [ app_begin ] --START--
INFO: Run Behavior\ReadHtmlCacheBehavior [ RunTime:0.000286s ]
INFO: [ app_begin ] --END-- [ RunTime:0.000317s ]
INFO: [ view_parse ] --START--
INFO: [ template_filter ] --START--
INFO: Run Behavior\ContentReplaceBehavior [ RunTime:0.000039s ]
INFO: [ template_filter ] --END-- [ RunTime:0.000084s ]
NOTIC: [8] Undefined index: name G:\MyGIT\CPS\Runtime\Cache\Manager\1d0f9561805f6437cd1f5cb6fa5f64a6.php 第 35 行.
NOTIC: [8] Undefined variable: login_url G:\MyGIT\CPS\Runtime\Cache\Manager\1d0f9561805f6437cd1f5cb6fa5f64a6.php 第 38 行.
NOTIC: [8] Undefined variable: info G:\MyGIT\CPS\Runtime\Cache\Manager\1d0f9561805f6437cd1f5cb6fa5f64a6.php 第 67 行.
INFO: Run Behavior\ParseTemplateBehavior [ RunTime:0.005275s ]
INFO: [ view_parse ] --END-- [ RunTime:0.005304s ]
INFO: [ view_filter ] --START--
INFO: Run Behavior\WriteHtmlCacheBehavior [ RunTime:0.000147s ]
INFO: [ view_filter ] --END-- [ RunTime:0.000169s ]
INFO: [ app_end ] --START--
INFO: Run Behavior\ShowPageTraceBehavior [ RunTime:0.000278s ]
INFO: [ app_end ] --END-- [ RunTime:0.000302s ]

[ 2016-10-12T16:32:11+08:00 ] ::1 /CPS/index.php/Manager/Manage/manage_info
INFO: [ app_init ] --START--
INFO: Run Behavior\BuildLiteBehavior [ RunTime:0.000014s ]
INFO: [ app_init ] --END-- [ RunTime:0.000330s ]
INFO: [ app_begin ] --START--
INFO: Run Behavior\ReadHtmlCacheBehavior [ RunTime:0.000409s ]
INFO: [ app_begin ] --END-- [ RunTime:0.000446s ]
INFO: [ view_parse ] --START--
INFO: [ template_filter ] --START--
INFO: Run Behavior\ContentReplaceBehavior [ RunTime:0.000047s ]
INFO: [ template_filter ] --END-- [ RunTime:0.000084s ]
NOTIC: [8] Undefined index: name G:\MyGIT\CPS\Runtime\Cache\Manager\1d0f9561805f6437cd1f5cb6fa5f64a6.php 第 35 行.
NOTIC: [8] Undefined variable: login_url G:\MyGIT\CPS\Runtime\Cache\Manager\1d0f9561805f6437cd1f5cb6fa5f64a6.php 第 38 行.
NOTIC: [8] Undefined variable: info G:\MyGIT\CPS\Runtime\Cache\Manager\1d0f9561805f6437cd1f5cb6fa5f64a6.php 第 67 行.
INFO: Run Behavior\ParseTemplateBehavior [ RunTime:0.011007s ]
INFO: [ view_parse ] --END-- [ RunTime:0.011035s ]
INFO: [ view_filter ] --START--
INFO: Run Behavior\WriteHtmlCacheBehavior [ RunTime:0.000191s ]
INFO: [ view_filter ] --END-- [ RunTime:0.000228s ]
INFO: [ app_end ] --START--
INFO: Run Behavior\ShowPageTraceBehavior [ RunTime:0.000320s ]
INFO: [ app_end ] --END-- [ RunTime:0.000346s ]

[ 2016-10-12T16:32:46+08:00 ] ::1 /CPS/index.php/Manager/Manage/manage_info
INFO: [ app_init ] --START--
INFO: Run Behavior\BuildLiteBehavior [ RunTime:0.000034s ]
INFO: [ app_init ] --END-- [ RunTime:0.000706s ]
INFO: [ app_begin ] --START--
INFO: Run Behavior\ReadHtmlCacheBehavior [ RunTime:0.000749s ]
INFO: [ app_begin ] --END-- [ RunTime:0.000837s ]
INFO: [ view_parse ] --START--
INFO: [ template_filter ] --START--
INFO: Run Behavior\ContentReplaceBehavior [ RunTime:0.000100s ]
INFO: [ template_filter ] --END-- [ RunTime:0.000194s ]
NOTIC: [8] Undefined index: name G:\MyGIT\CPS\Runtime\Cache\Manager\1d0f9561805f6437cd1f5cb6fa5f64a6.php 第 35 行.
NOTIC: [8] Undefined variable: login_url G:\MyGIT\CPS\Runtime\Cache\Manager\1d0f9561805f6437cd1f5cb6fa5f64a6.php 第 38 行.
NOTIC: [8] Undefined variable: info G:\MyGIT\CPS\Runtime\Cache\Manager\1d0f9561805f6437cd1f5cb6fa5f64a6.php 第 67 行.
INFO: Run Behavior\ParseTemplateBehavior [ RunTime:0.012352s ]
INFO: [ view_parse ] --END-- [ RunTime:0.012432s ]
INFO: [ view_filter ] --START--
INFO: Run Behavior\WriteHtmlCacheBehavior [ RunTime:0.000386s ]
INFO: [ view_filter ] --END-- [ RunTime:0.000449s ]
INFO: [ app_end ] --START--
INFO: Run Behavior\ShowPageTraceBehavior [ RunTime:0.000740s ]
INFO: [ app_end ] --END-- [ RunTime:0.000808s ]

[ 2016-10-12T16:34:13+08:00 ] ::1 /CPS/index.php/Manager/Manage/manage_info
INFO: [ app_init ] --START--
INFO: Run Behavior\BuildLiteBehavior [ RunTime:0.000016s ]
INFO: [ app_init ] --END-- [ RunTime:0.000498s ]
INFO: [ app_begin ] --START--
INFO: Run Behavior\ReadHtmlCacheBehavior [ RunTime:0.000589s ]
INFO: [ app_begin ] --END-- [ RunTime:0.000654s ]
INFO: [ view_parse ] --START--
INFO: [ template_filter ] --START--
INFO: Run Behavior\ContentReplaceBehavior [ RunTime:0.000063s ]
INFO: [ template_filter ] --END-- [ RunTime:0.000125s ]
NOTIC: [8] Undefined index: name G:\MyGIT\CPS\Runtime\Cache\Manager\1d0f9561805f6437cd1f5cb6fa5f64a6.php 第 35 行.
NOTIC: [8] Undefined variable: login_url G:\MyGIT\CPS\Runtime\Cache\Manager\1d0f9561805f6437cd1f5cb6fa5f64a6.php 第 38 行.
NOTIC: [8] Undefined variable: info G:\MyGIT\CPS\Runtime\Cache\Manager\1d0f9561805f6437cd1f5cb6fa5f64a6.php 第 67 行.
INFO: Run Behavior\ParseTemplateBehavior [ RunTime:0.010194s ]
INFO: [ view_parse ] --END-- [ RunTime:0.010259s ]
INFO: [ view_filter ] --START--
INFO: Run Behavior\WriteHtmlCacheBehavior [ RunTime:0.000418s ]
INFO: [ view_filter ] --END-- [ RunTime:0.000468s ]
INFO: [ app_end ] --START--
INFO: Run Behavior\ShowPageTraceBehavior [ RunTime:0.000861s ]
INFO: [ app_end ] --END-- [ RunTime:0.000927s ]

[ 2016-10-12T16:34:23+08:00 ] ::1 /CPS/index.php/Manager/Manage/manage_info
INFO: [ app_init ] --START--
INFO: Run Behavior\BuildLiteBehavior [ RunTime:0.000009s ]
INFO: [ app_init ] --END-- [ RunTime:0.000228s ]
INFO: [ app_begin ] --START--
INFO: Run Behavior\ReadHtmlCacheBehavior [ RunTime:0.000318s ]
INFO: [ app_begin ] --END-- [ RunTime:0.000354s ]
INFO: [ view_parse ] --START--
INFO: [ template_filter ] --START--
INFO: Run Behavior\ContentReplaceBehavior [ RunTime:0.000033s ]
INFO: [ template_filter ] --END-- [ RunTime:0.000067s ]
NOTIC: [8] Undefined index: name G:\MyGIT\CPS\Runtime\Cache\Manager\1d0f9561805f6437cd1f5cb6fa5f64a6.php 第 35 行.
NOTIC: [8] Undefined variable: login_url G:\MyGIT\CPS\Runtime\Cache\Manager\1d0f9561805f6437cd1f5cb6fa5f64a6.php 第 38 行.
NOTIC: [8] Undefined variable: info G:\MyGIT\CPS\Runtime\Cache\Manager\1d0f9561805f6437cd1f5cb6fa5f64a6.php 第 67 行.
INFO: Run Behavior\ParseTemplateBehavior [ RunTime:0.004645s ]
INFO: [ view_parse ] --END-- [ RunTime:0.004672s ]
INFO: [ view_filter ] --START--
INFO: Run Behavior\WriteHtmlCacheBehavior [ RunTime:0.000133s ]
INFO: [ view_filter ] --END-- [ RunTime:0.000155s ]
INFO: [ app_end ] --START--
INFO: Run Behavior\ShowPageTraceBehavior [ RunTime:0.000268s ]
INFO: [ app_end ] --END-- [ RunTime:0.000291s ]

[ 2016-10-12T16:34:35+08:00 ] ::1 /CPS/index.php/Manager/Manage/manage_info
INFO: [ app_init ] --START--
INFO: Run Behavior\BuildLiteBehavior [ RunTime:0.000009s ]
INFO: [ app_init ] --END-- [ RunTime:0.000224s ]
INFO: [ app_begin ] --START--
INFO: Run Behavior\ReadHtmlCacheBehavior [ RunTime:0.000263s ]
INFO: [ app_begin ] --END-- [ RunTime:0.000295s ]
INFO: [ view_parse ] --START--
INFO: [ template_filter ] --START--
INFO: Run Behavior\ContentReplaceBehavior [ RunTime:0.000037s ]
INFO: [ template_filter ] --END-- [ RunTime:0.000076s ]
NOTIC: [8] Undefined index: name G:\MyGIT\CPS\Runtime\Cache\Manager\1d0f9561805f6437cd1f5cb6fa5f64a6.php 第 35 行.
NOTIC: [8] Undefined variable: login_url G:\MyGIT\CPS\Runtime\Cache\Manager\1d0f9561805f6437cd1f5cb6fa5f64a6.php 第 38 行.
NOTIC: [8] Undefined variable: info G:\MyGIT\CPS\Runtime\Cache\Manager\1d0f9561805f6437cd1f5cb6fa5f64a6.php 第 67 行.
INFO: Run Behavior\ParseTemplateBehavior [ RunTime:0.004915s ]
INFO: [ view_parse ] --END-- [ RunTime:0.004942s ]
INFO: [ view_filter ] --START--
INFO: Run Behavior\WriteHtmlCacheBehavior [ RunTime:0.000144s ]
INFO: [ view_filter ] --END-- [ RunTime:0.000168s ]
INFO: [ app_end ] --START--
INFO: Run Behavior\ShowPageTraceBehavior [ RunTime:0.000281s ]
INFO: [ app_end ] --END-- [ RunTime:0.000308s ]

[ 2016-10-12T16:51:53+08:00 ] ::1 /CPS/index.php/Manager/Manage/check_courseInfo
INFO: [ app_init ] --START--
INFO: Run Behavior\BuildLiteBehavior [ RunTime:0.000009s ]
INFO: [ app_init ] --END-- [ RunTime:0.000416s ]
INFO: [ app_begin ] --START--
INFO: Run Behavior\ReadHtmlCacheBehavior [ RunTime:0.000353s ]
INFO: [ app_begin ] --END-- [ RunTime:0.000384s ]
INFO: [ view_parse ] --START--
INFO: [ template_filter ] --START--
INFO: Run Behavior\ContentReplaceBehavior [ RunTime:0.000039s ]
INFO: [ template_filter ] --END-- [ RunTime:0.000069s ]
NOTIC: [8] Undefined index: name G:\MyGIT\CPS\Runtime\Cache\Manager\a7127888b7b6599744cdeb6b2c30ed3a.php 第 35 行.
NOTIC: [8] Undefined variable: login_url G:\MyGIT\CPS\Runtime\Cache\Manager\a7127888b7b6599744cdeb6b2c30ed3a.php 第 38 行.
NOTIC: [8] Undefined variable: info G:\MyGIT\CPS\Runtime\Cache\Manager\a7127888b7b6599744cdeb6b2c30ed3a.php 第 66 行.
INFO: Run Behavior\ParseTemplateBehavior [ RunTime:0.010499s ]
INFO: [ view_parse ] --END-- [ RunTime:0.010526s ]
INFO: [ view_filter ] --START--
INFO: Run Behavior\WriteHtmlCacheBehavior [ RunTime:0.000178s ]
INFO: [ view_filter ] --END-- [ RunTime:0.000200s ]
INFO: [ app_end ] --START--
INFO: Run Behavior\ShowPageTraceBehavior [ RunTime:0.000305s ]
INFO: [ app_end ] --END-- [ RunTime:0.000330s ]

[ 2016-10-12T16:52:22+08:00 ] ::1 /CPS/index.php/Manager/Manage/check_courseInfo
INFO: [ app_init ] --START--
INFO: Run Behavior\BuildLiteBehavior [ RunTime:0.000030s ]
INFO: [ app_init ] --END-- [ RunTime:0.000639s ]
INFO: [ app_begin ] --START--
INFO: Run Behavior\ReadHtmlCacheBehavior [ RunTime:0.000718s ]
INFO: [ app_begin ] --END-- [ RunTime:0.000816s ]
INFO: [ view_parse ] --START--
INFO: [ template_filter ] --START--
INFO: Run Behavior\ContentReplaceBehavior [ RunTime:0.000040s ]
INFO: [ template_filter ] --END-- [ RunTime:0.000085s ]
NOTIC: [8] Undefined index: name G:\MyGIT\CPS\Runtime\Cache\Manager\a7127888b7b6599744cdeb6b2c30ed3a.php 第 35 行.
NOTIC: [8] Undefined variable: login_url G:\MyGIT\CPS\Runtime\Cache\Manager\a7127888b7b6599744cdeb6b2c30ed3a.php 第 38 行.
NOTIC: [8] Undefined variable: info G:\MyGIT\CPS\Runtime\Cache\Manager\a7127888b7b6599744cdeb6b2c30ed3a.php 第 66 行.
INFO: Run Behavior\ParseTemplateBehavior [ RunTime:0.006876s ]
INFO: [ view_parse ] --END-- [ RunTime:0.006928s ]
INFO: [ view_filter ] --START--
INFO: Run Behavior\WriteHtmlCacheBehavior [ RunTime:0.000187s ]
INFO: [ view_filter ] --END-- [ RunTime:0.000224s ]
INFO: [ app_end ] --START--
INFO: Run Behavior\ShowPageTraceBehavior [ RunTime:0.000348s ]
INFO: [ app_end ] --END-- [ RunTime:0.000379s ]

[ 2016-10-12T16:54:51+08:00 ] ::1 /CPS/index.php/Manager/Manage/check_courseInfo
INFO: [ app_init ] --START--
INFO: Run Behavior\BuildLiteBehavior [ RunTime:0.000012s ]
INFO: [ app_init ] --END-- [ RunTime:0.000349s ]
INFO: [ app_begin ] --START--
INFO: Run Behavior\ReadHtmlCacheBehavior [ RunTime:0.000405s ]
INFO: [ app_begin ] --END-- [ RunTime:0.000448s ]
INFO: [ view_parse ] --START--
INFO: [ template_filter ] --START--
INFO: Run Behavior\ContentReplaceBehavior [ RunTime:0.000044s ]
INFO: [ template_filter ] --END-- [ RunTime:0.000086s ]
NOTIC: [8] Undefined index: name G:\MyGIT\CPS\Runtime\Cache\Manager\a7127888b7b6599744cdeb6b2c30ed3a.php 第 35 行.
NOTIC: [8] Undefined variable: login_url G:\MyGIT\CPS\Runtime\Cache\Manager\a7127888b7b6599744cdeb6b2c30ed3a.php 第 38 行.
NOTIC: [8] Undefined variable: info G:\MyGIT\CPS\Runtime\Cache\Manager\a7127888b7b6599744cdeb6b2c30ed3a.php 第 68 行.
INFO: Run Behavior\ParseTemplateBehavior [ RunTime:0.006935s ]
INFO: [ view_parse ] --END-- [ RunTime:0.006975s ]
INFO: [ view_filter ] --START--
INFO: Run Behavior\WriteHtmlCacheBehavior [ RunTime:0.000260s ]
INFO: [ view_filter ] --END-- [ RunTime:0.000291s ]
INFO: [ app_end ] --START--
INFO: Run Behavior\ShowPageTraceBehavior [ RunTime:0.000430s ]
INFO: [ app_end ] --END-- [ RunTime:0.000464s ]

[ 2016-10-12T16:55:53+08:00 ] ::1 /CPS/index.php/Manager/Manage/check_courseInfo
INFO: [ app_init ] --START--
INFO: Run Behavior\BuildLiteBehavior [ RunTime:0.000019s ]
INFO: [ app_init ] --END-- [ RunTime:0.000509s ]
INFO: [ app_begin ] --START--
INFO: Run Behavior\ReadHtmlCacheBehavior [ RunTime:0.000633s ]
INFO: [ app_begin ] --END-- [ RunTime:0.000699s ]
INFO: [ view_parse ] --START--
INFO: [ template_filter ] --START--
INFO: Run Behavior\ContentReplaceBehavior [ RunTime:0.000076s ]
INFO: [ template_filter ] --END-- [ RunTime:0.000143s ]
NOTIC: [8] Undefined index: name G:\MyGIT\CPS\Runtime\Cache\Manager\a7127888b7b6599744cdeb6b2c30ed3a.php 第 35 行.
NOTIC: [8] Undefined variable: login_url G:\MyGIT\CPS\Runtime\Cache\Manager\a7127888b7b6599744cdeb6b2c30ed3a.php 第 38 行.
NOTIC: [8] Undefined variable: info G:\MyGIT\CPS\Runtime\Cache\Manager\a7127888b7b6599744cdeb6b2c30ed3a.php 第 68 行.
INFO: Run Behavior\ParseTemplateBehavior [ RunTime:0.009341s ]
INFO: [ view_parse ] --END-- [ RunTime:0.009398s ]
INFO: [ view_filter ] --START--
INFO: Run Behavior\WriteHtmlCacheBehavior [ RunTime:0.000289s ]
INFO: [ view_filter ] --END-- [ RunTime:0.000339s ]
INFO: [ app_end ] --START--
INFO: Run Behavior\ShowPageTraceBehavior [ RunTime:0.000565s ]
INFO: [ app_end ] --END-- [ RunTime:0.000618s ]

[ 2016-10-12T16:57:24+08:00 ] ::1 /CPS/index.php/Manager/Manage/check_courseInfo
INFO: [ app_init ] --START--
INFO: Run Behavior\BuildLiteBehavior [ RunTime:0.000009s ]
INFO: [ app_init ] --END-- [ RunTime:0.000255s ]
INFO: [ app_begin ] --START--
INFO: Run Behavior\ReadHtmlCacheBehavior [ RunTime:0.000298s ]
INFO: [ app_begin ] --END-- [ RunTime:0.000329s ]
INFO: [ view_parse ] --START--
INFO: [ template_filter ] --START--
INFO: Run Behavior\ContentReplaceBehavior [ RunTime:0.000035s ]
INFO: [ template_filter ] --END-- [ RunTime:0.000071s ]
NOTIC: [8] Undefined index: name G:\MyGIT\CPS\Runtime\Cache\Manager\a7127888b7b6599744cdeb6b2c30ed3a.php 第 35 行.
NOTIC: [8] Undefined variable: login_url G:\MyGIT\CPS\Runtime\Cache\Manager\a7127888b7b6599744cdeb6b2c30ed3a.php 第 38 行.
NOTIC: [8] Undefined variable: info G:\MyGIT\CPS\Runtime\Cache\Manager\a7127888b7b6599744cdeb6b2c30ed3a.php 第 68 行.
INFO: Run Behavior\ParseTemplateBehavior [ RunTime:0.006148s ]
INFO: [ view_parse ] --END-- [ RunTime:0.006181s ]
INFO: [ view_filter ] --START--
INFO: Run Behavior\WriteHtmlCacheBehavior [ RunTime:0.000177s ]
INFO: [ view_filter ] --END-- [ RunTime:0.000199s ]
INFO: [ app_end ] --START--
INFO: Run Behavior\ShowPageTraceBehavior [ RunTime:0.000310s ]
INFO: [ app_end ] --END-- [ RunTime:0.000333s ]

[ 2016-10-12T16:57:36+08:00 ] ::1 /CPS/index.php/Manager/Manage/check_courseInfo
INFO: [ app_init ] --START--
INFO: Run Behavior\BuildLiteBehavior [ RunTime:0.000025s ]
INFO: [ app_init ] --END-- [ RunTime:0.000449s ]
INFO: [ app_begin ] --START--
INFO: Run Behavior\ReadHtmlCacheBehavior [ RunTime:0.000484s ]
INFO: [ app_begin ] --END-- [ RunTime:0.000537s ]
INFO: [ view_parse ] --START--
INFO: [ template_filter ] --START--
INFO: Run Behavior\ContentReplaceBehavior [ RunTime:0.000055s ]
INFO: [ template_filter ] --END-- [ RunTime:0.000107s ]
NOTIC: [8] Undefined index: name G:\MyGIT\CPS\Runtime\Cache\Manager\a7127888b7b6599744cdeb6b2c30ed3a.php 第 35 行.
NOTIC: [8] Undefined variable: login_url G:\MyGIT\CPS\Runtime\Cache\Manager\a7127888b7b6599744cdeb6b2c30ed3a.php 第 38 行.
NOTIC: [8] Undefined variable: info G:\MyGIT\CPS\Runtime\Cache\Manager\a7127888b7b6599744cdeb6b2c30ed3a.php 第 68 行.
INFO: Run Behavior\ParseTemplateBehavior [ RunTime:0.008001s ]
INFO: [ view_parse ] --END-- [ RunTime:0.008049s ]
INFO: [ view_filter ] --START--
INFO: Run Behavior\WriteHtmlCacheBehavior [ RunTime:0.000237s ]
INFO: [ view_filter ] --END-- [ RunTime:0.000276s ]
INFO: [ app_end ] --START--
INFO: Run Behavior\ShowPageTraceBehavior [ RunTime:0.000468s ]
INFO: [ app_end ] --END-- [ RunTime:0.000517s ]

[ 2016-10-12T17:11:58+08:00 ] ::1 /CPS/index.php/Manager/Manage/check_courseInfo
INFO: [ app_init ] --START--
INFO: Run Behavior\BuildLiteBehavior [ RunTime:0.000007s ]
INFO: [ app_init ] --END-- [ RunTime:0.000261s ]
INFO: [ app_begin ] --START--
INFO: Run Behavior\ReadHtmlCacheBehavior [ RunTime:0.000403s ]
INFO: [ app_begin ] --END-- [ RunTime:0.000435s ]
INFO: [ view_parse ] --START--
INFO: [ template_filter ] --START--
INFO: Run Behavior\ContentReplaceBehavior [ RunTime:0.000046s ]
INFO: [ template_filter ] --END-- [ RunTime:0.000079s ]
NOTIC: [8] Undefined index: name G:\MyGIT\CPS\Runtime\Cache\Manager\a7127888b7b6599744cdeb6b2c30ed3a.php 第 35 行.
NOTIC: [8] Undefined variable: login_url G:\MyGIT\CPS\Runtime\Cache\Manager\a7127888b7b6599744cdeb6b2c30ed3a.php 第 38 行.
NOTIC: [8] Undefined variable: info G:\MyGIT\CPS\Runtime\Cache\Manager\a7127888b7b6599744cdeb6b2c30ed3a.php 第 68 行.
INFO: Run Behavior\ParseTemplateBehavior [ RunTime:0.010699s ]
INFO: [ view_parse ] --END-- [ RunTime:0.010727s ]
INFO: [ view_filter ] --START--
INFO: Run Behavior\WriteHtmlCacheBehavior [ RunTime:0.000183s ]
INFO: [ view_filter ] --END-- [ RunTime:0.000206s ]
INFO: [ app_end ] --START--
INFO: Run Behavior\ShowPageTraceBehavior [ RunTime:0.000307s ]
INFO: [ app_end ] --END-- [ RunTime:0.000331s ]

[ 2016-10-12T20:24:39+08:00 ] ::1 /CPS/index.php/Manager/Manage/check_courseInfo
INFO: [ app_init ] --START--
INFO: Run Behavior\BuildLiteBehavior [ RunTime:0.000008s ]
INFO: [ app_init ] --END-- [ RunTime:0.000262s ]
INFO: [ app_begin ] --START--
INFO: Run Behavior\ReadHtmlCacheBehavior [ RunTime:0.000339s ]
INFO: [ app_begin ] --END-- [ RunTime:0.000369s ]
INFO: [ view_parse ] --START--
INFO: [ template_filter ] --START--
INFO: Run Behavior\ContentReplaceBehavior [ RunTime:0.000043s ]
INFO: [ template_filter ] --END-- [ RunTime:0.000076s ]
NOTIC: [8] Undefined index: name G:\MyGIT\CPS\Runtime\Cache\Manager\a7127888b7b6599744cdeb6b2c30ed3a.php 第 35 行.
NOTIC: [8] Undefined variable: login_url G:\MyGIT\CPS\Runtime\Cache\Manager\a7127888b7b6599744cdeb6b2c30ed3a.php 第 38 行.
NOTIC: [8] Undefined variable: info G:\MyGIT\CPS\Runtime\Cache\Manager\a7127888b7b6599744cdeb6b2c30ed3a.php 第 69 行.
INFO: Run Behavior\ParseTemplateBehavior [ RunTime:0.010565s ]
INFO: [ view_parse ] --END-- [ RunTime:0.010591s ]
INFO: [ view_filter ] --START--
INFO: Run Behavior\WriteHtmlCacheBehavior [ RunTime:0.000186s ]
INFO: [ view_filter ] --END-- [ RunTime:0.000208s ]
INFO: [ app_end ] --START--
INFO: Run Behavior\ShowPageTraceBehavior [ RunTime:0.000311s ]
INFO: [ app_end ] --END-- [ RunTime:0.000337s ]

[ 2016-10-12T20:26:25+08:00 ] ::1 /CPS/index.php/Manager/Manage/check_courseInfo
INFO: [ app_init ] --START--
INFO: Run Behavior\BuildLiteBehavior [ RunTime:0.000008s ]
INFO: [ app_init ] --END-- [ RunTime:0.000212s ]
INFO: [ app_begin ] --START--
INFO: Run Behavior\ReadHtmlCacheBehavior [ RunTime:0.000260s ]
INFO: [ app_begin ] --END-- [ RunTime:0.000289s ]
INFO: [ view_parse ] --START--
INFO: [ template_filter ] --START--
INFO: Run Behavior\ContentReplaceBehavior [ RunTime:0.000044s ]
INFO: [ template_filter ] --END-- [ RunTime:0.000079s ]
NOTIC: [8] Undefined index: name G:\MyGIT\CPS\Runtime\Cache\Manager\a7127888b7b6599744cdeb6b2c30ed3a.php 第 35 行.
NOTIC: [8] Undefined variable: login_url G:\MyGIT\CPS\Runtime\Cache\Manager\a7127888b7b6599744cdeb6b2c30ed3a.php 第 38 行.
NOTIC: [8] Undefined variable: info G:\MyGIT\CPS\Runtime\Cache\Manager\a7127888b7b6599744cdeb6b2c30ed3a.php 第 69 行.
INFO: Run Behavior\ParseTemplateBehavior [ RunTime:0.004398s ]
INFO: [ view_parse ] --END-- [ RunTime:0.004424s ]
INFO: [ view_filter ] --START--
INFO: Run Behavior\WriteHtmlCacheBehavior [ RunTime:0.000132s ]
INFO: [ view_filter ] --END-- [ RunTime:0.000154s ]
INFO: [ app_end ] --START--
INFO: Run Behavior\ShowPageTraceBehavior [ RunTime:0.000270s ]
INFO: [ app_end ] --END-- [ RunTime:0.000295s ]

