[ 2016-11-05T18:54:06+08:00 ] ::1 /CPS/index.php/Manager/Manage/manage_info
INFO: [ app_init ] --START--
INFO: Run Behavior\BuildLiteBehavior [ RunTime:0.000015s ]
INFO: [ app_init ] --END-- [ RunTime:0.001838s ]
INFO: [ app_begin ] --START--
INFO: Run Behavior\ReadHtmlCacheBehavior [ RunTime:0.000797s ]
INFO: [ app_begin ] --END-- [ RunTime:0.000864s ]
SQL: SHOW COLUMNS FROM `course` [ RunTime:0.0819s ]
SQL: SELECT * FROM `course`  [ RunTime:0.0025s ]
INFO: [ view_parse ] --START--
INFO: [ template_filter ] --START--
INFO: Run Behavior\ContentReplaceBehavior [ RunTime:0.017441s ]
INFO: [ template_filter ] --END-- [ RunTime:0.017598s ]
NOTIC: [8] Undefined index: name G:\MyGIT\CPS\Runtime\Cache\Manager\1d0f9561805f6437cd1f5cb6fa5f64a6.php 第 36 行.
INFO: Run Behavior\ParseTemplateBehavior [ RunTime:0.097603s ]
INFO: [ view_parse ] --END-- [ RunTime:0.097718s ]
INFO: [ view_filter ] --START--
INFO: Run Behavior\WriteHtmlCacheBehavior [ RunTime:0.034173s ]
INFO: [ view_filter ] --END-- [ RunTime:0.034297s ]
INFO: [ app_end ] --START--
INFO: Run Behavior\ShowPageTraceBehavior [ RunTime:0.022277s ]
INFO: [ app_end ] --END-- [ RunTime:0.022407s ]

[ 2016-11-05T18:54:10+08:00 ] ::1 /CPS/index.php/Manager/Manage/check_group/course_id/1
INFO: [ app_init ] --START--
INFO: Run Behavior\BuildLiteBehavior [ RunTime:0.000010s ]
INFO: [ app_init ] --END-- [ RunTime:0.000275s ]
INFO: [ app_begin ] --START--
INFO: Run Behavior\ReadHtmlCacheBehavior [ RunTime:0.000337s ]
INFO: [ app_begin ] --END-- [ RunTime:0.000374s ]
SQL: SHOW COLUMNS FROM `course` [ RunTime:0.0054s ]
SQL: SELECT * FROM `course` WHERE ( course_id = '1' )  [ RunTime:0.0019s ]
SQL: SHOW COLUMNS FROM `reply` [ RunTime:0.0603s ]
SQL: SELECT `reply_group_id`,`group_leader_id` FROM `reply` WHERE ( course_id = '1' )  [ RunTime:0.0017s ]
SQL: SHOW COLUMNS FROM `reply_member` [ RunTime:0.0368s ]
SQL: SHOW COLUMNS FROM `reply_member` [ RunTime:0.0053s ]
SQL: SELECT B.teacher_id,B.teacher_name FROM reply_member as A,teacher as B WHERE ( A.teacher_id=B.teacher_id and A.reply_group_id = '1' )  [ RunTime:0.0644s ]
SQL: SHOW COLUMNS FROM `reply_member` [ RunTime:0.0056s ]
SQL: SELECT B.teacher_id,B.teacher_name FROM reply_member as A,teacher as B WHERE ( A.teacher_id=B.teacher_id and A.reply_group_id = '2' )  [ RunTime:0.0019s ]
INFO: [ view_parse ] --START--
INFO: [ template_filter ] --START--
INFO: Run Behavior\ContentReplaceBehavior [ RunTime:0.000037s ]
INFO: [ template_filter ] --END-- [ RunTime:0.000072s ]
NOTIC: [8] Undefined index: name G:\MyGIT\CPS\Runtime\Cache\Manager\c63ca1f183ee47a7c136db3d5d215570.php 第 36 行.
INFO: Run Behavior\ParseTemplateBehavior [ RunTime:0.005728s ]
INFO: [ view_parse ] --END-- [ RunTime:0.005760s ]
INFO: [ view_filter ] --START--
INFO: Run Behavior\WriteHtmlCacheBehavior [ RunTime:0.000153s ]
INFO: [ view_filter ] --END-- [ RunTime:0.000175s ]
INFO: [ app_end ] --START--
INFO: Run Behavior\ShowPageTraceBehavior [ RunTime:0.000289s ]
INFO: [ app_end ] --END-- [ RunTime:0.000312s ]

[ 2016-11-05T18:54:57+08:00 ] ::1 /CPS/index.php/Manager/Manage/edit_group/course_id/1
INFO: [ app_init ] --START--
INFO: Run Behavior\BuildLiteBehavior [ RunTime:0.000010s ]
INFO: [ app_init ] --END-- [ RunTime:0.000275s ]
INFO: [ app_begin ] --START--
INFO: Run Behavior\ReadHtmlCacheBehavior [ RunTime:0.000340s ]
INFO: [ app_begin ] --END-- [ RunTime:0.000377s ]
SQL: SHOW COLUMNS FROM `course` [ RunTime:0.0073s ]
SQL: SELECT * FROM `course` WHERE ( course_id = '1' )  [ RunTime:0.0010s ]
SQL: SHOW COLUMNS FROM `teacher` [ RunTime:0.0040s ]
SQL: SELECT * FROM `teacher`  [ RunTime:0.0012s ]
INFO: [ view_parse ] --START--
INFO: [ template_filter ] --START--
INFO: Run Behavior\ContentReplaceBehavior [ RunTime:0.000039s ]
INFO: [ template_filter ] --END-- [ RunTime:0.000069s ]
NOTIC: [8] Undefined index: name G:\MyGIT\CPS\Runtime\Cache\Manager\0334e14c6f152a4574b7026a455cbd13.php 第 36 行.
INFO: Run Behavior\ParseTemplateBehavior [ RunTime:0.006113s ]
INFO: [ view_parse ] --END-- [ RunTime:0.006144s ]
INFO: [ view_filter ] --START--
INFO: Run Behavior\WriteHtmlCacheBehavior [ RunTime:0.000137s ]
INFO: [ view_filter ] --END-- [ RunTime:0.000159s ]
INFO: [ app_end ] --START--
INFO: Run Behavior\ShowPageTraceBehavior [ RunTime:0.000269s ]
INFO: [ app_end ] --END-- [ RunTime:0.000295s ]

[ 2016-11-05T18:59:48+08:00 ] ::1 /CPS/index.php/Manager/Manage/check_group/course_id/1
INFO: [ app_init ] --START--
INFO: Run Behavior\BuildLiteBehavior [ RunTime:0.000009s ]
INFO: [ app_init ] --END-- [ RunTime:0.000250s ]
INFO: [ app_begin ] --START--
INFO: Run Behavior\ReadHtmlCacheBehavior [ RunTime:0.000296s ]
INFO: [ app_begin ] --END-- [ RunTime:0.000327s ]
SQL: SHOW COLUMNS FROM `course` [ RunTime:0.0037s ]
SQL: SELECT * FROM `course` WHERE ( course_id = '1' )  [ RunTime:0.0012s ]
SQL: SHOW COLUMNS FROM `reply` [ RunTime:0.0042s ]
SQL: SELECT `reply_group_id`,`group_leader_id` FROM `reply` WHERE ( course_id = '1' )  [ RunTime:0.0014s ]
SQL: SHOW COLUMNS FROM `reply_member` [ RunTime:0.0034s ]
SQL: SHOW COLUMNS FROM `reply_member` [ RunTime:0.0036s ]
SQL: SELECT B.teacher_id,B.teacher_name FROM reply_member as A,teacher as B WHERE ( A.teacher_id=B.teacher_id and A.reply_group_id = '1' )  [ RunTime:0.0014s ]
SQL: SHOW COLUMNS FROM `reply_member` [ RunTime:0.0037s ]
SQL: SELECT B.teacher_id,B.teacher_name FROM reply_member as A,teacher as B WHERE ( A.teacher_id=B.teacher_id and A.reply_group_id = '2' )  [ RunTime:0.0014s ]
NOTIC: [8] Undefined variable: group_teachers G:\MyGIT\CPS\Manager\Controller\ManageController.class.php 第 96 行.
INFO: [ view_parse ] --START--
INFO: [ template_filter ] --START--
INFO: Run Behavior\ContentReplaceBehavior [ RunTime:0.000038s ]
INFO: [ template_filter ] --END-- [ RunTime:0.000067s ]
NOTIC: [8] Undefined index: name G:\MyGIT\CPS\Runtime\Cache\Manager\c63ca1f183ee47a7c136db3d5d215570.php 第 36 行.
NOTIC: [8] Undefined index: reply_groupMember G:\MyGIT\CPS\Runtime\Cache\Manager\c63ca1f183ee47a7c136db3d5d215570.php 第 96 行.
NOTIC: [8] Undefined index: reply_groupMember G:\MyGIT\CPS\Runtime\Cache\Manager\c63ca1f183ee47a7c136db3d5d215570.php 第 96 行.
NOTIC: [8] Undefined index: reply_group_id G:\MyGIT\CPS\Runtime\Cache\Manager\c63ca1f183ee47a7c136db3d5d215570.php 第 90 行.
NOTIC: [8] Undefined index: group_leader_id G:\MyGIT\CPS\Runtime\Cache\Manager\c63ca1f183ee47a7c136db3d5d215570.php 第 93 行.
NOTIC: [8] Undefined index: reply_groupMember G:\MyGIT\CPS\Runtime\Cache\Manager\c63ca1f183ee47a7c136db3d5d215570.php 第 96 行.
INFO: Run Behavior\ParseTemplateBehavior [ RunTime:0.005868s ]
INFO: [ view_parse ] --END-- [ RunTime:0.005896s ]
INFO: [ view_filter ] --START--
INFO: Run Behavior\WriteHtmlCacheBehavior [ RunTime:0.000180s ]
INFO: [ view_filter ] --END-- [ RunTime:0.000201s ]
INFO: [ app_end ] --START--
INFO: Run Behavior\ShowPageTraceBehavior [ RunTime:0.000311s ]
INFO: [ app_end ] --END-- [ RunTime:0.000336s ]

[ 2016-11-05T19:00:15+08:00 ] ::1 /CPS/index.php/Manager/Manage/check_group/course_id/1
INFO: [ app_init ] --START--
INFO: Run Behavior\BuildLiteBehavior [ RunTime:0.000011s ]
INFO: [ app_init ] --END-- [ RunTime:0.000270s ]
INFO: [ app_begin ] --START--
INFO: Run Behavior\ReadHtmlCacheBehavior [ RunTime:0.000333s ]
INFO: [ app_begin ] --END-- [ RunTime:0.000370s ]
SQL: SHOW COLUMNS FROM `course` [ RunTime:0.0190s ]
SQL: SELECT * FROM `course` WHERE ( course_id = '1' )  [ RunTime:0.0040s ]
SQL: SHOW COLUMNS FROM `reply` [ RunTime:0.0148s ]
SQL: SELECT `reply_group_id`,`group_leader_id` FROM `reply` WHERE ( course_id = '1' )  [ RunTime:0.0046s ]
SQL: SHOW COLUMNS FROM `reply_member` [ RunTime:0.0078s ]
SQL: SHOW COLUMNS FROM `reply_member` [ RunTime:0.0085s ]
SQL: SELECT B.teacher_id,B.teacher_name FROM reply_member as A,teacher as B WHERE ( A.teacher_id=B.teacher_id and A.reply_group_id = '1' )  [ RunTime:0.0027s ]
SQL: SHOW COLUMNS FROM `reply_member` [ RunTime:0.0076s ]
SQL: SELECT B.teacher_id,B.teacher_name FROM reply_member as A,teacher as B WHERE ( A.teacher_id=B.teacher_id and A.reply_group_id = '2' )  [ RunTime:0.0019s ]
NOTIC: [8] Undefined variable: group_teachers G:\MyGIT\CPS\Manager\Controller\ManageController.class.php 第 97 行.
INFO: [ view_parse ] --START--
INFO: [ template_filter ] --START--
INFO: Run Behavior\ContentReplaceBehavior [ RunTime:0.000048s ]
INFO: [ template_filter ] --END-- [ RunTime:0.000089s ]
NOTIC: [8] Undefined index: name G:\MyGIT\CPS\Runtime\Cache\Manager\c63ca1f183ee47a7c136db3d5d215570.php 第 36 行.
NOTIC: [8] Undefined index: reply_groupMember G:\MyGIT\CPS\Runtime\Cache\Manager\c63ca1f183ee47a7c136db3d5d215570.php 第 96 行.
NOTIC: [8] Undefined index: reply_groupMember G:\MyGIT\CPS\Runtime\Cache\Manager\c63ca1f183ee47a7c136db3d5d215570.php 第 96 行.
NOTIC: [8] Undefined index: reply_group_id G:\MyGIT\CPS\Runtime\Cache\Manager\c63ca1f183ee47a7c136db3d5d215570.php 第 90 行.
NOTIC: [8] Undefined index: group_leader_id G:\MyGIT\CPS\Runtime\Cache\Manager\c63ca1f183ee47a7c136db3d5d215570.php 第 93 行.
NOTIC: [8] Undefined index: reply_groupMember G:\MyGIT\CPS\Runtime\Cache\Manager\c63ca1f183ee47a7c136db3d5d215570.php 第 96 行.
INFO: Run Behavior\ParseTemplateBehavior [ RunTime:0.007491s ]
INFO: [ view_parse ] --END-- [ RunTime:0.007538s ]
INFO: [ view_filter ] --START--
INFO: Run Behavior\WriteHtmlCacheBehavior [ RunTime:0.000195s ]
INFO: [ view_filter ] --END-- [ RunTime:0.000224s ]
INFO: [ app_end ] --START--
INFO: Run Behavior\ShowPageTraceBehavior [ RunTime:0.000380s ]
INFO: [ app_end ] --END-- [ RunTime:0.000418s ]

[ 2016-11-05T19:01:34+08:00 ] ::1 /CPS/index.php/Manager/Manage/check_group/course_id/1
INFO: [ app_init ] --START--
INFO: Run Behavior\BuildLiteBehavior [ RunTime:0.000008s ]
INFO: [ app_init ] --END-- [ RunTime:0.000244s ]
INFO: [ app_begin ] --START--
INFO: Run Behavior\ReadHtmlCacheBehavior [ RunTime:0.000285s ]
INFO: [ app_begin ] --END-- [ RunTime:0.000314s ]
SQL: SHOW COLUMNS FROM `course` [ RunTime:0.0036s ]
SQL: SELECT * FROM `course` WHERE ( course_id = '1' )  [ RunTime:0.0003s ]
SQL: SHOW COLUMNS FROM `reply` [ RunTime:0.0038s ]
SQL: SELECT `reply_group_id`,`group_leader_id` FROM `reply` WHERE ( course_id = '1' )  [ RunTime:0.0004s ]
SQL: SHOW COLUMNS FROM `reply_member` [ RunTime:0.0033s ]
SQL: SHOW COLUMNS FROM `reply_member` [ RunTime:0.0036s ]
SQL: SELECT B.teacher_id,B.teacher_name FROM reply_member as A,teacher as B WHERE ( A.teacher_id=B.teacher_id and A.reply_group_id = '1' )  [ RunTime:0.0004s ]
SQL: SHOW COLUMNS FROM `reply_member` [ RunTime:0.0030s ]
SQL: SELECT B.teacher_id,B.teacher_name FROM reply_member as A,teacher as B WHERE ( A.teacher_id=B.teacher_id and A.reply_group_id = '2' )  [ RunTime:0.0003s ]
NOTIC: [8] Undefined variable: group_teachers G:\MyGIT\CPS\Manager\Controller\ManageController.class.php 第 97 行.
INFO: [ view_parse ] --START--
INFO: [ template_filter ] --START--
INFO: Run Behavior\ContentReplaceBehavior [ RunTime:0.000034s ]
INFO: [ template_filter ] --END-- [ RunTime:0.000062s ]
NOTIC: [8] Undefined index: name G:\MyGIT\CPS\Runtime\Cache\Manager\c63ca1f183ee47a7c136db3d5d215570.php 第 36 行.
INFO: Run Behavior\ParseTemplateBehavior [ RunTime:0.005258s ]
INFO: [ view_parse ] --END-- [ RunTime:0.005287s ]
INFO: [ view_filter ] --START--
INFO: Run Behavior\WriteHtmlCacheBehavior [ RunTime:0.000138s ]
INFO: [ view_filter ] --END-- [ RunTime:0.000159s ]
INFO: [ app_end ] --START--
INFO: Run Behavior\ShowPageTraceBehavior [ RunTime:0.000265s ]
INFO: [ app_end ] --END-- [ RunTime:0.000291s ]

[ 2016-11-05T19:01:47+08:00 ] ::1 /CPS/index.php/Manager/Manage/check_group/course_id/1
INFO: [ app_init ] --START--
INFO: Run Behavior\BuildLiteBehavior [ RunTime:0.000012s ]
INFO: [ app_init ] --END-- [ RunTime:0.000290s ]
INFO: [ app_begin ] --START--
INFO: Run Behavior\ReadHtmlCacheBehavior [ RunTime:0.000340s ]
INFO: [ app_begin ] --END-- [ RunTime:0.000377s ]
SQL: SHOW COLUMNS FROM `course` [ RunTime:0.0086s ]
SQL: SELECT * FROM `course` WHERE ( course_id = '1' )  [ RunTime:0.0012s ]
SQL: SHOW COLUMNS FROM `reply` [ RunTime:0.0039s ]
SQL: SELECT `reply_group_id`,`group_leader_id` FROM `reply` WHERE ( course_id = '1' )  [ RunTime:0.0008s ]
SQL: SHOW COLUMNS FROM `reply_member` [ RunTime:0.0035s ]
SQL: SHOW COLUMNS FROM `reply_member` [ RunTime:0.0039s ]
SQL: SELECT B.teacher_id,B.teacher_name FROM reply_member as A,teacher as B WHERE ( A.teacher_id=B.teacher_id and A.reply_group_id = '1' )  [ RunTime:0.0013s ]
SQL: SHOW COLUMNS FROM `reply_member` [ RunTime:0.0044s ]
SQL: SELECT B.teacher_id,B.teacher_name FROM reply_member as A,teacher as B WHERE ( A.teacher_id=B.teacher_id and A.reply_group_id = '2' )  [ RunTime:0.0009s ]
NOTIC: [8] Undefined variable: group_teachers G:\MyGIT\CPS\Manager\Controller\ManageController.class.php 第 97 行.
INFO: [ view_parse ] --START--
INFO: [ template_filter ] --START--
INFO: Run Behavior\ContentReplaceBehavior [ RunTime:0.000035s ]
INFO: [ template_filter ] --END-- [ RunTime:0.000065s ]
NOTIC: [8] Undefined index: name G:\MyGIT\CPS\Runtime\Cache\Manager\c63ca1f183ee47a7c136db3d5d215570.php 第 36 行.
INFO: Run Behavior\ParseTemplateBehavior [ RunTime:0.005343s ]
INFO: [ view_parse ] --END-- [ RunTime:0.005380s ]
INFO: [ view_filter ] --START--
INFO: Run Behavior\WriteHtmlCacheBehavior [ RunTime:0.000158s ]
INFO: [ view_filter ] --END-- [ RunTime:0.000186s ]
INFO: [ app_end ] --START--
INFO: Run Behavior\ShowPageTraceBehavior [ RunTime:0.000269s ]
INFO: [ app_end ] --END-- [ RunTime:0.000293s ]

[ 2016-11-05T19:01:51+08:00 ] ::1 /CPS/index.php/Manager/Manage/check_group/course_id/1
INFO: [ app_init ] --START--
INFO: Run Behavior\BuildLiteBehavior [ RunTime:0.000008s ]
INFO: [ app_init ] --END-- [ RunTime:0.000268s ]
INFO: [ app_begin ] --START--
INFO: Run Behavior\ReadHtmlCacheBehavior [ RunTime:0.000366s ]
INFO: [ app_begin ] --END-- [ RunTime:0.000396s ]
SQL: SHOW COLUMNS FROM `course` [ RunTime:0.0178s ]
SQL: SELECT * FROM `course` WHERE ( course_id = '1' )  [ RunTime:0.0027s ]
SQL: SHOW COLUMNS FROM `reply` [ RunTime:0.0130s ]
SQL: SELECT `reply_group_id`,`group_leader_id` FROM `reply` WHERE ( course_id = '1' )  [ RunTime:0.0035s ]
SQL: SHOW COLUMNS FROM `reply_member` [ RunTime:0.0134s ]
SQL: SHOW COLUMNS FROM `reply_member` [ RunTime:0.0092s ]
SQL: SELECT B.teacher_id,B.teacher_name FROM reply_member as A,teacher as B WHERE ( A.teacher_id=B.teacher_id and A.reply_group_id = '1' )  [ RunTime:0.0023s ]
SQL: SHOW COLUMNS FROM `reply_member` [ RunTime:0.0083s ]
SQL: SELECT B.teacher_id,B.teacher_name FROM reply_member as A,teacher as B WHERE ( A.teacher_id=B.teacher_id and A.reply_group_id = '2' )  [ RunTime:0.0023s ]
NOTIC: [8] Undefined variable: group_teachers G:\MyGIT\CPS\Manager\Controller\ManageController.class.php 第 96 行.
INFO: [ view_parse ] --START--
INFO: [ template_filter ] --START--
INFO: Run Behavior\ContentReplaceBehavior [ RunTime:0.000056s ]
INFO: [ template_filter ] --END-- [ RunTime:0.000100s ]
NOTIC: [8] Undefined index: name G:\MyGIT\CPS\Runtime\Cache\Manager\c63ca1f183ee47a7c136db3d5d215570.php 第 36 行.
INFO: Run Behavior\ParseTemplateBehavior [ RunTime:0.018943s ]
INFO: [ view_parse ] --END-- [ RunTime:0.018994s ]
INFO: [ view_filter ] --START--
INFO: Run Behavior\WriteHtmlCacheBehavior [ RunTime:0.000268s ]
INFO: [ view_filter ] --END-- [ RunTime:0.000298s ]
INFO: [ app_end ] --START--
INFO: Run Behavior\ShowPageTraceBehavior [ RunTime:0.000447s ]
INFO: [ app_end ] --END-- [ RunTime:0.000483s ]

[ 2016-11-05T19:02:11+08:00 ] ::1 /CPS/index.php/Manager/Manage/edit_group/course_id/1
INFO: [ app_init ] --START--
INFO: Run Behavior\BuildLiteBehavior [ RunTime:0.000010s ]
INFO: [ app_init ] --END-- [ RunTime:0.000276s ]
INFO: [ app_begin ] --START--
INFO: Run Behavior\ReadHtmlCacheBehavior [ RunTime:0.000334s ]
INFO: [ app_begin ] --END-- [ RunTime:0.000371s ]
SQL: SHOW COLUMNS FROM `course` [ RunTime:0.0183s ]
SQL: SELECT * FROM `course` WHERE ( course_id = '1' )  [ RunTime:0.0019s ]
SQL: SHOW COLUMNS FROM `teacher` [ RunTime:0.0081s ]
SQL: SELECT * FROM `teacher`  [ RunTime:0.0019s ]
INFO: [ view_parse ] --START--
INFO: [ template_filter ] --START--
INFO: Run Behavior\ContentReplaceBehavior [ RunTime:0.000087s ]
INFO: [ template_filter ] --END-- [ RunTime:0.000158s ]
NOTIC: [8] Undefined index: name G:\MyGIT\CPS\Runtime\Cache\Manager\0334e14c6f152a4574b7026a455cbd13.php 第 36 行.
INFO: Run Behavior\ParseTemplateBehavior [ RunTime:0.014577s ]
INFO: [ view_parse ] --END-- [ RunTime:0.014654s ]
INFO: [ view_filter ] --START--
INFO: Run Behavior\WriteHtmlCacheBehavior [ RunTime:0.000313s ]
INFO: [ view_filter ] --END-- [ RunTime:0.000354s ]
INFO: [ app_end ] --START--
INFO: Run Behavior\ShowPageTraceBehavior [ RunTime:0.000426s ]
INFO: [ app_end ] --END-- [ RunTime:0.000465s ]

[ 2016-11-05T19:02:41+08:00 ] ::1 /CPS/index.php/Manager/Manage/edit_group
INFO: [ app_init ] --START--
INFO: Run Behavior\BuildLiteBehavior [ RunTime:0.000010s ]
INFO: [ app_init ] --END-- [ RunTime:0.000234s ]
INFO: [ app_begin ] --START--
INFO: Run Behavior\ReadHtmlCacheBehavior [ RunTime:0.000291s ]
INFO: [ app_begin ] --END-- [ RunTime:0.000324s ]
SQL: SHOW COLUMNS FROM `course` [ RunTime:0.0042s ]
SQL: SELECT * FROM `course` WHERE ( course_id = '1' )  [ RunTime:0.0006s ]
SQL: SHOW COLUMNS FROM `teacher` [ RunTime:0.0031s ]
SQL: SELECT * FROM `teacher`  [ RunTime:0.0006s ]
SQL: SHOW COLUMNS FROM `reply` [ RunTime:0.0037s ]
SQL: SELECT * FROM `reply` ORDER BY reply_group_id desc LIMIT 1   [ RunTime:0.0007s ]
SQL: SHOW COLUMNS FROM `reply` [ RunTime:0.0031s ]
SQL: INSERT INTO `reply` (`reply_group_id`,`course_id`,`group_leader_id`) VALUES ('3','1','4') [ RunTime:0.0007s ]
SQL: SHOW COLUMNS FROM `reply_member` [ RunTime:0.0030s ]
SQL: INSERT INTO `reply_member` (`reply_group_id`,`teacher_id`) VALUES ('3','2') [ RunTime:0.0115s ]
SQL: INSERT INTO `reply_member` (`reply_group_id`,`teacher_id`) VALUES ('3','5') [ RunTime:0.0007s ]
SQL: INSERT INTO `reply_member` (`reply_group_id`,`teacher_id`) VALUES ('3','8') [ RunTime:0.0003s ]

[ 2016-11-05T19:02:42+08:00 ] ::1 /CPS/index.php/Manager/Manage/manage_info
INFO: [ app_init ] --START--
INFO: Run Behavior\BuildLiteBehavior [ RunTime:0.000009s ]
INFO: [ app_init ] --END-- [ RunTime:0.000213s ]
INFO: [ app_begin ] --START--
INFO: Run Behavior\ReadHtmlCacheBehavior [ RunTime:0.000262s ]
INFO: [ app_begin ] --END-- [ RunTime:0.000290s ]
SQL: SHOW COLUMNS FROM `course` [ RunTime:0.0074s ]
SQL: SELECT * FROM `course`  [ RunTime:0.0022s ]
INFO: [ view_parse ] --START--
INFO: [ template_filter ] --START--
INFO: Run Behavior\ContentReplaceBehavior [ RunTime:0.000041s ]
INFO: [ template_filter ] --END-- [ RunTime:0.000069s ]
NOTIC: [8] Undefined index: name G:\MyGIT\CPS\Runtime\Cache\Manager\1d0f9561805f6437cd1f5cb6fa5f64a6.php 第 36 行.
INFO: Run Behavior\ParseTemplateBehavior [ RunTime:0.004603s ]
INFO: [ view_parse ] --END-- [ RunTime:0.004632s ]
INFO: [ view_filter ] --START--
INFO: Run Behavior\WriteHtmlCacheBehavior [ RunTime:0.000134s ]
INFO: [ view_filter ] --END-- [ RunTime:0.000156s ]
INFO: [ app_end ] --START--
INFO: Run Behavior\ShowPageTraceBehavior [ RunTime:0.000273s ]
INFO: [ app_end ] --END-- [ RunTime:0.000297s ]

[ 2016-11-05T19:02:46+08:00 ] ::1 /CPS/index.php/Manager/Manage/check_group/course_id/1
INFO: [ app_init ] --START--
INFO: Run Behavior\BuildLiteBehavior [ RunTime:0.000011s ]
INFO: [ app_init ] --END-- [ RunTime:0.000281s ]
INFO: [ app_begin ] --START--
INFO: Run Behavior\ReadHtmlCacheBehavior [ RunTime:0.000340s ]
INFO: [ app_begin ] --END-- [ RunTime:0.000378s ]
SQL: SHOW COLUMNS FROM `course` [ RunTime:0.0185s ]
SQL: SELECT * FROM `course` WHERE ( course_id = '1' )  [ RunTime:0.0037s ]
SQL: SHOW COLUMNS FROM `reply` [ RunTime:0.0088s ]
SQL: SELECT `reply_group_id`,`group_leader_id` FROM `reply` WHERE ( course_id = '1' )  [ RunTime:0.0026s ]
SQL: SHOW COLUMNS FROM `reply_member` [ RunTime:0.0085s ]
SQL: SHOW COLUMNS FROM `reply_member` [ RunTime:0.0088s ]
SQL: SELECT B.teacher_id,B.teacher_name FROM reply_member as A,teacher as B WHERE ( A.teacher_id=B.teacher_id and A.reply_group_id = '1' )  [ RunTime:0.0018s ]
SQL: SHOW COLUMNS FROM `reply_member` [ RunTime:0.0052s ]
SQL: SELECT B.teacher_id,B.teacher_name FROM reply_member as A,teacher as B WHERE ( A.teacher_id=B.teacher_id and A.reply_group_id = '2' )  [ RunTime:0.0022s ]
SQL: SHOW COLUMNS FROM `reply_member` [ RunTime:0.0050s ]
SQL: SELECT B.teacher_id,B.teacher_name FROM reply_member as A,teacher as B WHERE ( A.teacher_id=B.teacher_id and A.reply_group_id = '3' )  [ RunTime:0.0016s ]
NOTIC: [8] Undefined variable: group_teachers G:\MyGIT\CPS\Manager\Controller\ManageController.class.php 第 96 行.
INFO: [ view_parse ] --START--
INFO: [ template_filter ] --START--
INFO: Run Behavior\ContentReplaceBehavior [ RunTime:0.000043s ]
INFO: [ template_filter ] --END-- [ RunTime:0.000081s ]
NOTIC: [8] Undefined index: name G:\MyGIT\CPS\Runtime\Cache\Manager\c63ca1f183ee47a7c136db3d5d215570.php 第 36 行.
INFO: Run Behavior\ParseTemplateBehavior [ RunTime:0.006851s ]
INFO: [ view_parse ] --END-- [ RunTime:0.006889s ]
INFO: [ view_filter ] --START--
INFO: Run Behavior\WriteHtmlCacheBehavior [ RunTime:0.000177s ]
INFO: [ view_filter ] --END-- [ RunTime:0.000209s ]
INFO: [ app_end ] --START--
INFO: Run Behavior\ShowPageTraceBehavior [ RunTime:0.000345s ]
INFO: [ app_end ] --END-- [ RunTime:0.000376s ]

